
                        Y O U      H A V E      B E E N
                               _
                            ==(W{==========-      /===-
                              ||  (.--.)         /===-_---~~~~~~~~~------____
                              | \_,|**|,__      |===-~___                _,-' `
                 -==\\        `\ ' `--'   ),    `//~\\   ~~~~`---.___.-~~
             ______-==|        /`\_. .__/\ \    | |  \\           _-~`
       __--~~~  ,-/-==\\      (   | .  |~~~~|   | |   `\        ,'
    _-~       /'    |  \\     )__/==0==-\<>/   / /      \      /
  .'        /       |   \\      /~\___/~~\/  /' /        \   /'
 /  ____  /         |    \`\.__/-~~   \  |_/'  /          \/'
/-'~    ~~~~~---__  |     ~-/~         ( )   /'        _--~`
                  \_|      /        _) | ;  ),   __--~~
                    '~~--_/      _-~/- |/ \   '-~ \             
                   {\__--_/}    / \\_>-|)<__\      \
                   /'   (_/  _-~  | |__>--<__|      | 
                  |   _/) )-~     | |__>--<__|      |   
                  / /~ ,_/       / /__>---<__/      |  
                 o-o _//        /-~_>---<__-~      / 
                 (^(~          /~_>---<__-      _-~              
                ,/|           /__>--<__/     _-~                 
             ,//('(          |__>--<__|     /                  .----_ 
            ( ( '))          |__>--<__|    |                 /' _---_~\
         `-)) )) (           |__>--<__|    |               /'  /     ~\`\
        ,/,'//( (             \__>--<__\    \            /'  //        ||
      ,( ( ((, ))              ~-__>--<_~-_  ~--____---~' _/'/        /'
    `~/  )` ) ,/|                 ~-_~>--<_/-__       __-~ _/ 
  ._-~//( )/ )) `                    ~~-'_/_/ /~~~~~~~__--~ 
   ;'( ')/ ,)(                              ~~~~~~~~~~ 
  ' ') '( (/
    '   '  `             
                                  P A R M E D

ParmEd: a Parameter file Editor


Loaded Amber topology file TI.23.24.water.prmtop
['parmed.in']
Reading actions from parmed.in

Loading restart file TI.23.24.water.inpcrd
Files are overwritable
Merging molecules [:1] [:2] with sc mask [:1@C14,O2,H11,C15,H12,H13,H14,C16,H15,H16,H17] [:2@Si,O2,H11,C15,H12,H13,H14,C16,H15,H16,H17]
Merging molecules :1 and :2 into the same molecule.
Use softcore mask:
timask1='@29,30,31,32,33,34,35,36,37,38,39',
timask2='@44,45,46,47,48,49,50,51,52,53,54',
scmask1='@29,30,31,32,33,34,35,36,37,38,39',
scmask2='@44,45,46,47,48,49,50,51,52,53,54',
Outputting Amber topology file re_TI.23.24.water.prmtop and restart re_TI.23.24.water.inpcrd
Done!
