
          -------------------------------------------------------
          Amber 12 SANDER                              2012
          -------------------------------------------------------

| Run on 04/18/2021 at 15:28:34
  [-O]verwriting output

File Assignments:
|  MDIN: mm.in                                                                 
| MDOUT: 3.120.out                                                             
|INPCRD: 3.120.inpcrd                                                          
|  PARM: 3.prmtop                                                              
|RESTRT: restrt                                                                
|  REFC: refc                                                                  
| MDVEL: mdvel                                                                 
|  MDEN: mden                                                                  
| MDCRD: mdcrd                                                                 
|MDINFO: mdinfo                                                                
|  MTMD: mtmd                                                                  
|INPDIP: inpdip                                                                
|RSTDIP: rstdip                                                                

|INPTRA: inptraj                                                               
|

 Here is the input file:

Minimization                                                                   
&cntrl                                                                         
 imin=1, maxcyc=1,                                                             
 ntb=0,                                                                        
 ioutfm=0,                                                                     
 cut=99,                                                                       
/                                                                              

--------------------------------------------------------------------------------
   1.  RESOURCE   USE: 
--------------------------------------------------------------------------------

| Flags: MPI                                                                    
|    NONPERIODIC   ntb=0 and igb=0: Setting up nonperiodic simulation
|  *** cutoff > system size, list only builds once
|Largest sphere to fit in unit cell has radius =    31.054
| New format PARM file being parsed.
| Version =    1.000 Date = 04/18/21 Time = 15:28:30
 NATOM  =       7 NTYPES =       4 NBONH =       5 MBONA  =       1
 NTHETH =       9 MTHETA =       0 NPHIH =       6 MPHIA  =       0
 NHPARM =       0 NPARM  =       0 NNB   =      22 NRES   =       1
 NBONA  =       1 NTHETA =       0 NPHIA =       0 NUMBND =       3
 NUMANG =       4 NPTRA  =       1 NATYP =       4 NPHB   =       0
 IFBOX  =       0 NMXRS  =       7 IFCAP =       0 NEXTRA =       0
 NCOPY  =       0


|     Memory Use     Allocated
|     Real                2006
|     Hollerith             24
|     Integer            20530
|     Max Pairs             21
|     nblistReal            84
|     nblist Int        761765
|       Total             3072 kbytes

| Note: 1-4 EEL scale factors are being read from the topology file.

| Note: 1-4 VDW scale factors are being read from the topology file.
| Duplicated    0 dihedrals
| Duplicated    0 dihedrals

--------------------------------------------------------------------------------
   2.  CONTROL  DATA  FOR  THE  RUN
--------------------------------------------------------------------------------

default_name                                                                    

General flags:
     imin    =       1, nmropt  =       0

Nature and format of input:
     ntx     =       1, irest   =       0, ntrx    =       1

Nature and format of output:
     ntxo    =       1, ntpr    =      50, ntrx    =       1, ntwr    =     500
     iwrap   =       0, ntwx    =       0, ntwv    =       0, ntwe    =       0
     ioutfm  =       0, ntwprt  =       0, idecomp =       0, rbornstat=      0

Potential function:
     ntf     =       1, ntb     =       0, igb     =       0, nsnb    =      25
     ipol    =       0, gbsa    =       0, iesp    =       0
     dielc   =   1.00000, cut     =  99.00000, intdiel =   1.00000

Frozen or restrained atoms:
     ibelly  =       0, ntr     =       0

Energy minimization:
     maxcyc  =       1, ncyc    =      10, ntmin   =       1
     dx0     =   0.01000, drms    =   0.00010

| MPI Timing options:
|      profile_mpi =        0
|  INFO: Old style inpcrd file read


--------------------------------------------------------------------------------
   3.  ATOMIC COORDINATES AND VELOCITIES
--------------------------------------------------------------------------------

default_name                                                                    
 begin time read from input coords =     0.000 ps

 Number of triangulated 3-point waters found:        0
|  Atom division among processors:
|         0       7

     Sum of charges from parm topology file =   0.00000100
     Forcing neutrality...
|  Running AMBER/MPI version on    1 nodes


--------------------------------------------------------------------------------
   4.  RESULTS
--------------------------------------------------------------------------------

 ---------------------------------------------------

     eedmeth=4: Setting switch to one everywhere

 ---------------------------------------------------
| Local SIZE OF NONBOND LIST =          0
| TOTAL SIZE OF NONBOND LIST =          0


   NSTEP       ENERGY          RMS            GMAX         NAME    NUMBER
      1      -4.1003E+01     4.0106E+00     1.3085E+01     N           5

 BOND    =        0.0420  ANGLE   =        0.7724  DIHED      =        0.3354
 VDWAALS =        0.0000  EEL     =        0.0000  HBOND      =        0.0000
 1-4 VDW =       -0.0154  1-4 EEL =      -42.1371  RESTRAINT  =        0.0000


  Maximum number of minimization cycles reached.


                    FINAL RESULTS



   NSTEP       ENERGY          RMS            GMAX         NAME    NUMBER
      1      -4.1003E+01     4.0106E+00     1.3085E+01     N           5

 BOND    =        0.0420  ANGLE   =        0.7724  DIHED      =        0.3354
 VDWAALS =        0.0000  EEL     =        0.0000  HBOND      =        0.0000
 1-4 VDW =       -0.0154  1-4 EEL =      -42.1371  RESTRAINT  =        0.0000

--------------------------------------------------------------------------------
   5.  TIMINGS
--------------------------------------------------------------------------------

|    Read coords time           0.00 (13.23% of Total)
|    Fast Water setup           0.00 ( 0.07% of Total)
|                Build the list             0.00 (91.88% of List )
|                Other                      0.00 ( 8.12% of List )
|             List time                  0.00 (70.15% of Nonbo)
|             Ewald time                 0.00 (27.71% of Nonbo)
|             IPS excludes               0.00 ( 0.84% of Nonbo)
|             Other                      0.00 ( 1.31% of Nonbo)
|          Nonbond force              0.00 (81.16% of Force)
|          Bond/Angle/Dihedral        0.00 (10.31% of Force)
|          FRC Collect time           0.00 ( 0.34% of Force)
|          Other                      0.00 ( 8.19% of Force)
|       Force time                 0.00 (100.0% of Runmd)
|    Runmd Time                 0.00 ( 3.26% of Total)
|    Other                      0.01 (83.44% of Total)
| Total time                 0.01 (98.17% of ALL  )

| Highest rstack allocated:          0
| Highest istack allocated:          0

| Final Performance Info:
| -----------------------------------------------------
| Average timings for all steps:
|     Elapsed(s) =       0.00 Per Step(ms) =       4.19
|         ns/day =      20.62   seconds/ns =    4189.97
| -----------------------------------------------------

|           Job began  at 15:28:34.610  on 04/18/2021
|           Setup done at 15:28:34.616  on 04/18/2021
|           Run   done at 15:28:34.619  on 04/18/2021
|     wallclock() was called      63 times
