
          -------------------------------------------------------
          Amber 12 SANDER                              2012
          -------------------------------------------------------

| Run on 04/17/2021 at 13:50:45
  [-O]verwriting output

File Assignments:
|  MDIN: mm.in                                                                 
| MDOUT: 12.000.out                                                            
|INPCRD: 12.000.inpcrd                                                         
|  PARM: 12.prmtop                                                             
|RESTRT: restrt                                                                
|  REFC: refc                                                                  
| MDVEL: mdvel                                                                 
|  MDEN: mden                                                                  
| MDCRD: mdcrd                                                                 
|MDINFO: mdinfo                                                                
|  MTMD: mtmd                                                                  
|INPDIP: inpdip                                                                
|RSTDIP: rstdip                                                                

|INPTRA: inptraj                                                               
|

 Here is the input file:

Minimization                                                                   
&cntrl                                                                         
 imin=1, maxcyc=1,                                                             
 ntb=0,                                                                        
 ioutfm=0,                                                                     
 cut=99,                                                                       
/                                                                              

--------------------------------------------------------------------------------
   1.  RESOURCE   USE: 
--------------------------------------------------------------------------------

| Flags: MPI                                                                    
|    NONPERIODIC   ntb=0 and igb=0: Setting up nonperiodic simulation
|  *** cutoff > system size, list only builds once
|Largest sphere to fit in unit cell has radius =    32.183
| New format PARM file being parsed.
| Version =    1.000 Date = 04/13/21 Time = 18:36:59
 NATOM  =      19 NTYPES =       6 NBONH =      13 MBONA  =       5
 NTHETH =      26 MTHETA =       7 NPHIH =      39 MPHIA  =       3
 NHPARM =       0 NPARM  =       0 NNB   =      94 NRES   =       1
 NBONA  =       5 NTHETA =       7 NPHIA =       3 NUMBND =       5
 NUMANG =       9 NPTRA  =       3 NATYP =       6 NPHB   =       0
 IFBOX  =       0 NMXRS  =      19 IFCAP =       0 NEXTRA =       0
 NCOPY  =       0


|     Memory Use     Allocated
|     Real                2912
|     Hollerith             60
|     Integer            22722
|     Max Pairs            171
|     nblistReal           228
|     nblist Int        924265
|       Total             3724 kbytes

| Note: 1-4 EEL scale factors are being read from the topology file.

| Note: 1-4 VDW scale factors are being read from the topology file.
| Duplicated    0 dihedrals
| Duplicated    0 dihedrals

--------------------------------------------------------------------------------
   2.  CONTROL  DATA  FOR  THE  RUN
--------------------------------------------------------------------------------

default_name                                                                    

General flags:
     imin    =       1, nmropt  =       0

Nature and format of input:
     ntx     =       1, irest   =       0, ntrx    =       1

Nature and format of output:
     ntxo    =       1, ntpr    =      50, ntrx    =       1, ntwr    =     500
     iwrap   =       0, ntwx    =       0, ntwv    =       0, ntwe    =       0
     ioutfm  =       0, ntwprt  =       0, idecomp =       0, rbornstat=      0

Potential function:
     ntf     =       1, ntb     =       0, igb     =       0, nsnb    =      25
     ipol    =       0, gbsa    =       0, iesp    =       0
     dielc   =   1.00000, cut     =  99.00000, intdiel =   1.00000

Frozen or restrained atoms:
     ibelly  =       0, ntr     =       0

Energy minimization:
     maxcyc  =       1, ncyc    =      10, ntmin   =       1
     dx0     =   0.01000, drms    =   0.00010

| MPI Timing options:
|      profile_mpi =        0
|  INFO: Old style inpcrd file read


--------------------------------------------------------------------------------
   3.  ATOMIC COORDINATES AND VELOCITIES
--------------------------------------------------------------------------------

default_name                                                                    
 begin time read from input coords =     0.000 ps

 Number of triangulated 3-point waters found:        0
|  Atom division among processors:
|         0      19

     Sum of charges from parm topology file =  -0.00200000
     Forcing neutrality...
|  Running AMBER/MPI version on    1 nodes


--------------------------------------------------------------------------------
   4.  RESULTS
--------------------------------------------------------------------------------

 ---------------------------------------------------

     eedmeth=4: Setting switch to one everywhere

 ---------------------------------------------------
| Local SIZE OF NONBOND LIST =         78
| TOTAL SIZE OF NONBOND LIST =         78


   NSTEP       ENERGY          RMS            GMAX         NAME    NUMBER
      1       2.5109E+01     3.1675E+00     9.4281E+00     N          17

 BOND    =        0.1498  ANGLE   =        0.5886  DIHED      =        1.5619
 VDWAALS =       -0.5887  EEL     =      -51.7015  HBOND      =        0.0000
 1-4 VDW =       -0.6485  1-4 EEL =       75.7475  RESTRAINT  =        0.0000


  Maximum number of minimization cycles reached.


                    FINAL RESULTS



   NSTEP       ENERGY          RMS            GMAX         NAME    NUMBER
      1       2.5109E+01     3.1675E+00     9.4281E+00     N          17

 BOND    =        0.1498  ANGLE   =        0.5886  DIHED      =        1.5619
 VDWAALS =       -0.5887  EEL     =      -51.7015  HBOND      =        0.0000
 1-4 VDW =       -0.6485  1-4 EEL =       75.7475  RESTRAINT  =        0.0000

--------------------------------------------------------------------------------
   5.  TIMINGS
--------------------------------------------------------------------------------

|    Read coords time           0.00 ( 4.24% of Total)
|    Fast Water setup           0.00 ( 0.03% of Total)
|                Build the list             0.00 (93.67% of List )
|                Other                      0.00 ( 6.33% of List )
|             List time                  0.00 (69.58% of Nonbo)
|                   Short_ene time             0.00 (92.29% of Direc)
|                   Other                      0.00 ( 7.71% of Direc)
|                Direct Ewald time          0.00 (79.87% of Ewald)
|                Force Adjust               0.00 ( 3.29% of Ewald)
|                Virial junk                0.00 ( 2.86% of Ewald)
|                Start synchronizatio       0.00 ( 1.94% of Ewald)
|                Other                      0.00 (12.04% of Ewald)
|             Ewald time                 0.00 (28.15% of Nonbo)
|             IPS excludes               0.00 ( 0.47% of Nonbo)
|             Other                      0.00 ( 1.80% of Nonbo)
|          Nonbond force              0.00 (80.85% of Force)
|          Bond/Angle/Dihedral        0.00 (13.15% of Force)
|          FRC Collect time           0.00 ( 0.44% of Force)
|          Other                      0.00 ( 5.56% of Force)
|       Force time                 0.00 (100.0% of Runmd)
|    Runmd Time                 0.00 ( 2.07% of Total)
|    Other                      0.06 (93.65% of Total)
| Total time                 0.07 (99.38% of ALL  )

| Highest rstack allocated:         50
| Highest istack allocated:         10

| Final Performance Info:
| -----------------------------------------------------
| Average timings for all steps:
|     Elapsed(s) =       0.05 Per Step(ms) =      54.27
|         ns/day =       1.59   seconds/ns =   54274.08
| -----------------------------------------------------

|           Job began  at 13:50:45.210  on 04/17/2021
|           Setup done at 13:50:45.222  on 04/17/2021
|           Run   done at 13:50:45.276  on 04/17/2021
|     wallclock() was called      63 times
