
          -------------------------------------------------------
          Amber 12 SANDER                              2012
          -------------------------------------------------------

| Run on 04/17/2021 at 16:07:46
  [-O]verwriting output

File Assignments:
|  MDIN: mm.in                                                                 
| MDOUT: out/SiH3OH_water.con2.out                                             
|INPCRD: ../MM_PES/inpcrd/SiH3OH_water.con2.100.inpcrd                         
|  PARM: ../MM_PES/prmtop/SiH3OH_water.con2.prmtop                             
|RESTRT: rst/SiH3OH_water.con2.rst                                             
|  REFC: refc                                                                  
| MDVEL: mdvel                                                                 
|  MDEN: mden                                                                  
| MDCRD: mdcrd                                                                 
|MDINFO: mdinfo                                                                
|  MTMD: mtmd                                                                  
|INPDIP: inpdip                                                                
|RSTDIP: rstdip                                                                

|INPTRA: inptraj                                                               
|

 Here is the input file:

Minimization                                                                   
&cntrl                                                                         
 imin=1, maxcyc=5000,                                                          
 ntb=0,                                                                        
 ioutfm=0,                                                                     
 cut=99,                                                                       
/                                                                              

--------------------------------------------------------------------------------
   1.  RESOURCE   USE: 
--------------------------------------------------------------------------------

| Flags: MPI                                                                    
|    NONPERIODIC   ntb=0 and igb=0: Setting up nonperiodic simulation
|  *** cutoff > system size, list only builds once
|Largest sphere to fit in unit cell has radius =    31.137
| New format PARM file being parsed.
| Version =    1.000 Date = 04/17/21 Time = 16:02:40
 NATOM  =       9 NTYPES =       6 NBONH =       7 MBONA  =       1
 NTHETH =       7 MTHETA =       0 NPHIH =       3 MPHIA  =       0
 NHPARM =       0 NPARM  =       0 NNB   =      20 NRES   =       2
 NBONA  =       1 NTHETA =       0 NPHIA =       0 NUMBND =       5
 NUMANG =       3 NPTRA  =       1 NATYP =       6 NPHB   =       1
 IFBOX  =       0 NMXRS  =       6 IFCAP =       0 NEXTRA =       0
 NCOPY  =       0


|     Memory Use     Allocated
|     Real                2262
|     Hollerith             31
|     Integer            20437
|     Max Pairs             36
|     nblistReal           108
|     nblist Int        799871
|       Total             3223 kbytes

| Note: 1-4 EEL scale factors are being read from the topology file.

| Note: 1-4 VDW scale factors are being read from the topology file.
| Duplicated    0 dihedrals
| Duplicated    0 dihedrals

--------------------------------------------------------------------------------
   2.  CONTROL  DATA  FOR  THE  RUN
--------------------------------------------------------------------------------

default_name                                                                    

General flags:
     imin    =       1, nmropt  =       0

Nature and format of input:
     ntx     =       1, irest   =       0, ntrx    =       1

Nature and format of output:
     ntxo    =       1, ntpr    =      50, ntrx    =       1, ntwr    =     500
     iwrap   =       0, ntwx    =       0, ntwv    =       0, ntwe    =       0
     ioutfm  =       0, ntwprt  =       0, idecomp =       0, rbornstat=      0

Potential function:
     ntf     =       1, ntb     =       0, igb     =       0, nsnb    =      25
     ipol    =       0, gbsa    =       0, iesp    =       0
     dielc   =   1.00000, cut     =  99.00000, intdiel =   1.00000

Frozen or restrained atoms:
     ibelly  =       0, ntr     =       0

Energy minimization:
     maxcyc  =    5000, ncyc    =      10, ntmin   =       1
     dx0     =   0.01000, drms    =   0.00010

| MPI Timing options:
|      profile_mpi =        0
|  INFO: Old style inpcrd file read


--------------------------------------------------------------------------------
   3.  ATOMIC COORDINATES AND VELOCITIES
--------------------------------------------------------------------------------

default_name                                                                    
 begin time read from input coords =     0.000 ps

 Number of triangulated 3-point waters found:        1
|  Atom division among processors:
|         0       9

     Sum of charges from parm topology file =  -0.00099900
     Forcing neutrality...
|  Running AMBER/MPI version on    1 nodes


--------------------------------------------------------------------------------
   4.  RESULTS
--------------------------------------------------------------------------------

 ---------------------------------------------------

     eedmeth=4: Setting switch to one everywhere

 ---------------------------------------------------
| Local SIZE OF NONBOND LIST =         18
| TOTAL SIZE OF NONBOND LIST =         18


   NSTEP       ENERGY          RMS            GMAX         NAME    NUMBER
      1      -2.2969E+01     3.9414E+00     1.0409E+01     H3          6

 BOND    =        0.2382  ANGLE   =        0.7765  DIHED      =        0.0010
 VDWAALS =        0.1282  EEL     =       -2.3909  HBOND      =        0.0000
 1-4 VDW =       -0.0026  1-4 EEL =      -21.7193  RESTRAINT  =        0.0000


   NSTEP       ENERGY          RMS            GMAX         NAME    NUMBER
     50      -2.4975E+01     1.0601E+00     3.7987E+00     Si          1

 BOND    =        0.0569  ANGLE   =        0.9483  DIHED      =        0.0001
 VDWAALS =        0.3134  EEL     =       -3.6996  HBOND      =        0.0000
 1-4 VDW =       -0.0035  1-4 EEL =      -22.5901  RESTRAINT  =        0.0000


   NSTEP       ENERGY          RMS            GMAX         NAME    NUMBER
    100      -2.5128E+01     4.8263E-01     1.3700E+00     Si          1

 BOND    =        0.0437  ANGLE   =        1.0705  DIHED      =        0.0003
 VDWAALS =        0.1575  EEL     =       -3.7207  HBOND      =        0.0000
 1-4 VDW =       -0.0036  1-4 EEL =      -22.6761  RESTRAINT  =        0.0000


   NSTEP       ENERGY          RMS            GMAX         NAME    NUMBER
    150      -2.5147E+01     1.0472E-01     2.6345E-01     O           7

 BOND    =        0.0407  ANGLE   =        1.0335  DIHED      =        0.0004
 VDWAALS =        0.1453  EEL     =       -3.7147  HBOND      =        0.0000
 1-4 VDW =       -0.0035  1-4 EEL =      -22.6487  RESTRAINT  =        0.0000


   NSTEP       ENERGY          RMS            GMAX         NAME    NUMBER
    200      -2.5150E+01     1.0713E-01     3.1337E-01     O           7

 BOND    =        0.0410  ANGLE   =        1.0622  DIHED      =        0.0003
 VDWAALS =        0.1426  EEL     =       -3.7314  HBOND      =        0.0000
 1-4 VDW =       -0.0036  1-4 EEL =      -22.6607  RESTRAINT  =        0.0000


   NSTEP       ENERGY          RMS            GMAX         NAME    NUMBER
    250      -2.5150E+01     1.3535E-02     3.3020E-02     H           2

 BOND    =        0.0414  ANGLE   =        1.0602  DIHED      =        0.0003
 VDWAALS =        0.1429  EEL     =       -3.7277  HBOND      =        0.0000
 1-4 VDW =       -0.0036  1-4 EEL =      -22.6638  RESTRAINT  =        0.0000


   NSTEP       ENERGY          RMS            GMAX         NAME    NUMBER
    300      -2.5150E+01     1.1218E-02     2.4959E-02     H3          6

 BOND    =        0.0414  ANGLE   =        1.0584  DIHED      =        0.0003
 VDWAALS =        0.1439  EEL     =       -3.7287  HBOND      =        0.0000
 1-4 VDW =       -0.0036  1-4 EEL =      -22.6621  RESTRAINT  =        0.0000


   NSTEP       ENERGY          RMS            GMAX         NAME    NUMBER
    350      -2.5150E+01     3.2850E-03     1.0138E-02     H1          8

 BOND    =        0.0415  ANGLE   =        1.0643  DIHED      =        0.0003
 VDWAALS =        0.1427  EEL     =       -3.7289  HBOND      =        0.0000
 1-4 VDW =       -0.0036  1-4 EEL =      -22.6668  RESTRAINT  =        0.0000


   NSTEP       ENERGY          RMS            GMAX         NAME    NUMBER
    400      -2.5151E+01     1.6850E-02     4.5652E-02     Si          1

 BOND    =        0.0415  ANGLE   =        1.0668  DIHED      =        0.0003
 VDWAALS =        0.1418  EEL     =       -3.7292  HBOND      =        0.0000
 1-4 VDW =       -0.0036  1-4 EEL =      -22.6684  RESTRAINT  =        0.0000


   NSTEP       ENERGY          RMS            GMAX         NAME    NUMBER
    450      -2.5151E+01     6.8529E-03     1.3021E-02     Si          1

 BOND    =        0.0415  ANGLE   =        1.0642  DIHED      =        0.0003
 VDWAALS =        0.1422  EEL     =       -3.7287  HBOND      =        0.0000
 1-4 VDW =       -0.0036  1-4 EEL =      -22.6667  RESTRAINT  =        0.0000


   NSTEP       ENERGY          RMS            GMAX         NAME    NUMBER
    500      -2.5151E+01     1.1243E-01     3.7346E-01     H1          8

 BOND    =        0.0409  ANGLE   =        1.0721  DIHED      =        0.0003
 VDWAALS =        0.1386  EEL     =       -3.7255  HBOND      =        0.0000
 1-4 VDW =       -0.0036  1-4 EEL =      -22.6740  RESTRAINT  =        0.0000


   NSTEP       ENERGY          RMS            GMAX         NAME    NUMBER
    550      -2.5152E+01     1.5041E-02     3.7159E-02     H1          3

 BOND    =        0.0419  ANGLE   =        1.0685  DIHED      =        0.0003
 VDWAALS =        0.1413  EEL     =       -3.7286  HBOND      =        0.0000
 1-4 VDW =       -0.0036  1-4 EEL =      -22.6713  RESTRAINT  =        0.0000


   NSTEP       ENERGY          RMS            GMAX         NAME    NUMBER
    600      -2.5152E+01     1.0666E-02     2.6873E-02     O           7

 BOND    =        0.0417  ANGLE   =        1.0636  DIHED      =        0.0003
 VDWAALS =        0.1429  EEL     =       -3.7297  HBOND      =        0.0000
 1-4 VDW =       -0.0036  1-4 EEL =      -22.6670  RESTRAINT  =        0.0000


   NSTEP       ENERGY          RMS            GMAX         NAME    NUMBER
    650      -2.5152E+01     4.1407E-02     1.0630E-01     O           7

 BOND    =        0.0402  ANGLE   =        1.0594  DIHED      =        0.0003
 VDWAALS =        0.1423  EEL     =       -3.7303  HBOND      =        0.0000
 1-4 VDW =       -0.0036  1-4 EEL =      -22.6602  RESTRAINT  =        0.0000


   NSTEP       ENERGY          RMS            GMAX         NAME    NUMBER
    700      -2.5152E+01     1.5224E-02     4.2379E-02     H2          9

 BOND    =        0.0417  ANGLE   =        1.0645  DIHED      =        0.0003
 VDWAALS =        0.1429  EEL     =       -3.7301  HBOND      =        0.0000
 1-4 VDW =       -0.0036  1-4 EEL =      -22.6679  RESTRAINT  =        0.0000


   NSTEP       ENERGY          RMS            GMAX         NAME    NUMBER
    750      -2.5152E+01     8.4486E-02     3.2200E-01     Si          1

 BOND    =        0.0417  ANGLE   =        1.0726  DIHED      =        0.0004
 VDWAALS =        0.1418  EEL     =       -3.7306  HBOND      =        0.0000
 1-4 VDW =       -0.0036  1-4 EEL =      -22.6747  RESTRAINT  =        0.0000


   NSTEP       ENERGY          RMS            GMAX         NAME    NUMBER
    800      -2.5153E+01     1.5980E-02     4.5306E-02     O           7

 BOND    =        0.0416  ANGLE   =        1.0665  DIHED      =        0.0004
 VDWAALS =        0.1430  EEL     =       -3.7307  HBOND      =        0.0000
 1-4 VDW =       -0.0036  1-4 EEL =      -22.6698  RESTRAINT  =        0.0000


   NSTEP       ENERGY          RMS            GMAX         NAME    NUMBER
    850      -2.5153E+01     5.8176E-03     1.6883E-02     H3          6

 BOND    =        0.0417  ANGLE   =        1.0677  DIHED      =        0.0004
 VDWAALS =        0.1429  EEL     =       -3.7314  HBOND      =        0.0000
 1-4 VDW =       -0.0036  1-4 EEL =      -22.6705  RESTRAINT  =        0.0000


   NSTEP       ENERGY          RMS            GMAX         NAME    NUMBER
    900      -2.5153E+01     4.0426E-02     1.1387E-01     Si          1

 BOND    =        0.0414  ANGLE   =        1.0359  DIHED      =        0.0003
 VDWAALS =        0.1471  EEL     =       -3.7274  HBOND      =        0.0000
 1-4 VDW =       -0.0035  1-4 EEL =      -22.6468  RESTRAINT  =        0.0000


   NSTEP       ENERGY          RMS            GMAX         NAME    NUMBER
    950      -2.5154E+01     1.6719E-01     5.3979E-01     H2          9

 BOND    =        0.0423  ANGLE   =        1.0812  DIHED      =        0.0004
 VDWAALS =        0.1420  EEL     =       -3.7361  HBOND      =        0.0000
 1-4 VDW =       -0.0036  1-4 EEL =      -22.6796  RESTRAINT  =        0.0000


   NSTEP       ENERGY          RMS            GMAX         NAME    NUMBER
   1000      -2.5154E+01     1.5719E-01     3.7992E-01     O           7

 BOND    =        0.0422  ANGLE   =        1.0530  DIHED      =        0.0004
 VDWAALS =        0.1458  EEL     =       -3.7330  HBOND      =        0.0000
 1-4 VDW =       -0.0036  1-4 EEL =      -22.6588  RESTRAINT  =        0.0000


   NSTEP       ENERGY          RMS            GMAX         NAME    NUMBER
   1050      -2.5154E+01     1.1877E-01     4.1054E-01     H1          8

 BOND    =        0.0412  ANGLE   =        1.0808  DIHED      =        0.0004
 VDWAALS =        0.1421  EEL     =       -3.7334  HBOND      =        0.0000
 1-4 VDW =       -0.0036  1-4 EEL =      -22.6819  RESTRAINT  =        0.0000


   NSTEP       ENERGY          RMS            GMAX         NAME    NUMBER
   1100      -2.5155E+01     5.7623E-03     1.2705E-02     H3          6

 BOND    =        0.0418  ANGLE   =        1.0648  DIHED      =        0.0004
 VDWAALS =        0.1443  EEL     =       -3.7339  HBOND      =        0.0000
 1-4 VDW =       -0.0036  1-4 EEL =      -22.6686  RESTRAINT  =        0.0000


   NSTEP       ENERGY          RMS            GMAX         NAME    NUMBER
   1150      -2.5155E+01     2.8787E-01     9.1803E-01     H1          8

 BOND    =        0.0397  ANGLE   =        1.0192  DIHED      =        0.0004
 VDWAALS =        0.1496  EEL     =       -3.7242  HBOND      =        0.0000
 1-4 VDW =       -0.0035  1-4 EEL =      -22.6362  RESTRAINT  =        0.0000


   NSTEP       ENERGY          RMS            GMAX         NAME    NUMBER
   1200      -2.5156E+01     1.6893E-02     4.4825E-02     H           2

 BOND    =        0.0421  ANGLE   =        1.0644  DIHED      =        0.0004
 VDWAALS =        0.1452  EEL     =       -3.7352  HBOND      =        0.0000
 1-4 VDW =       -0.0036  1-4 EEL =      -22.6693  RESTRAINT  =        0.0000


   NSTEP       ENERGY          RMS            GMAX         NAME    NUMBER
   1250      -2.5156E+01     4.4380E-02     9.9016E-02     H           2

 BOND    =        0.0411  ANGLE   =        1.0467  DIHED      =        0.0004
 VDWAALS =        0.1474  EEL     =       -3.7324  HBOND      =        0.0000
 1-4 VDW =       -0.0036  1-4 EEL =      -22.6561  RESTRAINT  =        0.0000


   NSTEP       ENERGY          RMS            GMAX         NAME    NUMBER
   1300      -2.5157E+01     3.4177E-02     6.7448E-02     O           7

 BOND    =        0.0408  ANGLE   =        1.0459  DIHED      =        0.0004
 VDWAALS =        0.1479  EEL     =       -3.7346  HBOND      =        0.0000
 1-4 VDW =       -0.0035  1-4 EEL =      -22.6536  RESTRAINT  =        0.0000


   NSTEP       ENERGY          RMS            GMAX         NAME    NUMBER
   1350      -2.5157E+01     1.6852E-01     6.1538E-01     H2          9

 BOND    =        0.0399  ANGLE   =        1.0303  DIHED      =        0.0003
 VDWAALS =        0.1501  EEL     =       -3.7347  HBOND      =        0.0000
 1-4 VDW =       -0.0035  1-4 EEL =      -22.6398  RESTRAINT  =        0.0000


   NSTEP       ENERGY          RMS            GMAX         NAME    NUMBER
   1400      -2.5158E+01     2.2952E-02     5.0161E-02     H1          8

 BOND    =        0.0419  ANGLE   =        1.0672  DIHED      =        0.0004
 VDWAALS =        0.1459  EEL     =       -3.7392  HBOND      =        0.0000
 1-4 VDW =       -0.0036  1-4 EEL =      -22.6705  RESTRAINT  =        0.0000


   NSTEP       ENERGY          RMS            GMAX         NAME    NUMBER
   1450      -2.5158E+01     3.6271E-01     1.0420E+00     H1          8

 BOND    =        0.0442  ANGLE   =        1.0763  DIHED      =        0.0004
 VDWAALS =        0.1475  EEL     =       -3.7469  HBOND      =        0.0000
 1-4 VDW =       -0.0036  1-4 EEL =      -22.6762  RESTRAINT  =        0.0000


   NSTEP       ENERGY          RMS            GMAX         NAME    NUMBER
   1500      -2.5160E+01     7.6246E-02     1.7355E-01     Si          1

 BOND    =        0.0408  ANGLE   =        1.0304  DIHED      =        0.0003
 VDWAALS =        0.1502  EEL     =       -3.7371  HBOND      =        0.0000
 1-4 VDW =       -0.0035  1-4 EEL =      -22.6409  RESTRAINT  =        0.0000


   NSTEP       ENERGY          RMS            GMAX         NAME    NUMBER
   1550      -2.5161E+01     5.7366E-02     1.9246E-01     O           7

 BOND    =        0.0436  ANGLE   =        1.0776  DIHED      =        0.0003
 VDWAALS =        0.1456  EEL     =       -3.7461  HBOND      =        0.0000
 1-4 VDW =       -0.0036  1-4 EEL =      -22.6780  RESTRAINT  =        0.0000


   NSTEP       ENERGY          RMS            GMAX         NAME    NUMBER
   1600      -2.5161E+01     6.0695E-02     1.1077E-01     Si          1

 BOND    =        0.0404  ANGLE   =        1.0339  DIHED      =        0.0004
 VDWAALS =        0.1512  EEL     =       -3.7313  HBOND      =        0.0000
 1-4 VDW =       -0.0035  1-4 EEL =      -22.6523  RESTRAINT  =        0.0000


   NSTEP       ENERGY          RMS            GMAX         NAME    NUMBER
   1650      -2.5162E+01     4.4888E-02     9.3504E-02     H3          6

 BOND    =        0.0403  ANGLE   =        1.0382  DIHED      =        0.0003
 VDWAALS =        0.1516  EEL     =       -3.7411  HBOND      =        0.0000
 1-4 VDW =       -0.0035  1-4 EEL =      -22.6475  RESTRAINT  =        0.0000


   NSTEP       ENERGY          RMS            GMAX         NAME    NUMBER
   1700      -2.5163E+01     1.4521E-01     3.9992E-01     O           7

 BOND    =        0.0419  ANGLE   =        1.0487  DIHED      =        0.0002
 VDWAALS =        0.1509  EEL     =       -3.7455  HBOND      =        0.0000
 1-4 VDW =       -0.0036  1-4 EEL =      -22.6552  RESTRAINT  =        0.0000


   NSTEP       ENERGY          RMS            GMAX         NAME    NUMBER
   1750      -2.5163E+01     7.1887E-02     1.5763E-01     H3          6

 BOND    =        0.0404  ANGLE   =        1.0560  DIHED      =        0.0004
 VDWAALS =        0.1498  EEL     =       -3.7479  HBOND      =        0.0000
 1-4 VDW =       -0.0036  1-4 EEL =      -22.6584  RESTRAINT  =        0.0000


   NSTEP       ENERGY          RMS            GMAX         NAME    NUMBER
   1800      -2.5164E+01     3.5745E-02     8.4853E-02     Si          1

 BOND    =        0.0418  ANGLE   =        1.0687  DIHED      =        0.0003
 VDWAALS =        0.1460  EEL     =       -3.7444  HBOND      =        0.0000
 1-4 VDW =       -0.0036  1-4 EEL =      -22.6724  RESTRAINT  =        0.0000


   NSTEP       ENERGY          RMS            GMAX         NAME    NUMBER
   1850      -2.5164E+01     2.4931E-02     6.5987E-02     Si          1

 BOND    =        0.0426  ANGLE   =        1.0641  DIHED      =        0.0003
 VDWAALS =        0.1473  EEL     =       -3.7455  HBOND      =        0.0000
 1-4 VDW =       -0.0036  1-4 EEL =      -22.6692  RESTRAINT  =        0.0000


   NSTEP       ENERGY          RMS            GMAX         NAME    NUMBER
   1900      -2.5164E+01     6.7712E-02     2.0065E-01     Si          1

 BOND    =        0.0409  ANGLE   =        1.0528  DIHED      =        0.0003
 VDWAALS =        0.1500  EEL     =       -3.7468  HBOND      =        0.0000
 1-4 VDW =       -0.0036  1-4 EEL =      -22.6579  RESTRAINT  =        0.0000


   NSTEP       ENERGY          RMS            GMAX         NAME    NUMBER
   1950      -2.5164E+01     3.7737E-02     1.0812E-01     O           7

 BOND    =        0.0417  ANGLE   =        1.0572  DIHED      =        0.0003
 VDWAALS =        0.1498  EEL     =       -3.7466  HBOND      =        0.0000
 1-4 VDW =       -0.0036  1-4 EEL =      -22.6634  RESTRAINT  =        0.0000


   NSTEP       ENERGY          RMS            GMAX         NAME    NUMBER
   2000      -2.5165E+01     4.6891E-02     1.1449E-01     Si          1

 BOND    =        0.0418  ANGLE   =        1.0728  DIHED      =        0.0003
 VDWAALS =        0.1481  EEL     =       -3.7491  HBOND      =        0.0000
 1-4 VDW =       -0.0036  1-4 EEL =      -22.6751  RESTRAINT  =        0.0000


   NSTEP       ENERGY          RMS            GMAX         NAME    NUMBER
   2050      -2.5165E+01     2.8235E-02     6.1972E-02     H1          8

 BOND    =        0.0424  ANGLE   =        1.0765  DIHED      =        0.0003
 VDWAALS =        0.1483  EEL     =       -3.7505  HBOND      =        0.0000
 1-4 VDW =       -0.0036  1-4 EEL =      -22.6783  RESTRAINT  =        0.0000


   NSTEP       ENERGY          RMS            GMAX         NAME    NUMBER
   2100      -2.5166E+01     2.5937E-02     8.0727E-02     Si          1

 BOND    =        0.0418  ANGLE   =        1.0627  DIHED      =        0.0003
 VDWAALS =        0.1505  EEL     =       -3.7507  HBOND      =        0.0000
 1-4 VDW =       -0.0036  1-4 EEL =      -22.6669  RESTRAINT  =        0.0000


   NSTEP       ENERGY          RMS            GMAX         NAME    NUMBER
   2150      -2.5166E+01     9.4749E-03     1.6832E-02     Si          1

 BOND    =        0.0421  ANGLE   =        1.0668  DIHED      =        0.0003
 VDWAALS =        0.1503  EEL     =       -3.7517  HBOND      =        0.0000
 1-4 VDW =       -0.0036  1-4 EEL =      -22.6705  RESTRAINT  =        0.0000


   NSTEP       ENERGY          RMS            GMAX         NAME    NUMBER
   2200      -2.5166E+01     5.1398E-02     1.7170E-01     H1          8

 BOND    =        0.0418  ANGLE   =        1.0596  DIHED      =        0.0003
 VDWAALS =        0.1523  EEL     =       -3.7516  HBOND      =        0.0000
 1-4 VDW =       -0.0036  1-4 EEL =      -22.6653  RESTRAINT  =        0.0000


   NSTEP       ENERGY          RMS            GMAX         NAME    NUMBER
   2250      -2.5167E+01     2.3164E-02     6.1517E-02     Si          1

 BOND    =        0.0416  ANGLE   =        1.0611  DIHED      =        0.0003
 VDWAALS =        0.1518  EEL     =       -3.7505  HBOND      =        0.0000
 1-4 VDW =       -0.0036  1-4 EEL =      -22.6673  RESTRAINT  =        0.0000


   NSTEP       ENERGY          RMS            GMAX         NAME    NUMBER
   2300      -2.5167E+01     1.3282E-02     3.0672E-02     O           7

 BOND    =        0.0418  ANGLE   =        1.0615  DIHED      =        0.0003
 VDWAALS =        0.1518  EEL     =       -3.7513  HBOND      =        0.0000
 1-4 VDW =       -0.0036  1-4 EEL =      -22.6672  RESTRAINT  =        0.0000


   NSTEP       ENERGY          RMS            GMAX         NAME    NUMBER
   2350      -2.5167E+01     3.6649E-02     9.1708E-02     H1          8

 BOND    =        0.0422  ANGLE   =        1.0688  DIHED      =        0.0003
 VDWAALS =        0.1499  EEL     =       -3.7516  HBOND      =        0.0000
 1-4 VDW =       -0.0036  1-4 EEL =      -22.6730  RESTRAINT  =        0.0000


   NSTEP       ENERGY          RMS            GMAX         NAME    NUMBER
   2400      -2.5167E+01     1.7010E-02     3.7767E-02     H2          4

 BOND    =        0.0425  ANGLE   =        1.0710  DIHED      =        0.0003
 VDWAALS =        0.1499  EEL     =       -3.7532  HBOND      =        0.0000
 1-4 VDW =       -0.0036  1-4 EEL =      -22.6740  RESTRAINT  =        0.0000


   NSTEP       ENERGY          RMS            GMAX         NAME    NUMBER
   2450      -2.5167E+01     2.8405E-02     6.6624E-02     H2          4

 BOND    =        0.0412  ANGLE   =        1.0479  DIHED      =        0.0003
 VDWAALS =        0.1525  EEL     =       -3.7501  HBOND      =        0.0000
 1-4 VDW =       -0.0036  1-4 EEL =      -22.6554  RESTRAINT  =        0.0000


   NSTEP       ENERGY          RMS            GMAX         NAME    NUMBER
   2500      -2.5167E+01     1.0245E-02     3.1551E-02     H1          3

 BOND    =        0.0420  ANGLE   =        1.0619  DIHED      =        0.0003
 VDWAALS =        0.1511  EEL     =       -3.7516  HBOND      =        0.0000
 1-4 VDW =       -0.0036  1-4 EEL =      -22.6673  RESTRAINT  =        0.0000


   NSTEP       ENERGY          RMS            GMAX         NAME    NUMBER
   2550      -2.5167E+01     5.9330E-03     1.3002E-02     H2          9

 BOND    =        0.0420  ANGLE   =        1.0609  DIHED      =        0.0003
 VDWAALS =        0.1513  EEL     =       -3.7518  HBOND      =        0.0000
 1-4 VDW =       -0.0036  1-4 EEL =      -22.6665  RESTRAINT  =        0.0000


   NSTEP       ENERGY          RMS            GMAX         NAME    NUMBER
   2600      -2.5167E+01     4.7460E-03     1.5115E-02     H2          9

 BOND    =        0.0419  ANGLE   =        1.0610  DIHED      =        0.0003
 VDWAALS =        0.1513  EEL     =       -3.7516  HBOND      =        0.0000
 1-4 VDW =       -0.0036  1-4 EEL =      -22.6668  RESTRAINT  =        0.0000


   NSTEP       ENERGY          RMS            GMAX         NAME    NUMBER
   2650      -2.5168E+01     1.2500E-02     3.9308E-02     O           7

 BOND    =        0.0421  ANGLE   =        1.0594  DIHED      =        0.0003
 VDWAALS =        0.1518  EEL     =       -3.7520  HBOND      =        0.0000
 1-4 VDW =       -0.0036  1-4 EEL =      -22.6657  RESTRAINT  =        0.0000


   NSTEP       ENERGY          RMS            GMAX         NAME    NUMBER
   2700      -2.5168E+01     2.3778E-02     7.5525E-02     Si          1

 BOND    =        0.0418  ANGLE   =        1.0518  DIHED      =        0.0003
 VDWAALS =        0.1524  EEL     =       -3.7491  HBOND      =        0.0000
 1-4 VDW =       -0.0036  1-4 EEL =      -22.6614  RESTRAINT  =        0.0000


   NSTEP       ENERGY          RMS            GMAX         NAME    NUMBER
   2750      -2.5168E+01     6.5759E-02     1.7077E-01     Si          1

 BOND    =        0.0424  ANGLE   =        1.0459  DIHED      =        0.0003
 VDWAALS =        0.1537  EEL     =       -3.7505  HBOND      =        0.0000
 1-4 VDW =       -0.0036  1-4 EEL =      -22.6560  RESTRAINT  =        0.0000


   NSTEP       ENERGY          RMS            GMAX         NAME    NUMBER
   2800      -2.5168E+01     2.1441E-02     6.1513E-02     O           7

 BOND    =        0.0421  ANGLE   =        1.0640  DIHED      =        0.0003
 VDWAALS =        0.1513  EEL     =       -3.7526  HBOND      =        0.0000
 1-4 VDW =       -0.0036  1-4 EEL =      -22.6695  RESTRAINT  =        0.0000


   NSTEP       ENERGY          RMS            GMAX         NAME    NUMBER
   2850      -2.5168E+01     6.3178E-02     1.5422E-01     H2          9

 BOND    =        0.0420  ANGLE   =        1.0629  DIHED      =        0.0003
 VDWAALS =        0.1509  EEL     =       -3.7513  HBOND      =        0.0000
 1-4 VDW =       -0.0036  1-4 EEL =      -22.6693  RESTRAINT  =        0.0000


   NSTEP       ENERGY          RMS            GMAX         NAME    NUMBER
   2900      -2.5168E+01     1.7938E-02     3.7551E-02     H3          6

 BOND    =        0.0423  ANGLE   =        1.0606  DIHED      =        0.0003
 VDWAALS =        0.1518  EEL     =       -3.7526  HBOND      =        0.0000
 1-4 VDW =       -0.0036  1-4 EEL =      -22.6670  RESTRAINT  =        0.0000


   NSTEP       ENERGY          RMS            GMAX         NAME    NUMBER
   2950      -2.5168E+01     3.1010E-03     5.9295E-03     O           5

 BOND    =        0.0420  ANGLE   =        1.0609  DIHED      =        0.0003
 VDWAALS =        0.1517  EEL     =       -3.7526  HBOND      =        0.0000
 1-4 VDW =       -0.0036  1-4 EEL =      -22.6669  RESTRAINT  =        0.0000


   NSTEP       ENERGY          RMS            GMAX         NAME    NUMBER
   3000      -2.5167E+01     8.1654E-02     2.1105E-01     H3          6

 BOND    =        0.0408  ANGLE   =        1.0229  DIHED      =        0.0006
 VDWAALS =        0.1476  EEL     =       -3.7454  HBOND      =        0.0000
 1-4 VDW =       -0.0035  1-4 EEL =      -22.6305  RESTRAINT  =        0.0000


   NSTEP       ENERGY          RMS            GMAX         NAME    NUMBER
   3050      -2.5168E+01     3.2014E-02     7.4775E-02     O           7

 BOND    =        0.0425  ANGLE   =        1.0633  DIHED      =        0.0003
 VDWAALS =        0.1515  EEL     =       -3.7535  HBOND      =        0.0000
 1-4 VDW =       -0.0036  1-4 EEL =      -22.6690  RESTRAINT  =        0.0000


   NSTEP       ENERGY          RMS            GMAX         NAME    NUMBER
   3100      -2.5169E+01     3.4233E-03     1.2921E-02     Si          1

 BOND    =        0.0420  ANGLE   =        1.0607  DIHED      =        0.0003
 VDWAALS =        0.1518  EEL     =       -3.7529  HBOND      =        0.0000
 1-4 VDW =       -0.0036  1-4 EEL =      -22.6669  RESTRAINT  =        0.0000


   NSTEP       ENERGY          RMS            GMAX         NAME    NUMBER
   3150      -2.5169E+01     1.9862E-03     4.2538E-03     O           5

 BOND    =        0.0420  ANGLE   =        1.0604  DIHED      =        0.0003
 VDWAALS =        0.1519  EEL     =       -3.7529  HBOND      =        0.0000
 1-4 VDW =       -0.0036  1-4 EEL =      -22.6667  RESTRAINT  =        0.0000


   NSTEP       ENERGY          RMS            GMAX         NAME    NUMBER
   3200      -2.5169E+01     2.9497E-03     5.3966E-03     Si          1

 BOND    =        0.0420  ANGLE   =        1.0605  DIHED      =        0.0003
 VDWAALS =        0.1519  EEL     =       -3.7530  HBOND      =        0.0000
 1-4 VDW =       -0.0036  1-4 EEL =      -22.6666  RESTRAINT  =        0.0000


   NSTEP       ENERGY          RMS            GMAX         NAME    NUMBER
   3250      -2.5169E+01     5.1035E-03     1.4047E-02     Si          1

 BOND    =        0.0419  ANGLE   =        1.0596  DIHED      =        0.0003
 VDWAALS =        0.1520  EEL     =       -3.7527  HBOND      =        0.0000
 1-4 VDW =       -0.0036  1-4 EEL =      -22.6661  RESTRAINT  =        0.0000


   NSTEP       ENERGY          RMS            GMAX         NAME    NUMBER
   3300      -2.5169E+01     6.7370E-03     1.4478E-02     H1          8

 BOND    =        0.0421  ANGLE   =        1.0626  DIHED      =        0.0003
 VDWAALS =        0.1516  EEL     =       -3.7534  HBOND      =        0.0000
 1-4 VDW =       -0.0036  1-4 EEL =      -22.6682  RESTRAINT  =        0.0000


   NSTEP       ENERGY          RMS            GMAX         NAME    NUMBER
   3350      -2.5169E+01     7.5903E-03     2.0168E-02     H1          8

 BOND    =        0.0419  ANGLE   =        1.0602  DIHED      =        0.0003
 VDWAALS =        0.1519  EEL     =       -3.7527  HBOND      =        0.0000
 1-4 VDW =       -0.0036  1-4 EEL =      -22.6665  RESTRAINT  =        0.0000


   NSTEP       ENERGY          RMS            GMAX         NAME    NUMBER
   3400      -2.5169E+01     9.5362E-04     1.8947E-03     H2          9

 BOND    =        0.0420  ANGLE   =        1.0605  DIHED      =        0.0003
 VDWAALS =        0.1519  EEL     =       -3.7531  HBOND      =        0.0000
 1-4 VDW =       -0.0036  1-4 EEL =      -22.6667  RESTRAINT  =        0.0000


   NSTEP       ENERGY          RMS            GMAX         NAME    NUMBER
   3450      -2.5169E+01     2.8271E-03     7.2991E-03     Si          1

 BOND    =        0.0420  ANGLE   =        1.0607  DIHED      =        0.0003
 VDWAALS =        0.1519  EEL     =       -3.7531  HBOND      =        0.0000
 1-4 VDW =       -0.0036  1-4 EEL =      -22.6667  RESTRAINT  =        0.0000


   NSTEP       ENERGY          RMS            GMAX         NAME    NUMBER
   3500      -2.5169E+01     6.3950E-04     1.4613E-03     H1          3

 BOND    =        0.0420  ANGLE   =        1.0603  DIHED      =        0.0003
 VDWAALS =        0.1519  EEL     =       -3.7531  HBOND      =        0.0000
 1-4 VDW =       -0.0036  1-4 EEL =      -22.6665  RESTRAINT  =        0.0000


   NSTEP       ENERGY          RMS            GMAX         NAME    NUMBER
   3550      -2.5169E+01     1.0519E-03     2.2353E-03     O           7

 BOND    =        0.0420  ANGLE   =        1.0603  DIHED      =        0.0003
 VDWAALS =        0.1520  EEL     =       -3.7531  HBOND      =        0.0000
 1-4 VDW =       -0.0036  1-4 EEL =      -22.6665  RESTRAINT  =        0.0000


   NSTEP       ENERGY          RMS            GMAX         NAME    NUMBER
   3600      -2.5169E+01     8.5832E-04     1.6947E-03     H2          4

 BOND    =        0.0420  ANGLE   =        1.0610  DIHED      =        0.0003
 VDWAALS =        0.1519  EEL     =       -3.7532  HBOND      =        0.0000
 1-4 VDW =       -0.0036  1-4 EEL =      -22.6670  RESTRAINT  =        0.0000


   NSTEP       ENERGY          RMS            GMAX         NAME    NUMBER
   3650      -2.5169E+01     1.7407E-03     4.3710E-03     H1          8

 BOND    =        0.0420  ANGLE   =        1.0610  DIHED      =        0.0003
 VDWAALS =        0.1519  EEL     =       -3.7533  HBOND      =        0.0000
 1-4 VDW =       -0.0036  1-4 EEL =      -22.6669  RESTRAINT  =        0.0000


   NSTEP       ENERGY          RMS            GMAX         NAME    NUMBER
   3700      -2.5169E+01     2.4393E-03     6.2446E-03     H1          8

 BOND    =        0.0421  ANGLE   =        1.0610  DIHED      =        0.0003
 VDWAALS =        0.1519  EEL     =       -3.7532  HBOND      =        0.0000
 1-4 VDW =       -0.0036  1-4 EEL =      -22.6670  RESTRAINT  =        0.0000


   NSTEP       ENERGY          RMS            GMAX         NAME    NUMBER
   3750      -2.5169E+01     3.2718E-03     7.4491E-03     H1          8

 BOND    =        0.0420  ANGLE   =        1.0599  DIHED      =        0.0003
 VDWAALS =        0.1520  EEL     =       -3.7530  HBOND      =        0.0000
 1-4 VDW =       -0.0036  1-4 EEL =      -22.6663  RESTRAINT  =        0.0000


   NSTEP       ENERGY          RMS            GMAX         NAME    NUMBER
   3800      -2.5169E+01     8.1730E-04     2.4983E-03     H1          8

 BOND    =        0.0420  ANGLE   =        1.0604  DIHED      =        0.0003
 VDWAALS =        0.1519  EEL     =       -3.7532  HBOND      =        0.0000
 1-4 VDW =       -0.0036  1-4 EEL =      -22.6665  RESTRAINT  =        0.0000


   NSTEP       ENERGY          RMS            GMAX         NAME    NUMBER
   3850      -2.5169E+01     1.0304E-03     2.5837E-03     O           5

 BOND    =        0.0420  ANGLE   =        1.0608  DIHED      =        0.0003
 VDWAALS =        0.1519  EEL     =       -3.7533  HBOND      =        0.0000
 1-4 VDW =       -0.0036  1-4 EEL =      -22.6668  RESTRAINT  =        0.0000


   NSTEP       ENERGY          RMS            GMAX         NAME    NUMBER
   3900      -2.5169E+01     1.1967E-03     4.1913E-03     Si          1

 BOND    =        0.0420  ANGLE   =        1.0605  DIHED      =        0.0003
 VDWAALS =        0.1519  EEL     =       -3.7532  HBOND      =        0.0000
 1-4 VDW =       -0.0036  1-4 EEL =      -22.6666  RESTRAINT  =        0.0000


   NSTEP       ENERGY          RMS            GMAX         NAME    NUMBER
   3950      -2.5169E+01     9.6945E-04     2.6709E-03     Si          1

 BOND    =        0.0420  ANGLE   =        1.0604  DIHED      =        0.0003
 VDWAALS =        0.1519  EEL     =       -3.7532  HBOND      =        0.0000
 1-4 VDW =       -0.0036  1-4 EEL =      -22.6665  RESTRAINT  =        0.0000


   NSTEP       ENERGY          RMS            GMAX         NAME    NUMBER
   4000      -2.5169E+01     3.3800E-03     8.5094E-03     O           5

 BOND    =        0.0420  ANGLE   =        1.0604  DIHED      =        0.0003
 VDWAALS =        0.1520  EEL     =       -3.7531  HBOND      =        0.0000
 1-4 VDW =       -0.0036  1-4 EEL =      -22.6666  RESTRAINT  =        0.0000


   NSTEP       ENERGY          RMS            GMAX         NAME    NUMBER
   4050      -2.5169E+01     2.5273E-03     5.9454E-03     H2          9

 BOND    =        0.0420  ANGLE   =        1.0601  DIHED      =        0.0003
 VDWAALS =        0.1520  EEL     =       -3.7531  HBOND      =        0.0000
 1-4 VDW =       -0.0036  1-4 EEL =      -22.6663  RESTRAINT  =        0.0000


   NSTEP       ENERGY          RMS            GMAX         NAME    NUMBER
   4100      -2.5169E+01     7.5038E-04     1.5476E-03     H           2

 BOND    =        0.0420  ANGLE   =        1.0604  DIHED      =        0.0003
 VDWAALS =        0.1520  EEL     =       -3.7531  HBOND      =        0.0000
 1-4 VDW =       -0.0036  1-4 EEL =      -22.6666  RESTRAINT  =        0.0000


   NSTEP       ENERGY          RMS            GMAX         NAME    NUMBER
   4150      -2.5169E+01     1.5145E-03     3.3039E-03     H1          3

 BOND    =        0.0420  ANGLE   =        1.0603  DIHED      =        0.0003
 VDWAALS =        0.1520  EEL     =       -3.7531  HBOND      =        0.0000
 1-4 VDW =       -0.0036  1-4 EEL =      -22.6665  RESTRAINT  =        0.0000


   NSTEP       ENERGY          RMS            GMAX         NAME    NUMBER
   4200      -2.5169E+01     9.6726E-03     2.0290E-02     Si          1

 BOND    =        0.0420  ANGLE   =        1.0600  DIHED      =        0.0003
 VDWAALS =        0.1520  EEL     =       -3.7530  HBOND      =        0.0000
 1-4 VDW =       -0.0036  1-4 EEL =      -22.6663  RESTRAINT  =        0.0000


   NSTEP       ENERGY          RMS            GMAX         NAME    NUMBER
   4250      -2.5169E+01     1.9824E-04     4.6356E-04     H2          9

 BOND    =        0.0420  ANGLE   =        1.0604  DIHED      =        0.0003
 VDWAALS =        0.1519  EEL     =       -3.7532  HBOND      =        0.0000
 1-4 VDW =       -0.0036  1-4 EEL =      -22.6665  RESTRAINT  =        0.0000


   NSTEP       ENERGY          RMS            GMAX         NAME    NUMBER
   4300      -2.5169E+01     7.7870E-04     2.4241E-03     O           7

 BOND    =        0.0420  ANGLE   =        1.0605  DIHED      =        0.0003
 VDWAALS =        0.1519  EEL     =       -3.7532  HBOND      =        0.0000
 1-4 VDW =       -0.0036  1-4 EEL =      -22.6666  RESTRAINT  =        0.0000


   NSTEP       ENERGY          RMS            GMAX         NAME    NUMBER
   4350      -2.5169E+01     1.8663E-03     4.0684E-03     Si          1

 BOND    =        0.0420  ANGLE   =        1.0599  DIHED      =        0.0003
 VDWAALS =        0.1520  EEL     =       -3.7532  HBOND      =        0.0000
 1-4 VDW =       -0.0036  1-4 EEL =      -22.6661  RESTRAINT  =        0.0000


   NSTEP       ENERGY          RMS            GMAX         NAME    NUMBER
   4400      -2.5169E+01     3.1649E-03     6.8096E-03     H1          3

 BOND    =        0.0420  ANGLE   =        1.0602  DIHED      =        0.0003
 VDWAALS =        0.1520  EEL     =       -3.7532  HBOND      =        0.0000
 1-4 VDW =       -0.0036  1-4 EEL =      -22.6663  RESTRAINT  =        0.0000


   NSTEP       ENERGY          RMS            GMAX         NAME    NUMBER
   4450      -2.5169E+01     3.6608E-03     9.2721E-03     O           5

 BOND    =        0.0419  ANGLE   =        1.0601  DIHED      =        0.0003
 VDWAALS =        0.1520  EEL     =       -3.7532  HBOND      =        0.0000
 1-4 VDW =       -0.0036  1-4 EEL =      -22.6662  RESTRAINT  =        0.0000


   NSTEP       ENERGY          RMS            GMAX         NAME    NUMBER
   4500      -2.5169E+01     2.7759E-04     8.9255E-04     O           5

 BOND    =        0.0420  ANGLE   =        1.0606  DIHED      =        0.0003
 VDWAALS =        0.1519  EEL     =       -3.7532  HBOND      =        0.0000
 1-4 VDW =       -0.0036  1-4 EEL =      -22.6666  RESTRAINT  =        0.0000


   NSTEP       ENERGY          RMS            GMAX         NAME    NUMBER
   4550      -2.5169E+01     2.1584E-03     4.7151E-03     O           7

 BOND    =        0.0420  ANGLE   =        1.0601  DIHED      =        0.0003
 VDWAALS =        0.1520  EEL     =       -3.7531  HBOND      =        0.0000
 1-4 VDW =       -0.0036  1-4 EEL =      -22.6663  RESTRAINT  =        0.0000


   NSTEP       ENERGY          RMS            GMAX         NAME    NUMBER
   4600      -2.5169E+01     2.3600E-03     5.7376E-03     O           7

 BOND    =        0.0420  ANGLE   =        1.0602  DIHED      =        0.0003
 VDWAALS =        0.1520  EEL     =       -3.7531  HBOND      =        0.0000
 1-4 VDW =       -0.0036  1-4 EEL =      -22.6664  RESTRAINT  =        0.0000


   NSTEP       ENERGY          RMS            GMAX         NAME    NUMBER
   4650      -2.5169E+01     5.8318E-04     1.4270E-03     O           7

 BOND    =        0.0420  ANGLE   =        1.0604  DIHED      =        0.0003
 VDWAALS =        0.1520  EEL     =       -3.7532  HBOND      =        0.0000
 1-4 VDW =       -0.0036  1-4 EEL =      -22.6665  RESTRAINT  =        0.0000


   NSTEP       ENERGY          RMS            GMAX         NAME    NUMBER
   4700      -2.5169E+01     1.8457E-04     4.2331E-04     H           2

 BOND    =        0.0420  ANGLE   =        1.0605  DIHED      =        0.0003
 VDWAALS =        0.1519  EEL     =       -3.7532  HBOND      =        0.0000
 1-4 VDW =       -0.0036  1-4 EEL =      -22.6666  RESTRAINT  =        0.0000


   NSTEP       ENERGY          RMS            GMAX         NAME    NUMBER
   4750      -2.5169E+01     6.9377E-03     1.4932E-02     H3          6

 BOND    =        0.0420  ANGLE   =        1.0595  DIHED      =        0.0003
 VDWAALS =        0.1520  EEL     =       -3.7530  HBOND      =        0.0000
 1-4 VDW =       -0.0036  1-4 EEL =      -22.6658  RESTRAINT  =        0.0000


   NSTEP       ENERGY          RMS            GMAX         NAME    NUMBER
   4800      -2.5169E+01     2.3625E-04     6.1986E-04     H2          9

 BOND    =        0.0420  ANGLE   =        1.0605  DIHED      =        0.0003
 VDWAALS =        0.1519  EEL     =       -3.7532  HBOND      =        0.0000
 1-4 VDW =       -0.0036  1-4 EEL =      -22.6666  RESTRAINT  =        0.0000


   NSTEP       ENERGY          RMS            GMAX         NAME    NUMBER
   4850      -2.5169E+01     7.4217E-04     2.0077E-03     O           7

 BOND    =        0.0420  ANGLE   =        1.0605  DIHED      =        0.0003
 VDWAALS =        0.1519  EEL     =       -3.7532  HBOND      =        0.0000
 1-4 VDW =       -0.0036  1-4 EEL =      -22.6666  RESTRAINT  =        0.0000


   NSTEP       ENERGY          RMS            GMAX         NAME    NUMBER
   4900      -2.5169E+01     5.2848E-04     1.3637E-03     O           7

 BOND    =        0.0420  ANGLE   =        1.0603  DIHED      =        0.0003
 VDWAALS =        0.1519  EEL     =       -3.7532  HBOND      =        0.0000
 1-4 VDW =       -0.0036  1-4 EEL =      -22.6665  RESTRAINT  =        0.0000


   NSTEP       ENERGY          RMS            GMAX         NAME    NUMBER
   4950      -2.5169E+01     2.2095E-03     6.6269E-03     O           7

 BOND    =        0.0420  ANGLE   =        1.0606  DIHED      =        0.0003
 VDWAALS =        0.1519  EEL     =       -3.7530  HBOND      =        0.0000
 1-4 VDW =       -0.0036  1-4 EEL =      -22.6668  RESTRAINT  =        0.0000


   NSTEP       ENERGY          RMS            GMAX         NAME    NUMBER
   5000      -2.5169E+01     3.9311E-03     8.5537E-03     O           7

 BOND    =        0.0420  ANGLE   =        1.0595  DIHED      =        0.0003
 VDWAALS =        0.1521  EEL     =       -3.7530  HBOND      =        0.0000
 1-4 VDW =       -0.0036  1-4 EEL =      -22.6660  RESTRAINT  =        0.0000


  Maximum number of minimization cycles reached.


                    FINAL RESULTS



   NSTEP       ENERGY          RMS            GMAX         NAME    NUMBER
   5000      -2.5169E+01     3.9311E-03     8.5537E-03     O           7

 BOND    =        0.0420  ANGLE   =        1.0595  DIHED      =        0.0003
 VDWAALS =        0.1521  EEL     =       -3.7530  HBOND      =        0.0000
 1-4 VDW =       -0.0036  1-4 EEL =      -22.6660  RESTRAINT  =        0.0000

--------------------------------------------------------------------------------
   5.  TIMINGS
--------------------------------------------------------------------------------

|    Read coords time           0.00 ( 0.33% of Total)
|                Build the list             0.00 ( 3.99% of List )
|                Other                      0.00 (96.01% of List )
|             List time                  0.00 ( 1.92% of Nonbo)
|                   Short_ene time             0.12 (94.30% of Direc)
|                   Other                      0.01 ( 5.70% of Direc)
|                Direct Ewald time          0.13 (83.35% of Ewald)
|                Force Adjust               0.00 ( 2.50% of Ewald)
|                Virial junk                0.00 ( 2.76% of Ewald)
|                Start synchronizatio       0.00 ( 2.31% of Ewald)
|                Other                      0.01 ( 9.07% of Ewald)
|             Ewald time                 0.15 (87.38% of Nonbo)
|             IPS excludes               0.00 ( 1.79% of Nonbo)
|             Other                      0.02 ( 8.92% of Nonbo)
|          Nonbond force              0.18 (84.34% of Force)
|          Bond/Angle/Dihedral        0.01 ( 5.49% of Force)
|          FRC Collect time           0.00 ( 1.50% of Force)
|          Other                      0.02 ( 8.66% of Force)
|       Force time                 0.21 (100.0% of Runmd)
|    Runmd Time                 0.21 (57.84% of Total)
|    Other                      0.15 (41.83% of Total)
| Total time                 0.36 (100.0% of ALL  )

| Highest rstack allocated:         15
| Highest istack allocated:          3

| Final Performance Info:
| -----------------------------------------------------
| Average timings for all steps:
|     Elapsed(s) =       0.36 Per Step(ms) =     357.25
|         ns/day =       0.24   seconds/ns =  357252.00
| -----------------------------------------------------

|           Job began  at 16:07:46.239  on 04/17/2021
|           Setup done at 16:07:46.245  on 04/17/2021
|           Run   done at 16:07:46.602  on 04/17/2021
|     wallclock() was called  125038 times
