
          -------------------------------------------------------
          Amber 12 SANDER                              2012
          -------------------------------------------------------

| Run on 04/17/2021 at 16:07:42
  [-O]verwriting output

File Assignments:
|  MDIN: mm.in                                                                 
| MDOUT: out/SiH3CH3_SiH3CH3.con1.out                                          
|INPCRD: ../MM_PES/inpcrd/SiH3CH3_SiH3CH3.con1.100.inpcrd                      
|  PARM: ../MM_PES/prmtop/SiH3CH3_SiH3CH3.con1.prmtop                          
|RESTRT: rst/SiH3CH3_SiH3CH3.con1.rst                                          
|  REFC: refc                                                                  
| MDVEL: mdvel                                                                 
|  MDEN: mden                                                                  
| MDCRD: mdcrd                                                                 
|MDINFO: mdinfo                                                                
|  MTMD: mtmd                                                                  
|INPDIP: inpdip                                                                
|RSTDIP: rstdip                                                                

|INPTRA: inptraj                                                               
|

 Here is the input file:

Minimization                                                                   
&cntrl                                                                         
 imin=1, maxcyc=5000,                                                          
 ntb=0,                                                                        
 ioutfm=0,                                                                     
 cut=99,                                                                       
/                                                                              

--------------------------------------------------------------------------------
   1.  RESOURCE   USE: 
--------------------------------------------------------------------------------

| Flags: MPI                                                                    
|    NONPERIODIC   ntb=0 and igb=0: Setting up nonperiodic simulation
|  *** cutoff > system size, list only builds once
|Largest sphere to fit in unit cell has radius =    31.201
| New format PARM file being parsed.
| Version =    1.000 Date = 04/17/21 Time = 16:02:40
 NATOM  =      16 NTYPES =       4 NBONH =      12 MBONA  =       2
 NTHETH =      24 MTHETA =       0 NPHIH =      18 MPHIA  =       0
 NHPARM =       0 NPARM  =       0 NNB   =      58 NRES   =       2
 NBONA  =       2 NTHETA =       0 NPHIA =       0 NUMBND =       3
 NUMANG =       4 NPTRA  =       1 NATYP =       4 NPHB   =       0
 IFBOX  =       0 NMXRS  =       8 IFCAP =       0 NEXTRA =       0
 NCOPY  =       0


|     Memory Use     Allocated
|     Real                2690
|     Hollerith             52
|     Integer            21421
|     Max Pairs            120
|     nblistReal           192
|     nblist Int        838223
|       Total             3381 kbytes

| Note: 1-4 EEL scale factors are being read from the topology file.

| Note: 1-4 VDW scale factors are being read from the topology file.
| Duplicated    0 dihedrals
| Duplicated    0 dihedrals

--------------------------------------------------------------------------------
   2.  CONTROL  DATA  FOR  THE  RUN
--------------------------------------------------------------------------------

default_name                                                                    

General flags:
     imin    =       1, nmropt  =       0

Nature and format of input:
     ntx     =       1, irest   =       0, ntrx    =       1

Nature and format of output:
     ntxo    =       1, ntpr    =      50, ntrx    =       1, ntwr    =     500
     iwrap   =       0, ntwx    =       0, ntwv    =       0, ntwe    =       0
     ioutfm  =       0, ntwprt  =       0, idecomp =       0, rbornstat=      0

Potential function:
     ntf     =       1, ntb     =       0, igb     =       0, nsnb    =      25
     ipol    =       0, gbsa    =       0, iesp    =       0
     dielc   =   1.00000, cut     =  99.00000, intdiel =   1.00000

Frozen or restrained atoms:
     ibelly  =       0, ntr     =       0

Energy minimization:
     maxcyc  =    5000, ncyc    =      10, ntmin   =       1
     dx0     =   0.01000, drms    =   0.00010

| MPI Timing options:
|      profile_mpi =        0
|  INFO: Old style inpcrd file read


--------------------------------------------------------------------------------
   3.  ATOMIC COORDINATES AND VELOCITIES
--------------------------------------------------------------------------------

default_name                                                                    
 begin time read from input coords =     0.000 ps

 Number of triangulated 3-point waters found:        0
|  Atom division among processors:
|         0      16

     Sum of charges from parm topology file =  -0.00200000
     Forcing neutrality...
|  Running AMBER/MPI version on    1 nodes


--------------------------------------------------------------------------------
   4.  RESULTS
--------------------------------------------------------------------------------

 ---------------------------------------------------

     eedmeth=4: Setting switch to one everywhere

 ---------------------------------------------------
| Local SIZE OF NONBOND LIST =         64
| TOTAL SIZE OF NONBOND LIST =         64


   NSTEP       ENERGY          RMS            GMAX         NAME    NUMBER
      1      -1.3623E+01     2.6971E+00     7.0985E+00     C           5

 BOND    =        0.2173  ANGLE   =        0.0608  DIHED      =        0.0000
 VDWAALS =       -0.7650  EEL     =       -0.0509  HBOND      =        0.0000
 1-4 VDW =       -0.3096  1-4 EEL =      -12.7757  RESTRAINT  =        0.0000


   NSTEP       ENERGY          RMS            GMAX         NAME    NUMBER
     50      -1.3965E+01     2.0108E-02     4.8870E-02     C           5

 BOND    =        0.0105  ANGLE   =        0.0286  DIHED      =        0.0000
 VDWAALS =       -0.8472  EEL     =       -0.0669  HBOND      =        0.0000
 1-4 VDW =       -0.3098  1-4 EEL =      -12.7803  RESTRAINT  =        0.0000


   NSTEP       ENERGY          RMS            GMAX         NAME    NUMBER
    100      -1.3968E+01     5.3315E-03     1.8558E-02     H2         12

 BOND    =        0.0103  ANGLE   =        0.0288  DIHED      =        0.0000
 VDWAALS =       -0.8495  EEL     =       -0.0676  HBOND      =        0.0000
 1-4 VDW =       -0.3098  1-4 EEL =      -12.7803  RESTRAINT  =        0.0000


   NSTEP       ENERGY          RMS            GMAX         NAME    NUMBER
    150      -1.3968E+01     7.8780E-03     3.4737E-02     C          13

 BOND    =        0.0103  ANGLE   =        0.0287  DIHED      =        0.0000
 VDWAALS =       -0.8496  EEL     =       -0.0676  HBOND      =        0.0000
 1-4 VDW =       -0.3098  1-4 EEL =      -12.7803  RESTRAINT  =        0.0000


   NSTEP       ENERGY          RMS            GMAX         NAME    NUMBER
    200      -1.3968E+01     2.9358E-03     1.0440E-02     H2         12

 BOND    =        0.0103  ANGLE   =        0.0287  DIHED      =        0.0000
 VDWAALS =       -0.8497  EEL     =       -0.0676  HBOND      =        0.0000
 1-4 VDW =       -0.3098  1-4 EEL =      -12.7802  RESTRAINT  =        0.0000


   NSTEP       ENERGY          RMS            GMAX         NAME    NUMBER
    250      -1.3968E+01     2.0152E-03     6.7245E-03     Si          9

 BOND    =        0.0104  ANGLE   =        0.0287  DIHED      =        0.0000
 VDWAALS =       -0.8497  EEL     =       -0.0676  HBOND      =        0.0000
 1-4 VDW =       -0.3098  1-4 EEL =      -12.7803  RESTRAINT  =        0.0000


   NSTEP       ENERGY          RMS            GMAX         NAME    NUMBER
    300      -1.3968E+01     3.8263E-03     1.4402E-02     H2          4

 BOND    =        0.0104  ANGLE   =        0.0287  DIHED      =        0.0000
 VDWAALS =       -0.8498  EEL     =       -0.0676  HBOND      =        0.0000
 1-4 VDW =       -0.3098  1-4 EEL =      -12.7803  RESTRAINT  =        0.0000


   NSTEP       ENERGY          RMS            GMAX         NAME    NUMBER
    350      -1.3968E+01     3.1242E-03     9.1233E-03     Si          9

 BOND    =        0.0104  ANGLE   =        0.0287  DIHED      =        0.0000
 VDWAALS =       -0.8498  EEL     =       -0.0676  HBOND      =        0.0000
 1-4 VDW =       -0.3098  1-4 EEL =      -12.7803  RESTRAINT  =        0.0000


   NSTEP       ENERGY          RMS            GMAX         NAME    NUMBER
    400      -1.3968E+01     1.7781E-03     6.3627E-03     H4         15

 BOND    =        0.0104  ANGLE   =        0.0287  DIHED      =        0.0000
 VDWAALS =       -0.8498  EEL     =       -0.0677  HBOND      =        0.0000
 1-4 VDW =       -0.3098  1-4 EEL =      -12.7803  RESTRAINT  =        0.0000


   NSTEP       ENERGY          RMS            GMAX         NAME    NUMBER
    450      -1.3969E+01     1.4706E-02     6.3808E-02     C           5

 BOND    =        0.0105  ANGLE   =        0.0287  DIHED      =        0.0000
 VDWAALS =       -0.8499  EEL     =       -0.0677  HBOND      =        0.0000
 1-4 VDW =       -0.3098  1-4 EEL =      -12.7804  RESTRAINT  =        0.0000


   NSTEP       ENERGY          RMS            GMAX         NAME    NUMBER
    500      -1.3969E+01     2.5585E-03     6.4292E-03     H2         12

 BOND    =        0.0104  ANGLE   =        0.0288  DIHED      =        0.0000
 VDWAALS =       -0.8499  EEL     =       -0.0677  HBOND      =        0.0000
 1-4 VDW =       -0.3098  1-4 EEL =      -12.7804  RESTRAINT  =        0.0000


   NSTEP       ENERGY          RMS            GMAX         NAME    NUMBER
    550      -1.3969E+01     1.7880E-03     4.8715E-03     H2         12

 BOND    =        0.0104  ANGLE   =        0.0288  DIHED      =        0.0000
 VDWAALS =       -0.8499  EEL     =       -0.0677  HBOND      =        0.0000
 1-4 VDW =       -0.3098  1-4 EEL =      -12.7803  RESTRAINT  =        0.0000


   NSTEP       ENERGY          RMS            GMAX         NAME    NUMBER
    600      -1.3969E+01     5.7803E-03     1.8054E-02     C           5

 BOND    =        0.0104  ANGLE   =        0.0288  DIHED      =        0.0000
 VDWAALS =       -0.8499  EEL     =       -0.0677  HBOND      =        0.0000
 1-4 VDW =       -0.3098  1-4 EEL =      -12.7804  RESTRAINT  =        0.0000


   NSTEP       ENERGY          RMS            GMAX         NAME    NUMBER
    650      -1.3969E+01     3.4566E-03     1.0796E-02     C          13

 BOND    =        0.0104  ANGLE   =        0.0288  DIHED      =        0.0000
 VDWAALS =       -0.8499  EEL     =       -0.0677  HBOND      =        0.0000
 1-4 VDW =       -0.3098  1-4 EEL =      -12.7804  RESTRAINT  =        0.0000


   NSTEP       ENERGY          RMS            GMAX         NAME    NUMBER
    700      -1.3969E+01     9.3038E-03     4.1655E-02     C           5

 BOND    =        0.0105  ANGLE   =        0.0287  DIHED      =        0.0000
 VDWAALS =       -0.8499  EEL     =       -0.0677  HBOND      =        0.0000
 1-4 VDW =       -0.3098  1-4 EEL =      -12.7804  RESTRAINT  =        0.0000


   NSTEP       ENERGY          RMS            GMAX         NAME    NUMBER
    750      -1.3969E+01     1.1917E-03     2.3707E-03     C           5

 BOND    =        0.0104  ANGLE   =        0.0288  DIHED      =        0.0000
 VDWAALS =       -0.8500  EEL     =       -0.0677  HBOND      =        0.0000
 1-4 VDW =       -0.3098  1-4 EEL =      -12.7804  RESTRAINT  =        0.0000


   NSTEP       ENERGY          RMS            GMAX         NAME    NUMBER
    800      -1.3969E+01     1.2891E-03     2.7387E-03     H           2

 BOND    =        0.0104  ANGLE   =        0.0288  DIHED      =        0.0000
 VDWAALS =       -0.8500  EEL     =       -0.0677  HBOND      =        0.0000
 1-4 VDW =       -0.3098  1-4 EEL =      -12.7803  RESTRAINT  =        0.0000


   NSTEP       ENERGY          RMS            GMAX         NAME    NUMBER
    850      -1.3969E+01     1.6040E-03     3.3272E-03     H           2

 BOND    =        0.0104  ANGLE   =        0.0288  DIHED      =        0.0000
 VDWAALS =       -0.8500  EEL     =       -0.0677  HBOND      =        0.0000
 1-4 VDW =       -0.3098  1-4 EEL =      -12.7804  RESTRAINT  =        0.0000


   NSTEP       ENERGY          RMS            GMAX         NAME    NUMBER
    900      -1.3969E+01     1.0042E-03     2.8080E-03     H5         16

 BOND    =        0.0104  ANGLE   =        0.0287  DIHED      =        0.0000
 VDWAALS =       -0.8500  EEL     =       -0.0677  HBOND      =        0.0000
 1-4 VDW =       -0.3098  1-4 EEL =      -12.7803  RESTRAINT  =        0.0000


   NSTEP       ENERGY          RMS            GMAX         NAME    NUMBER
    950      -1.3969E+01     8.7731E-04     1.9733E-03     H          10

 BOND    =        0.0104  ANGLE   =        0.0287  DIHED      =        0.0000
 VDWAALS =       -0.8500  EEL     =       -0.0677  HBOND      =        0.0000
 1-4 VDW =       -0.3098  1-4 EEL =      -12.7803  RESTRAINT  =        0.0000


   NSTEP       ENERGY          RMS            GMAX         NAME    NUMBER
   1000      -1.3969E+01     1.0722E-03     2.9686E-03     Si          1

 BOND    =        0.0104  ANGLE   =        0.0288  DIHED      =        0.0000
 VDWAALS =       -0.8500  EEL     =       -0.0677  HBOND      =        0.0000
 1-4 VDW =       -0.3098  1-4 EEL =      -12.7804  RESTRAINT  =        0.0000


   NSTEP       ENERGY          RMS            GMAX         NAME    NUMBER
   1050      -1.3969E+01     3.2498E-03     1.4281E-02     C           5

 BOND    =        0.0104  ANGLE   =        0.0287  DIHED      =        0.0000
 VDWAALS =       -0.8500  EEL     =       -0.0677  HBOND      =        0.0000
 1-4 VDW =       -0.3098  1-4 EEL =      -12.7803  RESTRAINT  =        0.0000


   NSTEP       ENERGY          RMS            GMAX         NAME    NUMBER
   1100      -1.3969E+01     1.1999E-03     5.1990E-03     C          13

 BOND    =        0.0104  ANGLE   =        0.0287  DIHED      =        0.0000
 VDWAALS =       -0.8500  EEL     =       -0.0677  HBOND      =        0.0000
 1-4 VDW =       -0.3098  1-4 EEL =      -12.7803  RESTRAINT  =        0.0000


   NSTEP       ENERGY          RMS            GMAX         NAME    NUMBER
   1150      -1.3969E+01     4.1889E-03     1.3759E-02     H5         16

 BOND    =        0.0104  ANGLE   =        0.0287  DIHED      =        0.0000
 VDWAALS =       -0.8500  EEL     =       -0.0677  HBOND      =        0.0000
 1-4 VDW =       -0.3098  1-4 EEL =      -12.7803  RESTRAINT  =        0.0000


   NSTEP       ENERGY          RMS            GMAX         NAME    NUMBER
   1200      -1.3969E+01     6.6130E-04     1.5687E-03     C          13

 BOND    =        0.0104  ANGLE   =        0.0287  DIHED      =        0.0000
 VDWAALS =       -0.8500  EEL     =       -0.0677  HBOND      =        0.0000
 1-4 VDW =       -0.3098  1-4 EEL =      -12.7803  RESTRAINT  =        0.0000


   NSTEP       ENERGY          RMS            GMAX         NAME    NUMBER
   1250      -1.3969E+01     1.0307E-03     3.5376E-03     C           5

 BOND    =        0.0104  ANGLE   =        0.0287  DIHED      =        0.0000
 VDWAALS =       -0.8501  EEL     =       -0.0677  HBOND      =        0.0000
 1-4 VDW =       -0.3098  1-4 EEL =      -12.7803  RESTRAINT  =        0.0000


   NSTEP       ENERGY          RMS            GMAX         NAME    NUMBER
   1300      -1.3969E+01     3.3562E-04     6.9733E-04     Si          1

 BOND    =        0.0104  ANGLE   =        0.0287  DIHED      =        0.0000
 VDWAALS =       -0.8501  EEL     =       -0.0677  HBOND      =        0.0000
 1-4 VDW =       -0.3098  1-4 EEL =      -12.7803  RESTRAINT  =        0.0000


   NSTEP       ENERGY          RMS            GMAX         NAME    NUMBER
   1350      -1.3969E+01     6.0812E-04     2.2012E-03     C           5

 BOND    =        0.0104  ANGLE   =        0.0287  DIHED      =        0.0000
 VDWAALS =       -0.8501  EEL     =       -0.0677  HBOND      =        0.0000
 1-4 VDW =       -0.3098  1-4 EEL =      -12.7803  RESTRAINT  =        0.0000


   NSTEP       ENERGY          RMS            GMAX         NAME    NUMBER
   1400      -1.3969E+01     8.3037E-04     2.3360E-03     H          10

 BOND    =        0.0104  ANGLE   =        0.0287  DIHED      =        0.0000
 VDWAALS =       -0.8501  EEL     =       -0.0677  HBOND      =        0.0000
 1-4 VDW =       -0.3098  1-4 EEL =      -12.7802  RESTRAINT  =        0.0000


   NSTEP       ENERGY          RMS            GMAX         NAME    NUMBER
   1450      -1.3969E+01     6.2647E-04     2.7831E-03     Si          1

 BOND    =        0.0104  ANGLE   =        0.0287  DIHED      =        0.0000
 VDWAALS =       -0.8501  EEL     =       -0.0677  HBOND      =        0.0000
 1-4 VDW =       -0.3098  1-4 EEL =      -12.7803  RESTRAINT  =        0.0000


   NSTEP       ENERGY          RMS            GMAX         NAME    NUMBER
   1500      -1.3969E+01     2.5931E-04     5.9898E-04     H5          8

 BOND    =        0.0104  ANGLE   =        0.0287  DIHED      =        0.0000
 VDWAALS =       -0.8501  EEL     =       -0.0677  HBOND      =        0.0000
 1-4 VDW =       -0.3098  1-4 EEL =      -12.7803  RESTRAINT  =        0.0000


   NSTEP       ENERGY          RMS            GMAX         NAME    NUMBER
   1550      -1.3969E+01     4.0472E-04     9.0205E-04     H3          6

 BOND    =        0.0104  ANGLE   =        0.0287  DIHED      =        0.0000
 VDWAALS =       -0.8501  EEL     =       -0.0677  HBOND      =        0.0000
 1-4 VDW =       -0.3098  1-4 EEL =      -12.7803  RESTRAINT  =        0.0000


   NSTEP       ENERGY          RMS            GMAX         NAME    NUMBER
   1600      -1.3969E+01     3.0892E-04     7.5218E-04     H          10

 BOND    =        0.0104  ANGLE   =        0.0287  DIHED      =        0.0000
 VDWAALS =       -0.8501  EEL     =       -0.0677  HBOND      =        0.0000
 1-4 VDW =       -0.3098  1-4 EEL =      -12.7803  RESTRAINT  =        0.0000


   NSTEP       ENERGY          RMS            GMAX         NAME    NUMBER
   1650      -1.3969E+01     4.8842E-04     1.5078E-03     H          10

 BOND    =        0.0104  ANGLE   =        0.0287  DIHED      =        0.0000
 VDWAALS =       -0.8501  EEL     =       -0.0677  HBOND      =        0.0000
 1-4 VDW =       -0.3098  1-4 EEL =      -12.7803  RESTRAINT  =        0.0000


   NSTEP       ENERGY          RMS            GMAX         NAME    NUMBER
   1700      -1.3969E+01     4.2917E-04     1.0039E-03     C          13

 BOND    =        0.0104  ANGLE   =        0.0287  DIHED      =        0.0000
 VDWAALS =       -0.8501  EEL     =       -0.0677  HBOND      =        0.0000
 1-4 VDW =       -0.3098  1-4 EEL =      -12.7803  RESTRAINT  =        0.0000


   NSTEP       ENERGY          RMS            GMAX         NAME    NUMBER
   1750      -1.3969E+01     2.8027E-04     7.6845E-04     H          10

 BOND    =        0.0104  ANGLE   =        0.0287  DIHED      =        0.0000
 VDWAALS =       -0.8501  EEL     =       -0.0677  HBOND      =        0.0000
 1-4 VDW =       -0.3098  1-4 EEL =      -12.7803  RESTRAINT  =        0.0000


   NSTEP       ENERGY          RMS            GMAX         NAME    NUMBER
   1800      -1.3969E+01     5.5310E-04     2.0769E-03     C           5

 BOND    =        0.0104  ANGLE   =        0.0287  DIHED      =        0.0000
 VDWAALS =       -0.8501  EEL     =       -0.0677  HBOND      =        0.0000
 1-4 VDW =       -0.3098  1-4 EEL =      -12.7803  RESTRAINT  =        0.0000


   NSTEP       ENERGY          RMS            GMAX         NAME    NUMBER
   1850      -1.3969E+01     1.9558E-04     5.3901E-04     H2         12

 BOND    =        0.0104  ANGLE   =        0.0287  DIHED      =        0.0000
 VDWAALS =       -0.8501  EEL     =       -0.0677  HBOND      =        0.0000
 1-4 VDW =       -0.3098  1-4 EEL =      -12.7803  RESTRAINT  =        0.0000


   NSTEP       ENERGY          RMS            GMAX         NAME    NUMBER
   1900      -1.3969E+01     1.8063E-04     4.4554E-04     H2         12

 BOND    =        0.0104  ANGLE   =        0.0287  DIHED      =        0.0000
 VDWAALS =       -0.8501  EEL     =       -0.0677  HBOND      =        0.0000
 1-4 VDW =       -0.3098  1-4 EEL =      -12.7803  RESTRAINT  =        0.0000


   NSTEP       ENERGY          RMS            GMAX         NAME    NUMBER
   1950      -1.3969E+01     3.7557E-04     1.1313E-03     Si          1

 BOND    =        0.0104  ANGLE   =        0.0287  DIHED      =        0.0000
 VDWAALS =       -0.8501  EEL     =       -0.0677  HBOND      =        0.0000
 1-4 VDW =       -0.3098  1-4 EEL =      -12.7803  RESTRAINT  =        0.0000


   NSTEP       ENERGY          RMS            GMAX         NAME    NUMBER
   2000      -1.3969E+01     2.6992E-04     7.8939E-04     Si          1

 BOND    =        0.0104  ANGLE   =        0.0287  DIHED      =        0.0000
 VDWAALS =       -0.8501  EEL     =       -0.0677  HBOND      =        0.0000
 1-4 VDW =       -0.3098  1-4 EEL =      -12.7803  RESTRAINT  =        0.0000


                    FINAL RESULTS



   NSTEP       ENERGY          RMS            GMAX         NAME    NUMBER
   2045      -1.3969E+01     9.5835E-05     2.1117E-04     H1         11

 BOND    =        0.0104  ANGLE   =        0.0287  DIHED      =        0.0000
 VDWAALS =       -0.8501  EEL     =       -0.0677  HBOND      =        0.0000
 1-4 VDW =       -0.3098  1-4 EEL =      -12.7803  RESTRAINT  =        0.0000

--------------------------------------------------------------------------------
   5.  TIMINGS
--------------------------------------------------------------------------------

|    Read coords time           0.00 ( 0.66% of Total)
|                Build the list             0.00 (11.77% of List )
|                Other                      0.00 (88.23% of List )
|             List time                  0.00 ( 1.92% of Nonbo)
|                   Short_ene time             0.05 (94.61% of Direc)
|                   Other                      0.00 ( 5.39% of Direc)
|                Direct Ewald time          0.05 (83.66% of Ewald)
|                Force Adjust               0.00 ( 2.18% of Ewald)
|                Virial junk                0.00 ( 2.53% of Ewald)
|                Start synchronizatio       0.00 ( 2.01% of Ewald)
|                Other                      0.01 ( 9.61% of Ewald)
|             Ewald time                 0.06 (88.41% of Nonbo)
|             IPS excludes               0.00 ( 1.62% of Nonbo)
|             Other                      0.01 ( 8.05% of Nonbo)
|          Nonbond force              0.07 (77.55% of Force)
|          Bond/Angle/Dihedral        0.01 (14.06% of Force)
|          FRC Collect time           0.00 ( 1.26% of Force)
|          Other                      0.01 ( 7.14% of Force)
|       Force time                 0.09 (100.0% of Runmd)
|    Runmd Time                 0.09 (57.31% of Total)
|    Other                      0.07 (42.02% of Total)
| Total time                 0.15 (100.0% of ALL  )

| Highest rstack allocated:         40
| Highest istack allocated:          8

| Final Performance Info:
| -----------------------------------------------------
| Average timings for all steps:
|     Elapsed(s) =       0.15 Per Step(ms) =     150.09
|         ns/day =       0.58   seconds/ns =  150094.99
| -----------------------------------------------------

|           Job began  at 16:07:42.047  on 04/17/2021
|           Setup done at 16:07:42.053  on 04/17/2021
|           Run   done at 16:07:42.202  on 04/17/2021
|     wallclock() was called   51163 times
