
          -------------------------------------------------------
          Amber 12 SANDER                              2012
          -------------------------------------------------------

| Run on 04/17/2021 at 16:07:42
  [-O]verwriting output

File Assignments:
|  MDIN: mm.in                                                                 
| MDOUT: out/SiH3CH3_water.con1.out                                            
|INPCRD: ../MM_PES/inpcrd/SiH3CH3_water.con1.100.inpcrd                        
|  PARM: ../MM_PES/prmtop/SiH3CH3_water.con1.prmtop                            
|RESTRT: rst/SiH3CH3_water.con1.rst                                            
|  REFC: refc                                                                  
| MDVEL: mdvel                                                                 
|  MDEN: mden                                                                  
| MDCRD: mdcrd                                                                 
|MDINFO: mdinfo                                                                
|  MTMD: mtmd                                                                  
|INPDIP: inpdip                                                                
|RSTDIP: rstdip                                                                

|INPTRA: inptraj                                                               
|

 Here is the input file:

Minimization                                                                   
&cntrl                                                                         
 imin=1, maxcyc=5000,                                                          
 ntb=0,                                                                        
 ioutfm=0,                                                                     
 cut=99,                                                                       
/                                                                              

--------------------------------------------------------------------------------
   1.  RESOURCE   USE: 
--------------------------------------------------------------------------------

| Flags: MPI                                                                    
|    NONPERIODIC   ntb=0 and igb=0: Setting up nonperiodic simulation
|  *** cutoff > system size, list only builds once
|Largest sphere to fit in unit cell has radius =    31.141
| New format PARM file being parsed.
| Version =    1.000 Date = 04/17/21 Time = 16:02:40
 NATOM  =      11 NTYPES =       6 NBONH =       9 MBONA  =       1
 NTHETH =      12 MTHETA =       0 NPHIH =       9 MPHIA  =       0
 NHPARM =       0 NPARM  =       0 NNB   =      33 NRES   =       2
 NBONA  =       1 NTHETA =       0 NPHIA =       0 NUMBND =       5
 NUMANG =       4 NPTRA  =       1 NATYP =       6 NPHB   =       1
 IFBOX  =       0 NMXRS  =       8 IFCAP =       0 NEXTRA =       0
 NCOPY  =       0


|     Memory Use     Allocated
|     Real                2392
|     Hollerith             37
|     Integer            20809
|     Max Pairs             55
|     nblistReal           132
|     nblist Int        838035
|       Total             3374 kbytes

| Note: 1-4 EEL scale factors are being read from the topology file.

| Note: 1-4 VDW scale factors are being read from the topology file.
| Duplicated    0 dihedrals
| Duplicated    0 dihedrals

--------------------------------------------------------------------------------
   2.  CONTROL  DATA  FOR  THE  RUN
--------------------------------------------------------------------------------

default_name                                                                    

General flags:
     imin    =       1, nmropt  =       0

Nature and format of input:
     ntx     =       1, irest   =       0, ntrx    =       1

Nature and format of output:
     ntxo    =       1, ntpr    =      50, ntrx    =       1, ntwr    =     500
     iwrap   =       0, ntwx    =       0, ntwv    =       0, ntwe    =       0
     ioutfm  =       0, ntwprt  =       0, idecomp =       0, rbornstat=      0

Potential function:
     ntf     =       1, ntb     =       0, igb     =       0, nsnb    =      25
     ipol    =       0, gbsa    =       0, iesp    =       0
     dielc   =   1.00000, cut     =  99.00000, intdiel =   1.00000

Frozen or restrained atoms:
     ibelly  =       0, ntr     =       0

Energy minimization:
     maxcyc  =    5000, ncyc    =      10, ntmin   =       1
     dx0     =   0.01000, drms    =   0.00010

| MPI Timing options:
|      profile_mpi =        0
|  INFO: Old style inpcrd file read


--------------------------------------------------------------------------------
   3.  ATOMIC COORDINATES AND VELOCITIES
--------------------------------------------------------------------------------

default_name                                                                    
 begin time read from input coords =     0.000 ps

 Number of triangulated 3-point waters found:        1
|  Atom division among processors:
|         0      11

     Sum of charges from parm topology file =  -0.00100000
     Forcing neutrality...
|  Running AMBER/MPI version on    1 nodes


--------------------------------------------------------------------------------
   4.  RESULTS
--------------------------------------------------------------------------------

 ---------------------------------------------------

     eedmeth=4: Setting switch to one everywhere

 ---------------------------------------------------
| Local SIZE OF NONBOND LIST =         24
| TOTAL SIZE OF NONBOND LIST =         24


   NSTEP       ENERGY          RMS            GMAX         NAME    NUMBER
      1      -6.7622E+00     2.9265E+00     9.6514E+00     C           5

 BOND    =        0.1294  ANGLE   =        0.0671  DIHED      =        0.0000
 VDWAALS =       -0.2622  EEL     =       -0.1357  HBOND      =        0.0000
 1-4 VDW =       -0.1561  1-4 EEL =       -6.4047  RESTRAINT  =        0.0000


   NSTEP       ENERGY          RMS            GMAX         NAME    NUMBER
     50      -6.9198E+00     1.4263E-01     6.3387E-01     H4          7

 BOND    =        0.0025  ANGLE   =        0.0202  DIHED      =        0.0000
 VDWAALS =       -0.2661  EEL     =       -0.1353  HBOND      =        0.0000
 1-4 VDW =       -0.1548  1-4 EEL =       -6.3862  RESTRAINT  =        0.0000


   NSTEP       ENERGY          RMS            GMAX         NAME    NUMBER
    100      -6.9249E+00     1.1160E-01     3.6700E-01     H4          7

 BOND    =        0.0031  ANGLE   =        0.0213  DIHED      =        0.0000
 VDWAALS =       -0.2695  EEL     =       -0.1361  HBOND      =        0.0000
 1-4 VDW =       -0.1550  1-4 EEL =       -6.3887  RESTRAINT  =        0.0000


   NSTEP       ENERGY          RMS            GMAX         NAME    NUMBER
    150      -6.9270E+00     5.5729E-02     1.7832E-01     H1         10

 BOND    =        0.0036  ANGLE   =        0.0269  DIHED      =        0.0000
 VDWAALS =       -0.2709  EEL     =       -0.1378  HBOND      =        0.0000
 1-4 VDW =       -0.1553  1-4 EEL =       -6.3935  RESTRAINT  =        0.0000


   NSTEP       ENERGY          RMS            GMAX         NAME    NUMBER
    200      -6.9287E+00     7.2291E-02     2.2388E-01     H1         10

 BOND    =        0.0039  ANGLE   =        0.0258  DIHED      =        0.0000
 VDWAALS =       -0.2731  EEL     =       -0.1366  HBOND      =        0.0000
 1-4 VDW =       -0.1553  1-4 EEL =       -6.3936  RESTRAINT  =        0.0000


   NSTEP       ENERGY          RMS            GMAX         NAME    NUMBER
    250      -6.9316E+00     2.0059E-01     7.4541E-01     C           5

 BOND    =        0.0043  ANGLE   =        0.0249  DIHED      =        0.0000
 VDWAALS =       -0.2741  EEL     =       -0.1391  HBOND      =        0.0000
 1-4 VDW =       -0.1552  1-4 EEL =       -6.3925  RESTRAINT  =        0.0000


   NSTEP       ENERGY          RMS            GMAX         NAME    NUMBER
    300      -6.9326E+00     3.0605E-02     8.0487E-02     C           5

 BOND    =        0.0036  ANGLE   =        0.0255  DIHED      =        0.0000
 VDWAALS =       -0.2740  EEL     =       -0.1397  HBOND      =        0.0000
 1-4 VDW =       -0.1552  1-4 EEL =       -6.3927  RESTRAINT  =        0.0000


   NSTEP       ENERGY          RMS            GMAX         NAME    NUMBER
    350      -6.9328E+00     1.8070E-02     4.8060E-02     H2          4

 BOND    =        0.0037  ANGLE   =        0.0257  DIHED      =        0.0000
 VDWAALS =       -0.2739  EEL     =       -0.1401  HBOND      =        0.0000
 1-4 VDW =       -0.1553  1-4 EEL =       -6.3930  RESTRAINT  =        0.0000


   NSTEP       ENERGY          RMS            GMAX         NAME    NUMBER
    400      -6.9331E+00     2.2878E-02     4.6879E-02     H3          6

 BOND    =        0.0039  ANGLE   =        0.0252  DIHED      =        0.0000
 VDWAALS =       -0.2739  EEL     =       -0.1400  HBOND      =        0.0000
 1-4 VDW =       -0.1553  1-4 EEL =       -6.3931  RESTRAINT  =        0.0000


   NSTEP       ENERGY          RMS            GMAX         NAME    NUMBER
    450      -6.9335E+00     2.3379E-02     5.4549E-02     H1         10

 BOND    =        0.0037  ANGLE   =        0.0254  DIHED      =        0.0000
 VDWAALS =       -0.2739  EEL     =       -0.1405  HBOND      =        0.0000
 1-4 VDW =       -0.1553  1-4 EEL =       -6.3930  RESTRAINT  =        0.0000


   NSTEP       ENERGY          RMS            GMAX         NAME    NUMBER
    500      -6.9338E+00     2.3337E-02     6.7994E-02     O           9

 BOND    =        0.0038  ANGLE   =        0.0254  DIHED      =        0.0000
 VDWAALS =       -0.2739  EEL     =       -0.1407  HBOND      =        0.0000
 1-4 VDW =       -0.1553  1-4 EEL =       -6.3931  RESTRAINT  =        0.0000


   NSTEP       ENERGY          RMS            GMAX         NAME    NUMBER
    550      -6.9340E+00     1.3416E-02     3.6063E-02     H2         11

 BOND    =        0.0037  ANGLE   =        0.0250  DIHED      =        0.0000
 VDWAALS =       -0.2740  EEL     =       -0.1406  HBOND      =        0.0000
 1-4 VDW =       -0.1552  1-4 EEL =       -6.3929  RESTRAINT  =        0.0000


   NSTEP       ENERGY          RMS            GMAX         NAME    NUMBER
    600      -6.9342E+00     1.4073E-02     4.6345E-02     Si          1

 BOND    =        0.0037  ANGLE   =        0.0250  DIHED      =        0.0000
 VDWAALS =       -0.2740  EEL     =       -0.1408  HBOND      =        0.0000
 1-4 VDW =       -0.1552  1-4 EEL =       -6.3929  RESTRAINT  =        0.0000


   NSTEP       ENERGY          RMS            GMAX         NAME    NUMBER
    650      -6.9345E+00     6.9114E-03     2.2683E-02     H1         10

 BOND    =        0.0039  ANGLE   =        0.0250  DIHED      =        0.0000
 VDWAALS =       -0.2740  EEL     =       -0.1412  HBOND      =        0.0000
 1-4 VDW =       -0.1552  1-4 EEL =       -6.3929  RESTRAINT  =        0.0000


   NSTEP       ENERGY          RMS            GMAX         NAME    NUMBER
    700      -6.9352E+00     7.5773E-03     2.2917E-02     H1         10

 BOND    =        0.0037  ANGLE   =        0.0248  DIHED      =        0.0000
 VDWAALS =       -0.2741  EEL     =       -0.1418  HBOND      =        0.0000
 1-4 VDW =       -0.1552  1-4 EEL =       -6.3927  RESTRAINT  =        0.0000


   NSTEP       ENERGY          RMS            GMAX         NAME    NUMBER
    750      -6.9355E+00     1.1662E-02     3.8878E-02     H1         10

 BOND    =        0.0038  ANGLE   =        0.0247  DIHED      =        0.0000
 VDWAALS =       -0.2742  EEL     =       -0.1419  HBOND      =        0.0000
 1-4 VDW =       -0.1552  1-4 EEL =       -6.3927  RESTRAINT  =        0.0000


   NSTEP       ENERGY          RMS            GMAX         NAME    NUMBER
    800      -6.9357E+00     3.9756E-02     1.1391E-01     C           5

 BOND    =        0.0037  ANGLE   =        0.0242  DIHED      =        0.0000
 VDWAALS =       -0.2742  EEL     =       -0.1420  HBOND      =        0.0000
 1-4 VDW =       -0.1552  1-4 EEL =       -6.3923  RESTRAINT  =        0.0000


   NSTEP       ENERGY          RMS            GMAX         NAME    NUMBER
    850      -6.9357E+00     2.4021E-02     5.5031E-02     H4          7

 BOND    =        0.0037  ANGLE   =        0.0240  DIHED      =        0.0000
 VDWAALS =       -0.2742  EEL     =       -0.1419  HBOND      =        0.0000
 1-4 VDW =       -0.1552  1-4 EEL =       -6.3922  RESTRAINT  =        0.0000


   NSTEP       ENERGY          RMS            GMAX         NAME    NUMBER
    900      -6.9358E+00     7.3034E-03     1.5606E-02     O           9

 BOND    =        0.0039  ANGLE   =        0.0244  DIHED      =        0.0000
 VDWAALS =       -0.2743  EEL     =       -0.1420  HBOND      =        0.0000
 1-4 VDW =       -0.1552  1-4 EEL =       -6.3926  RESTRAINT  =        0.0000


   NSTEP       ENERGY          RMS            GMAX         NAME    NUMBER
    950      -6.9359E+00     2.7224E-02     8.0579E-02     Si          1

 BOND    =        0.0040  ANGLE   =        0.0253  DIHED      =        0.0000
 VDWAALS =       -0.2744  EEL     =       -0.1422  HBOND      =        0.0000
 1-4 VDW =       -0.1553  1-4 EEL =       -6.3933  RESTRAINT  =        0.0000


   NSTEP       ENERGY          RMS            GMAX         NAME    NUMBER
   1000      -6.9359E+00     8.1015E-03     1.7958E-02     H5          8

 BOND    =        0.0040  ANGLE   =        0.0249  DIHED      =        0.0000
 VDWAALS =       -0.2744  EEL     =       -0.1421  HBOND      =        0.0000
 1-4 VDW =       -0.1553  1-4 EEL =       -6.3931  RESTRAINT  =        0.0000


   NSTEP       ENERGY          RMS            GMAX         NAME    NUMBER
   1050      -6.9359E+00     6.1984E-03     1.5000E-02     H4          7

 BOND    =        0.0038  ANGLE   =        0.0249  DIHED      =        0.0000
 VDWAALS =       -0.2743  EEL     =       -0.1422  HBOND      =        0.0000
 1-4 VDW =       -0.1552  1-4 EEL =       -6.3928  RESTRAINT  =        0.0000


   NSTEP       ENERGY          RMS            GMAX         NAME    NUMBER
   1100      -6.9360E+00     2.2806E-02     7.1270E-02     H1         10

 BOND    =        0.0039  ANGLE   =        0.0246  DIHED      =        0.0000
 VDWAALS =       -0.2743  EEL     =       -0.1421  HBOND      =        0.0000
 1-4 VDW =       -0.1552  1-4 EEL =       -6.3927  RESTRAINT  =        0.0000


   NSTEP       ENERGY          RMS            GMAX         NAME    NUMBER
   1150      -6.9360E+00     7.3947E-03     2.1325E-02     H3          6

 BOND    =        0.0039  ANGLE   =        0.0243  DIHED      =        0.0000
 VDWAALS =       -0.2743  EEL     =       -0.1421  HBOND      =        0.0000
 1-4 VDW =       -0.1552  1-4 EEL =       -6.3925  RESTRAINT  =        0.0000


   NSTEP       ENERGY          RMS            GMAX         NAME    NUMBER
   1200      -6.9361E+00     2.7281E-02     1.1325E-01     C           5

 BOND    =        0.0038  ANGLE   =        0.0246  DIHED      =        0.0000
 VDWAALS =       -0.2744  EEL     =       -0.1423  HBOND      =        0.0000
 1-4 VDW =       -0.1552  1-4 EEL =       -6.3926  RESTRAINT  =        0.0000


   NSTEP       ENERGY          RMS            GMAX         NAME    NUMBER
   1250      -6.9361E+00     5.2153E-03     1.4681E-02     O           9

 BOND    =        0.0038  ANGLE   =        0.0244  DIHED      =        0.0000
 VDWAALS =       -0.2744  EEL     =       -0.1422  HBOND      =        0.0000
 1-4 VDW =       -0.1552  1-4 EEL =       -6.3925  RESTRAINT  =        0.0000


   NSTEP       ENERGY          RMS            GMAX         NAME    NUMBER
   1300      -6.9362E+00     4.6038E-03     1.5257E-02     C           5

 BOND    =        0.0038  ANGLE   =        0.0242  DIHED      =        0.0000
 VDWAALS =       -0.2744  EEL     =       -0.1423  HBOND      =        0.0000
 1-4 VDW =       -0.1552  1-4 EEL =       -6.3924  RESTRAINT  =        0.0000


   NSTEP       ENERGY          RMS            GMAX         NAME    NUMBER
   1350      -6.9362E+00     1.7065E-03     3.4035E-03     H1         10

 BOND    =        0.0038  ANGLE   =        0.0242  DIHED      =        0.0000
 VDWAALS =       -0.2744  EEL     =       -0.1422  HBOND      =        0.0000
 1-4 VDW =       -0.1552  1-4 EEL =       -6.3924  RESTRAINT  =        0.0000


   NSTEP       ENERGY          RMS            GMAX         NAME    NUMBER
   1400      -6.9362E+00     1.0069E-02     4.2118E-02     Si          1

 BOND    =        0.0039  ANGLE   =        0.0243  DIHED      =        0.0000
 VDWAALS =       -0.2744  EEL     =       -0.1422  HBOND      =        0.0000
 1-4 VDW =       -0.1552  1-4 EEL =       -6.3925  RESTRAINT  =        0.0000


   NSTEP       ENERGY          RMS            GMAX         NAME    NUMBER
   1450      -6.9362E+00     1.7843E-03     4.1865E-03     H1         10

 BOND    =        0.0038  ANGLE   =        0.0242  DIHED      =        0.0000
 VDWAALS =       -0.2744  EEL     =       -0.1422  HBOND      =        0.0000
 1-4 VDW =       -0.1552  1-4 EEL =       -6.3924  RESTRAINT  =        0.0000


   NSTEP       ENERGY          RMS            GMAX         NAME    NUMBER
   1500      -6.9362E+00     1.4731E-03     3.7706E-03     H3          6

 BOND    =        0.0039  ANGLE   =        0.0242  DIHED      =        0.0000
 VDWAALS =       -0.2744  EEL     =       -0.1422  HBOND      =        0.0000
 1-4 VDW =       -0.1552  1-4 EEL =       -6.3924  RESTRAINT  =        0.0000


   NSTEP       ENERGY          RMS            GMAX         NAME    NUMBER
   1550      -6.9363E+00     7.6317E-03     2.7992E-02     H2         11

 BOND    =        0.0038  ANGLE   =        0.0242  DIHED      =        0.0000
 VDWAALS =       -0.2744  EEL     =       -0.1423  HBOND      =        0.0000
 1-4 VDW =       -0.1552  1-4 EEL =       -6.3923  RESTRAINT  =        0.0000


   NSTEP       ENERGY          RMS            GMAX         NAME    NUMBER
   1600      -6.9363E+00     3.9436E-03     9.3888E-03     H5          8

 BOND    =        0.0038  ANGLE   =        0.0241  DIHED      =        0.0000
 VDWAALS =       -0.2744  EEL     =       -0.1423  HBOND      =        0.0000
 1-4 VDW =       -0.1552  1-4 EEL =       -6.3923  RESTRAINT  =        0.0000


   NSTEP       ENERGY          RMS            GMAX         NAME    NUMBER
   1650      -6.9363E+00     1.6501E-03     4.1033E-03     H4          7

 BOND    =        0.0038  ANGLE   =        0.0241  DIHED      =        0.0000
 VDWAALS =       -0.2744  EEL     =       -0.1422  HBOND      =        0.0000
 1-4 VDW =       -0.1552  1-4 EEL =       -6.3923  RESTRAINT  =        0.0000


   NSTEP       ENERGY          RMS            GMAX         NAME    NUMBER
   1700      -6.9363E+00     3.2014E-02     9.0685E-02     H2         11

 BOND    =        0.0040  ANGLE   =        0.0243  DIHED      =        0.0000
 VDWAALS =       -0.2745  EEL     =       -0.1422  HBOND      =        0.0000
 1-4 VDW =       -0.1552  1-4 EEL =       -6.3927  RESTRAINT  =        0.0000


   NSTEP       ENERGY          RMS            GMAX         NAME    NUMBER
   1750      -6.9363E+00     2.4945E-03     7.7763E-03     H4          7

 BOND    =        0.0039  ANGLE   =        0.0242  DIHED      =        0.0000
 VDWAALS =       -0.2745  EEL     =       -0.1423  HBOND      =        0.0000
 1-4 VDW =       -0.1552  1-4 EEL =       -6.3924  RESTRAINT  =        0.0000


   NSTEP       ENERGY          RMS            GMAX         NAME    NUMBER
   1800      -6.9363E+00     1.9291E-03     5.0217E-03     C           5

 BOND    =        0.0039  ANGLE   =        0.0241  DIHED      =        0.0000
 VDWAALS =       -0.2745  EEL     =       -0.1423  HBOND      =        0.0000
 1-4 VDW =       -0.1552  1-4 EEL =       -6.3924  RESTRAINT  =        0.0000


   NSTEP       ENERGY          RMS            GMAX         NAME    NUMBER
   1850      -6.9363E+00     1.0215E-03     2.1000E-03     C           5

 BOND    =        0.0039  ANGLE   =        0.0241  DIHED      =        0.0000
 VDWAALS =       -0.2745  EEL     =       -0.1422  HBOND      =        0.0000
 1-4 VDW =       -0.1552  1-4 EEL =       -6.3923  RESTRAINT  =        0.0000


   NSTEP       ENERGY          RMS            GMAX         NAME    NUMBER
   1900      -6.9363E+00     3.3440E-03     8.1923E-03     H2         11

 BOND    =        0.0039  ANGLE   =        0.0240  DIHED      =        0.0000
 VDWAALS =       -0.2745  EEL     =       -0.1422  HBOND      =        0.0000
 1-4 VDW =       -0.1552  1-4 EEL =       -6.3923  RESTRAINT  =        0.0000


   NSTEP       ENERGY          RMS            GMAX         NAME    NUMBER
   1950      -6.9364E+00     7.2965E-03     1.6117E-02     H2         11

 BOND    =        0.0038  ANGLE   =        0.0239  DIHED      =        0.0000
 VDWAALS =       -0.2745  EEL     =       -0.1422  HBOND      =        0.0000
 1-4 VDW =       -0.1552  1-4 EEL =       -6.3922  RESTRAINT  =        0.0000


   NSTEP       ENERGY          RMS            GMAX         NAME    NUMBER
   2000      -6.9364E+00     3.5930E-03     1.4346E-02     C           5

 BOND    =        0.0039  ANGLE   =        0.0240  DIHED      =        0.0000
 VDWAALS =       -0.2745  EEL     =       -0.1422  HBOND      =        0.0000
 1-4 VDW =       -0.1552  1-4 EEL =       -6.3923  RESTRAINT  =        0.0000


   NSTEP       ENERGY          RMS            GMAX         NAME    NUMBER
   2050      -6.9364E+00     5.1072E-03     2.0439E-02     C           5

 BOND    =        0.0039  ANGLE   =        0.0241  DIHED      =        0.0000
 VDWAALS =       -0.2745  EEL     =       -0.1423  HBOND      =        0.0000
 1-4 VDW =       -0.1552  1-4 EEL =       -6.3923  RESTRAINT  =        0.0000


   NSTEP       ENERGY          RMS            GMAX         NAME    NUMBER
   2100      -6.9364E+00     1.6367E-03     3.7768E-03     H1          3

 BOND    =        0.0039  ANGLE   =        0.0240  DIHED      =        0.0000
 VDWAALS =       -0.2745  EEL     =       -0.1422  HBOND      =        0.0000
 1-4 VDW =       -0.1552  1-4 EEL =       -6.3923  RESTRAINT  =        0.0000


   NSTEP       ENERGY          RMS            GMAX         NAME    NUMBER
   2150      -6.9364E+00     1.6923E-03     5.7654E-03     H2         11

 BOND    =        0.0039  ANGLE   =        0.0240  DIHED      =        0.0000
 VDWAALS =       -0.2745  EEL     =       -0.1422  HBOND      =        0.0000
 1-4 VDW =       -0.1552  1-4 EEL =       -6.3923  RESTRAINT  =        0.0000


   NSTEP       ENERGY          RMS            GMAX         NAME    NUMBER
   2200      -6.9364E+00     1.0048E-03     2.4881E-03     H4          7

 BOND    =        0.0039  ANGLE   =        0.0240  DIHED      =        0.0000
 VDWAALS =       -0.2745  EEL     =       -0.1422  HBOND      =        0.0000
 1-4 VDW =       -0.1552  1-4 EEL =       -6.3923  RESTRAINT  =        0.0000


   NSTEP       ENERGY          RMS            GMAX         NAME    NUMBER
   2250      -6.9364E+00     1.1886E-03     3.3435E-03     H1          3

 BOND    =        0.0039  ANGLE   =        0.0239  DIHED      =        0.0000
 VDWAALS =       -0.2745  EEL     =       -0.1422  HBOND      =        0.0000
 1-4 VDW =       -0.1552  1-4 EEL =       -6.3923  RESTRAINT  =        0.0000


   NSTEP       ENERGY          RMS            GMAX         NAME    NUMBER
   2300      -6.9364E+00     8.0849E-04     2.0586E-03     Si          1

 BOND    =        0.0039  ANGLE   =        0.0239  DIHED      =        0.0000
 VDWAALS =       -0.2745  EEL     =       -0.1422  HBOND      =        0.0000
 1-4 VDW =       -0.1552  1-4 EEL =       -6.3923  RESTRAINT  =        0.0000


   NSTEP       ENERGY          RMS            GMAX         NAME    NUMBER
   2350      -6.9364E+00     2.2380E-03     7.3084E-03     O           9

 BOND    =        0.0038  ANGLE   =        0.0239  DIHED      =        0.0000
 VDWAALS =       -0.2745  EEL     =       -0.1422  HBOND      =        0.0000
 1-4 VDW =       -0.1552  1-4 EEL =       -6.3922  RESTRAINT  =        0.0000


   NSTEP       ENERGY          RMS            GMAX         NAME    NUMBER
   2400      -6.9364E+00     2.7376E-03     7.6940E-03     H2         11

 BOND    =        0.0039  ANGLE   =        0.0239  DIHED      =        0.0000
 VDWAALS =       -0.2745  EEL     =       -0.1422  HBOND      =        0.0000
 1-4 VDW =       -0.1552  1-4 EEL =       -6.3922  RESTRAINT  =        0.0000


   NSTEP       ENERGY          RMS            GMAX         NAME    NUMBER
   2450      -6.9364E+00     1.6375E-03     4.5735E-03     C           5

 BOND    =        0.0039  ANGLE   =        0.0239  DIHED      =        0.0000
 VDWAALS =       -0.2745  EEL     =       -0.1422  HBOND      =        0.0000
 1-4 VDW =       -0.1552  1-4 EEL =       -6.3922  RESTRAINT  =        0.0000


   NSTEP       ENERGY          RMS            GMAX         NAME    NUMBER
   2500      -6.9364E+00     2.3617E-03     6.0744E-03     C           5

 BOND    =        0.0039  ANGLE   =        0.0239  DIHED      =        0.0000
 VDWAALS =       -0.2745  EEL     =       -0.1422  HBOND      =        0.0000
 1-4 VDW =       -0.1552  1-4 EEL =       -6.3922  RESTRAINT  =        0.0000


   NSTEP       ENERGY          RMS            GMAX         NAME    NUMBER
   2550      -6.9364E+00     6.8040E-03     2.0309E-02     O           9

 BOND    =        0.0039  ANGLE   =        0.0237  DIHED      =        0.0000
 VDWAALS =       -0.2745  EEL     =       -0.1422  HBOND      =        0.0000
 1-4 VDW =       -0.1552  1-4 EEL =       -6.3921  RESTRAINT  =        0.0000


   NSTEP       ENERGY          RMS            GMAX         NAME    NUMBER
   2600      -6.9364E+00     3.1663E-03     1.0372E-02     C           5

 BOND    =        0.0039  ANGLE   =        0.0239  DIHED      =        0.0000
 VDWAALS =       -0.2745  EEL     =       -0.1422  HBOND      =        0.0000
 1-4 VDW =       -0.1552  1-4 EEL =       -6.3922  RESTRAINT  =        0.0000


   NSTEP       ENERGY          RMS            GMAX         NAME    NUMBER
   2650      -6.9364E+00     1.0898E-03     3.5419E-03     H2         11

 BOND    =        0.0039  ANGLE   =        0.0239  DIHED      =        0.0000
 VDWAALS =       -0.2746  EEL     =       -0.1422  HBOND      =        0.0000
 1-4 VDW =       -0.1552  1-4 EEL =       -6.3922  RESTRAINT  =        0.0000


   NSTEP       ENERGY          RMS            GMAX         NAME    NUMBER
   2700      -6.9364E+00     7.3609E-04     1.6001E-03     H1          3

 BOND    =        0.0039  ANGLE   =        0.0239  DIHED      =        0.0000
 VDWAALS =       -0.2746  EEL     =       -0.1422  HBOND      =        0.0000
 1-4 VDW =       -0.1552  1-4 EEL =       -6.3922  RESTRAINT  =        0.0000


   NSTEP       ENERGY          RMS            GMAX         NAME    NUMBER
   2750      -6.9364E+00     1.2567E-03     3.1193E-03     O           9

 BOND    =        0.0039  ANGLE   =        0.0238  DIHED      =        0.0000
 VDWAALS =       -0.2746  EEL     =       -0.1422  HBOND      =        0.0000
 1-4 VDW =       -0.1552  1-4 EEL =       -6.3922  RESTRAINT  =        0.0000


   NSTEP       ENERGY          RMS            GMAX         NAME    NUMBER
   2800      -6.9364E+00     1.0637E-03     3.9828E-03     H1         10

 BOND    =        0.0039  ANGLE   =        0.0238  DIHED      =        0.0000
 VDWAALS =       -0.2746  EEL     =       -0.1422  HBOND      =        0.0000
 1-4 VDW =       -0.1552  1-4 EEL =       -6.3922  RESTRAINT  =        0.0000


   NSTEP       ENERGY          RMS            GMAX         NAME    NUMBER
   2850      -6.9364E+00     5.1108E-04     1.0039E-03     H3          6

 BOND    =        0.0039  ANGLE   =        0.0238  DIHED      =        0.0000
 VDWAALS =       -0.2746  EEL     =       -0.1422  HBOND      =        0.0000
 1-4 VDW =       -0.1552  1-4 EEL =       -6.3922  RESTRAINT  =        0.0000


   NSTEP       ENERGY          RMS            GMAX         NAME    NUMBER
   2900      -6.9364E+00     2.8582E-03     8.5653E-03     Si          1

 BOND    =        0.0039  ANGLE   =        0.0238  DIHED      =        0.0000
 VDWAALS =       -0.2746  EEL     =       -0.1422  HBOND      =        0.0000
 1-4 VDW =       -0.1552  1-4 EEL =       -6.3922  RESTRAINT  =        0.0000


   NSTEP       ENERGY          RMS            GMAX         NAME    NUMBER
   2950      -6.9365E+00     1.3448E-03     5.0879E-03     Si          1

 BOND    =        0.0039  ANGLE   =        0.0238  DIHED      =        0.0000
 VDWAALS =       -0.2746  EEL     =       -0.1422  HBOND      =        0.0000
 1-4 VDW =       -0.1552  1-4 EEL =       -6.3922  RESTRAINT  =        0.0000


   NSTEP       ENERGY          RMS            GMAX         NAME    NUMBER
   3000      -6.9365E+00     2.7369E-03     6.8322E-03     H1         10

 BOND    =        0.0039  ANGLE   =        0.0238  DIHED      =        0.0000
 VDWAALS =       -0.2746  EEL     =       -0.1422  HBOND      =        0.0000
 1-4 VDW =       -0.1552  1-4 EEL =       -6.3922  RESTRAINT  =        0.0000


   NSTEP       ENERGY          RMS            GMAX         NAME    NUMBER
   3050      -6.9365E+00     7.2589E-04     2.4633E-03     O           9

 BOND    =        0.0039  ANGLE   =        0.0238  DIHED      =        0.0000
 VDWAALS =       -0.2746  EEL     =       -0.1422  HBOND      =        0.0000
 1-4 VDW =       -0.1552  1-4 EEL =       -6.3922  RESTRAINT  =        0.0000


   NSTEP       ENERGY          RMS            GMAX         NAME    NUMBER
   3100      -6.9365E+00     2.4072E-03     4.9239E-03     C           5

 BOND    =        0.0039  ANGLE   =        0.0238  DIHED      =        0.0000
 VDWAALS =       -0.2746  EEL     =       -0.1422  HBOND      =        0.0000
 1-4 VDW =       -0.1552  1-4 EEL =       -6.3922  RESTRAINT  =        0.0000


   NSTEP       ENERGY          RMS            GMAX         NAME    NUMBER
   3150      -6.9365E+00     1.7574E-03     3.6048E-03     Si          1

 BOND    =        0.0039  ANGLE   =        0.0237  DIHED      =        0.0000
 VDWAALS =       -0.2746  EEL     =       -0.1422  HBOND      =        0.0000
 1-4 VDW =       -0.1552  1-4 EEL =       -6.3921  RESTRAINT  =        0.0000


   NSTEP       ENERGY          RMS            GMAX         NAME    NUMBER
   3200      -6.9365E+00     6.2815E-04     2.5189E-03     C           5

 BOND    =        0.0039  ANGLE   =        0.0238  DIHED      =        0.0000
 VDWAALS =       -0.2746  EEL     =       -0.1422  HBOND      =        0.0000
 1-4 VDW =       -0.1552  1-4 EEL =       -6.3922  RESTRAINT  =        0.0000


   NSTEP       ENERGY          RMS            GMAX         NAME    NUMBER
   3250      -6.9365E+00     1.0250E-02     3.1023E-02     C           5

 BOND    =        0.0039  ANGLE   =        0.0238  DIHED      =        0.0000
 VDWAALS =       -0.2746  EEL     =       -0.1422  HBOND      =        0.0000
 1-4 VDW =       -0.1552  1-4 EEL =       -6.3922  RESTRAINT  =        0.0000


   NSTEP       ENERGY          RMS            GMAX         NAME    NUMBER
   3300      -6.9365E+00     3.0946E-03     7.4444E-03     H1         10

 BOND    =        0.0039  ANGLE   =        0.0238  DIHED      =        0.0000
 VDWAALS =       -0.2746  EEL     =       -0.1422  HBOND      =        0.0000
 1-4 VDW =       -0.1552  1-4 EEL =       -6.3921  RESTRAINT  =        0.0000


   NSTEP       ENERGY          RMS            GMAX         NAME    NUMBER
   3350      -6.9365E+00     1.5102E-03     3.3902E-03     C           5

 BOND    =        0.0039  ANGLE   =        0.0238  DIHED      =        0.0000
 VDWAALS =       -0.2746  EEL     =       -0.1422  HBOND      =        0.0000
 1-4 VDW =       -0.1552  1-4 EEL =       -6.3921  RESTRAINT  =        0.0000


   NSTEP       ENERGY          RMS            GMAX         NAME    NUMBER
   3400      -6.9365E+00     9.8744E-04     3.4779E-03     C           5

 BOND    =        0.0039  ANGLE   =        0.0237  DIHED      =        0.0000
 VDWAALS =       -0.2746  EEL     =       -0.1422  HBOND      =        0.0000
 1-4 VDW =       -0.1552  1-4 EEL =       -6.3921  RESTRAINT  =        0.0000


   NSTEP       ENERGY          RMS            GMAX         NAME    NUMBER
   3450      -6.9365E+00     3.2361E-04     1.0325E-03     O           9

 BOND    =        0.0039  ANGLE   =        0.0237  DIHED      =        0.0000
 VDWAALS =       -0.2746  EEL     =       -0.1422  HBOND      =        0.0000
 1-4 VDW =       -0.1552  1-4 EEL =       -6.3921  RESTRAINT  =        0.0000


   NSTEP       ENERGY          RMS            GMAX         NAME    NUMBER
   3500      -6.9365E+00     1.4413E-03     6.2463E-03     C           5

 BOND    =        0.0039  ANGLE   =        0.0237  DIHED      =        0.0000
 VDWAALS =       -0.2746  EEL     =       -0.1422  HBOND      =        0.0000
 1-4 VDW =       -0.1552  1-4 EEL =       -6.3921  RESTRAINT  =        0.0000


   NSTEP       ENERGY          RMS            GMAX         NAME    NUMBER
   3550      -6.9365E+00     4.9504E-04     1.6525E-03     C           5

 BOND    =        0.0039  ANGLE   =        0.0237  DIHED      =        0.0000
 VDWAALS =       -0.2746  EEL     =       -0.1422  HBOND      =        0.0000
 1-4 VDW =       -0.1552  1-4 EEL =       -6.3921  RESTRAINT  =        0.0000


   NSTEP       ENERGY          RMS            GMAX         NAME    NUMBER
   3600      -6.9365E+00     1.4974E-03     3.9666E-03     H3          6

 BOND    =        0.0039  ANGLE   =        0.0237  DIHED      =        0.0000
 VDWAALS =       -0.2746  EEL     =       -0.1422  HBOND      =        0.0000
 1-4 VDW =       -0.1552  1-4 EEL =       -6.3921  RESTRAINT  =        0.0000


   NSTEP       ENERGY          RMS            GMAX         NAME    NUMBER
   3650      -6.9365E+00     1.3111E-03     3.2540E-03     C           5

 BOND    =        0.0039  ANGLE   =        0.0237  DIHED      =        0.0000
 VDWAALS =       -0.2746  EEL     =       -0.1422  HBOND      =        0.0000
 1-4 VDW =       -0.1552  1-4 EEL =       -6.3921  RESTRAINT  =        0.0000


   NSTEP       ENERGY          RMS            GMAX         NAME    NUMBER
   3700      -6.9365E+00     3.9872E-04     1.2454E-03     H4          7

 BOND    =        0.0039  ANGLE   =        0.0237  DIHED      =        0.0000
 VDWAALS =       -0.2746  EEL     =       -0.1422  HBOND      =        0.0000
 1-4 VDW =       -0.1552  1-4 EEL =       -6.3921  RESTRAINT  =        0.0000


   NSTEP       ENERGY          RMS            GMAX         NAME    NUMBER
   3750      -6.9365E+00     3.9853E-04     1.3267E-03     H1         10

 BOND    =        0.0039  ANGLE   =        0.0237  DIHED      =        0.0000
 VDWAALS =       -0.2746  EEL     =       -0.1422  HBOND      =        0.0000
 1-4 VDW =       -0.1552  1-4 EEL =       -6.3921  RESTRAINT  =        0.0000


   NSTEP       ENERGY          RMS            GMAX         NAME    NUMBER
   3800      -6.9365E+00     9.9883E-03     2.8351E-02     Si          1

 BOND    =        0.0039  ANGLE   =        0.0236  DIHED      =        0.0000
 VDWAALS =       -0.2745  EEL     =       -0.1422  HBOND      =        0.0000
 1-4 VDW =       -0.1552  1-4 EEL =       -6.3921  RESTRAINT  =        0.0000


   NSTEP       ENERGY          RMS            GMAX         NAME    NUMBER
   3850      -6.9365E+00     6.9135E-03     1.4141E-02     C           5

 BOND    =        0.0040  ANGLE   =        0.0239  DIHED      =        0.0000
 VDWAALS =       -0.2747  EEL     =       -0.1421  HBOND      =        0.0000
 1-4 VDW =       -0.1552  1-4 EEL =       -6.3924  RESTRAINT  =        0.0000


   NSTEP       ENERGY          RMS            GMAX         NAME    NUMBER
   3900      -6.9365E+00     6.7374E-04     1.2423E-03     H           2

 BOND    =        0.0039  ANGLE   =        0.0236  DIHED      =        0.0000
 VDWAALS =       -0.2746  EEL     =       -0.1421  HBOND      =        0.0000
 1-4 VDW =       -0.1552  1-4 EEL =       -6.3921  RESTRAINT  =        0.0000


   NSTEP       ENERGY          RMS            GMAX         NAME    NUMBER
   3950      -6.9365E+00     1.0710E-03     3.6269E-03     H2         11

 BOND    =        0.0039  ANGLE   =        0.0236  DIHED      =        0.0000
 VDWAALS =       -0.2746  EEL     =       -0.1421  HBOND      =        0.0000
 1-4 VDW =       -0.1552  1-4 EEL =       -6.3921  RESTRAINT  =        0.0000


   NSTEP       ENERGY          RMS            GMAX         NAME    NUMBER
   4000      -6.9365E+00     6.6252E-04     1.4602E-03     C           5

 BOND    =        0.0039  ANGLE   =        0.0236  DIHED      =        0.0000
 VDWAALS =       -0.2746  EEL     =       -0.1421  HBOND      =        0.0000
 1-4 VDW =       -0.1552  1-4 EEL =       -6.3921  RESTRAINT  =        0.0000


   NSTEP       ENERGY          RMS            GMAX         NAME    NUMBER
   4050      -6.9365E+00     2.2487E-03     5.1350E-03     H           2

 BOND    =        0.0039  ANGLE   =        0.0236  DIHED      =        0.0000
 VDWAALS =       -0.2746  EEL     =       -0.1421  HBOND      =        0.0000
 1-4 VDW =       -0.1552  1-4 EEL =       -6.3921  RESTRAINT  =        0.0000


   NSTEP       ENERGY          RMS            GMAX         NAME    NUMBER
   4100      -6.9365E+00     6.9796E-04     1.9887E-03     C           5

 BOND    =        0.0039  ANGLE   =        0.0236  DIHED      =        0.0000
 VDWAALS =       -0.2746  EEL     =       -0.1421  HBOND      =        0.0000
 1-4 VDW =       -0.1552  1-4 EEL =       -6.3921  RESTRAINT  =        0.0000


   NSTEP       ENERGY          RMS            GMAX         NAME    NUMBER
   4150      -6.9365E+00     5.1494E-04     1.2925E-03     H1         10

 BOND    =        0.0039  ANGLE   =        0.0236  DIHED      =        0.0000
 VDWAALS =       -0.2746  EEL     =       -0.1421  HBOND      =        0.0000
 1-4 VDW =       -0.1552  1-4 EEL =       -6.3921  RESTRAINT  =        0.0000


   NSTEP       ENERGY          RMS            GMAX         NAME    NUMBER
   4200      -6.9365E+00     1.7781E-04     4.8099E-04     H           2

 BOND    =        0.0039  ANGLE   =        0.0236  DIHED      =        0.0000
 VDWAALS =       -0.2746  EEL     =       -0.1421  HBOND      =        0.0000
 1-4 VDW =       -0.1552  1-4 EEL =       -6.3921  RESTRAINT  =        0.0000


   NSTEP       ENERGY          RMS            GMAX         NAME    NUMBER
   4250      -6.9365E+00     2.7891E-04     6.7258E-04     H           2

 BOND    =        0.0039  ANGLE   =        0.0236  DIHED      =        0.0000
 VDWAALS =       -0.2746  EEL     =       -0.1421  HBOND      =        0.0000
 1-4 VDW =       -0.1552  1-4 EEL =       -6.3921  RESTRAINT  =        0.0000


   NSTEP       ENERGY          RMS            GMAX         NAME    NUMBER
   4300      -6.9365E+00     1.0636E-03     2.9520E-03     C           5

 BOND    =        0.0039  ANGLE   =        0.0236  DIHED      =        0.0000
 VDWAALS =       -0.2746  EEL     =       -0.1421  HBOND      =        0.0000
 1-4 VDW =       -0.1552  1-4 EEL =       -6.3921  RESTRAINT  =        0.0000


   NSTEP       ENERGY          RMS            GMAX         NAME    NUMBER
   4350      -6.9365E+00     9.0726E-04     1.8388E-03     H2         11

 BOND    =        0.0039  ANGLE   =        0.0237  DIHED      =        0.0000
 VDWAALS =       -0.2746  EEL     =       -0.1421  HBOND      =        0.0000
 1-4 VDW =       -0.1552  1-4 EEL =       -6.3921  RESTRAINT  =        0.0000


   NSTEP       ENERGY          RMS            GMAX         NAME    NUMBER
   4400      -6.9365E+00     4.6633E-04     1.0459E-03     H1          3

 BOND    =        0.0039  ANGLE   =        0.0236  DIHED      =        0.0000
 VDWAALS =       -0.2746  EEL     =       -0.1421  HBOND      =        0.0000
 1-4 VDW =       -0.1552  1-4 EEL =       -6.3921  RESTRAINT  =        0.0000


   NSTEP       ENERGY          RMS            GMAX         NAME    NUMBER
   4450      -6.9365E+00     1.8023E-03     4.2086E-03     C           5

 BOND    =        0.0039  ANGLE   =        0.0236  DIHED      =        0.0000
 VDWAALS =       -0.2746  EEL     =       -0.1421  HBOND      =        0.0000
 1-4 VDW =       -0.1552  1-4 EEL =       -6.3921  RESTRAINT  =        0.0000


   NSTEP       ENERGY          RMS            GMAX         NAME    NUMBER
   4500      -6.9365E+00     1.0762E-03     3.4177E-03     C           5

 BOND    =        0.0039  ANGLE   =        0.0236  DIHED      =        0.0000
 VDWAALS =       -0.2746  EEL     =       -0.1421  HBOND      =        0.0000
 1-4 VDW =       -0.1552  1-4 EEL =       -6.3921  RESTRAINT  =        0.0000


   NSTEP       ENERGY          RMS            GMAX         NAME    NUMBER
   4550      -6.9365E+00     3.0030E-03     1.0819E-02     C           5

 BOND    =        0.0039  ANGLE   =        0.0236  DIHED      =        0.0000
 VDWAALS =       -0.2746  EEL     =       -0.1421  HBOND      =        0.0000
 1-4 VDW =       -0.1552  1-4 EEL =       -6.3921  RESTRAINT  =        0.0000


   NSTEP       ENERGY          RMS            GMAX         NAME    NUMBER
   4600      -6.9365E+00     2.5980E-03     6.1336E-03     C           5

 BOND    =        0.0039  ANGLE   =        0.0236  DIHED      =        0.0000
 VDWAALS =       -0.2746  EEL     =       -0.1421  HBOND      =        0.0000
 1-4 VDW =       -0.1552  1-4 EEL =       -6.3921  RESTRAINT  =        0.0000


   NSTEP       ENERGY          RMS            GMAX         NAME    NUMBER
   4650      -6.9365E+00     1.1748E-03     3.1201E-03     H2         11

 BOND    =        0.0039  ANGLE   =        0.0236  DIHED      =        0.0000
 VDWAALS =       -0.2746  EEL     =       -0.1421  HBOND      =        0.0000
 1-4 VDW =       -0.1552  1-4 EEL =       -6.3921  RESTRAINT  =        0.0000


   NSTEP       ENERGY          RMS            GMAX         NAME    NUMBER
   4700      -6.9365E+00     3.0872E-04     8.2069E-04     H           2

 BOND    =        0.0039  ANGLE   =        0.0236  DIHED      =        0.0000
 VDWAALS =       -0.2746  EEL     =       -0.1421  HBOND      =        0.0000
 1-4 VDW =       -0.1552  1-4 EEL =       -6.3921  RESTRAINT  =        0.0000


   NSTEP       ENERGY          RMS            GMAX         NAME    NUMBER
   4750      -6.9365E+00     1.1116E-04     3.0659E-04     H4          7

 BOND    =        0.0039  ANGLE   =        0.0236  DIHED      =        0.0000
 VDWAALS =       -0.2746  EEL     =       -0.1421  HBOND      =        0.0000
 1-4 VDW =       -0.1552  1-4 EEL =       -6.3921  RESTRAINT  =        0.0000


   NSTEP       ENERGY          RMS            GMAX         NAME    NUMBER
   4800      -6.9365E+00     6.2858E-04     1.9013E-03     C           5

 BOND    =        0.0039  ANGLE   =        0.0236  DIHED      =        0.0000
 VDWAALS =       -0.2746  EEL     =       -0.1421  HBOND      =        0.0000
 1-4 VDW =       -0.1552  1-4 EEL =       -6.3921  RESTRAINT  =        0.0000


   NSTEP       ENERGY          RMS            GMAX         NAME    NUMBER
   4850      -6.9365E+00     5.5749E-04     1.6987E-03     C           5

 BOND    =        0.0039  ANGLE   =        0.0237  DIHED      =        0.0000
 VDWAALS =       -0.2746  EEL     =       -0.1421  HBOND      =        0.0000
 1-4 VDW =       -0.1552  1-4 EEL =       -6.3921  RESTRAINT  =        0.0000


   NSTEP       ENERGY          RMS            GMAX         NAME    NUMBER
   4900      -6.9365E+00     1.6307E-03     6.6421E-03     C           5

 BOND    =        0.0039  ANGLE   =        0.0236  DIHED      =        0.0000
 VDWAALS =       -0.2746  EEL     =       -0.1421  HBOND      =        0.0000
 1-4 VDW =       -0.1552  1-4 EEL =       -6.3921  RESTRAINT  =        0.0000


   NSTEP       ENERGY          RMS            GMAX         NAME    NUMBER
   4950      -6.9365E+00     5.1965E-03     1.4370E-02     H4          7

 BOND    =        0.0039  ANGLE   =        0.0238  DIHED      =        0.0000
 VDWAALS =       -0.2746  EEL     =       -0.1422  HBOND      =        0.0000
 1-4 VDW =       -0.1552  1-4 EEL =       -6.3921  RESTRAINT  =        0.0000


   NSTEP       ENERGY          RMS            GMAX         NAME    NUMBER
   5000      -6.9365E+00     3.6961E-04     8.7569E-04     H3          6

 BOND    =        0.0039  ANGLE   =        0.0236  DIHED      =        0.0000
 VDWAALS =       -0.2746  EEL     =       -0.1421  HBOND      =        0.0000
 1-4 VDW =       -0.1552  1-4 EEL =       -6.3921  RESTRAINT  =        0.0000


  Maximum number of minimization cycles reached.


                    FINAL RESULTS



   NSTEP       ENERGY          RMS            GMAX         NAME    NUMBER
   5000      -6.9365E+00     3.6961E-04     8.7569E-04     H3          6

 BOND    =        0.0039  ANGLE   =        0.0236  DIHED      =        0.0000
 VDWAALS =       -0.2746  EEL     =       -0.1421  HBOND      =        0.0000
 1-4 VDW =       -0.1552  1-4 EEL =       -6.3921  RESTRAINT  =        0.0000

--------------------------------------------------------------------------------
   5.  TIMINGS
--------------------------------------------------------------------------------

|    Read coords time           0.00 ( 0.32% of Total)
|                Build the list             0.00 ( 4.75% of List )
|                Other                      0.00 (95.25% of List )
|             List time                  0.00 ( 1.85% of Nonbo)
|                   Short_ene time             0.11 (94.42% of Direc)
|                   Other                      0.01 ( 5.58% of Direc)
|                Direct Ewald time          0.11 (83.58% of Ewald)
|                Force Adjust               0.00 ( 2.35% of Ewald)
|                Virial junk                0.00 ( 2.80% of Ewald)
|                Start synchronizatio       0.00 ( 2.20% of Ewald)
|                Other                      0.01 ( 9.07% of Ewald)
|             Ewald time                 0.14 (87.97% of Nonbo)
|             IPS excludes               0.00 ( 1.70% of Nonbo)
|             Other                      0.01 ( 8.48% of Nonbo)
|          Nonbond force              0.16 (81.54% of Force)
|          Bond/Angle/Dihedral        0.02 ( 9.04% of Force)
|          FRC Collect time           0.00 ( 1.39% of Force)
|          Other                      0.02 ( 8.03% of Force)
|       Force time                 0.19 (100.0% of Runmd)
|    Runmd Time                 0.19 (56.55% of Total)
|    Other                      0.15 (43.13% of Total)
| Total time                 0.34 (100.0% of ALL  )

| Highest rstack allocated:         15
| Highest istack allocated:          3

| Final Performance Info:
| -----------------------------------------------------
| Average timings for all steps:
|     Elapsed(s) =       0.33 Per Step(ms) =     333.88
|         ns/day =       0.26   seconds/ns =  333875.06
| -----------------------------------------------------

|           Job began  at 16:07:42.955  on 04/17/2021
|           Setup done at 16:07:42.960  on 04/17/2021
|           Run   done at 16:07:43.294  on 04/17/2021
|     wallclock() was called  125038 times
