
          -------------------------------------------------------
          Amber 12 SANDER                              2012
          -------------------------------------------------------

| Run on 04/17/2021 at 16:07:43
  [-O]verwriting output

File Assignments:
|  MDIN: mm.in                                                                 
| MDOUT: out/SiH3CH3_water.con2.out                                            
|INPCRD: ../MM_PES/inpcrd/SiH3CH3_water.con2.100.inpcrd                        
|  PARM: ../MM_PES/prmtop/SiH3CH3_water.con2.prmtop                            
|RESTRT: rst/SiH3CH3_water.con2.rst                                            
|  REFC: refc                                                                  
| MDVEL: mdvel                                                                 
|  MDEN: mden                                                                  
| MDCRD: mdcrd                                                                 
|MDINFO: mdinfo                                                                
|  MTMD: mtmd                                                                  
|INPDIP: inpdip                                                                
|RSTDIP: rstdip                                                                

|INPTRA: inptraj                                                               
|

 Here is the input file:

Minimization                                                                   
&cntrl                                                                         
 imin=1, maxcyc=5000,                                                          
 ntb=0,                                                                        
 ioutfm=0,                                                                     
 cut=99,                                                                       
/                                                                              

--------------------------------------------------------------------------------
   1.  RESOURCE   USE: 
--------------------------------------------------------------------------------

| Flags: MPI                                                                    
|    NONPERIODIC   ntb=0 and igb=0: Setting up nonperiodic simulation
|  *** cutoff > system size, list only builds once
|Largest sphere to fit in unit cell has radius =    31.208
| New format PARM file being parsed.
| Version =    1.000 Date = 04/17/21 Time = 16:02:40
 NATOM  =      11 NTYPES =       6 NBONH =       9 MBONA  =       1
 NTHETH =      12 MTHETA =       0 NPHIH =       9 MPHIA  =       0
 NHPARM =       0 NPARM  =       0 NNB   =      33 NRES   =       2
 NBONA  =       1 NTHETA =       0 NPHIA =       0 NUMBND =       5
 NUMANG =       4 NPTRA  =       1 NATYP =       6 NPHB   =       1
 IFBOX  =       0 NMXRS  =       8 IFCAP =       0 NEXTRA =       0
 NCOPY  =       0


|     Memory Use     Allocated
|     Real                2392
|     Hollerith             37
|     Integer            20809
|     Max Pairs             55
|     nblistReal           132
|     nblist Int        799959
|       Total             3226 kbytes

| Note: 1-4 EEL scale factors are being read from the topology file.

| Note: 1-4 VDW scale factors are being read from the topology file.
| Duplicated    0 dihedrals
| Duplicated    0 dihedrals

--------------------------------------------------------------------------------
   2.  CONTROL  DATA  FOR  THE  RUN
--------------------------------------------------------------------------------

default_name                                                                    

General flags:
     imin    =       1, nmropt  =       0

Nature and format of input:
     ntx     =       1, irest   =       0, ntrx    =       1

Nature and format of output:
     ntxo    =       1, ntpr    =      50, ntrx    =       1, ntwr    =     500
     iwrap   =       0, ntwx    =       0, ntwv    =       0, ntwe    =       0
     ioutfm  =       0, ntwprt  =       0, idecomp =       0, rbornstat=      0

Potential function:
     ntf     =       1, ntb     =       0, igb     =       0, nsnb    =      25
     ipol    =       0, gbsa    =       0, iesp    =       0
     dielc   =   1.00000, cut     =  99.00000, intdiel =   1.00000

Frozen or restrained atoms:
     ibelly  =       0, ntr     =       0

Energy minimization:
     maxcyc  =    5000, ncyc    =      10, ntmin   =       1
     dx0     =   0.01000, drms    =   0.00010

| MPI Timing options:
|      profile_mpi =        0
|  INFO: Old style inpcrd file read


--------------------------------------------------------------------------------
   3.  ATOMIC COORDINATES AND VELOCITIES
--------------------------------------------------------------------------------

default_name                                                                    
 begin time read from input coords =     0.000 ps

 Number of triangulated 3-point waters found:        1
|  Atom division among processors:
|         0      11

     Sum of charges from parm topology file =  -0.00100000
     Forcing neutrality...
|  Running AMBER/MPI version on    1 nodes


--------------------------------------------------------------------------------
   4.  RESULTS
--------------------------------------------------------------------------------

 ---------------------------------------------------

     eedmeth=4: Setting switch to one everywhere

 ---------------------------------------------------
| Local SIZE OF NONBOND LIST =         24
| TOTAL SIZE OF NONBOND LIST =         24


   NSTEP       ENERGY          RMS            GMAX         NAME    NUMBER
      1      -7.5060E+00     2.5142E+00     7.8293E+00     C           5

 BOND    =        0.1166  ANGLE   =        0.0407  DIHED      =        0.0000
 VDWAALS =       -0.2984  EEL     =       -0.7946  HBOND      =        0.0000
 1-4 VDW =       -0.1566  1-4 EEL =       -6.4138  RESTRAINT  =        0.0000


   NSTEP       ENERGY          RMS            GMAX         NAME    NUMBER
     50      -7.6733E+00     7.3104E-02     1.9719E-01     C           5

 BOND    =        0.0034  ANGLE   =        0.1736  DIHED      =        0.0000
 VDWAALS =       -0.2799  EEL     =       -0.9774  HBOND      =        0.0000
 1-4 VDW =       -0.1579  1-4 EEL =       -6.4351  RESTRAINT  =        0.0000


   NSTEP       ENERGY          RMS            GMAX         NAME    NUMBER
    100      -7.6735E+00     2.7418E-02     9.6353E-02     C           5

 BOND    =        0.0035  ANGLE   =        0.1736  DIHED      =        0.0000
 VDWAALS =       -0.2797  EEL     =       -0.9781  HBOND      =        0.0000
 1-4 VDW =       -0.1579  1-4 EEL =       -6.4350  RESTRAINT  =        0.0000


   NSTEP       ENERGY          RMS            GMAX         NAME    NUMBER
    150      -7.6738E+00     5.7553E-03     1.1370E-02     H2          4

 BOND    =        0.0037  ANGLE   =        0.1726  DIHED      =        0.0000
 VDWAALS =       -0.2793  EEL     =       -0.9780  HBOND      =        0.0000
 1-4 VDW =       -0.1579  1-4 EEL =       -6.4349  RESTRAINT  =        0.0000


   NSTEP       ENERGY          RMS            GMAX         NAME    NUMBER
    200      -7.6738E+00     1.6183E-02     4.9093E-02     H2          4

 BOND    =        0.0038  ANGLE   =        0.1732  DIHED      =        0.0000
 VDWAALS =       -0.2794  EEL     =       -0.9786  HBOND      =        0.0000
 1-4 VDW =       -0.1579  1-4 EEL =       -6.4350  RESTRAINT  =        0.0000


   NSTEP       ENERGY          RMS            GMAX         NAME    NUMBER
    250      -7.6739E+00     1.4396E-02     3.2092E-02     H5          8

 BOND    =        0.0034  ANGLE   =        0.1692  DIHED      =        0.0000
 VDWAALS =       -0.2786  EEL     =       -0.9763  HBOND      =        0.0000
 1-4 VDW =       -0.1578  1-4 EEL =       -6.4338  RESTRAINT  =        0.0000


   NSTEP       ENERGY          RMS            GMAX         NAME    NUMBER
    300      -7.6740E+00     4.3749E-03     1.0383E-02     O           9

 BOND    =        0.0036  ANGLE   =        0.1707  DIHED      =        0.0000
 VDWAALS =       -0.2789  EEL     =       -0.9771  HBOND      =        0.0000
 1-4 VDW =       -0.1578  1-4 EEL =       -6.4344  RESTRAINT  =        0.0000


   NSTEP       ENERGY          RMS            GMAX         NAME    NUMBER
    350      -7.6740E+00     3.3370E-03     8.3418E-03     Si          1

 BOND    =        0.0037  ANGLE   =        0.1713  DIHED      =        0.0000
 VDWAALS =       -0.2790  EEL     =       -0.9775  HBOND      =        0.0000
 1-4 VDW =       -0.1578  1-4 EEL =       -6.4347  RESTRAINT  =        0.0000


   NSTEP       ENERGY          RMS            GMAX         NAME    NUMBER
    400      -7.6741E+00     1.9777E-02     7.9151E-02     H1         10

 BOND    =        0.0037  ANGLE   =        0.1714  DIHED      =        0.0000
 VDWAALS =       -0.2789  EEL     =       -0.9777  HBOND      =        0.0000
 1-4 VDW =       -0.1578  1-4 EEL =       -6.4347  RESTRAINT  =        0.0000


   NSTEP       ENERGY          RMS            GMAX         NAME    NUMBER
    450      -7.6741E+00     5.2134E-03     1.6471E-02     O           9

 BOND    =        0.0037  ANGLE   =        0.1708  DIHED      =        0.0000
 VDWAALS =       -0.2789  EEL     =       -0.9773  HBOND      =        0.0000
 1-4 VDW =       -0.1578  1-4 EEL =       -6.4346  RESTRAINT  =        0.0000


   NSTEP       ENERGY          RMS            GMAX         NAME    NUMBER
    500      -7.6742E+00     1.1871E-02     3.7791E-02     O           9

 BOND    =        0.0039  ANGLE   =        0.1723  DIHED      =        0.0000
 VDWAALS =       -0.2790  EEL     =       -0.9783  HBOND      =        0.0000
 1-4 VDW =       -0.1579  1-4 EEL =       -6.4351  RESTRAINT  =        0.0000


   NSTEP       ENERGY          RMS            GMAX         NAME    NUMBER
    550      -7.6742E+00     1.3375E-03     3.3718E-03     Si          1

 BOND    =        0.0037  ANGLE   =        0.1705  DIHED      =        0.0000
 VDWAALS =       -0.2787  EEL     =       -0.9774  HBOND      =        0.0000
 1-4 VDW =       -0.1578  1-4 EEL =       -6.4346  RESTRAINT  =        0.0000


   NSTEP       ENERGY          RMS            GMAX         NAME    NUMBER
    600      -7.6742E+00     2.8982E-03     1.0104E-02     H1         10

 BOND    =        0.0037  ANGLE   =        0.1705  DIHED      =        0.0000
 VDWAALS =       -0.2787  EEL     =       -0.9774  HBOND      =        0.0000
 1-4 VDW =       -0.1578  1-4 EEL =       -6.4346  RESTRAINT  =        0.0000


   NSTEP       ENERGY          RMS            GMAX         NAME    NUMBER
    650      -7.6742E+00     1.3211E-03     3.2427E-03     O           9

 BOND    =        0.0037  ANGLE   =        0.1702  DIHED      =        0.0000
 VDWAALS =       -0.2786  EEL     =       -0.9772  HBOND      =        0.0000
 1-4 VDW =       -0.1578  1-4 EEL =       -6.4345  RESTRAINT  =        0.0000


   NSTEP       ENERGY          RMS            GMAX         NAME    NUMBER
    700      -7.6742E+00     1.7790E-03     4.8329E-03     O           9

 BOND    =        0.0037  ANGLE   =        0.1702  DIHED      =        0.0000
 VDWAALS =       -0.2786  EEL     =       -0.9772  HBOND      =        0.0000
 1-4 VDW =       -0.1578  1-4 EEL =       -6.4345  RESTRAINT  =        0.0000


   NSTEP       ENERGY          RMS            GMAX         NAME    NUMBER
    750      -7.6742E+00     4.5328E-03     9.6304E-03     C           5

 BOND    =        0.0038  ANGLE   =        0.1703  DIHED      =        0.0000
 VDWAALS =       -0.2786  EEL     =       -0.9773  HBOND      =        0.0000
 1-4 VDW =       -0.1578  1-4 EEL =       -6.4346  RESTRAINT  =        0.0000


   NSTEP       ENERGY          RMS            GMAX         NAME    NUMBER
    800      -7.6742E+00     1.4326E-02     5.0437E-02     H1         10

 BOND    =        0.0038  ANGLE   =        0.1711  DIHED      =        0.0000
 VDWAALS =       -0.2787  EEL     =       -0.9779  HBOND      =        0.0000
 1-4 VDW =       -0.1578  1-4 EEL =       -6.4347  RESTRAINT  =        0.0000


   NSTEP       ENERGY          RMS            GMAX         NAME    NUMBER
    850      -7.6742E+00     1.9198E-03     4.3715E-03     O           9

 BOND    =        0.0037  ANGLE   =        0.1699  DIHED      =        0.0000
 VDWAALS =       -0.2785  EEL     =       -0.9771  HBOND      =        0.0000
 1-4 VDW =       -0.1578  1-4 EEL =       -6.4344  RESTRAINT  =        0.0000


   NSTEP       ENERGY          RMS            GMAX         NAME    NUMBER
    900      -7.6743E+00     1.8897E-03     6.4507E-03     O           9

 BOND    =        0.0037  ANGLE   =        0.1699  DIHED      =        0.0000
 VDWAALS =       -0.2785  EEL     =       -0.9772  HBOND      =        0.0000
 1-4 VDW =       -0.1578  1-4 EEL =       -6.4344  RESTRAINT  =        0.0000


   NSTEP       ENERGY          RMS            GMAX         NAME    NUMBER
    950      -7.6743E+00     9.9143E-04     3.2236E-03     H2         11

 BOND    =        0.0037  ANGLE   =        0.1699  DIHED      =        0.0000
 VDWAALS =       -0.2784  EEL     =       -0.9772  HBOND      =        0.0000
 1-4 VDW =       -0.1578  1-4 EEL =       -6.4344  RESTRAINT  =        0.0000


   NSTEP       ENERGY          RMS            GMAX         NAME    NUMBER
   1000      -7.6743E+00     8.1599E-04     2.5113E-03     Si          1

 BOND    =        0.0037  ANGLE   =        0.1698  DIHED      =        0.0000
 VDWAALS =       -0.2784  EEL     =       -0.9772  HBOND      =        0.0000
 1-4 VDW =       -0.1578  1-4 EEL =       -6.4344  RESTRAINT  =        0.0000


   NSTEP       ENERGY          RMS            GMAX         NAME    NUMBER
   1050      -7.6743E+00     9.3508E-04     3.1002E-03     C           5

 BOND    =        0.0037  ANGLE   =        0.1698  DIHED      =        0.0000
 VDWAALS =       -0.2784  EEL     =       -0.9772  HBOND      =        0.0000
 1-4 VDW =       -0.1578  1-4 EEL =       -6.4344  RESTRAINT  =        0.0000


   NSTEP       ENERGY          RMS            GMAX         NAME    NUMBER
   1100      -7.6743E+00     2.0054E-03     5.6220E-03     O           9

 BOND    =        0.0037  ANGLE   =        0.1697  DIHED      =        0.0000
 VDWAALS =       -0.2784  EEL     =       -0.9771  HBOND      =        0.0000
 1-4 VDW =       -0.1578  1-4 EEL =       -6.4344  RESTRAINT  =        0.0000


   NSTEP       ENERGY          RMS            GMAX         NAME    NUMBER
   1150      -7.6743E+00     1.7861E-03     7.2910E-03     H1         10

 BOND    =        0.0037  ANGLE   =        0.1696  DIHED      =        0.0000
 VDWAALS =       -0.2783  EEL     =       -0.9771  HBOND      =        0.0000
 1-4 VDW =       -0.1578  1-4 EEL =       -6.4343  RESTRAINT  =        0.0000


   NSTEP       ENERGY          RMS            GMAX         NAME    NUMBER
   1200      -7.6743E+00     1.3068E-03     4.5734E-03     H2         11

 BOND    =        0.0037  ANGLE   =        0.1696  DIHED      =        0.0000
 VDWAALS =       -0.2783  EEL     =       -0.9771  HBOND      =        0.0000
 1-4 VDW =       -0.1578  1-4 EEL =       -6.4344  RESTRAINT  =        0.0000


   NSTEP       ENERGY          RMS            GMAX         NAME    NUMBER
   1250      -7.6743E+00     4.4737E-04     1.2611E-03     H2         11

 BOND    =        0.0037  ANGLE   =        0.1695  DIHED      =        0.0000
 VDWAALS =       -0.2783  EEL     =       -0.9770  HBOND      =        0.0000
 1-4 VDW =       -0.1578  1-4 EEL =       -6.4343  RESTRAINT  =        0.0000


   NSTEP       ENERGY          RMS            GMAX         NAME    NUMBER
   1300      -7.6743E+00     1.7366E-03     5.8332E-03     H1         10

 BOND    =        0.0037  ANGLE   =        0.1692  DIHED      =        0.0000
 VDWAALS =       -0.2783  EEL     =       -0.9769  HBOND      =        0.0000
 1-4 VDW =       -0.1578  1-4 EEL =       -6.4342  RESTRAINT  =        0.0000


   NSTEP       ENERGY          RMS            GMAX         NAME    NUMBER
   1350      -7.6743E+00     3.2001E-04     6.7311E-04     H4          7

 BOND    =        0.0037  ANGLE   =        0.1694  DIHED      =        0.0000
 VDWAALS =       -0.2783  EEL     =       -0.9770  HBOND      =        0.0000
 1-4 VDW =       -0.1578  1-4 EEL =       -6.4343  RESTRAINT  =        0.0000


   NSTEP       ENERGY          RMS            GMAX         NAME    NUMBER
   1400      -7.6743E+00     6.7029E-04     1.9048E-03     Si          1

 BOND    =        0.0037  ANGLE   =        0.1693  DIHED      =        0.0000
 VDWAALS =       -0.2782  EEL     =       -0.9770  HBOND      =        0.0000
 1-4 VDW =       -0.1578  1-4 EEL =       -6.4343  RESTRAINT  =        0.0000


   NSTEP       ENERGY          RMS            GMAX         NAME    NUMBER
   1450      -7.6743E+00     1.1684E-03     3.2087E-03     H1          3

 BOND    =        0.0038  ANGLE   =        0.1693  DIHED      =        0.0000
 VDWAALS =       -0.2782  EEL     =       -0.9769  HBOND      =        0.0000
 1-4 VDW =       -0.1578  1-4 EEL =       -6.4343  RESTRAINT  =        0.0000


   NSTEP       ENERGY          RMS            GMAX         NAME    NUMBER
   1500      -7.6743E+00     8.1747E-04     2.9722E-03     C           5

 BOND    =        0.0037  ANGLE   =        0.1693  DIHED      =        0.0000
 VDWAALS =       -0.2782  EEL     =       -0.9770  HBOND      =        0.0000
 1-4 VDW =       -0.1578  1-4 EEL =       -6.4343  RESTRAINT  =        0.0000


   NSTEP       ENERGY          RMS            GMAX         NAME    NUMBER
   1550      -7.6743E+00     2.3128E-04     6.2242E-04     H4          7

 BOND    =        0.0038  ANGLE   =        0.1693  DIHED      =        0.0000
 VDWAALS =       -0.2782  EEL     =       -0.9770  HBOND      =        0.0000
 1-4 VDW =       -0.1578  1-4 EEL =       -6.4343  RESTRAINT  =        0.0000


   NSTEP       ENERGY          RMS            GMAX         NAME    NUMBER
   1600      -7.6743E+00     6.4418E-03     2.4511E-02     H1         10

 BOND    =        0.0038  ANGLE   =        0.1693  DIHED      =        0.0000
 VDWAALS =       -0.2782  EEL     =       -0.9770  HBOND      =        0.0000
 1-4 VDW =       -0.1578  1-4 EEL =       -6.4343  RESTRAINT  =        0.0000


   NSTEP       ENERGY          RMS            GMAX         NAME    NUMBER
   1650      -7.6743E+00     8.4005E-03     2.1545E-02     Si          1

 BOND    =        0.0037  ANGLE   =        0.1694  DIHED      =        0.0000
 VDWAALS =       -0.2782  EEL     =       -0.9771  HBOND      =        0.0000
 1-4 VDW =       -0.1578  1-4 EEL =       -6.4343  RESTRAINT  =        0.0000


   NSTEP       ENERGY          RMS            GMAX         NAME    NUMBER
   1700      -7.6743E+00     5.6721E-03     2.0292E-02     O           9

 BOND    =        0.0038  ANGLE   =        0.1691  DIHED      =        0.0000
 VDWAALS =       -0.2782  EEL     =       -0.9769  HBOND      =        0.0000
 1-4 VDW =       -0.1578  1-4 EEL =       -6.4343  RESTRAINT  =        0.0000


   NSTEP       ENERGY          RMS            GMAX         NAME    NUMBER
   1750      -7.6743E+00     9.5073E-04     2.8709E-03     O           9

 BOND    =        0.0038  ANGLE   =        0.1692  DIHED      =        0.0000
 VDWAALS =       -0.2782  EEL     =       -0.9769  HBOND      =        0.0000
 1-4 VDW =       -0.1578  1-4 EEL =       -6.4343  RESTRAINT  =        0.0000


   NSTEP       ENERGY          RMS            GMAX         NAME    NUMBER
   1800      -7.6743E+00     2.3462E-03     6.7733E-03     O           9

 BOND    =        0.0038  ANGLE   =        0.1692  DIHED      =        0.0000
 VDWAALS =       -0.2782  EEL     =       -0.9769  HBOND      =        0.0000
 1-4 VDW =       -0.1578  1-4 EEL =       -6.4343  RESTRAINT  =        0.0000


   NSTEP       ENERGY          RMS            GMAX         NAME    NUMBER
   1850      -7.6743E+00     8.5866E-03     2.9810E-02     H1         10

 BOND    =        0.0038  ANGLE   =        0.1691  DIHED      =        0.0000
 VDWAALS =       -0.2782  EEL     =       -0.9769  HBOND      =        0.0000
 1-4 VDW =       -0.1578  1-4 EEL =       -6.4343  RESTRAINT  =        0.0000


   NSTEP       ENERGY          RMS            GMAX         NAME    NUMBER
   1900      -7.6743E+00     1.2371E-03     3.8686E-03     O           9

 BOND    =        0.0038  ANGLE   =        0.1692  DIHED      =        0.0000
 VDWAALS =       -0.2782  EEL     =       -0.9770  HBOND      =        0.0000
 1-4 VDW =       -0.1578  1-4 EEL =       -6.4343  RESTRAINT  =        0.0000


   NSTEP       ENERGY          RMS            GMAX         NAME    NUMBER
   1950      -7.6743E+00     5.3817E-03     1.7491E-02     O           9

 BOND    =        0.0037  ANGLE   =        0.1689  DIHED      =        0.0000
 VDWAALS =       -0.2782  EEL     =       -0.9767  HBOND      =        0.0000
 1-4 VDW =       -0.1578  1-4 EEL =       -6.4342  RESTRAINT  =        0.0000


   NSTEP       ENERGY          RMS            GMAX         NAME    NUMBER
   2000      -7.6743E+00     5.7958E-04     1.7251E-03     O           9

 BOND    =        0.0037  ANGLE   =        0.1691  DIHED      =        0.0000
 VDWAALS =       -0.2782  EEL     =       -0.9769  HBOND      =        0.0000
 1-4 VDW =       -0.1578  1-4 EEL =       -6.4342  RESTRAINT  =        0.0000


   NSTEP       ENERGY          RMS            GMAX         NAME    NUMBER
   2050      -7.6743E+00     1.3887E-02     5.0153E-02     O           9

 BOND    =        0.0037  ANGLE   =        0.1692  DIHED      =        0.0000
 VDWAALS =       -0.2782  EEL     =       -0.9770  HBOND      =        0.0000
 1-4 VDW =       -0.1578  1-4 EEL =       -6.4342  RESTRAINT  =        0.0000


   NSTEP       ENERGY          RMS            GMAX         NAME    NUMBER
   2100      -7.6743E+00     8.9742E-04     3.1758E-03     H1         10

 BOND    =        0.0038  ANGLE   =        0.1691  DIHED      =        0.0000
 VDWAALS =       -0.2782  EEL     =       -0.9769  HBOND      =        0.0000
 1-4 VDW =       -0.1578  1-4 EEL =       -6.4343  RESTRAINT  =        0.0000


   NSTEP       ENERGY          RMS            GMAX         NAME    NUMBER
   2150      -7.6743E+00     6.7133E-04     2.0111E-03     Si          1

 BOND    =        0.0038  ANGLE   =        0.1691  DIHED      =        0.0000
 VDWAALS =       -0.2782  EEL     =       -0.9769  HBOND      =        0.0000
 1-4 VDW =       -0.1578  1-4 EEL =       -6.4343  RESTRAINT  =        0.0000


   NSTEP       ENERGY          RMS            GMAX         NAME    NUMBER
   2200      -7.6743E+00     7.1555E-03     2.6998E-02     H1         10

 BOND    =        0.0038  ANGLE   =        0.1691  DIHED      =        0.0000
 VDWAALS =       -0.2782  EEL     =       -0.9769  HBOND      =        0.0000
 1-4 VDW =       -0.1578  1-4 EEL =       -6.4343  RESTRAINT  =        0.0000


   NSTEP       ENERGY          RMS            GMAX         NAME    NUMBER
   2250      -7.6743E+00     2.3074E-03     7.7132E-03     C           5

 BOND    =        0.0038  ANGLE   =        0.1692  DIHED      =        0.0000
 VDWAALS =       -0.2782  EEL     =       -0.9770  HBOND      =        0.0000
 1-4 VDW =       -0.1578  1-4 EEL =       -6.4343  RESTRAINT  =        0.0000


   NSTEP       ENERGY          RMS            GMAX         NAME    NUMBER
   2300      -7.6743E+00     6.0808E-03     2.0565E-02     H1         10

 BOND    =        0.0037  ANGLE   =        0.1692  DIHED      =        0.0000
 VDWAALS =       -0.2781  EEL     =       -0.9771  HBOND      =        0.0000
 1-4 VDW =       -0.1578  1-4 EEL =       -6.4342  RESTRAINT  =        0.0000


                    FINAL RESULTS



   NSTEP       ENERGY          RMS            GMAX         NAME    NUMBER
   2323      -7.6743E+00     7.4947E-05     2.3114E-04     H2          4

 BOND    =        0.0038  ANGLE   =        0.1691  DIHED      =        0.0000
 VDWAALS =       -0.2782  EEL     =       -0.9769  HBOND      =        0.0000
 1-4 VDW =       -0.1578  1-4 EEL =       -6.4343  RESTRAINT  =        0.0000

--------------------------------------------------------------------------------
   5.  TIMINGS
--------------------------------------------------------------------------------

|    Read coords time           0.00 ( 0.66% of Total)
|    Fast Water setup           0.00 ( 0.01% of Total)
|                Build the list             0.00 ( 8.08% of List )
|                Other                      0.00 (91.92% of List )
|             List time                  0.00 ( 2.02% of Nonbo)
|                   Short_ene time             0.06 (94.14% of Direc)
|                   Other                      0.00 ( 5.86% of Direc)
|                Direct Ewald time          0.06 (82.79% of Ewald)
|                Force Adjust               0.00 ( 2.51% of Ewald)
|                Virial junk                0.00 ( 2.93% of Ewald)
|                Start synchronizatio       0.00 ( 2.24% of Ewald)
|                Other                      0.01 ( 9.52% of Ewald)
|             Ewald time                 0.07 (87.53% of Nonbo)
|             IPS excludes               0.00 ( 1.76% of Nonbo)
|             Other                      0.01 ( 8.69% of Nonbo)
|          Nonbond force              0.09 (81.10% of Force)
|          Bond/Angle/Dihedral        0.01 ( 9.21% of Force)
|          FRC Collect time           0.00 ( 1.46% of Force)
|          Other                      0.01 ( 8.23% of Force)
|       Force time                 0.11 (100.0% of Runmd)
|    Runmd Time                 0.11 (57.83% of Total)
|    Other                      0.08 (41.50% of Total)
| Total time                 0.18 (100.0% of ALL  )

| Highest rstack allocated:         15
| Highest istack allocated:          3

| Final Performance Info:
| -----------------------------------------------------
| Average timings for all steps:
|     Elapsed(s) =       0.18 Per Step(ms) =     176.97
|         ns/day =       0.49   seconds/ns =  176968.10
| -----------------------------------------------------

|           Job began  at 16:07:43.302  on 04/17/2021
|           Setup done at 16:07:43.308  on 04/17/2021
|           Run   done at 16:07:43.484  on 04/17/2021
|     wallclock() was called   58113 times
