
          -------------------------------------------------------
          Amber 12 SANDER                              2012
          -------------------------------------------------------

| Run on 04/17/2021 at 16:07:42
  [-O]verwriting output

File Assignments:
|  MDIN: mm.in                                                                 
| MDOUT: out/SiH3CH3_SiH3CH3.con2.out                                          
|INPCRD: ../MM_PES/inpcrd/SiH3CH3_SiH3CH3.con2.100.inpcrd                      
|  PARM: ../MM_PES/prmtop/SiH3CH3_SiH3CH3.con2.prmtop                          
|RESTRT: rst/SiH3CH3_SiH3CH3.con2.rst                                          
|  REFC: refc                                                                  
| MDVEL: mdvel                                                                 
|  MDEN: mden                                                                  
| MDCRD: mdcrd                                                                 
|MDINFO: mdinfo                                                                
|  MTMD: mtmd                                                                  
|INPDIP: inpdip                                                                
|RSTDIP: rstdip                                                                

|INPTRA: inptraj                                                               
|

 Here is the input file:

Minimization                                                                   
&cntrl                                                                         
 imin=1, maxcyc=5000,                                                          
 ntb=0,                                                                        
 ioutfm=0,                                                                     
 cut=99,                                                                       
/                                                                              

--------------------------------------------------------------------------------
   1.  RESOURCE   USE: 
--------------------------------------------------------------------------------

| Flags: MPI                                                                    
|    NONPERIODIC   ntb=0 and igb=0: Setting up nonperiodic simulation
|  *** cutoff > system size, list only builds once
|Largest sphere to fit in unit cell has radius =    31.310
| New format PARM file being parsed.
| Version =    1.000 Date = 04/17/21 Time = 16:02:40
 NATOM  =      16 NTYPES =       4 NBONH =      12 MBONA  =       2
 NTHETH =      24 MTHETA =       0 NPHIH =      18 MPHIA  =       0
 NHPARM =       0 NPARM  =       0 NNB   =      58 NRES   =       2
 NBONA  =       2 NTHETA =       0 NPHIA =       0 NUMBND =       3
 NUMANG =       4 NPTRA  =       1 NATYP =       4 NPHB   =       0
 IFBOX  =       0 NMXRS  =       8 IFCAP =       0 NEXTRA =       0
 NCOPY  =       0


|     Memory Use     Allocated
|     Real                2690
|     Hollerith             52
|     Integer            21421
|     Max Pairs            120
|     nblistReal           192
|     nblist Int        838223
|       Total             3381 kbytes

| Note: 1-4 EEL scale factors are being read from the topology file.

| Note: 1-4 VDW scale factors are being read from the topology file.
| Duplicated    0 dihedrals
| Duplicated    0 dihedrals

--------------------------------------------------------------------------------
   2.  CONTROL  DATA  FOR  THE  RUN
--------------------------------------------------------------------------------

default_name                                                                    

General flags:
     imin    =       1, nmropt  =       0

Nature and format of input:
     ntx     =       1, irest   =       0, ntrx    =       1

Nature and format of output:
     ntxo    =       1, ntpr    =      50, ntrx    =       1, ntwr    =     500
     iwrap   =       0, ntwx    =       0, ntwv    =       0, ntwe    =       0
     ioutfm  =       0, ntwprt  =       0, idecomp =       0, rbornstat=      0

Potential function:
     ntf     =       1, ntb     =       0, igb     =       0, nsnb    =      25
     ipol    =       0, gbsa    =       0, iesp    =       0
     dielc   =   1.00000, cut     =  99.00000, intdiel =   1.00000

Frozen or restrained atoms:
     ibelly  =       0, ntr     =       0

Energy minimization:
     maxcyc  =    5000, ncyc    =      10, ntmin   =       1
     dx0     =   0.01000, drms    =   0.00010

| MPI Timing options:
|      profile_mpi =        0
|  INFO: Old style inpcrd file read


--------------------------------------------------------------------------------
   3.  ATOMIC COORDINATES AND VELOCITIES
--------------------------------------------------------------------------------

default_name                                                                    
 begin time read from input coords =     0.000 ps

 Number of triangulated 3-point waters found:        0
|  Atom division among processors:
|         0      16

     Sum of charges from parm topology file =  -0.00200000
     Forcing neutrality...
|  Running AMBER/MPI version on    1 nodes


--------------------------------------------------------------------------------
   4.  RESULTS
--------------------------------------------------------------------------------

 ---------------------------------------------------

     eedmeth=4: Setting switch to one everywhere

 ---------------------------------------------------
| Local SIZE OF NONBOND LIST =         64
| TOTAL SIZE OF NONBOND LIST =         64


   NSTEP       ENERGY          RMS            GMAX         NAME    NUMBER
      1      -1.3644E+01     2.7076E+00     6.9555E+00     C          13

 BOND    =        0.2185  ANGLE   =        0.0540  DIHED      =        0.0000
 VDWAALS =       -0.7831  EEL     =       -0.0464  HBOND      =        0.0000
 1-4 VDW =       -0.3096  1-4 EEL =      -12.7770  RESTRAINT  =        0.0000


   NSTEP       ENERGY          RMS            GMAX         NAME    NUMBER
     50      -1.4015E+01     5.9678E-01     2.5240E+00     C           5

 BOND    =        0.0097  ANGLE   =        0.0168  DIHED      =        0.0001
 VDWAALS =       -0.8652  EEL     =       -0.1286  HBOND      =        0.0000
 1-4 VDW =       -0.3071  1-4 EEL =      -12.7404  RESTRAINT  =        0.0000


   NSTEP       ENERGY          RMS            GMAX         NAME    NUMBER
    100      -1.4071E+01     1.3271E-01     3.5395E-01     Si          1

 BOND    =        0.0074  ANGLE   =        0.0243  DIHED      =        0.0000
 VDWAALS =       -0.8719  EEL     =       -0.1505  HBOND      =        0.0000
 1-4 VDW =       -0.3091  1-4 EEL =      -12.7709  RESTRAINT  =        0.0000


   NSTEP       ENERGY          RMS            GMAX         NAME    NUMBER
    150      -1.4079E+01     5.1928E-02     2.3213E-01     C          13

 BOND    =        0.0087  ANGLE   =        0.0313  DIHED      =        0.0000
 VDWAALS =       -0.8832  EEL     =       -0.1459  HBOND      =        0.0000
 1-4 VDW =       -0.3098  1-4 EEL =      -12.7805  RESTRAINT  =        0.0000


   NSTEP       ENERGY          RMS            GMAX         NAME    NUMBER
    200      -1.4088E+01     4.2513E-02     1.0133E-01     H1          3

 BOND    =        0.0100  ANGLE   =        0.0306  DIHED      =        0.0000
 VDWAALS =       -0.8959  EEL     =       -0.1418  HBOND      =        0.0000
 1-4 VDW =       -0.3098  1-4 EEL =      -12.7809  RESTRAINT  =        0.0000


   NSTEP       ENERGY          RMS            GMAX         NAME    NUMBER
    250      -1.4096E+01     7.0086E-02     1.8829E-01     C          13

 BOND    =        0.0101  ANGLE   =        0.0287  DIHED      =        0.0001
 VDWAALS =       -0.9050  EEL     =       -0.1409  HBOND      =        0.0000
 1-4 VDW =       -0.3097  1-4 EEL =      -12.7795  RESTRAINT  =        0.0000


   NSTEP       ENERGY          RMS            GMAX         NAME    NUMBER
    300      -1.4101E+01     5.4871E-02     1.6157E-01     C          13

 BOND    =        0.0093  ANGLE   =        0.0288  DIHED      =        0.0001
 VDWAALS =       -0.9093  EEL     =       -0.1410  HBOND      =        0.0000
 1-4 VDW =       -0.3097  1-4 EEL =      -12.7787  RESTRAINT  =        0.0000


   NSTEP       ENERGY          RMS            GMAX         NAME    NUMBER
    350      -1.4106E+01     6.7726E-02     1.8909E-01     Si          1

 BOND    =        0.0087  ANGLE   =        0.0291  DIHED      =        0.0001
 VDWAALS =       -0.9151  EEL     =       -0.1409  HBOND      =        0.0000
 1-4 VDW =       -0.3096  1-4 EEL =      -12.7786  RESTRAINT  =        0.0000


   NSTEP       ENERGY          RMS            GMAX         NAME    NUMBER
    400      -1.4114E+01     4.7539E-02     1.4246E-01     H           2

 BOND    =        0.0102  ANGLE   =        0.0331  DIHED      =        0.0001
 VDWAALS =       -0.9230  EEL     =       -0.1412  HBOND      =        0.0000
 1-4 VDW =       -0.3100  1-4 EEL =      -12.7833  RESTRAINT  =        0.0000


   NSTEP       ENERGY          RMS            GMAX         NAME    NUMBER
    450      -1.4118E+01     9.9907E-02     3.9851E-01     Si          9

 BOND    =        0.0108  ANGLE   =        0.0353  DIHED      =        0.0001
 VDWAALS =       -0.9255  EEL     =       -0.1440  HBOND      =        0.0000
 1-4 VDW =       -0.3100  1-4 EEL =      -12.7842  RESTRAINT  =        0.0000


   NSTEP       ENERGY          RMS            GMAX         NAME    NUMBER
    500      -1.4121E+01     4.1638E-02     1.0371E-01     H           2

 BOND    =        0.0114  ANGLE   =        0.0362  DIHED      =        0.0000
 VDWAALS =       -0.9268  EEL     =       -0.1444  HBOND      =        0.0000
 1-4 VDW =       -0.3102  1-4 EEL =      -12.7870  RESTRAINT  =        0.0000


   NSTEP       ENERGY          RMS            GMAX         NAME    NUMBER
    550      -1.4123E+01     6.9072E-02     2.0135E-01     Si          1

 BOND    =        0.0112  ANGLE   =        0.0319  DIHED      =        0.0000
 VDWAALS =       -0.9269  EEL     =       -0.1453  HBOND      =        0.0000
 1-4 VDW =       -0.3100  1-4 EEL =      -12.7835  RESTRAINT  =        0.0000


   NSTEP       ENERGY          RMS            GMAX         NAME    NUMBER
    600      -1.4124E+01     6.8848E-02     2.4078E-01     C          13

 BOND    =        0.0101  ANGLE   =        0.0327  DIHED      =        0.0000
 VDWAALS =       -0.9266  EEL     =       -0.1471  HBOND      =        0.0000
 1-4 VDW =       -0.3100  1-4 EEL =      -12.7833  RESTRAINT  =        0.0000


   NSTEP       ENERGY          RMS            GMAX         NAME    NUMBER
    650      -1.4125E+01     3.0644E-02     8.2636E-02     H1         11

 BOND    =        0.0109  ANGLE   =        0.0321  DIHED      =        0.0000
 VDWAALS =       -0.9262  EEL     =       -0.1483  HBOND      =        0.0000
 1-4 VDW =       -0.3100  1-4 EEL =      -12.7835  RESTRAINT  =        0.0000


   NSTEP       ENERGY          RMS            GMAX         NAME    NUMBER
    700      -1.4127E+01     1.0646E-01     4.2252E-01     Si          9

 BOND    =        0.0098  ANGLE   =        0.0316  DIHED      =        0.0000
 VDWAALS =       -0.9245  EEL     =       -0.1525  HBOND      =        0.0000
 1-4 VDW =       -0.3098  1-4 EEL =      -12.7815  RESTRAINT  =        0.0000


   NSTEP       ENERGY          RMS            GMAX         NAME    NUMBER
    750      -1.4128E+01     3.0355E-02     9.6176E-02     Si          9

 BOND    =        0.0101  ANGLE   =        0.0329  DIHED      =        0.0000
 VDWAALS =       -0.9246  EEL     =       -0.1530  HBOND      =        0.0000
 1-4 VDW =       -0.3100  1-4 EEL =      -12.7834  RESTRAINT  =        0.0000


   NSTEP       ENERGY          RMS            GMAX         NAME    NUMBER
    800      -1.4128E+01     4.8636E-02     1.7610E-01     C           5

 BOND    =        0.0098  ANGLE   =        0.0330  DIHED      =        0.0000
 VDWAALS =       -0.9235  EEL     =       -0.1548  HBOND      =        0.0000
 1-4 VDW =       -0.3099  1-4 EEL =      -12.7831  RESTRAINT  =        0.0000


   NSTEP       ENERGY          RMS            GMAX         NAME    NUMBER
    850      -1.4129E+01     7.6749E-03     1.8994E-02     H1         11

 BOND    =        0.0103  ANGLE   =        0.0326  DIHED      =        0.0000
 VDWAALS =       -0.9231  EEL     =       -0.1552  HBOND      =        0.0000
 1-4 VDW =       -0.3100  1-4 EEL =      -12.7834  RESTRAINT  =        0.0000


   NSTEP       ENERGY          RMS            GMAX         NAME    NUMBER
    900      -1.4130E+01     2.4465E-02     1.0975E-01     Si          9

 BOND    =        0.0102  ANGLE   =        0.0328  DIHED      =        0.0000
 VDWAALS =       -0.9218  EEL     =       -0.1572  HBOND      =        0.0000
 1-4 VDW =       -0.3100  1-4 EEL =      -12.7835  RESTRAINT  =        0.0000


   NSTEP       ENERGY          RMS            GMAX         NAME    NUMBER
    950      -1.4130E+01     1.1907E-02     2.6868E-02     H4         15

 BOND    =        0.0100  ANGLE   =        0.0326  DIHED      =        0.0000
 VDWAALS =       -0.9206  EEL     =       -0.1589  HBOND      =        0.0000
 1-4 VDW =       -0.3100  1-4 EEL =      -12.7833  RESTRAINT  =        0.0000


   NSTEP       ENERGY          RMS            GMAX         NAME    NUMBER
   1000      -1.4130E+01     4.9904E-03     1.4887E-02     C          13

 BOND    =        0.0103  ANGLE   =        0.0328  DIHED      =        0.0000
 VDWAALS =       -0.9197  EEL     =       -0.1602  HBOND      =        0.0000
 1-4 VDW =       -0.3100  1-4 EEL =      -12.7836  RESTRAINT  =        0.0000


   NSTEP       ENERGY          RMS            GMAX         NAME    NUMBER
   1050      -1.4130E+01     5.3027E-03     1.7108E-02     C          13

 BOND    =        0.0102  ANGLE   =        0.0327  DIHED      =        0.0000
 VDWAALS =       -0.9194  EEL     =       -0.1605  HBOND      =        0.0000
 1-4 VDW =       -0.3100  1-4 EEL =      -12.7835  RESTRAINT  =        0.0000


   NSTEP       ENERGY          RMS            GMAX         NAME    NUMBER
   1100      -1.4131E+01     4.2354E-03     8.8090E-03     H5         16

 BOND    =        0.0103  ANGLE   =        0.0329  DIHED      =        0.0000
 VDWAALS =       -0.9186  EEL     =       -0.1615  HBOND      =        0.0000
 1-4 VDW =       -0.3100  1-4 EEL =      -12.7837  RESTRAINT  =        0.0000


   NSTEP       ENERGY          RMS            GMAX         NAME    NUMBER
   1150      -1.4131E+01     1.8654E-02     6.2829E-02     C          13

 BOND    =        0.0103  ANGLE   =        0.0327  DIHED      =        0.0000
 VDWAALS =       -0.9181  EEL     =       -0.1622  HBOND      =        0.0000
 1-4 VDW =       -0.3100  1-4 EEL =      -12.7836  RESTRAINT  =        0.0000


   NSTEP       ENERGY          RMS            GMAX         NAME    NUMBER
   1200      -1.4131E+01     9.5164E-03     2.1184E-02     C          13

 BOND    =        0.0102  ANGLE   =        0.0327  DIHED      =        0.0000
 VDWAALS =       -0.9178  EEL     =       -0.1625  HBOND      =        0.0000
 1-4 VDW =       -0.3100  1-4 EEL =      -12.7834  RESTRAINT  =        0.0000


   NSTEP       ENERGY          RMS            GMAX         NAME    NUMBER
   1250      -1.4131E+01     2.4527E-03     6.5060E-03     H4          7

 BOND    =        0.0103  ANGLE   =        0.0331  DIHED      =        0.0000
 VDWAALS =       -0.9166  EEL     =       -0.1640  HBOND      =        0.0000
 1-4 VDW =       -0.3100  1-4 EEL =      -12.7839  RESTRAINT  =        0.0000


   NSTEP       ENERGY          RMS            GMAX         NAME    NUMBER
   1300      -1.4131E+01     2.8030E-03     9.9242E-03     Si          9

 BOND    =        0.0103  ANGLE   =        0.0331  DIHED      =        0.0000
 VDWAALS =       -0.9165  EEL     =       -0.1641  HBOND      =        0.0000
 1-4 VDW =       -0.3100  1-4 EEL =      -12.7839  RESTRAINT  =        0.0000


   NSTEP       ENERGY          RMS            GMAX         NAME    NUMBER
   1350      -1.4131E+01     2.2927E-03     6.4980E-03     H4          7

 BOND    =        0.0103  ANGLE   =        0.0330  DIHED      =        0.0000
 VDWAALS =       -0.9163  EEL     =       -0.1643  HBOND      =        0.0000
 1-4 VDW =       -0.3100  1-4 EEL =      -12.7838  RESTRAINT  =        0.0000


   NSTEP       ENERGY          RMS            GMAX         NAME    NUMBER
   1400      -1.4131E+01     3.7604E-03     1.0385E-02     Si          9

 BOND    =        0.0102  ANGLE   =        0.0328  DIHED      =        0.0000
 VDWAALS =       -0.9161  EEL     =       -0.1645  HBOND      =        0.0000
 1-4 VDW =       -0.3100  1-4 EEL =      -12.7835  RESTRAINT  =        0.0000


   NSTEP       ENERGY          RMS            GMAX         NAME    NUMBER
   1450      -1.4131E+01     5.6364E-03     1.9567E-02     Si          1

 BOND    =        0.0103  ANGLE   =        0.0329  DIHED      =        0.0000
 VDWAALS =       -0.9160  EEL     =       -0.1647  HBOND      =        0.0000
 1-4 VDW =       -0.3100  1-4 EEL =      -12.7837  RESTRAINT  =        0.0000


   NSTEP       ENERGY          RMS            GMAX         NAME    NUMBER
   1500      -1.4131E+01     2.4697E-03     6.2708E-03     Si          9

 BOND    =        0.0102  ANGLE   =        0.0330  DIHED      =        0.0000
 VDWAALS =       -0.9159  EEL     =       -0.1648  HBOND      =        0.0000
 1-4 VDW =       -0.3100  1-4 EEL =      -12.7837  RESTRAINT  =        0.0000


   NSTEP       ENERGY          RMS            GMAX         NAME    NUMBER
   1550      -1.4131E+01     2.0640E-03     5.8601E-03     Si          1

 BOND    =        0.0103  ANGLE   =        0.0330  DIHED      =        0.0000
 VDWAALS =       -0.9157  EEL     =       -0.1650  HBOND      =        0.0000
 1-4 VDW =       -0.3100  1-4 EEL =      -12.7838  RESTRAINT  =        0.0000


   NSTEP       ENERGY          RMS            GMAX         NAME    NUMBER
   1600      -1.4131E+01     1.1406E-03     2.8465E-03     H3         14

 BOND    =        0.0103  ANGLE   =        0.0331  DIHED      =        0.0000
 VDWAALS =       -0.9156  EEL     =       -0.1651  HBOND      =        0.0000
 1-4 VDW =       -0.3100  1-4 EEL =      -12.7839  RESTRAINT  =        0.0000


   NSTEP       ENERGY          RMS            GMAX         NAME    NUMBER
   1650      -1.4131E+01     2.1101E-03     5.7538E-03     Si          9

 BOND    =        0.0103  ANGLE   =        0.0331  DIHED      =        0.0000
 VDWAALS =       -0.9154  EEL     =       -0.1653  HBOND      =        0.0000
 1-4 VDW =       -0.3100  1-4 EEL =      -12.7838  RESTRAINT  =        0.0000


   NSTEP       ENERGY          RMS            GMAX         NAME    NUMBER
   1700      -1.4131E+01     2.3640E-03     6.8691E-03     Si          9

 BOND    =        0.0103  ANGLE   =        0.0331  DIHED      =        0.0000
 VDWAALS =       -0.9153  EEL     =       -0.1655  HBOND      =        0.0000
 1-4 VDW =       -0.3100  1-4 EEL =      -12.7838  RESTRAINT  =        0.0000


   NSTEP       ENERGY          RMS            GMAX         NAME    NUMBER
   1750      -1.4131E+01     2.4627E-03     5.9028E-03     Si          9

 BOND    =        0.0103  ANGLE   =        0.0330  DIHED      =        0.0000
 VDWAALS =       -0.9152  EEL     =       -0.1656  HBOND      =        0.0000
 1-4 VDW =       -0.3100  1-4 EEL =      -12.7838  RESTRAINT  =        0.0000


   NSTEP       ENERGY          RMS            GMAX         NAME    NUMBER
   1800      -1.4131E+01     7.5470E-03     3.4556E-02     C          13

 BOND    =        0.0104  ANGLE   =        0.0331  DIHED      =        0.0000
 VDWAALS =       -0.9151  EEL     =       -0.1658  HBOND      =        0.0000
 1-4 VDW =       -0.3100  1-4 EEL =      -12.7839  RESTRAINT  =        0.0000


   NSTEP       ENERGY          RMS            GMAX         NAME    NUMBER
   1850      -1.4131E+01     4.7620E-03     1.5295E-02     C          13

 BOND    =        0.0103  ANGLE   =        0.0332  DIHED      =        0.0000
 VDWAALS =       -0.9149  EEL     =       -0.1659  HBOND      =        0.0000
 1-4 VDW =       -0.3100  1-4 EEL =      -12.7840  RESTRAINT  =        0.0000


   NSTEP       ENERGY          RMS            GMAX         NAME    NUMBER
   1900      -1.4131E+01     3.4250E-03     7.4381E-03     H3         14

 BOND    =        0.0103  ANGLE   =        0.0332  DIHED      =        0.0000
 VDWAALS =       -0.9148  EEL     =       -0.1660  HBOND      =        0.0000
 1-4 VDW =       -0.3100  1-4 EEL =      -12.7840  RESTRAINT  =        0.0000


   NSTEP       ENERGY          RMS            GMAX         NAME    NUMBER
   1950      -1.4131E+01     2.7803E-03     1.0816E-02     C          13

 BOND    =        0.0103  ANGLE   =        0.0332  DIHED      =        0.0000
 VDWAALS =       -0.9147  EEL     =       -0.1662  HBOND      =        0.0000
 1-4 VDW =       -0.3100  1-4 EEL =      -12.7840  RESTRAINT  =        0.0000


   NSTEP       ENERGY          RMS            GMAX         NAME    NUMBER
   2000      -1.4131E+01     1.9717E-03     5.4423E-03     Si          1

 BOND    =        0.0103  ANGLE   =        0.0332  DIHED      =        0.0000
 VDWAALS =       -0.9145  EEL     =       -0.1664  HBOND      =        0.0000
 1-4 VDW =       -0.3100  1-4 EEL =      -12.7840  RESTRAINT  =        0.0000


   NSTEP       ENERGY          RMS            GMAX         NAME    NUMBER
   2050      -1.4131E+01     2.6602E-03     8.2101E-03     C           5

 BOND    =        0.0103  ANGLE   =        0.0332  DIHED      =        0.0000
 VDWAALS =       -0.9144  EEL     =       -0.1665  HBOND      =        0.0000
 1-4 VDW =       -0.3100  1-4 EEL =      -12.7840  RESTRAINT  =        0.0000


   NSTEP       ENERGY          RMS            GMAX         NAME    NUMBER
   2100      -1.4131E+01     1.8126E-03     3.8417E-03     H4          7

 BOND    =        0.0103  ANGLE   =        0.0332  DIHED      =        0.0000
 VDWAALS =       -0.9143  EEL     =       -0.1667  HBOND      =        0.0000
 1-4 VDW =       -0.3100  1-4 EEL =      -12.7840  RESTRAINT  =        0.0000


   NSTEP       ENERGY          RMS            GMAX         NAME    NUMBER
   2150      -1.4131E+01     8.0260E-04     2.3289E-03     Si          1

 BOND    =        0.0103  ANGLE   =        0.0333  DIHED      =        0.0000
 VDWAALS =       -0.9142  EEL     =       -0.1668  HBOND      =        0.0000
 1-4 VDW =       -0.3100  1-4 EEL =      -12.7840  RESTRAINT  =        0.0000


   NSTEP       ENERGY          RMS            GMAX         NAME    NUMBER
   2200      -1.4131E+01     1.2844E-03     3.2469E-03     Si          1

 BOND    =        0.0103  ANGLE   =        0.0333  DIHED      =        0.0000
 VDWAALS =       -0.9140  EEL     =       -0.1669  HBOND      =        0.0000
 1-4 VDW =       -0.3100  1-4 EEL =      -12.7840  RESTRAINT  =        0.0000


   NSTEP       ENERGY          RMS            GMAX         NAME    NUMBER
   2250      -1.4131E+01     7.8430E-04     2.0928E-03     H           2

 BOND    =        0.0103  ANGLE   =        0.0333  DIHED      =        0.0000
 VDWAALS =       -0.9139  EEL     =       -0.1670  HBOND      =        0.0000
 1-4 VDW =       -0.3100  1-4 EEL =      -12.7840  RESTRAINT  =        0.0000


   NSTEP       ENERGY          RMS            GMAX         NAME    NUMBER
   2300      -1.4131E+01     4.0156E-03     1.3501E-02     C          13

 BOND    =        0.0103  ANGLE   =        0.0333  DIHED      =        0.0000
 VDWAALS =       -0.9138  EEL     =       -0.1671  HBOND      =        0.0000
 1-4 VDW =       -0.3100  1-4 EEL =      -12.7840  RESTRAINT  =        0.0000


   NSTEP       ENERGY          RMS            GMAX         NAME    NUMBER
   2350      -1.4131E+01     1.0205E-02     3.1952E-02     C           5

 BOND    =        0.0103  ANGLE   =        0.0335  DIHED      =        0.0000
 VDWAALS =       -0.9135  EEL     =       -0.1675  HBOND      =        0.0000
 1-4 VDW =       -0.3100  1-4 EEL =      -12.7842  RESTRAINT  =        0.0000


   NSTEP       ENERGY          RMS            GMAX         NAME    NUMBER
   2400      -1.4131E+01     7.0139E-04     1.5408E-03     C          13

 BOND    =        0.0103  ANGLE   =        0.0333  DIHED      =        0.0000
 VDWAALS =       -0.9134  EEL     =       -0.1675  HBOND      =        0.0000
 1-4 VDW =       -0.3100  1-4 EEL =      -12.7841  RESTRAINT  =        0.0000


   NSTEP       ENERGY          RMS            GMAX         NAME    NUMBER
   2450      -1.4131E+01     1.6793E-03     4.6921E-03     H1          3

 BOND    =        0.0103  ANGLE   =        0.0334  DIHED      =        0.0000
 VDWAALS =       -0.9134  EEL     =       -0.1676  HBOND      =        0.0000
 1-4 VDW =       -0.3100  1-4 EEL =      -12.7841  RESTRAINT  =        0.0000


   NSTEP       ENERGY          RMS            GMAX         NAME    NUMBER
   2500      -1.4131E+01     1.9022E-03     6.0026E-03     Si          9

 BOND    =        0.0104  ANGLE   =        0.0335  DIHED      =        0.0000
 VDWAALS =       -0.9133  EEL     =       -0.1677  HBOND      =        0.0000
 1-4 VDW =       -0.3100  1-4 EEL =      -12.7842  RESTRAINT  =        0.0000


   NSTEP       ENERGY          RMS            GMAX         NAME    NUMBER
   2550      -1.4131E+01     9.1609E-04     2.7582E-03     Si          9

 BOND    =        0.0103  ANGLE   =        0.0334  DIHED      =        0.0000
 VDWAALS =       -0.9132  EEL     =       -0.1678  HBOND      =        0.0000
 1-4 VDW =       -0.3100  1-4 EEL =      -12.7841  RESTRAINT  =        0.0000


   NSTEP       ENERGY          RMS            GMAX         NAME    NUMBER
   2600      -1.4131E+01     8.0711E-04     1.7388E-03     H          10

 BOND    =        0.0103  ANGLE   =        0.0334  DIHED      =        0.0000
 VDWAALS =       -0.9131  EEL     =       -0.1680  HBOND      =        0.0000
 1-4 VDW =       -0.3100  1-4 EEL =      -12.7841  RESTRAINT  =        0.0000


   NSTEP       ENERGY          RMS            GMAX         NAME    NUMBER
   2650      -1.4131E+01     1.4512E-03     5.2290E-03     Si          9

 BOND    =        0.0103  ANGLE   =        0.0334  DIHED      =        0.0000
 VDWAALS =       -0.9129  EEL     =       -0.1681  HBOND      =        0.0000
 1-4 VDW =       -0.3100  1-4 EEL =      -12.7841  RESTRAINT  =        0.0000


   NSTEP       ENERGY          RMS            GMAX         NAME    NUMBER
   2700      -1.4131E+01     1.1257E-03     3.7023E-03     C          13

 BOND    =        0.0103  ANGLE   =        0.0334  DIHED      =        0.0000
 VDWAALS =       -0.9128  EEL     =       -0.1683  HBOND      =        0.0000
 1-4 VDW =       -0.3100  1-4 EEL =      -12.7841  RESTRAINT  =        0.0000


   NSTEP       ENERGY          RMS            GMAX         NAME    NUMBER
   2750      -1.4131E+01     1.7468E-03     4.7616E-03     C           5

 BOND    =        0.0103  ANGLE   =        0.0334  DIHED      =        0.0000
 VDWAALS =       -0.9127  EEL     =       -0.1684  HBOND      =        0.0000
 1-4 VDW =       -0.3100  1-4 EEL =      -12.7841  RESTRAINT  =        0.0000


   NSTEP       ENERGY          RMS            GMAX         NAME    NUMBER
   2800      -1.4131E+01     6.8201E-04     2.3451E-03     C           5

 BOND    =        0.0103  ANGLE   =        0.0334  DIHED      =        0.0000
 VDWAALS =       -0.9126  EEL     =       -0.1685  HBOND      =        0.0000
 1-4 VDW =       -0.3100  1-4 EEL =      -12.7841  RESTRAINT  =        0.0000


   NSTEP       ENERGY          RMS            GMAX         NAME    NUMBER
   2850      -1.4131E+01     1.0337E-03     3.7436E-03     C           5

 BOND    =        0.0103  ANGLE   =        0.0334  DIHED      =        0.0000
 VDWAALS =       -0.9125  EEL     =       -0.1686  HBOND      =        0.0000
 1-4 VDW =       -0.3100  1-4 EEL =      -12.7841  RESTRAINT  =        0.0000


   NSTEP       ENERGY          RMS            GMAX         NAME    NUMBER
   2900      -1.4131E+01     9.5557E-04     3.1640E-03     Si          1

 BOND    =        0.0103  ANGLE   =        0.0334  DIHED      =        0.0000
 VDWAALS =       -0.9124  EEL     =       -0.1687  HBOND      =        0.0000
 1-4 VDW =       -0.3100  1-4 EEL =      -12.7841  RESTRAINT  =        0.0000


   NSTEP       ENERGY          RMS            GMAX         NAME    NUMBER
   2950      -1.4131E+01     1.2141E-03     3.2512E-03     C          13

 BOND    =        0.0103  ANGLE   =        0.0334  DIHED      =        0.0000
 VDWAALS =       -0.9123  EEL     =       -0.1687  HBOND      =        0.0000
 1-4 VDW =       -0.3100  1-4 EEL =      -12.7841  RESTRAINT  =        0.0000


   NSTEP       ENERGY          RMS            GMAX         NAME    NUMBER
   3000      -1.4131E+01     2.8307E-03     1.1732E-02     C           5

 BOND    =        0.0103  ANGLE   =        0.0334  DIHED      =        0.0000
 VDWAALS =       -0.9121  EEL     =       -0.1689  HBOND      =        0.0000
 1-4 VDW =       -0.3100  1-4 EEL =      -12.7842  RESTRAINT  =        0.0000


   NSTEP       ENERGY          RMS            GMAX         NAME    NUMBER
   3050      -1.4131E+01     4.8893E-04     1.3852E-03     C           5

 BOND    =        0.0103  ANGLE   =        0.0334  DIHED      =        0.0000
 VDWAALS =       -0.9121  EEL     =       -0.1690  HBOND      =        0.0000
 1-4 VDW =       -0.3100  1-4 EEL =      -12.7841  RESTRAINT  =        0.0000


   NSTEP       ENERGY          RMS            GMAX         NAME    NUMBER
   3100      -1.4131E+01     2.7655E-03     1.0069E-02     C           5

 BOND    =        0.0103  ANGLE   =        0.0334  DIHED      =        0.0000
 VDWAALS =       -0.9120  EEL     =       -0.1691  HBOND      =        0.0000
 1-4 VDW =       -0.3100  1-4 EEL =      -12.7841  RESTRAINT  =        0.0000


   NSTEP       ENERGY          RMS            GMAX         NAME    NUMBER
   3150      -1.4131E+01     6.9811E-04     2.5574E-03     Si          9

 BOND    =        0.0103  ANGLE   =        0.0334  DIHED      =        0.0000
 VDWAALS =       -0.9119  EEL     =       -0.1691  HBOND      =        0.0000
 1-4 VDW =       -0.3100  1-4 EEL =      -12.7841  RESTRAINT  =        0.0000


   NSTEP       ENERGY          RMS            GMAX         NAME    NUMBER
   3200      -1.4131E+01     1.3066E-03     5.5117E-03     C          13

 BOND    =        0.0103  ANGLE   =        0.0334  DIHED      =        0.0000
 VDWAALS =       -0.9118  EEL     =       -0.1693  HBOND      =        0.0000
 1-4 VDW =       -0.3100  1-4 EEL =      -12.7841  RESTRAINT  =        0.0000


   NSTEP       ENERGY          RMS            GMAX         NAME    NUMBER
   3250      -1.4131E+01     2.4214E-04     5.2495E-04     H5         16

 BOND    =        0.0103  ANGLE   =        0.0334  DIHED      =        0.0000
 VDWAALS =       -0.9118  EEL     =       -0.1693  HBOND      =        0.0000
 1-4 VDW =       -0.3100  1-4 EEL =      -12.7841  RESTRAINT  =        0.0000


   NSTEP       ENERGY          RMS            GMAX         NAME    NUMBER
   3300      -1.4131E+01     3.7498E-04     7.7792E-04     H4         15

 BOND    =        0.0103  ANGLE   =        0.0334  DIHED      =        0.0000
 VDWAALS =       -0.9116  EEL     =       -0.1694  HBOND      =        0.0000
 1-4 VDW =       -0.3100  1-4 EEL =      -12.7841  RESTRAINT  =        0.0000


   NSTEP       ENERGY          RMS            GMAX         NAME    NUMBER
   3350      -1.4131E+01     2.5251E-03     9.4496E-03     C          13

 BOND    =        0.0104  ANGLE   =        0.0334  DIHED      =        0.0000
 VDWAALS =       -0.9116  EEL     =       -0.1695  HBOND      =        0.0000
 1-4 VDW =       -0.3100  1-4 EEL =      -12.7842  RESTRAINT  =        0.0000


   NSTEP       ENERGY          RMS            GMAX         NAME    NUMBER
   3400      -1.4131E+01     1.6068E-04     3.3102E-04     H1          3

 BOND    =        0.0103  ANGLE   =        0.0335  DIHED      =        0.0000
 VDWAALS =       -0.9115  EEL     =       -0.1695  HBOND      =        0.0000
 1-4 VDW =       -0.3100  1-4 EEL =      -12.7842  RESTRAINT  =        0.0000


   NSTEP       ENERGY          RMS            GMAX         NAME    NUMBER
   3450      -1.4131E+01     4.2990E-04     1.3326E-03     H1          3

 BOND    =        0.0103  ANGLE   =        0.0334  DIHED      =        0.0000
 VDWAALS =       -0.9114  EEL     =       -0.1697  HBOND      =        0.0000
 1-4 VDW =       -0.3100  1-4 EEL =      -12.7841  RESTRAINT  =        0.0000


   NSTEP       ENERGY          RMS            GMAX         NAME    NUMBER
   3500      -1.4131E+01     3.3005E-04     9.5837E-04     H1          3

 BOND    =        0.0103  ANGLE   =        0.0334  DIHED      =        0.0000
 VDWAALS =       -0.9114  EEL     =       -0.1697  HBOND      =        0.0000
 1-4 VDW =       -0.3100  1-4 EEL =      -12.7841  RESTRAINT  =        0.0000


   NSTEP       ENERGY          RMS            GMAX         NAME    NUMBER
   3550      -1.4131E+01     1.7654E-03     6.8570E-03     C          13

 BOND    =        0.0103  ANGLE   =        0.0334  DIHED      =        0.0000
 VDWAALS =       -0.9113  EEL     =       -0.1698  HBOND      =        0.0000
 1-4 VDW =       -0.3100  1-4 EEL =      -12.7841  RESTRAINT  =        0.0000


   NSTEP       ENERGY          RMS            GMAX         NAME    NUMBER
   3600      -1.4131E+01     1.2474E-03     3.8159E-03     H1          3

 BOND    =        0.0103  ANGLE   =        0.0334  DIHED      =        0.0000
 VDWAALS =       -0.9113  EEL     =       -0.1698  HBOND      =        0.0000
 1-4 VDW =       -0.3100  1-4 EEL =      -12.7841  RESTRAINT  =        0.0000


   NSTEP       ENERGY          RMS            GMAX         NAME    NUMBER
   3650      -1.4132E+01     8.1238E-04     1.9968E-03     Si          1

 BOND    =        0.0103  ANGLE   =        0.0334  DIHED      =        0.0000
 VDWAALS =       -0.9112  EEL     =       -0.1699  HBOND      =        0.0000
 1-4 VDW =       -0.3100  1-4 EEL =      -12.7841  RESTRAINT  =        0.0000


   NSTEP       ENERGY          RMS            GMAX         NAME    NUMBER
   3700      -1.4132E+01     1.6577E-03     7.3402E-03     Si          1

 BOND    =        0.0103  ANGLE   =        0.0334  DIHED      =        0.0000
 VDWAALS =       -0.9112  EEL     =       -0.1699  HBOND      =        0.0000
 1-4 VDW =       -0.3100  1-4 EEL =      -12.7841  RESTRAINT  =        0.0000


   NSTEP       ENERGY          RMS            GMAX         NAME    NUMBER
   3750      -1.4132E+01     9.0962E-04     2.5496E-03     H1          3

 BOND    =        0.0103  ANGLE   =        0.0334  DIHED      =        0.0000
 VDWAALS =       -0.9111  EEL     =       -0.1700  HBOND      =        0.0000
 1-4 VDW =       -0.3100  1-4 EEL =      -12.7841  RESTRAINT  =        0.0000


   NSTEP       ENERGY          RMS            GMAX         NAME    NUMBER
   3800      -1.4132E+01     2.5906E-04     8.4464E-04     H          10

 BOND    =        0.0103  ANGLE   =        0.0334  DIHED      =        0.0000
 VDWAALS =       -0.9111  EEL     =       -0.1700  HBOND      =        0.0000
 1-4 VDW =       -0.3100  1-4 EEL =      -12.7841  RESTRAINT  =        0.0000


   NSTEP       ENERGY          RMS            GMAX         NAME    NUMBER
   3850      -1.4132E+01     3.8643E-04     1.1250E-03     C          13

 BOND    =        0.0103  ANGLE   =        0.0334  DIHED      =        0.0000
 VDWAALS =       -0.9111  EEL     =       -0.1700  HBOND      =        0.0000
 1-4 VDW =       -0.3100  1-4 EEL =      -12.7841  RESTRAINT  =        0.0000


   NSTEP       ENERGY          RMS            GMAX         NAME    NUMBER
   3900      -1.4132E+01     9.7921E-04     2.9274E-03     C           5

 BOND    =        0.0103  ANGLE   =        0.0334  DIHED      =        0.0000
 VDWAALS =       -0.9110  EEL     =       -0.1701  HBOND      =        0.0000
 1-4 VDW =       -0.3100  1-4 EEL =      -12.7841  RESTRAINT  =        0.0000


   NSTEP       ENERGY          RMS            GMAX         NAME    NUMBER
   3950      -1.4132E+01     1.1337E-03     3.4620E-03     C          13

 BOND    =        0.0103  ANGLE   =        0.0334  DIHED      =        0.0000
 VDWAALS =       -0.9110  EEL     =       -0.1701  HBOND      =        0.0000
 1-4 VDW =       -0.3100  1-4 EEL =      -12.7841  RESTRAINT  =        0.0000


   NSTEP       ENERGY          RMS            GMAX         NAME    NUMBER
   4000      -1.4132E+01     7.0675E-04     2.5768E-03     C          13

 BOND    =        0.0103  ANGLE   =        0.0335  DIHED      =        0.0000
 VDWAALS =       -0.9110  EEL     =       -0.1701  HBOND      =        0.0000
 1-4 VDW =       -0.3100  1-4 EEL =      -12.7842  RESTRAINT  =        0.0000


   NSTEP       ENERGY          RMS            GMAX         NAME    NUMBER
   4050      -1.4132E+01     1.0700E-03     3.1689E-03     C           5

 BOND    =        0.0103  ANGLE   =        0.0334  DIHED      =        0.0000
 VDWAALS =       -0.9110  EEL     =       -0.1701  HBOND      =        0.0000
 1-4 VDW =       -0.3100  1-4 EEL =      -12.7841  RESTRAINT  =        0.0000


   NSTEP       ENERGY          RMS            GMAX         NAME    NUMBER
   4100      -1.4132E+01     6.3129E-04     1.6116E-03     H1          3

 BOND    =        0.0103  ANGLE   =        0.0334  DIHED      =        0.0000
 VDWAALS =       -0.9109  EEL     =       -0.1702  HBOND      =        0.0000
 1-4 VDW =       -0.3100  1-4 EEL =      -12.7841  RESTRAINT  =        0.0000


   NSTEP       ENERGY          RMS            GMAX         NAME    NUMBER
   4150      -1.4132E+01     3.0645E-04     8.5090E-04     H          10

 BOND    =        0.0103  ANGLE   =        0.0335  DIHED      =        0.0000
 VDWAALS =       -0.9109  EEL     =       -0.1702  HBOND      =        0.0000
 1-4 VDW =       -0.3100  1-4 EEL =      -12.7842  RESTRAINT  =        0.0000


                    FINAL RESULTS



   NSTEP       ENERGY          RMS            GMAX         NAME    NUMBER
   4199      -1.4132E+01     9.0496E-05     2.5492E-04     H          10

 BOND    =        0.0103  ANGLE   =        0.0335  DIHED      =        0.0000
 VDWAALS =       -0.9109  EEL     =       -0.1702  HBOND      =        0.0000
 1-4 VDW =       -0.3100  1-4 EEL =      -12.7842  RESTRAINT  =        0.0000

--------------------------------------------------------------------------------
   5.  TIMINGS
--------------------------------------------------------------------------------

|    Read coords time           0.00 ( 0.37% of Total)
|                Build the list             0.00 ( 5.61% of List )
|                Other                      0.00 (94.39% of List )
|             List time                  0.00 ( 1.77% of Nonbo)
|                   Short_ene time             0.11 (94.58% of Direc)
|                   Other                      0.01 ( 5.42% of Direc)
|                Direct Ewald time          0.11 (83.57% of Ewald)
|                Force Adjust               0.00 ( 2.24% of Ewald)
|                Virial junk                0.00 ( 2.44% of Ewald)
|                Start synchronizatio       0.00 ( 2.05% of Ewald)
|                Other                      0.01 ( 9.70% of Ewald)
|             Ewald time                 0.14 (88.51% of Nonbo)
|             IPS excludes               0.00 ( 1.63% of Nonbo)
|             Other                      0.01 ( 8.09% of Nonbo)
|          Nonbond force              0.15 (77.57% of Force)
|          Bond/Angle/Dihedral        0.03 (14.00% of Force)
|          FRC Collect time           0.00 ( 1.26% of Force)
|          Other                      0.01 ( 7.17% of Force)
|       Force time                 0.20 (100.0% of Runmd)
|    Runmd Time                 0.20 (60.34% of Total)
|    Other                      0.13 (39.29% of Total)
| Total time                 0.33 (100.0% of ALL  )

| Highest rstack allocated:         40
| Highest istack allocated:          8

| Final Performance Info:
| -----------------------------------------------------
| Average timings for all steps:
|     Elapsed(s) =       0.33 Per Step(ms) =     325.02
|         ns/day =       0.27   seconds/ns =  325016.02
| -----------------------------------------------------

|           Job began  at 16:07:42.210  on 04/17/2021
|           Setup done at 16:07:42.216  on 04/17/2021
|           Run   done at 16:07:42.541  on 04/17/2021
|     wallclock() was called  105013 times
