
          -------------------------------------------------------
          Amber 12 SANDER                              2012
          -------------------------------------------------------

| Run on 04/17/2021 at 16:07:44
  [-O]verwriting output

File Assignments:
|  MDIN: mm.in                                                                 
| MDOUT: out/SiH3NH2_water.con2.out                                            
|INPCRD: ../MM_PES/inpcrd/SiH3NH2_water.con2.100.inpcrd                        
|  PARM: ../MM_PES/prmtop/SiH3NH2_water.con2.prmtop                            
|RESTRT: rst/SiH3NH2_water.con2.rst                                            
|  REFC: refc                                                                  
| MDVEL: mdvel                                                                 
|  MDEN: mden                                                                  
| MDCRD: mdcrd                                                                 
|MDINFO: mdinfo                                                                
|  MTMD: mtmd                                                                  
|INPDIP: inpdip                                                                
|RSTDIP: rstdip                                                                

|INPTRA: inptraj                                                               
|

 Here is the input file:

Minimization                                                                   
&cntrl                                                                         
 imin=1, maxcyc=5000,                                                          
 ntb=0,                                                                        
 ioutfm=0,                                                                     
 cut=99,                                                                       
/                                                                              

--------------------------------------------------------------------------------
   1.  RESOURCE   USE: 
--------------------------------------------------------------------------------

| Flags: MPI                                                                    
|    NONPERIODIC   ntb=0 and igb=0: Setting up nonperiodic simulation
|  *** cutoff > system size, list only builds once
|Largest sphere to fit in unit cell has radius =    31.154
| New format PARM file being parsed.
| Version =    1.000 Date = 04/17/21 Time = 16:02:40
 NATOM  =      10 NTYPES =       6 NBONH =       8 MBONA  =       1
 NTHETH =       9 MTHETA =       0 NPHIH =       6 MPHIA  =       0
 NHPARM =       0 NPARM  =       0 NNB   =      26 NRES   =       2
 NBONA  =       1 NTHETA =       0 NPHIA =       0 NUMBND =       5
 NUMANG =       4 NPTRA  =       1 NATYP =       6 NPHB   =       1
 IFBOX  =       0 NMXRS  =       7 IFCAP =       0 NEXTRA =       0
 NCOPY  =       0


|     Memory Use     Allocated
|     Real                2327
|     Hollerith             34
|     Integer            20618
|     Max Pairs             45
|     nblistReal           120
|     nblist Int        799913
|       Total             3224 kbytes

| Note: 1-4 EEL scale factors are being read from the topology file.

| Note: 1-4 VDW scale factors are being read from the topology file.
| Duplicated    0 dihedrals
| Duplicated    0 dihedrals

--------------------------------------------------------------------------------
   2.  CONTROL  DATA  FOR  THE  RUN
--------------------------------------------------------------------------------

default_name                                                                    

General flags:
     imin    =       1, nmropt  =       0

Nature and format of input:
     ntx     =       1, irest   =       0, ntrx    =       1

Nature and format of output:
     ntxo    =       1, ntpr    =      50, ntrx    =       1, ntwr    =     500
     iwrap   =       0, ntwx    =       0, ntwv    =       0, ntwe    =       0
     ioutfm  =       0, ntwprt  =       0, idecomp =       0, rbornstat=      0

Potential function:
     ntf     =       1, ntb     =       0, igb     =       0, nsnb    =      25
     ipol    =       0, gbsa    =       0, iesp    =       0
     dielc   =   1.00000, cut     =  99.00000, intdiel =   1.00000

Frozen or restrained atoms:
     ibelly  =       0, ntr     =       0

Energy minimization:
     maxcyc  =    5000, ncyc    =      10, ntmin   =       1
     dx0     =   0.01000, drms    =   0.00010

| MPI Timing options:
|      profile_mpi =        0
|  INFO: Old style inpcrd file read


--------------------------------------------------------------------------------
   3.  ATOMIC COORDINATES AND VELOCITIES
--------------------------------------------------------------------------------

default_name                                                                    
 begin time read from input coords =     0.000 ps

 Number of triangulated 3-point waters found:        1
|  Atom division among processors:
|         0      10

     Sum of charges from parm topology file =   0.00099900
     Forcing neutrality...
|  Running AMBER/MPI version on    1 nodes


--------------------------------------------------------------------------------
   4.  RESULTS
--------------------------------------------------------------------------------

 ---------------------------------------------------

     eedmeth=4: Setting switch to one everywhere

 ---------------------------------------------------
| Local SIZE OF NONBOND LIST =         21
| TOTAL SIZE OF NONBOND LIST =         21


   NSTEP       ENERGY          RMS            GMAX         NAME    NUMBER
      1      -4.3162E+01     4.3287E+00     1.6623E+01     N           5

 BOND    =        0.1858  ANGLE   =        0.8733  DIHED      =        0.0516
 VDWAALS =       -0.2841  EEL     =       -1.4114  HBOND      =        0.0000
 1-4 VDW =       -0.0161  1-4 EEL =      -42.5609  RESTRAINT  =        0.0000


   NSTEP       ENERGY          RMS            GMAX         NAME    NUMBER
     50      -4.4857E+01     2.6458E-01     6.8297E-01     N           5

 BOND    =        0.1571  ANGLE   =        1.2872  DIHED      =        0.0006
 VDWAALS =        0.0257  EEL     =       -2.2082  HBOND      =        0.0000
 1-4 VDW =       -0.0199  1-4 EEL =      -44.0992  RESTRAINT  =        0.0000


   NSTEP       ENERGY          RMS            GMAX         NAME    NUMBER
    100      -4.4895E+01     1.4669E-01     2.9945E-01     H2         10

 BOND    =        0.1600  ANGLE   =        1.3890  DIHED      =        0.0005
 VDWAALS =        0.0265  EEL     =       -2.2735  HBOND      =        0.0000
 1-4 VDW =       -0.0201  1-4 EEL =      -44.1772  RESTRAINT  =        0.0000


   NSTEP       ENERGY          RMS            GMAX         NAME    NUMBER
    150      -4.4915E+01     4.9368E-01     1.5628E+00     N           5

 BOND    =        0.1563  ANGLE   =        1.4145  DIHED      =        0.0005
 VDWAALS =        0.0229  EEL     =       -2.3010  HBOND      =        0.0000
 1-4 VDW =       -0.0202  1-4 EEL =      -44.1875  RESTRAINT  =        0.0000


   NSTEP       ENERGY          RMS            GMAX         NAME    NUMBER
    200      -4.4926E+01     1.1467E-01     2.3943E-01     N           5

 BOND    =        0.1480  ANGLE   =        1.3973  DIHED      =        0.0006
 VDWAALS =       -0.0049  EEL     =       -2.2743  HBOND      =        0.0000
 1-4 VDW =       -0.0201  1-4 EEL =      -44.1729  RESTRAINT  =        0.0000


   NSTEP       ENERGY          RMS            GMAX         NAME    NUMBER
    250      -4.4934E+01     7.9723E-02     1.9876E-01     N           5

 BOND    =        0.1532  ANGLE   =        1.4535  DIHED      =        0.0005
 VDWAALS =       -0.0185  EEL     =       -2.2778  HBOND      =        0.0000
 1-4 VDW =       -0.0203  1-4 EEL =      -44.2249  RESTRAINT  =        0.0000


   NSTEP       ENERGY          RMS            GMAX         NAME    NUMBER
    300      -4.4938E+01     3.3021E-02     1.0667E-01     H1          9

 BOND    =        0.1523  ANGLE   =        1.4626  DIHED      =        0.0005
 VDWAALS =       -0.0281  EEL     =       -2.2756  HBOND      =        0.0000
 1-4 VDW =       -0.0203  1-4 EEL =      -44.2290  RESTRAINT  =        0.0000


   NSTEP       ENERGY          RMS            GMAX         NAME    NUMBER
    350      -4.4939E+01     3.0511E-02     1.1722E-01     H1          9

 BOND    =        0.1537  ANGLE   =        1.4954  DIHED      =        0.0005
 VDWAALS =       -0.0329  EEL     =       -2.2809  HBOND      =        0.0000
 1-4 VDW =       -0.0204  1-4 EEL =      -44.2547  RESTRAINT  =        0.0000


   NSTEP       ENERGY          RMS            GMAX         NAME    NUMBER
    400      -4.4939E+01     2.6825E-02     6.7978E-02     O           8

 BOND    =        0.1536  ANGLE   =        1.4998  DIHED      =        0.0005
 VDWAALS =       -0.0332  EEL     =       -2.2819  HBOND      =        0.0000
 1-4 VDW =       -0.0204  1-4 EEL =      -44.2578  RESTRAINT  =        0.0000


   NSTEP       ENERGY          RMS            GMAX         NAME    NUMBER
    450      -4.4940E+01     2.3480E-03     4.8020E-03     N           5

 BOND    =        0.1535  ANGLE   =        1.5012  DIHED      =        0.0005
 VDWAALS =       -0.0336  EEL     =       -2.2820  HBOND      =        0.0000
 1-4 VDW =       -0.0204  1-4 EEL =      -44.2587  RESTRAINT  =        0.0000


   NSTEP       ENERGY          RMS            GMAX         NAME    NUMBER
    500      -4.4940E+01     1.6561E-03     4.8970E-03     H2          4

 BOND    =        0.1531  ANGLE   =        1.5024  DIHED      =        0.0005
 VDWAALS =       -0.0339  EEL     =       -2.2821  HBOND      =        0.0000
 1-4 VDW =       -0.0204  1-4 EEL =      -44.2592  RESTRAINT  =        0.0000


   NSTEP       ENERGY          RMS            GMAX         NAME    NUMBER
    550      -4.4940E+01     1.1719E-03     3.6263E-03     H1          9

 BOND    =        0.1532  ANGLE   =        1.5034  DIHED      =        0.0005
 VDWAALS =       -0.0340  EEL     =       -2.2823  HBOND      =        0.0000
 1-4 VDW =       -0.0204  1-4 EEL =      -44.2600  RESTRAINT  =        0.0000


   NSTEP       ENERGY          RMS            GMAX         NAME    NUMBER
    600      -4.4940E+01     1.5212E-02     5.0355E-02     H1          9

 BOND    =        0.1535  ANGLE   =        1.5050  DIHED      =        0.0005
 VDWAALS =       -0.0342  EEL     =       -2.2826  HBOND      =        0.0000
 1-4 VDW =       -0.0204  1-4 EEL =      -44.2614  RESTRAINT  =        0.0000


   NSTEP       ENERGY          RMS            GMAX         NAME    NUMBER
    650      -4.4940E+01     1.8918E-03     4.2562E-03     N           5

 BOND    =        0.1532  ANGLE   =        1.5044  DIHED      =        0.0005
 VDWAALS =       -0.0346  EEL     =       -2.2819  HBOND      =        0.0000
 1-4 VDW =       -0.0204  1-4 EEL =      -44.2607  RESTRAINT  =        0.0000


   NSTEP       ENERGY          RMS            GMAX         NAME    NUMBER
    700      -4.4940E+01     3.9472E-03     1.1576E-02     N           5

 BOND    =        0.1532  ANGLE   =        1.5041  DIHED      =        0.0005
 VDWAALS =       -0.0344  EEL     =       -2.2821  HBOND      =        0.0000
 1-4 VDW =       -0.0204  1-4 EEL =      -44.2605  RESTRAINT  =        0.0000


   NSTEP       ENERGY          RMS            GMAX         NAME    NUMBER
    750      -4.4940E+01     7.2214E-04     1.5091E-03     O           8

 BOND    =        0.1531  ANGLE   =        1.5038  DIHED      =        0.0005
 VDWAALS =       -0.0346  EEL     =       -2.2818  HBOND      =        0.0000
 1-4 VDW =       -0.0204  1-4 EEL =      -44.2601  RESTRAINT  =        0.0000


   NSTEP       ENERGY          RMS            GMAX         NAME    NUMBER
    800      -4.4940E+01     3.6703E-03     1.3134E-02     O           8

 BOND    =        0.1530  ANGLE   =        1.5035  DIHED      =        0.0005
 VDWAALS =       -0.0361  EEL     =       -2.2802  HBOND      =        0.0000
 1-4 VDW =       -0.0204  1-4 EEL =      -44.2599  RESTRAINT  =        0.0000


   NSTEP       ENERGY          RMS            GMAX         NAME    NUMBER
    850      -4.4940E+01     1.3612E-03     3.3722E-03     O           8

 BOND    =        0.1531  ANGLE   =        1.5036  DIHED      =        0.0005
 VDWAALS =       -0.0349  EEL     =       -2.2814  HBOND      =        0.0000
 1-4 VDW =       -0.0204  1-4 EEL =      -44.2601  RESTRAINT  =        0.0000


   NSTEP       ENERGY          RMS            GMAX         NAME    NUMBER
    900      -4.4940E+01     9.9028E-03     2.6114E-02     H           2

 BOND    =        0.1530  ANGLE   =        1.5044  DIHED      =        0.0005
 VDWAALS =       -0.0368  EEL     =       -2.2795  HBOND      =        0.0000
 1-4 VDW =       -0.0204  1-4 EEL =      -44.2608  RESTRAINT  =        0.0000


   NSTEP       ENERGY          RMS            GMAX         NAME    NUMBER
    950      -4.4940E+01     2.1878E-03     4.9572E-03     H           2

 BOND    =        0.1532  ANGLE   =        1.5057  DIHED      =        0.0005
 VDWAALS =       -0.0329  EEL     =       -2.2841  HBOND      =        0.0000
 1-4 VDW =       -0.0204  1-4 EEL =      -44.2616  RESTRAINT  =        0.0000


   NSTEP       ENERGY          RMS            GMAX         NAME    NUMBER
   1000      -4.4940E+01     7.6245E-04     2.1066E-03     Si          1

 BOND    =        0.1532  ANGLE   =        1.5041  DIHED      =        0.0005
 VDWAALS =       -0.0341  EEL     =       -2.2825  HBOND      =        0.0000
 1-4 VDW =       -0.0204  1-4 EEL =      -44.2605  RESTRAINT  =        0.0000


   NSTEP       ENERGY          RMS            GMAX         NAME    NUMBER
   1050      -4.4940E+01     2.0364E-03     7.5194E-03     H1          9

 BOND    =        0.1532  ANGLE   =        1.5042  DIHED      =        0.0005
 VDWAALS =       -0.0340  EEL     =       -2.2825  HBOND      =        0.0000
 1-4 VDW =       -0.0204  1-4 EEL =      -44.2606  RESTRAINT  =        0.0000


   NSTEP       ENERGY          RMS            GMAX         NAME    NUMBER
   1100      -4.4940E+01     5.6788E-02     1.8723E-01     O           8

 BOND    =        0.1537  ANGLE   =        1.5054  DIHED      =        0.0005
 VDWAALS =       -0.0326  EEL     =       -2.2842  HBOND      =        0.0000
 1-4 VDW =       -0.0204  1-4 EEL =      -44.2620  RESTRAINT  =        0.0000


   NSTEP       ENERGY          RMS            GMAX         NAME    NUMBER
   1150      -4.4940E+01     6.5408E-04     1.6353E-03     N           5

 BOND    =        0.1531  ANGLE   =        1.5037  DIHED      =        0.0005
 VDWAALS =       -0.0343  EEL     =       -2.2821  HBOND      =        0.0000
 1-4 VDW =       -0.0204  1-4 EEL =      -44.2601  RESTRAINT  =        0.0000


   NSTEP       ENERGY          RMS            GMAX         NAME    NUMBER
   1200      -4.4940E+01     2.4313E-03     5.8045E-03     O           8

 BOND    =        0.1531  ANGLE   =        1.5043  DIHED      =        0.0005
 VDWAALS =       -0.0339  EEL     =       -2.2827  HBOND      =        0.0000
 1-4 VDW =       -0.0204  1-4 EEL =      -44.2605  RESTRAINT  =        0.0000


   NSTEP       ENERGY          RMS            GMAX         NAME    NUMBER
   1250      -4.4940E+01     1.5246E-03     5.2289E-03     H2         10

 BOND    =        0.1532  ANGLE   =        1.5037  DIHED      =        0.0005
 VDWAALS =       -0.0344  EEL     =       -2.2820  HBOND      =        0.0000
 1-4 VDW =       -0.0204  1-4 EEL =      -44.2602  RESTRAINT  =        0.0000


   NSTEP       ENERGY          RMS            GMAX         NAME    NUMBER
   1300      -4.4940E+01     2.6873E-04     6.5279E-04     H2          4

 BOND    =        0.1532  ANGLE   =        1.5040  DIHED      =        0.0005
 VDWAALS =       -0.0343  EEL     =       -2.2822  HBOND      =        0.0000
 1-4 VDW =       -0.0204  1-4 EEL =      -44.2603  RESTRAINT  =        0.0000


   NSTEP       ENERGY          RMS            GMAX         NAME    NUMBER
   1350      -4.4940E+01     1.7206E-04     4.4571E-04     O           8

 BOND    =        0.1532  ANGLE   =        1.5039  DIHED      =        0.0005
 VDWAALS =       -0.0343  EEL     =       -2.2822  HBOND      =        0.0000
 1-4 VDW =       -0.0204  1-4 EEL =      -44.2603  RESTRAINT  =        0.0000


   NSTEP       ENERGY          RMS            GMAX         NAME    NUMBER
   1400      -4.4940E+01     2.4087E-04     6.8309E-04     O           8

 BOND    =        0.1532  ANGLE   =        1.5041  DIHED      =        0.0005
 VDWAALS =       -0.0340  EEL     =       -2.2825  HBOND      =        0.0000
 1-4 VDW =       -0.0204  1-4 EEL =      -44.2604  RESTRAINT  =        0.0000


   NSTEP       ENERGY          RMS            GMAX         NAME    NUMBER
   1450      -4.4940E+01     1.3693E-03     3.9095E-03     Si          1

 BOND    =        0.1532  ANGLE   =        1.5046  DIHED      =        0.0005
 VDWAALS =       -0.0336  EEL     =       -2.2831  HBOND      =        0.0000
 1-4 VDW =       -0.0204  1-4 EEL =      -44.2607  RESTRAINT  =        0.0000


   NSTEP       ENERGY          RMS            GMAX         NAME    NUMBER
   1500      -4.4940E+01     3.9805E-03     1.1307E-02     Si          1

 BOND    =        0.1534  ANGLE   =        1.5047  DIHED      =        0.0005
 VDWAALS =       -0.0333  EEL     =       -2.2834  HBOND      =        0.0000
 1-4 VDW =       -0.0204  1-4 EEL =      -44.2611  RESTRAINT  =        0.0000


   NSTEP       ENERGY          RMS            GMAX         NAME    NUMBER
   1550      -4.4940E+01     4.5798E-04     1.0951E-03     O           8

 BOND    =        0.1532  ANGLE   =        1.5043  DIHED      =        0.0005
 VDWAALS =       -0.0338  EEL     =       -2.2828  HBOND      =        0.0000
 1-4 VDW =       -0.0204  1-4 EEL =      -44.2605  RESTRAINT  =        0.0000


   NSTEP       ENERGY          RMS            GMAX         NAME    NUMBER
   1600      -4.4940E+01     1.0359E-03     2.3449E-03     O           8

 BOND    =        0.1532  ANGLE   =        1.5045  DIHED      =        0.0005
 VDWAALS =       -0.0335  EEL     =       -2.2831  HBOND      =        0.0000
 1-4 VDW =       -0.0204  1-4 EEL =      -44.2607  RESTRAINT  =        0.0000


   NSTEP       ENERGY          RMS            GMAX         NAME    NUMBER
   1650      -4.4940E+01     1.0994E-03     3.1173E-03     H1          9

 BOND    =        0.1532  ANGLE   =        1.5043  DIHED      =        0.0005
 VDWAALS =       -0.0337  EEL     =       -2.2829  HBOND      =        0.0000
 1-4 VDW =       -0.0204  1-4 EEL =      -44.2606  RESTRAINT  =        0.0000


   NSTEP       ENERGY          RMS            GMAX         NAME    NUMBER
   1700      -4.4940E+01     1.6831E-03     5.0511E-03     O           8

 BOND    =        0.1532  ANGLE   =        1.5046  DIHED      =        0.0005
 VDWAALS =       -0.0334  EEL     =       -2.2833  HBOND      =        0.0000
 1-4 VDW =       -0.0204  1-4 EEL =      -44.2608  RESTRAINT  =        0.0000


   NSTEP       ENERGY          RMS            GMAX         NAME    NUMBER
   1750      -4.4940E+01     2.8610E-04     6.7939E-04     H1          3

 BOND    =        0.1532  ANGLE   =        1.5040  DIHED      =        0.0005
 VDWAALS =       -0.0342  EEL     =       -2.2824  HBOND      =        0.0000
 1-4 VDW =       -0.0204  1-4 EEL =      -44.2603  RESTRAINT  =        0.0000


   NSTEP       ENERGY          RMS            GMAX         NAME    NUMBER
   1800      -4.4940E+01     2.8824E-03     6.9848E-03     N           5

 BOND    =        0.1532  ANGLE   =        1.5035  DIHED      =        0.0005
 VDWAALS =       -0.0345  EEL     =       -2.2820  HBOND      =        0.0000
 1-4 VDW =       -0.0204  1-4 EEL =      -44.2599  RESTRAINT  =        0.0000


   NSTEP       ENERGY          RMS            GMAX         NAME    NUMBER
   1850      -4.4940E+01     1.2654E-03     2.9583E-03     H3          6

 BOND    =        0.1532  ANGLE   =        1.5038  DIHED      =        0.0005
 VDWAALS =       -0.0347  EEL     =       -2.2817  HBOND      =        0.0000
 1-4 VDW =       -0.0204  1-4 EEL =      -44.2602  RESTRAINT  =        0.0000


   NSTEP       ENERGY          RMS            GMAX         NAME    NUMBER
   1900      -4.4940E+01     1.4386E-03     3.2836E-03     N           5

 BOND    =        0.1533  ANGLE   =        1.5049  DIHED      =        0.0005
 VDWAALS =       -0.0335  EEL     =       -2.2834  HBOND      =        0.0000
 1-4 VDW =       -0.0204  1-4 EEL =      -44.2610  RESTRAINT  =        0.0000


   NSTEP       ENERGY          RMS            GMAX         NAME    NUMBER
   1950      -4.4940E+01     6.4535E-04     1.6291E-03     Si          1

 BOND    =        0.1532  ANGLE   =        1.5040  DIHED      =        0.0005
 VDWAALS =       -0.0340  EEL     =       -2.2825  HBOND      =        0.0000
 1-4 VDW =       -0.0204  1-4 EEL =      -44.2604  RESTRAINT  =        0.0000


   NSTEP       ENERGY          RMS            GMAX         NAME    NUMBER
   2000      -4.4940E+01     1.5988E-03     5.6292E-03     O           8

 BOND    =        0.1531  ANGLE   =        1.5033  DIHED      =        0.0005
 VDWAALS =       -0.0348  EEL     =       -2.2814  HBOND      =        0.0000
 1-4 VDW =       -0.0204  1-4 EEL =      -44.2599  RESTRAINT  =        0.0000


   NSTEP       ENERGY          RMS            GMAX         NAME    NUMBER
   2050      -4.4940E+01     8.3111E-04     2.3848E-03     N           5

 BOND    =        0.1531  ANGLE   =        1.5034  DIHED      =        0.0005
 VDWAALS =       -0.0344  EEL     =       -2.2818  HBOND      =        0.0000
 1-4 VDW =       -0.0204  1-4 EEL =      -44.2600  RESTRAINT  =        0.0000


   NSTEP       ENERGY          RMS            GMAX         NAME    NUMBER
   2100      -4.4940E+01     4.1313E-04     1.2181E-03     O           8

 BOND    =        0.1532  ANGLE   =        1.5040  DIHED      =        0.0005
 VDWAALS =       -0.0339  EEL     =       -2.2826  HBOND      =        0.0000
 1-4 VDW =       -0.0204  1-4 EEL =      -44.2603  RESTRAINT  =        0.0000


   NSTEP       ENERGY          RMS            GMAX         NAME    NUMBER
   2150      -4.4940E+01     1.7240E-03     5.4052E-03     O           8

 BOND    =        0.1532  ANGLE   =        1.5044  DIHED      =        0.0005
 VDWAALS =       -0.0332  EEL     =       -2.2834  HBOND      =        0.0000
 1-4 VDW =       -0.0204  1-4 EEL =      -44.2606  RESTRAINT  =        0.0000


   NSTEP       ENERGY          RMS            GMAX         NAME    NUMBER
   2200      -4.4940E+01     1.5616E-02     3.3991E-02     O           8

 BOND    =        0.1533  ANGLE   =        1.5036  DIHED      =        0.0005
 VDWAALS =       -0.0294  EEL     =       -2.2865  HBOND      =        0.0000
 1-4 VDW =       -0.0204  1-4 EEL =      -44.2607  RESTRAINT  =        0.0000


                    FINAL RESULTS



   NSTEP       ENERGY          RMS            GMAX         NAME    NUMBER
   2249      -4.4940E+01     8.1736E-05     1.7850E-04     O           8

 BOND    =        0.1532  ANGLE   =        1.5040  DIHED      =        0.0005
 VDWAALS =       -0.0341  EEL     =       -2.2824  HBOND      =        0.0000
 1-4 VDW =       -0.0204  1-4 EEL =      -44.2604  RESTRAINT  =        0.0000

--------------------------------------------------------------------------------
   5.  TIMINGS
--------------------------------------------------------------------------------

|    Read coords time           0.00 ( 0.75% of Total)
|                Build the list             0.00 (11.47% of List )
|                Other                      0.00 (88.53% of List )
|             List time                  0.00 ( 2.08% of Nonbo)
|                   Short_ene time             0.06 (94.26% of Direc)
|                   Other                      0.00 ( 5.74% of Direc)
|                Direct Ewald time          0.07 (83.26% of Ewald)
|                Force Adjust               0.00 ( 2.52% of Ewald)
|                Virial junk                0.00 ( 2.73% of Ewald)
|                Start synchronizatio       0.00 ( 2.27% of Ewald)
|                Other                      0.01 ( 9.22% of Ewald)
|             Ewald time                 0.08 (87.44% of Nonbo)
|             IPS excludes               0.00 ( 1.76% of Nonbo)
|             Other                      0.01 ( 8.72% of Nonbo)
|          Nonbond force              0.09 (82.89% of Force)
|          Bond/Angle/Dihedral        0.01 ( 7.24% of Force)
|          FRC Collect time           0.00 ( 1.47% of Force)
|          Other                      0.01 ( 8.41% of Force)
|       Force time                 0.11 (100.0% of Runmd)
|    Runmd Time                 0.11 (59.84% of Total)
|    Other                      0.07 (39.41% of Total)
| Total time                 0.19 (100.0% of ALL  )

| Highest rstack allocated:         15
| Highest istack allocated:          3

| Final Performance Info:
| -----------------------------------------------------
| Average timings for all steps:
|     Elapsed(s) =       0.18 Per Step(ms) =     182.88
|         ns/day =       0.47   seconds/ns =  182877.90
| -----------------------------------------------------

|           Job began  at 16:07:44.849  on 04/17/2021
|           Setup done at 16:07:44.856  on 04/17/2021
|           Run   done at 16:07:45.038  on 04/17/2021
|     wallclock() was called   56263 times
