
          -------------------------------------------------------
          Amber 12 SANDER                              2012
          -------------------------------------------------------

| Run on 04/17/2021 at 16:07:44
  [-O]verwriting output

File Assignments:
|  MDIN: mm.in                                                                 
| MDOUT: out/SiH3NH2_SiH3NH2.con3.out                                          
|INPCRD: ../MM_PES/inpcrd/SiH3NH2_SiH3NH2.con3.100.inpcrd                      
|  PARM: ../MM_PES/prmtop/SiH3NH2_SiH3NH2.con3.prmtop                          
|RESTRT: rst/SiH3NH2_SiH3NH2.con3.rst                                          
|  REFC: refc                                                                  
| MDVEL: mdvel                                                                 
|  MDEN: mden                                                                  
| MDCRD: mdcrd                                                                 
|MDINFO: mdinfo                                                                
|  MTMD: mtmd                                                                  
|INPDIP: inpdip                                                                
|RSTDIP: rstdip                                                                

|INPTRA: inptraj                                                               
|

 Here is the input file:

Minimization                                                                   
&cntrl                                                                         
 imin=1, maxcyc=5000,                                                          
 ntb=0,                                                                        
 ioutfm=0,                                                                     
 cut=99,                                                                       
/                                                                              

--------------------------------------------------------------------------------
   1.  RESOURCE   USE: 
--------------------------------------------------------------------------------

| Flags: MPI                                                                    
|    NONPERIODIC   ntb=0 and igb=0: Setting up nonperiodic simulation
|  *** cutoff > system size, list only builds once
|Largest sphere to fit in unit cell has radius =    31.493
| New format PARM file being parsed.
| Version =    1.000 Date = 04/17/21 Time = 16:02:40
 NATOM  =      14 NTYPES =       4 NBONH =      10 MBONA  =       2
 NTHETH =      18 MTHETA =       0 NPHIH =      12 MPHIA  =       0
 NHPARM =       0 NPARM  =       0 NNB   =      44 NRES   =       2
 NBONA  =       2 NTHETA =       0 NPHIA =       0 NUMBND =       3
 NUMANG =       4 NPTRA  =       1 NATYP =       4 NPHB   =       0
 IFBOX  =       0 NMXRS  =       7 IFCAP =       0 NEXTRA =       0
 NCOPY  =       0


|     Memory Use     Allocated
|     Real                2560
|     Hollerith             46
|     Integer            21039
|     Max Pairs             91
|     nblistReal           168
|     nblist Int        879969
|       Total             3541 kbytes

| Note: 1-4 EEL scale factors are being read from the topology file.

| Note: 1-4 VDW scale factors are being read from the topology file.
| Duplicated    0 dihedrals
| Duplicated    0 dihedrals

--------------------------------------------------------------------------------
   2.  CONTROL  DATA  FOR  THE  RUN
--------------------------------------------------------------------------------

default_name                                                                    

General flags:
     imin    =       1, nmropt  =       0

Nature and format of input:
     ntx     =       1, irest   =       0, ntrx    =       1

Nature and format of output:
     ntxo    =       1, ntpr    =      50, ntrx    =       1, ntwr    =     500
     iwrap   =       0, ntwx    =       0, ntwv    =       0, ntwe    =       0
     ioutfm  =       0, ntwprt  =       0, idecomp =       0, rbornstat=      0

Potential function:
     ntf     =       1, ntb     =       0, igb     =       0, nsnb    =      25
     ipol    =       0, gbsa    =       0, iesp    =       0
     dielc   =   1.00000, cut     =  99.00000, intdiel =   1.00000

Frozen or restrained atoms:
     ibelly  =       0, ntr     =       0

Energy minimization:
     maxcyc  =    5000, ncyc    =      10, ntmin   =       1
     dx0     =   0.01000, drms    =   0.00010

| MPI Timing options:
|      profile_mpi =        0
|  INFO: Old style inpcrd file read


--------------------------------------------------------------------------------
   3.  ATOMIC COORDINATES AND VELOCITIES
--------------------------------------------------------------------------------

default_name                                                                    
 begin time read from input coords =     0.000 ps

 Number of triangulated 3-point waters found:        0
|  Atom division among processors:
|         0      14

     Sum of charges from parm topology file =   0.00199800
     Forcing neutrality...
|  Running AMBER/MPI version on    1 nodes


--------------------------------------------------------------------------------
   4.  RESULTS
--------------------------------------------------------------------------------

 ---------------------------------------------------

     eedmeth=4: Setting switch to one everywhere

 ---------------------------------------------------
| Local SIZE OF NONBOND LIST =         49
| TOTAL SIZE OF NONBOND LIST =         49


   NSTEP       ENERGY          RMS            GMAX         NAME    NUMBER
      1      -8.3746E+01     4.7133E+00     1.4666E+01     N          12

 BOND    =        0.3703  ANGLE   =        1.4731  DIHED      =        0.1347
 VDWAALS =       -0.9058  EEL     =       -0.1560  HBOND      =        0.0000
 1-4 VDW =       -0.0310  1-4 EEL =      -84.6315  RESTRAINT  =        0.0000


   NSTEP       ENERGY          RMS            GMAX         NAME    NUMBER
     50      -8.6919E+01     3.7338E-01     8.3164E-01     N          12

 BOND    =        0.2835  ANGLE   =        1.3256  DIHED      =        0.0077
 VDWAALS =       -0.7853  EEL     =       -0.5125  HBOND      =        0.0000
 1-4 VDW =       -0.0372  1-4 EEL =      -87.2006  RESTRAINT  =        0.0000


   NSTEP       ENERGY          RMS            GMAX         NAME    NUMBER
    100      -8.6962E+01     3.3856E-01     1.0209E+00     N          12

 BOND    =        0.3471  ANGLE   =        1.4366  DIHED      =        0.0038
 VDWAALS =       -0.7769  EEL     =       -0.5477  HBOND      =        0.0000
 1-4 VDW =       -0.0377  1-4 EEL =      -87.3871  RESTRAINT  =        0.0000


   NSTEP       ENERGY          RMS            GMAX         NAME    NUMBER
    150      -8.6970E+01     4.7506E-02     1.0068E-01     H3          6

 BOND    =        0.3565  ANGLE   =        1.5032  DIHED      =        0.0036
 VDWAALS =       -0.7826  EEL     =       -0.5479  HBOND      =        0.0000
 1-4 VDW =       -0.0379  1-4 EEL =      -87.4649  RESTRAINT  =        0.0000


   NSTEP       ENERGY          RMS            GMAX         NAME    NUMBER
    200      -8.6973E+01     4.5200E-02     1.4110E-01     N           5

 BOND    =        0.3630  ANGLE   =        1.5235  DIHED      =        0.0034
 VDWAALS =       -0.7830  EEL     =       -0.5512  HBOND      =        0.0000
 1-4 VDW =       -0.0380  1-4 EEL =      -87.4907  RESTRAINT  =        0.0000


   NSTEP       ENERGY          RMS            GMAX         NAME    NUMBER
    250      -8.6974E+01     1.1218E-02     2.4521E-02     N           5

 BOND    =        0.3660  ANGLE   =        1.5748  DIHED      =        0.0031
 VDWAALS =       -0.7828  EEL     =       -0.5536  HBOND      =        0.0000
 1-4 VDW =       -0.0381  1-4 EEL =      -87.5432  RESTRAINT  =        0.0000


   NSTEP       ENERGY          RMS            GMAX         NAME    NUMBER
    300      -8.6975E+01     1.1457E-02     3.7234E-02     N           5

 BOND    =        0.3648  ANGLE   =        1.5743  DIHED      =        0.0031
 VDWAALS =       -0.7816  EEL     =       -0.5561  HBOND      =        0.0000
 1-4 VDW =       -0.0381  1-4 EEL =      -87.5416  RESTRAINT  =        0.0000


   NSTEP       ENERGY          RMS            GMAX         NAME    NUMBER
    350      -8.6975E+01     6.6890E-03     1.8019E-02     Si          1

 BOND    =        0.3647  ANGLE   =        1.5722  DIHED      =        0.0031
 VDWAALS =       -0.7816  EEL     =       -0.5562  HBOND      =        0.0000
 1-4 VDW =       -0.0381  1-4 EEL =      -87.5395  RESTRAINT  =        0.0000


   NSTEP       ENERGY          RMS            GMAX         NAME    NUMBER
    400      -8.6976E+01     5.4459E-02     1.7921E-01     N           5

 BOND    =        0.3655  ANGLE   =        1.5778  DIHED      =        0.0031
 VDWAALS =       -0.7824  EEL     =       -0.5563  HBOND      =        0.0000
 1-4 VDW =       -0.0381  1-4 EEL =      -87.5451  RESTRAINT  =        0.0000


   NSTEP       ENERGY          RMS            GMAX         NAME    NUMBER
    450      -8.6976E+01     3.3434E-02     1.0645E-01     N           5

 BOND    =        0.3674  ANGLE   =        1.5837  DIHED      =        0.0031
 VDWAALS =       -0.7831  EEL     =       -0.5558  HBOND      =        0.0000
 1-4 VDW =       -0.0382  1-4 EEL =      -87.5529  RESTRAINT  =        0.0000


   NSTEP       ENERGY          RMS            GMAX         NAME    NUMBER
    500      -8.6976E+01     1.3445E-02     3.8528E-02     N          12

 BOND    =        0.3629  ANGLE   =        1.5662  DIHED      =        0.0031
 VDWAALS =       -0.7825  EEL     =       -0.5556  HBOND      =        0.0000
 1-4 VDW =       -0.0381  1-4 EEL =      -87.5320  RESTRAINT  =        0.0000


   NSTEP       ENERGY          RMS            GMAX         NAME    NUMBER
    550      -8.6976E+01     1.4296E-02     4.1340E-02     Si          1

 BOND    =        0.3631  ANGLE   =        1.5626  DIHED      =        0.0031
 VDWAALS =       -0.7836  EEL     =       -0.5547  HBOND      =        0.0000
 1-4 VDW =       -0.0381  1-4 EEL =      -87.5286  RESTRAINT  =        0.0000


   NSTEP       ENERGY          RMS            GMAX         NAME    NUMBER
    600      -8.6976E+01     2.2603E-02     9.2397E-02     N           5

 BOND    =        0.3645  ANGLE   =        1.5716  DIHED      =        0.0031
 VDWAALS =       -0.7838  EEL     =       -0.5547  HBOND      =        0.0000
 1-4 VDW =       -0.0381  1-4 EEL =      -87.5388  RESTRAINT  =        0.0000


   NSTEP       ENERGY          RMS            GMAX         NAME    NUMBER
    650      -8.6977E+01     1.2533E-02     3.6776E-02     Si          8

 BOND    =        0.3634  ANGLE   =        1.5689  DIHED      =        0.0031
 VDWAALS =       -0.7852  EEL     =       -0.5535  HBOND      =        0.0000
 1-4 VDW =       -0.0381  1-4 EEL =      -87.5351  RESTRAINT  =        0.0000


   NSTEP       ENERGY          RMS            GMAX         NAME    NUMBER
    700      -8.6977E+01     7.3200E-03     1.9595E-02     H3          6

 BOND    =        0.3639  ANGLE   =        1.5691  DIHED      =        0.0031
 VDWAALS =       -0.7854  EEL     =       -0.5534  HBOND      =        0.0000
 1-4 VDW =       -0.0381  1-4 EEL =      -87.5358  RESTRAINT  =        0.0000


   NSTEP       ENERGY          RMS            GMAX         NAME    NUMBER
    750      -8.6977E+01     1.6846E-02     6.2064E-02     N          12

 BOND    =        0.3639  ANGLE   =        1.5690  DIHED      =        0.0031
 VDWAALS =       -0.7858  EEL     =       -0.5531  HBOND      =        0.0000
 1-4 VDW =       -0.0381  1-4 EEL =      -87.5356  RESTRAINT  =        0.0000


   NSTEP       ENERGY          RMS            GMAX         NAME    NUMBER
    800      -8.6978E+01     1.1474E-02     3.0865E-02     H3         13

 BOND    =        0.3631  ANGLE   =        1.5644  DIHED      =        0.0031
 VDWAALS =       -0.7899  EEL     =       -0.5497  HBOND      =        0.0000
 1-4 VDW =       -0.0381  1-4 EEL =      -87.5304  RESTRAINT  =        0.0000


   NSTEP       ENERGY          RMS            GMAX         NAME    NUMBER
    850      -8.6978E+01     1.1935E-02     4.7635E-02     N          12

 BOND    =        0.3638  ANGLE   =        1.5644  DIHED      =        0.0031
 VDWAALS =       -0.7912  EEL     =       -0.5486  HBOND      =        0.0000
 1-4 VDW =       -0.0381  1-4 EEL =      -87.5312  RESTRAINT  =        0.0000


   NSTEP       ENERGY          RMS            GMAX         NAME    NUMBER
    900      -8.6978E+01     2.2659E-02     5.0496E-02     Si          1

 BOND    =        0.3621  ANGLE   =        1.5734  DIHED      =        0.0031
 VDWAALS =       -0.7915  EEL     =       -0.5488  HBOND      =        0.0000
 1-4 VDW =       -0.0381  1-4 EEL =      -87.5382  RESTRAINT  =        0.0000


   NSTEP       ENERGY          RMS            GMAX         NAME    NUMBER
    950      -8.6978E+01     1.1251E-02     2.4256E-02     N          12

 BOND    =        0.3639  ANGLE   =        1.5729  DIHED      =        0.0031
 VDWAALS =       -0.7927  EEL     =       -0.5478  HBOND      =        0.0000
 1-4 VDW =       -0.0381  1-4 EEL =      -87.5395  RESTRAINT  =        0.0000


   NSTEP       ENERGY          RMS            GMAX         NAME    NUMBER
   1000      -8.6978E+01     2.5237E-02     7.2047E-02     N          12

 BOND    =        0.3620  ANGLE   =        1.5552  DIHED      =        0.0032
 VDWAALS =       -0.7940  EEL     =       -0.5462  HBOND      =        0.0000
 1-4 VDW =       -0.0381  1-4 EEL =      -87.5205  RESTRAINT  =        0.0000


   NSTEP       ENERGY          RMS            GMAX         NAME    NUMBER
   1050      -8.6979E+01     2.1179E-02     5.1352E-02     H4          7

 BOND    =        0.3619  ANGLE   =        1.5489  DIHED      =        0.0032
 VDWAALS =       -0.7956  EEL     =       -0.5446  HBOND      =        0.0000
 1-4 VDW =       -0.0381  1-4 EEL =      -87.5145  RESTRAINT  =        0.0000


   NSTEP       ENERGY          RMS            GMAX         NAME    NUMBER
   1100      -8.6979E+01     1.1129E-02     2.5123E-02     H           2

 BOND    =        0.3646  ANGLE   =        1.5776  DIHED      =        0.0030
 VDWAALS =       -0.7955  EEL     =       -0.5457  HBOND      =        0.0000
 1-4 VDW =       -0.0381  1-4 EEL =      -87.5448  RESTRAINT  =        0.0000


   NSTEP       ENERGY          RMS            GMAX         NAME    NUMBER
   1150      -8.6979E+01     1.0644E-02     2.4569E-02     H2          4

 BOND    =        0.3638  ANGLE   =        1.5597  DIHED      =        0.0032
 VDWAALS =       -0.7966  EEL     =       -0.5442  HBOND      =        0.0000
 1-4 VDW =       -0.0381  1-4 EEL =      -87.5268  RESTRAINT  =        0.0000


   NSTEP       ENERGY          RMS            GMAX         NAME    NUMBER
   1200      -8.6979E+01     1.2262E-02     3.7071E-02     Si          8

 BOND    =        0.3642  ANGLE   =        1.5630  DIHED      =        0.0031
 VDWAALS =       -0.7972  EEL     =       -0.5438  HBOND      =        0.0000
 1-4 VDW =       -0.0381  1-4 EEL =      -87.5303  RESTRAINT  =        0.0000


   NSTEP       ENERGY          RMS            GMAX         NAME    NUMBER
   1250      -8.6980E+01     1.9725E-02     5.8718E-02     N          12

 BOND    =        0.3626  ANGLE   =        1.5645  DIHED      =        0.0031
 VDWAALS =       -0.8012  EEL     =       -0.5408  HBOND      =        0.0000
 1-4 VDW =       -0.0381  1-4 EEL =      -87.5302  RESTRAINT  =        0.0000


   NSTEP       ENERGY          RMS            GMAX         NAME    NUMBER
   1300      -8.6981E+01     1.0055E-01     3.6360E-01     Si          1

 BOND    =        0.3629  ANGLE   =        1.5382  DIHED      =        0.0033
 VDWAALS =       -0.8069  EEL     =       -0.5355  HBOND      =        0.0000
 1-4 VDW =       -0.0380  1-4 EEL =      -87.5048  RESTRAINT  =        0.0000


   NSTEP       ENERGY          RMS            GMAX         NAME    NUMBER
   1350      -8.6982E+01     1.1698E-01     2.6998E-01     Si          1

 BOND    =        0.3586  ANGLE   =        1.5810  DIHED      =        0.0032
 VDWAALS =       -0.8068  EEL     =       -0.5388  HBOND      =        0.0000
 1-4 VDW =       -0.0381  1-4 EEL =      -87.5413  RESTRAINT  =        0.0000


   NSTEP       ENERGY          RMS            GMAX         NAME    NUMBER
   1400      -8.6983E+01     3.0789E-02     9.7384E-02     Si          8

 BOND    =        0.3635  ANGLE   =        1.5640  DIHED      =        0.0032
 VDWAALS =       -0.8149  EEL     =       -0.5302  HBOND      =        0.0000
 1-4 VDW =       -0.0381  1-4 EEL =      -87.5304  RESTRAINT  =        0.0000


   NSTEP       ENERGY          RMS            GMAX         NAME    NUMBER
   1450      -8.6983E+01     1.9598E-02     5.0031E-02     Si          8

 BOND    =        0.3640  ANGLE   =        1.5683  DIHED      =        0.0032
 VDWAALS =       -0.8156  EEL     =       -0.5300  HBOND      =        0.0000
 1-4 VDW =       -0.0381  1-4 EEL =      -87.5352  RESTRAINT  =        0.0000


   NSTEP       ENERGY          RMS            GMAX         NAME    NUMBER
   1500      -8.6984E+01     9.6340E-02     2.9203E-01     N           5

 BOND    =        0.3655  ANGLE   =        1.5726  DIHED      =        0.0031
 VDWAALS =       -0.8170  EEL     =       -0.5294  HBOND      =        0.0000
 1-4 VDW =       -0.0381  1-4 EEL =      -87.5407  RESTRAINT  =        0.0000


   NSTEP       ENERGY          RMS            GMAX         NAME    NUMBER
   1550      -8.6985E+01     1.8398E-02     4.1328E-02     H2          4

 BOND    =        0.3617  ANGLE   =        1.5517  DIHED      =        0.0033
 VDWAALS =       -0.8205  EEL     =       -0.5256  HBOND      =        0.0000
 1-4 VDW =       -0.0381  1-4 EEL =      -87.5171  RESTRAINT  =        0.0000


   NSTEP       ENERGY          RMS            GMAX         NAME    NUMBER
   1600      -8.6985E+01     1.7811E-02     4.5103E-02     N          12

 BOND    =        0.3637  ANGLE   =        1.5541  DIHED      =        0.0032
 VDWAALS =       -0.8212  EEL     =       -0.5253  HBOND      =        0.0000
 1-4 VDW =       -0.0381  1-4 EEL =      -87.5213  RESTRAINT  =        0.0000


   NSTEP       ENERGY          RMS            GMAX         NAME    NUMBER
   1650      -8.6986E+01     1.1060E-01     3.7210E-01     Si          1

 BOND    =        0.3588  ANGLE   =        1.5490  DIHED      =        0.0034
 VDWAALS =       -0.8245  EEL     =       -0.5221  HBOND      =        0.0000
 1-4 VDW =       -0.0380  1-4 EEL =      -87.5122  RESTRAINT  =        0.0000


   NSTEP       ENERGY          RMS            GMAX         NAME    NUMBER
   1700      -8.6987E+01     8.1003E-02     2.6210E-01     N           5

 BOND    =        0.3497  ANGLE   =        1.5028  DIHED      =        0.0036
 VDWAALS =       -0.8336  EEL     =       -0.5146  HBOND      =        0.0000
 1-4 VDW =       -0.0379  1-4 EEL =      -87.4572  RESTRAINT  =        0.0000


   NSTEP       ENERGY          RMS            GMAX         NAME    NUMBER
   1750      -8.6989E+01     1.7030E-02     3.8792E-02     N          12

 BOND    =        0.3639  ANGLE   =        1.5528  DIHED      =        0.0032
 VDWAALS =       -0.8348  EEL     =       -0.5152  HBOND      =        0.0000
 1-4 VDW =       -0.0381  1-4 EEL =      -87.5205  RESTRAINT  =        0.0000


   NSTEP       ENERGY          RMS            GMAX         NAME    NUMBER
   1800      -8.6990E+01     3.5769E-02     1.0321E-01     Si          1

 BOND    =        0.3631  ANGLE   =        1.5555  DIHED      =        0.0032
 VDWAALS =       -0.8388  EEL     =       -0.5123  HBOND      =        0.0000
 1-4 VDW =       -0.0381  1-4 EEL =      -87.5223  RESTRAINT  =        0.0000


   NSTEP       ENERGY          RMS            GMAX         NAME    NUMBER
   1850      -8.6991E+01     9.7618E-02     2.2331E-01     H1          3

 BOND    =        0.3614  ANGLE   =        1.5571  DIHED      =        0.0034
 VDWAALS =       -0.8514  EEL     =       -0.5032  HBOND      =        0.0000
 1-4 VDW =       -0.0381  1-4 EEL =      -87.5204  RESTRAINT  =        0.0000


   NSTEP       ENERGY          RMS            GMAX         NAME    NUMBER
   1900      -8.6993E+01     8.1327E-02     2.3970E-01     Si          1

 BOND    =        0.3666  ANGLE   =        1.5636  DIHED      =        0.0033
 VDWAALS =       -0.8547  EEL     =       -0.5022  HBOND      =        0.0000
 1-4 VDW =       -0.0381  1-4 EEL =      -87.5319  RESTRAINT  =        0.0000


   NSTEP       ENERGY          RMS            GMAX         NAME    NUMBER
   1950      -8.6995E+01     7.7477E-02     2.5718E-01     N           5

 BOND    =        0.3597  ANGLE   =        1.5353  DIHED      =        0.0035
 VDWAALS =       -0.8597  EEL     =       -0.4964  HBOND      =        0.0000
 1-4 VDW =       -0.0380  1-4 EEL =      -87.4992  RESTRAINT  =        0.0000


   NSTEP       ENERGY          RMS            GMAX         NAME    NUMBER
   2000      -8.6996E+01     2.3121E-02     8.3428E-02     H           9

 BOND    =        0.3640  ANGLE   =        1.5375  DIHED      =        0.0033
 VDWAALS =       -0.8547  EEL     =       -0.5019  HBOND      =        0.0000
 1-4 VDW =       -0.0380  1-4 EEL =      -87.5057  RESTRAINT  =        0.0000


   NSTEP       ENERGY          RMS            GMAX         NAME    NUMBER
   2050      -8.6996E+01     2.0542E-02     4.3048E-02     N          12

 BOND    =        0.3646  ANGLE   =        1.5447  DIHED      =        0.0033
 VDWAALS =       -0.8588  EEL     =       -0.4982  HBOND      =        0.0000
 1-4 VDW =       -0.0381  1-4 EEL =      -87.5137  RESTRAINT  =        0.0000


   NSTEP       ENERGY          RMS            GMAX         NAME    NUMBER
   2100      -8.6996E+01     1.9661E-01     5.4608E-01     N          12

 BOND    =        0.3649  ANGLE   =        1.5320  DIHED      =        0.0035
 VDWAALS =       -0.8607  EEL     =       -0.4971  HBOND      =        0.0000
 1-4 VDW =       -0.0380  1-4 EEL =      -87.5009  RESTRAINT  =        0.0000


   NSTEP       ENERGY          RMS            GMAX         NAME    NUMBER
   2150      -8.6998E+01     9.1563E-02     2.6598E-01     N          12

 BOND    =        0.3606  ANGLE   =        1.5251  DIHED      =        0.0034
 VDWAALS =       -0.8649  EEL     =       -0.4942  HBOND      =        0.0000
 1-4 VDW =       -0.0380  1-4 EEL =      -87.4898  RESTRAINT  =        0.0000


   NSTEP       ENERGY          RMS            GMAX         NAME    NUMBER
   2200      -8.7000E+01     6.4743E-02     1.8967E-01     H           9

 BOND    =        0.3561  ANGLE   =        1.5125  DIHED      =        0.0034
 VDWAALS =       -0.8674  EEL     =       -0.4935  HBOND      =        0.0000
 1-4 VDW =       -0.0379  1-4 EEL =      -87.4729  RESTRAINT  =        0.0000


   NSTEP       ENERGY          RMS            GMAX         NAME    NUMBER
   2250      -8.7001E+01     3.9410E-01     1.8842E+00     N           5

 BOND    =        0.3645  ANGLE   =        1.5753  DIHED      =        0.0032
 VDWAALS =       -0.8818  EEL     =       -0.4825  HBOND      =        0.0000
 1-4 VDW =       -0.0381  1-4 EEL =      -87.5417  RESTRAINT  =        0.0000


   NSTEP       ENERGY          RMS            GMAX         NAME    NUMBER
   2300      -8.7004E+01     1.3421E-01     5.3484E-01     N          12

 BOND    =        0.3662  ANGLE   =        1.5682  DIHED      =        0.0030
 VDWAALS =       -0.8697  EEL     =       -0.4964  HBOND      =        0.0000
 1-4 VDW =       -0.0381  1-4 EEL =      -87.5369  RESTRAINT  =        0.0000


   NSTEP       ENERGY          RMS            GMAX         NAME    NUMBER
   2350      -8.7005E+01     2.2703E-02     6.3546E-02     N           5

 BOND    =        0.3660  ANGLE   =        1.5679  DIHED      =        0.0032
 VDWAALS =       -0.8750  EEL     =       -0.4910  HBOND      =        0.0000
 1-4 VDW =       -0.0381  1-4 EEL =      -87.5375  RESTRAINT  =        0.0000


   NSTEP       ENERGY          RMS            GMAX         NAME    NUMBER
   2400      -8.7005E+01     2.3043E-02     6.2872E-02     N           5

 BOND    =        0.3670  ANGLE   =        1.5588  DIHED      =        0.0033
 VDWAALS =       -0.8740  EEL     =       -0.4924  HBOND      =        0.0000
 1-4 VDW =       -0.0381  1-4 EEL =      -87.5298  RESTRAINT  =        0.0000


   NSTEP       ENERGY          RMS            GMAX         NAME    NUMBER
   2450      -8.7006E+01     2.1877E-02     6.0955E-02     H4         14

 BOND    =        0.3663  ANGLE   =        1.5578  DIHED      =        0.0033
 VDWAALS =       -0.8741  EEL     =       -0.4927  HBOND      =        0.0000
 1-4 VDW =       -0.0381  1-4 EEL =      -87.5281  RESTRAINT  =        0.0000


   NSTEP       ENERGY          RMS            GMAX         NAME    NUMBER
   2500      -8.7007E+01     7.7837E-03     2.2133E-02     H           9

 BOND    =        0.3660  ANGLE   =        1.5577  DIHED      =        0.0033
 VDWAALS =       -0.8749  EEL     =       -0.4932  HBOND      =        0.0000
 1-4 VDW =       -0.0381  1-4 EEL =      -87.5281  RESTRAINT  =        0.0000


   NSTEP       ENERGY          RMS            GMAX         NAME    NUMBER
   2550      -8.7013E+01     1.6529E-02     4.6000E-02     N           5

 BOND    =        0.3658  ANGLE   =        1.5679  DIHED      =        0.0032
 VDWAALS =       -0.8790  EEL     =       -0.4952  HBOND      =        0.0000
 1-4 VDW =       -0.0381  1-4 EEL =      -87.5377  RESTRAINT  =        0.0000


   NSTEP       ENERGY          RMS            GMAX         NAME    NUMBER
   2600      -8.7020E+01     5.6373E-02     1.7046E-01     N           5

 BOND    =        0.3666  ANGLE   =        1.5675  DIHED      =        0.0034
 VDWAALS =       -0.8819  EEL     =       -0.4992  HBOND      =        0.0000
 1-4 VDW =       -0.0381  1-4 EEL =      -87.5380  RESTRAINT  =        0.0000


   NSTEP       ENERGY          RMS            GMAX         NAME    NUMBER
   2650      -8.7021E+01     1.5474E-01     6.0383E-01     N          12

 BOND    =        0.3631  ANGLE   =        1.5701  DIHED      =        0.0034
 VDWAALS =       -0.8795  EEL     =       -0.5029  HBOND      =        0.0000
 1-4 VDW =       -0.0381  1-4 EEL =      -87.5375  RESTRAINT  =        0.0000


   NSTEP       ENERGY          RMS            GMAX         NAME    NUMBER
   2700      -8.7023E+01     5.5343E-02     1.2175E-01     N           5

 BOND    =        0.3686  ANGLE   =        1.5770  DIHED      =        0.0033
 VDWAALS =       -0.8794  EEL     =       -0.5055  HBOND      =        0.0000
 1-4 VDW =       -0.0382  1-4 EEL =      -87.5492  RESTRAINT  =        0.0000


   NSTEP       ENERGY          RMS            GMAX         NAME    NUMBER
   2750      -8.7025E+01     4.0480E-02     1.2690E-01     N           5

 BOND    =        0.3672  ANGLE   =        1.5787  DIHED      =        0.0033
 VDWAALS =       -0.8802  EEL     =       -0.5063  HBOND      =        0.0000
 1-4 VDW =       -0.0382  1-4 EEL =      -87.5496  RESTRAINT  =        0.0000


   NSTEP       ENERGY          RMS            GMAX         NAME    NUMBER
   2800      -8.7028E+01     3.6844E-02     7.2046E-02     H           9

 BOND    =        0.3664  ANGLE   =        1.5827  DIHED      =        0.0033
 VDWAALS =       -0.8808  EEL     =       -0.5085  HBOND      =        0.0000
 1-4 VDW =       -0.0382  1-4 EEL =      -87.5524  RESTRAINT  =        0.0000


   NSTEP       ENERGY          RMS            GMAX         NAME    NUMBER
   2850      -8.7030E+01     6.1974E-02     1.5765E-01     H3         13

 BOND    =        0.3658  ANGLE   =        1.5869  DIHED      =        0.0033
 VDWAALS =       -0.8816  EEL     =       -0.5100  HBOND      =        0.0000
 1-4 VDW =       -0.0382  1-4 EEL =      -87.5557  RESTRAINT  =        0.0000


   NSTEP       ENERGY          RMS            GMAX         NAME    NUMBER
   2900      -8.7034E+01     1.0963E-01     3.6925E-01     N           5

 BOND    =        0.3706  ANGLE   =        1.5940  DIHED      =        0.0034
 VDWAALS =       -0.8828  EEL     =       -0.5130  HBOND      =        0.0000
 1-4 VDW =       -0.0382  1-4 EEL =      -87.5676  RESTRAINT  =        0.0000


   NSTEP       ENERGY          RMS            GMAX         NAME    NUMBER
   2950      -8.7038E+01     9.0823E-02     3.2970E-01     N          12

 BOND    =        0.3783  ANGLE   =        1.6125  DIHED      =        0.0034
 VDWAALS =       -0.8853  EEL     =       -0.5160  HBOND      =        0.0000
 1-4 VDW =       -0.0383  1-4 EEL =      -87.5923  RESTRAINT  =        0.0000


   NSTEP       ENERGY          RMS            GMAX         NAME    NUMBER
   3000      -8.7056E+01     6.0105E-01     1.3501E+00     H3          6

 BOND    =        0.3090  ANGLE   =        1.5997  DIHED      =        0.0049
 VDWAALS =       -0.8949  EEL     =       -0.5363  HBOND      =        0.0000
 1-4 VDW =       -0.0381  1-4 EEL =      -87.5004  RESTRAINT  =        0.0000


   NSTEP       ENERGY          RMS            GMAX         NAME    NUMBER
   3050      -8.7089E+01     3.5212E-01     9.8676E-01     H4          7

 BOND    =        0.3673  ANGLE   =        1.5884  DIHED      =        0.0046
 VDWAALS =       -0.8932  EEL     =       -0.5699  HBOND      =        0.0000
 1-4 VDW =       -0.0382  1-4 EEL =      -87.5479  RESTRAINT  =        0.0000


   NSTEP       ENERGY          RMS            GMAX         NAME    NUMBER
   3100      -8.7115E+01     1.8343E-01     3.7072E-01     N           5

 BOND    =        0.3679  ANGLE   =        1.5795  DIHED      =        0.0054
 VDWAALS =       -0.9210  EEL     =       -0.5615  HBOND      =        0.0000
 1-4 VDW =       -0.0382  1-4 EEL =      -87.5467  RESTRAINT  =        0.0000


   NSTEP       ENERGY          RMS            GMAX         NAME    NUMBER
   3150      -8.7154E+01     1.1334E+00     4.1861E+00     Si          1

 BOND    =        0.3079  ANGLE   =        1.7260  DIHED      =        0.0065
 VDWAALS =       -0.9499  EEL     =       -0.6101  HBOND      =        0.0000
 1-4 VDW =       -0.0383  1-4 EEL =      -87.5959  RESTRAINT  =        0.0000


   NSTEP       ENERGY          RMS            GMAX         NAME    NUMBER
   3200      -8.7230E+01     1.0060E+00     3.6073E+00     N          12

 BOND    =        0.3135  ANGLE   =        1.4851  DIHED      =        0.0078
 VDWAALS =       -0.9722  EEL     =       -0.6589  HBOND      =        0.0000
 1-4 VDW =       -0.0378  1-4 EEL =      -87.3671  RESTRAINT  =        0.0000


   NSTEP       ENERGY          RMS            GMAX         NAME    NUMBER
   3250      -8.7340E+01     6.3587E-01     1.8609E+00     H2          4

 BOND    =        0.2575  ANGLE   =        1.4560  DIHED      =        0.0120
 VDWAALS =       -1.0321  EEL     =       -0.7184  HBOND      =        0.0000
 1-4 VDW =       -0.0375  1-4 EEL =      -87.2775  RESTRAINT  =        0.0000


   NSTEP       ENERGY          RMS            GMAX         NAME    NUMBER
   3300      -8.7461E+01     5.6275E-01     1.8555E+00     Si          1

 BOND    =        0.3267  ANGLE   =        1.4751  DIHED      =        0.0123
 VDWAALS =       -1.0668  EEL     =       -0.7850  HBOND      =        0.0000
 1-4 VDW =       -0.0378  1-4 EEL =      -87.3853  RESTRAINT  =        0.0000


   NSTEP       ENERGY          RMS            GMAX         NAME    NUMBER
   3350      -8.7570E+01     1.5400E+00     5.2432E+00     N           5

 BOND    =        0.2479  ANGLE   =        1.3879  DIHED      =        0.0183
 VDWAALS =       -1.0911  EEL     =       -0.9339  HBOND      =        0.0000
 1-4 VDW =       -0.0373  1-4 EEL =      -87.1621  RESTRAINT  =        0.0000


   NSTEP       ENERGY          RMS            GMAX         NAME    NUMBER
   3400      -8.7743E+01     4.7360E-01     1.2922E+00     Si          8

 BOND    =        0.3511  ANGLE   =        1.5005  DIHED      =        0.0116
 VDWAALS =       -1.0802  EEL     =       -1.0585  HBOND      =        0.0000
 1-4 VDW =       -0.0379  1-4 EEL =      -87.4296  RESTRAINT  =        0.0000


   NSTEP       ENERGY          RMS            GMAX         NAME    NUMBER
   3450      -8.7795E+01     2.9839E-01     6.9984E-01     Si          1

 BOND    =        0.3580  ANGLE   =        1.6030  DIHED      =        0.0122
 VDWAALS =       -1.0554  EEL     =       -1.1319  HBOND      =        0.0000
 1-4 VDW =       -0.0382  1-4 EEL =      -87.5427  RESTRAINT  =        0.0000


   NSTEP       ENERGY          RMS            GMAX         NAME    NUMBER
   3500      -8.7816E+01     1.5729E-01     3.3330E-01     H2         11

 BOND    =        0.3690  ANGLE   =        1.6335  DIHED      =        0.0132
 VDWAALS =       -1.0422  EEL     =       -1.1688  HBOND      =        0.0000
 1-4 VDW =       -0.0383  1-4 EEL =      -87.5827  RESTRAINT  =        0.0000


   NSTEP       ENERGY          RMS            GMAX         NAME    NUMBER
   3550      -8.7828E+01     1.3640E-01     3.3041E-01     H3         13

 BOND    =        0.3732  ANGLE   =        1.6501  DIHED      =        0.0147
 VDWAALS =       -1.0313  EEL     =       -1.1968  HBOND      =        0.0000
 1-4 VDW =       -0.0383  1-4 EEL =      -87.5993  RESTRAINT  =        0.0000


   NSTEP       ENERGY          RMS            GMAX         NAME    NUMBER
   3600      -8.7835E+01     9.7488E-02     1.9245E-01     N           5

 BOND    =        0.3677  ANGLE   =        1.6424  DIHED      =        0.0160
 VDWAALS =       -1.0192  EEL     =       -1.2141  HBOND      =        0.0000
 1-4 VDW =       -0.0383  1-4 EEL =      -87.5896  RESTRAINT  =        0.0000


   NSTEP       ENERGY          RMS            GMAX         NAME    NUMBER
   3650      -8.7841E+01     2.2621E-01     9.6940E-01     N          12

 BOND    =        0.3830  ANGLE   =        1.6475  DIHED      =        0.0177
 VDWAALS =       -1.0110  EEL     =       -1.2306  HBOND      =        0.0000
 1-4 VDW =       -0.0383  1-4 EEL =      -87.6096  RESTRAINT  =        0.0000


   NSTEP       ENERGY          RMS            GMAX         NAME    NUMBER
   3700      -8.7846E+01     9.3486E-02     2.0972E-01     N           5

 BOND    =        0.3723  ANGLE   =        1.6337  DIHED      =        0.0190
 VDWAALS =       -1.0032  EEL     =       -1.2453  HBOND      =        0.0000
 1-4 VDW =       -0.0383  1-4 EEL =      -87.5845  RESTRAINT  =        0.0000


   NSTEP       ENERGY          RMS            GMAX         NAME    NUMBER
   3750      -8.7849E+01     8.5879E-02     2.3918E-01     N          12

 BOND    =        0.3789  ANGLE   =        1.6580  DIHED      =        0.0197
 VDWAALS =       -1.0026  EEL     =       -1.2527  HBOND      =        0.0000
 1-4 VDW =       -0.0383  1-4 EEL =      -87.6121  RESTRAINT  =        0.0000


   NSTEP       ENERGY          RMS            GMAX         NAME    NUMBER
   3800      -8.7852E+01     4.5293E-02     1.0556E-01     N          12

 BOND    =        0.3844  ANGLE   =        1.6594  DIHED      =        0.0207
 VDWAALS =       -0.9993  EEL     =       -1.2583  HBOND      =        0.0000
 1-4 VDW =       -0.0383  1-4 EEL =      -87.6202  RESTRAINT  =        0.0000


   NSTEP       ENERGY          RMS            GMAX         NAME    NUMBER
   3850      -8.7853E+01     8.9143E-02     3.3828E-01     N          12

 BOND    =        0.3815  ANGLE   =        1.6593  DIHED      =        0.0215
 VDWAALS =       -0.9967  EEL     =       -1.2636  HBOND      =        0.0000
 1-4 VDW =       -0.0383  1-4 EEL =      -87.6169  RESTRAINT  =        0.0000


   NSTEP       ENERGY          RMS            GMAX         NAME    NUMBER
   3900      -8.7855E+01     1.5581E-02     3.6993E-02     H3          6

 BOND    =        0.3806  ANGLE   =        1.6543  DIHED      =        0.0220
 VDWAALS =       -0.9942  EEL     =       -1.2671  HBOND      =        0.0000
 1-4 VDW =       -0.0383  1-4 EEL =      -87.6120  RESTRAINT  =        0.0000


   NSTEP       ENERGY          RMS            GMAX         NAME    NUMBER
   3950      -8.7856E+01     3.2277E-02     1.0811E-01     N           5

 BOND    =        0.3813  ANGLE   =        1.6493  DIHED      =        0.0223
 VDWAALS =       -0.9915  EEL     =       -1.2710  HBOND      =        0.0000
 1-4 VDW =       -0.0383  1-4 EEL =      -87.6078  RESTRAINT  =        0.0000


   NSTEP       ENERGY          RMS            GMAX         NAME    NUMBER
   4000      -8.7857E+01     1.0040E-02     2.0600E-02     H1          3

 BOND    =        0.3816  ANGLE   =        1.6506  DIHED      =        0.0227
 VDWAALS =       -0.9898  EEL     =       -1.2740  HBOND      =        0.0000
 1-4 VDW =       -0.0383  1-4 EEL =      -87.6094  RESTRAINT  =        0.0000


   NSTEP       ENERGY          RMS            GMAX         NAME    NUMBER
   4050      -8.7857E+01     4.7362E-03     1.1137E-02     H           9

 BOND    =        0.3809  ANGLE   =        1.6496  DIHED      =        0.0231
 VDWAALS =       -0.9860  EEL     =       -1.2788  HBOND      =        0.0000
 1-4 VDW =       -0.0383  1-4 EEL =      -87.6079  RESTRAINT  =        0.0000


   NSTEP       ENERGY          RMS            GMAX         NAME    NUMBER
   4100      -8.7857E+01     8.8085E-03     2.4253E-02     H           9

 BOND    =        0.3813  ANGLE   =        1.6510  DIHED      =        0.0230
 VDWAALS =       -0.9848  EEL     =       -1.2799  HBOND      =        0.0000
 1-4 VDW =       -0.0383  1-4 EEL =      -87.6097  RESTRAINT  =        0.0000


   NSTEP       ENERGY          RMS            GMAX         NAME    NUMBER
   4150      -8.7858E+01     5.4404E-02     1.1835E-01     H4         14

 BOND    =        0.3732  ANGLE   =        1.6371  DIHED      =        0.0230
 VDWAALS =       -0.9812  EEL     =       -1.2830  HBOND      =        0.0000
 1-4 VDW =       -0.0383  1-4 EEL =      -87.5885  RESTRAINT  =        0.0000


   NSTEP       ENERGY          RMS            GMAX         NAME    NUMBER
   4200      -8.7858E+01     2.5909E-02     6.7295E-02     H4         14

 BOND    =        0.3792  ANGLE   =        1.6491  DIHED      =        0.0229
 VDWAALS =       -0.9800  EEL     =       -1.2851  HBOND      =        0.0000
 1-4 VDW =       -0.0383  1-4 EEL =      -87.6057  RESTRAINT  =        0.0000


   NSTEP       ENERGY          RMS            GMAX         NAME    NUMBER
   4250      -8.7858E+01     1.0357E-02     2.4388E-02     N          12

 BOND    =        0.3800  ANGLE   =        1.6480  DIHED      =        0.0229
 VDWAALS =       -0.9796  EEL     =       -1.2853  HBOND      =        0.0000
 1-4 VDW =       -0.0383  1-4 EEL =      -87.6057  RESTRAINT  =        0.0000


   NSTEP       ENERGY          RMS            GMAX         NAME    NUMBER
   4300      -8.7858E+01     9.0878E-03     2.9539E-02     N           5

 BOND    =        0.3806  ANGLE   =        1.6487  DIHED      =        0.0229
 VDWAALS =       -0.9793  EEL     =       -1.2857  HBOND      =        0.0000
 1-4 VDW =       -0.0383  1-4 EEL =      -87.6069  RESTRAINT  =        0.0000


   NSTEP       ENERGY          RMS            GMAX         NAME    NUMBER
   4350      -8.7858E+01     4.2844E-03     1.2342E-02     N           5

 BOND    =        0.3803  ANGLE   =        1.6507  DIHED      =        0.0228
 VDWAALS =       -0.9788  EEL     =       -1.2865  HBOND      =        0.0000
 1-4 VDW =       -0.0383  1-4 EEL =      -87.6082  RESTRAINT  =        0.0000


   NSTEP       ENERGY          RMS            GMAX         NAME    NUMBER
   4400      -8.7858E+01     6.5295E-03     2.0813E-02     N           5

 BOND    =        0.3804  ANGLE   =        1.6504  DIHED      =        0.0228
 VDWAALS =       -0.9782  EEL     =       -1.2871  HBOND      =        0.0000
 1-4 VDW =       -0.0383  1-4 EEL =      -87.6081  RESTRAINT  =        0.0000


   NSTEP       ENERGY          RMS            GMAX         NAME    NUMBER
   4450      -8.7858E+01     5.2822E-03     2.0054E-02     N          12

 BOND    =        0.3804  ANGLE   =        1.6507  DIHED      =        0.0228
 VDWAALS =       -0.9780  EEL     =       -1.2874  HBOND      =        0.0000
 1-4 VDW =       -0.0383  1-4 EEL =      -87.6083  RESTRAINT  =        0.0000


   NSTEP       ENERGY          RMS            GMAX         NAME    NUMBER
   4500      -8.7858E+01     1.0150E-02     3.1008E-02     N          12

 BOND    =        0.3802  ANGLE   =        1.6514  DIHED      =        0.0228
 VDWAALS =       -0.9776  EEL     =       -1.2879  HBOND      =        0.0000
 1-4 VDW =       -0.0383  1-4 EEL =      -87.6088  RESTRAINT  =        0.0000


   NSTEP       ENERGY          RMS            GMAX         NAME    NUMBER
   4550      -8.7858E+01     2.2339E-03     4.8136E-03     H3         13

 BOND    =        0.3805  ANGLE   =        1.6508  DIHED      =        0.0228
 VDWAALS =       -0.9773  EEL     =       -1.2882  HBOND      =        0.0000
 1-4 VDW =       -0.0383  1-4 EEL =      -87.6085  RESTRAINT  =        0.0000


   NSTEP       ENERGY          RMS            GMAX         NAME    NUMBER
   4600      -8.7858E+01     1.7353E-03     4.2516E-03     H3         13

 BOND    =        0.3804  ANGLE   =        1.6510  DIHED      =        0.0228
 VDWAALS =       -0.9769  EEL     =       -1.2885  HBOND      =        0.0000
 1-4 VDW =       -0.0383  1-4 EEL =      -87.6086  RESTRAINT  =        0.0000


   NSTEP       ENERGY          RMS            GMAX         NAME    NUMBER
   4650      -8.7858E+01     2.5021E-03     8.4797E-03     N          12

 BOND    =        0.3802  ANGLE   =        1.6512  DIHED      =        0.0228
 VDWAALS =       -0.9766  EEL     =       -1.2888  HBOND      =        0.0000
 1-4 VDW =       -0.0383  1-4 EEL =      -87.6087  RESTRAINT  =        0.0000


   NSTEP       ENERGY          RMS            GMAX         NAME    NUMBER
   4700      -8.7858E+01     5.5536E-03     1.2997E-02     N           5

 BOND    =        0.3804  ANGLE   =        1.6512  DIHED      =        0.0228
 VDWAALS =       -0.9764  EEL     =       -1.2891  HBOND      =        0.0000
 1-4 VDW =       -0.0383  1-4 EEL =      -87.6088  RESTRAINT  =        0.0000


   NSTEP       ENERGY          RMS            GMAX         NAME    NUMBER
   4750      -8.7858E+01     1.2180E-03     2.4672E-03     H1          3

 BOND    =        0.3804  ANGLE   =        1.6512  DIHED      =        0.0228
 VDWAALS =       -0.9762  EEL     =       -1.2893  HBOND      =        0.0000
 1-4 VDW =       -0.0383  1-4 EEL =      -87.6088  RESTRAINT  =        0.0000


   NSTEP       ENERGY          RMS            GMAX         NAME    NUMBER
   4800      -8.7858E+01     1.8068E-03     4.4966E-03     Si          1

 BOND    =        0.3804  ANGLE   =        1.6513  DIHED      =        0.0228
 VDWAALS =       -0.9759  EEL     =       -1.2896  HBOND      =        0.0000
 1-4 VDW =       -0.0383  1-4 EEL =      -87.6089  RESTRAINT  =        0.0000


   NSTEP       ENERGY          RMS            GMAX         NAME    NUMBER
   4850      -8.7858E+01     4.2195E-03     1.1789E-02     N           5

 BOND    =        0.3806  ANGLE   =        1.6513  DIHED      =        0.0228
 VDWAALS =       -0.9754  EEL     =       -1.2900  HBOND      =        0.0000
 1-4 VDW =       -0.0383  1-4 EEL =      -87.6093  RESTRAINT  =        0.0000


   NSTEP       ENERGY          RMS            GMAX         NAME    NUMBER
   4900      -8.7858E+01     2.9085E-03     8.0567E-03     H4         14

 BOND    =        0.3804  ANGLE   =        1.6516  DIHED      =        0.0227
 VDWAALS =       -0.9751  EEL     =       -1.2904  HBOND      =        0.0000
 1-4 VDW =       -0.0383  1-4 EEL =      -87.6092  RESTRAINT  =        0.0000


   NSTEP       ENERGY          RMS            GMAX         NAME    NUMBER
   4950      -8.7858E+01     2.5708E-03     6.6982E-03     Si          1

 BOND    =        0.3804  ANGLE   =        1.6519  DIHED      =        0.0227
 VDWAALS =       -0.9749  EEL     =       -1.2906  HBOND      =        0.0000
 1-4 VDW =       -0.0383  1-4 EEL =      -87.6094  RESTRAINT  =        0.0000


   NSTEP       ENERGY          RMS            GMAX         NAME    NUMBER
   5000      -8.7858E+01     1.8660E-03     5.2708E-03     H3         13

 BOND    =        0.3804  ANGLE   =        1.6519  DIHED      =        0.0227
 VDWAALS =       -0.9746  EEL     =       -1.2909  HBOND      =        0.0000
 1-4 VDW =       -0.0383  1-4 EEL =      -87.6094  RESTRAINT  =        0.0000


  Maximum number of minimization cycles reached.


                    FINAL RESULTS



   NSTEP       ENERGY          RMS            GMAX         NAME    NUMBER
   5000      -8.7858E+01     1.8660E-03     5.2708E-03     H3         13

 BOND    =        0.3804  ANGLE   =        1.6519  DIHED      =        0.0227
 VDWAALS =       -0.9746  EEL     =       -1.2909  HBOND      =        0.0000
 1-4 VDW =       -0.0383  1-4 EEL =      -87.6094  RESTRAINT  =        0.0000

--------------------------------------------------------------------------------
   5.  TIMINGS
--------------------------------------------------------------------------------

|    Read coords time           0.00 ( 0.26% of Total)
|                Build the list             0.00 ( 4.80% of List )
|                Other                      0.00 (95.20% of List )
|             List time                  0.00 ( 1.76% of Nonbo)
|                   Short_ene time             0.13 (94.70% of Direc)
|                   Other                      0.01 ( 5.30% of Direc)
|                Direct Ewald time          0.13 (84.22% of Ewald)
|                Force Adjust               0.00 ( 2.20% of Ewald)
|                Virial junk                0.00 ( 2.60% of Ewald)
|                Start synchronizatio       0.00 ( 2.07% of Ewald)
|                Other                      0.01 ( 8.92% of Ewald)
|             Ewald time                 0.16 (88.66% of Nonbo)
|             IPS excludes               0.00 ( 1.61% of Nonbo)
|             Other                      0.01 ( 7.97% of Nonbo)
|          Nonbond force              0.18 (80.34% of Force)
|          Bond/Angle/Dihedral        0.02 (10.81% of Force)
|          FRC Collect time           0.00 ( 1.29% of Force)
|          Other                      0.02 ( 7.56% of Force)
|       Force time                 0.22 (100.0% of Runmd)
|    Runmd Time                 0.22 (59.26% of Total)
|    Other                      0.15 (40.48% of Total)
| Total time                 0.38 (100.0% of ALL  )

| Highest rstack allocated:         35
| Highest istack allocated:          7

| Final Performance Info:
| -----------------------------------------------------
| Average timings for all steps:
|     Elapsed(s) =       0.37 Per Step(ms) =     373.07
|         ns/day =       0.23   seconds/ns =  373070.00
| -----------------------------------------------------

|           Job began  at 16:07:44.196  on 04/17/2021
|           Setup done at 16:07:44.202  on 04/17/2021
|           Run   done at 16:07:44.574  on 04/17/2021
|     wallclock() was called  125038 times
