
          -------------------------------------------------------
          Amber 12 SANDER                              2012
          -------------------------------------------------------

| Run on 04/17/2021 at 16:07:43
  [-O]verwriting output

File Assignments:
|  MDIN: mm.in                                                                 
| MDOUT: out/SiH3NH2_SiH3NH2.con2.out                                          
|INPCRD: ../MM_PES/inpcrd/SiH3NH2_SiH3NH2.con2.100.inpcrd                      
|  PARM: ../MM_PES/prmtop/SiH3NH2_SiH3NH2.con2.prmtop                          
|RESTRT: rst/SiH3NH2_SiH3NH2.con2.rst                                          
|  REFC: refc                                                                  
| MDVEL: mdvel                                                                 
|  MDEN: mden                                                                  
| MDCRD: mdcrd                                                                 
|MDINFO: mdinfo                                                                
|  MTMD: mtmd                                                                  
|INPDIP: inpdip                                                                
|RSTDIP: rstdip                                                                

|INPTRA: inptraj                                                               
|

 Here is the input file:

Minimization                                                                   
&cntrl                                                                         
 imin=1, maxcyc=5000,                                                          
 ntb=0,                                                                        
 ioutfm=0,                                                                     
 cut=99,                                                                       
/                                                                              

--------------------------------------------------------------------------------
   1.  RESOURCE   USE: 
--------------------------------------------------------------------------------

| Flags: MPI                                                                    
|    NONPERIODIC   ntb=0 and igb=0: Setting up nonperiodic simulation
|  *** cutoff > system size, list only builds once
|Largest sphere to fit in unit cell has radius =    31.490
| New format PARM file being parsed.
| Version =    1.000 Date = 04/17/21 Time = 16:02:40
 NATOM  =      14 NTYPES =       4 NBONH =      10 MBONA  =       2
 NTHETH =      18 MTHETA =       0 NPHIH =      12 MPHIA  =       0
 NHPARM =       0 NPARM  =       0 NNB   =      44 NRES   =       2
 NBONA  =       2 NTHETA =       0 NPHIA =       0 NUMBND =       3
 NUMANG =       4 NPTRA  =       1 NATYP =       4 NPHB   =       0
 IFBOX  =       0 NMXRS  =       7 IFCAP =       0 NEXTRA =       0
 NCOPY  =       0


|     Memory Use     Allocated
|     Real                2560
|     Hollerith             46
|     Integer            21039
|     Max Pairs             91
|     nblistReal           168
|     nblist Int        838131
|       Total             3377 kbytes

| Note: 1-4 EEL scale factors are being read from the topology file.

| Note: 1-4 VDW scale factors are being read from the topology file.
| Duplicated    0 dihedrals
| Duplicated    0 dihedrals

--------------------------------------------------------------------------------
   2.  CONTROL  DATA  FOR  THE  RUN
--------------------------------------------------------------------------------

default_name                                                                    

General flags:
     imin    =       1, nmropt  =       0

Nature and format of input:
     ntx     =       1, irest   =       0, ntrx    =       1

Nature and format of output:
     ntxo    =       1, ntpr    =      50, ntrx    =       1, ntwr    =     500
     iwrap   =       0, ntwx    =       0, ntwv    =       0, ntwe    =       0
     ioutfm  =       0, ntwprt  =       0, idecomp =       0, rbornstat=      0

Potential function:
     ntf     =       1, ntb     =       0, igb     =       0, nsnb    =      25
     ipol    =       0, gbsa    =       0, iesp    =       0
     dielc   =   1.00000, cut     =  99.00000, intdiel =   1.00000

Frozen or restrained atoms:
     ibelly  =       0, ntr     =       0

Energy minimization:
     maxcyc  =    5000, ncyc    =      10, ntmin   =       1
     dx0     =   0.01000, drms    =   0.00010

| MPI Timing options:
|      profile_mpi =        0
|  INFO: Old style inpcrd file read


--------------------------------------------------------------------------------
   3.  ATOMIC COORDINATES AND VELOCITIES
--------------------------------------------------------------------------------

default_name                                                                    
 begin time read from input coords =     0.000 ps

 Number of triangulated 3-point waters found:        0
|  Atom division among processors:
|         0      14

     Sum of charges from parm topology file =   0.00199800
     Forcing neutrality...
|  Running AMBER/MPI version on    1 nodes


--------------------------------------------------------------------------------
   4.  RESULTS
--------------------------------------------------------------------------------

 ---------------------------------------------------

     eedmeth=4: Setting switch to one everywhere

 ---------------------------------------------------
| Local SIZE OF NONBOND LIST =         49
| TOTAL SIZE OF NONBOND LIST =         49


   NSTEP       ENERGY          RMS            GMAX         NAME    NUMBER
      1      -8.7176E+01     5.5419E+00     1.6046E+01     N           5

 BOND    =        0.2869  ANGLE   =        1.6320  DIHED      =        0.1165
 VDWAALS =       -0.6699  EEL     =       -3.6890  HBOND      =        0.0000
 1-4 VDW =       -0.0315  1-4 EEL =      -84.8213  RESTRAINT  =        0.0000


   NSTEP       ENERGY          RMS            GMAX         NAME    NUMBER
     50      -9.0592E+01     1.6542E-01     4.4414E-01     H4         14

 BOND    =        0.3896  ANGLE   =        2.1009  DIHED      =        0.1722
 VDWAALS =       -0.1586  EEL     =       -5.1333  HBOND      =        0.0000
 1-4 VDW =       -0.0393  1-4 EEL =      -87.9232  RESTRAINT  =        0.0000


   NSTEP       ENERGY          RMS            GMAX         NAME    NUMBER
    100      -9.0631E+01     3.8873E-01     1.5224E+00     N           5

 BOND    =        0.3805  ANGLE   =        2.1105  DIHED      =        0.1100
 VDWAALS =       -0.1679  EEL     =       -5.1251  HBOND      =        0.0000
 1-4 VDW =       -0.0392  1-4 EEL =      -87.8994  RESTRAINT  =        0.0000


   NSTEP       ENERGY          RMS            GMAX         NAME    NUMBER
    150      -9.0655E+01     1.2919E-01     4.1207E-01     N          12

 BOND    =        0.3629  ANGLE   =        2.1130  DIHED      =        0.0856
 VDWAALS =       -0.1936  EEL     =       -5.0933  HBOND      =        0.0000
 1-4 VDW =       -0.0392  1-4 EEL =      -87.8905  RESTRAINT  =        0.0000


   NSTEP       ENERGY          RMS            GMAX         NAME    NUMBER
    200      -9.0674E+01     1.3032E-01     3.4405E-01     N           5

 BOND    =        0.3794  ANGLE   =        2.1145  DIHED      =        0.0715
 VDWAALS =       -0.2016  EEL     =       -5.0935  HBOND      =        0.0000
 1-4 VDW =       -0.0392  1-4 EEL =      -87.9054  RESTRAINT  =        0.0000


   NSTEP       ENERGY          RMS            GMAX         NAME    NUMBER
    250      -9.0697E+01     1.7619E-01     4.4561E-01     H4          7

 BOND    =        0.3797  ANGLE   =        2.1653  DIHED      =        0.0587
 VDWAALS =       -0.2034  EEL     =       -5.1115  HBOND      =        0.0000
 1-4 VDW =       -0.0393  1-4 EEL =      -87.9461  RESTRAINT  =        0.0000


   NSTEP       ENERGY          RMS            GMAX         NAME    NUMBER
    300      -9.0720E+01     3.2227E-01     1.0573E+00     Si          1

 BOND    =        0.3882  ANGLE   =        2.1169  DIHED      =        0.0519
 VDWAALS =       -0.2246  EEL     =       -5.1028  HBOND      =        0.0000
 1-4 VDW =       -0.0392  1-4 EEL =      -87.9108  RESTRAINT  =        0.0000


   NSTEP       ENERGY          RMS            GMAX         NAME    NUMBER
    350      -9.0744E+01     8.6749E-01     2.2090E+00     Si          1

 BOND    =        0.3071  ANGLE   =        2.2606  DIHED      =        0.0431
 VDWAALS =       -0.2626  EEL     =       -5.1069  HBOND      =        0.0000
 1-4 VDW =       -0.0393  1-4 EEL =      -87.9463  RESTRAINT  =        0.0000


   NSTEP       ENERGY          RMS            GMAX         NAME    NUMBER
    400      -9.0780E+01     2.2846E-01     5.8854E-01     N          12

 BOND    =        0.3966  ANGLE   =        2.1675  DIHED      =        0.0220
 VDWAALS =       -0.1483  EEL     =       -5.2168  HBOND      =        0.0000
 1-4 VDW =       -0.0393  1-4 EEL =      -87.9617  RESTRAINT  =        0.0000


   NSTEP       ENERGY          RMS            GMAX         NAME    NUMBER
    450      -9.0793E+01     1.3503E-01     3.3383E-01     H           9

 BOND    =        0.3878  ANGLE   =        2.1335  DIHED      =        0.0175
 VDWAALS =       -0.1488  EEL     =       -5.2102  HBOND      =        0.0000
 1-4 VDW =       -0.0392  1-4 EEL =      -87.9331  RESTRAINT  =        0.0000


   NSTEP       ENERGY          RMS            GMAX         NAME    NUMBER
    500      -9.0802E+01     1.2657E-01     2.9844E-01     N          12

 BOND    =        0.3912  ANGLE   =        2.1313  DIHED      =        0.0151
 VDWAALS =       -0.1500  EEL     =       -5.2201  HBOND      =        0.0000
 1-4 VDW =       -0.0392  1-4 EEL =      -87.9307  RESTRAINT  =        0.0000


   NSTEP       ENERGY          RMS            GMAX         NAME    NUMBER
    550      -9.0810E+01     2.1641E-01     7.1135E-01     N           5

 BOND    =        0.4024  ANGLE   =        2.1099  DIHED      =        0.0133
 VDWAALS =       -0.1610  EEL     =       -5.2188  HBOND      =        0.0000
 1-4 VDW =       -0.0392  1-4 EEL =      -87.9167  RESTRAINT  =        0.0000


   NSTEP       ENERGY          RMS            GMAX         NAME    NUMBER
    600      -9.0815E+01     6.5061E-02     1.7561E-01     H3         13

 BOND    =        0.3937  ANGLE   =        2.0811  DIHED      =        0.0124
 VDWAALS =       -0.1618  EEL     =       -5.2134  HBOND      =        0.0000
 1-4 VDW =       -0.0391  1-4 EEL =      -87.8878  RESTRAINT  =        0.0000


   NSTEP       ENERGY          RMS            GMAX         NAME    NUMBER
    650      -9.0819E+01     5.9362E-02     2.3561E-01     Si          8

 BOND    =        0.3871  ANGLE   =        2.0453  DIHED      =        0.0116
 VDWAALS =       -0.1656  EEL     =       -5.2124  HBOND      =        0.0000
 1-4 VDW =       -0.0390  1-4 EEL =      -87.8459  RESTRAINT  =        0.0000


   NSTEP       ENERGY          RMS            GMAX         NAME    NUMBER
    700      -9.0828E+01     2.9293E-01     1.0112E+00     Si          8

 BOND    =        0.3953  ANGLE   =        2.1115  DIHED      =        0.0083
 VDWAALS =       -0.1922  EEL     =       -5.1885  HBOND      =        0.0000
 1-4 VDW =       -0.0392  1-4 EEL =      -87.9230  RESTRAINT  =        0.0000


   NSTEP       ENERGY          RMS            GMAX         NAME    NUMBER
    750      -9.0845E+01     2.9013E-01     7.3775E-01     H3          6

 BOND    =        0.4011  ANGLE   =        2.0405  DIHED      =        0.0054
 VDWAALS =       -0.1774  EEL     =       -5.2080  HBOND      =        0.0000
 1-4 VDW =       -0.0390  1-4 EEL =      -87.8675  RESTRAINT  =        0.0000


   NSTEP       ENERGY          RMS            GMAX         NAME    NUMBER
    800      -9.0854E+01     5.4669E-02     1.2261E-01     Si          8

 BOND    =        0.3928  ANGLE   =        2.0489  DIHED      =        0.0103
 VDWAALS =       -0.2669  EEL     =       -5.1461  HBOND      =        0.0000
 1-4 VDW =       -0.0390  1-4 EEL =      -87.8543  RESTRAINT  =        0.0000


   NSTEP       ENERGY          RMS            GMAX         NAME    NUMBER
    850      -9.0857E+01     4.2649E-02     1.1316E-01     H4         14

 BOND    =        0.3882  ANGLE   =        2.0631  DIHED      =        0.0094
 VDWAALS =       -0.2818  EEL     =       -5.1369  HBOND      =        0.0000
 1-4 VDW =       -0.0390  1-4 EEL =      -87.8603  RESTRAINT  =        0.0000


   NSTEP       ENERGY          RMS            GMAX         NAME    NUMBER
    900      -9.0859E+01     3.8848E-02     9.3166E-02     H1          3

 BOND    =        0.3885  ANGLE   =        2.0678  DIHED      =        0.0081
 VDWAALS =       -0.2550  EEL     =       -5.1650  HBOND      =        0.0000
 1-4 VDW =       -0.0390  1-4 EEL =      -87.8647  RESTRAINT  =        0.0000


   NSTEP       ENERGY          RMS            GMAX         NAME    NUMBER
    950      -9.0872E+01     3.3818E-02     7.3995E-02     N           5

 BOND    =        0.3879  ANGLE   =        2.0547  DIHED      =        0.0086
 VDWAALS =       -0.2826  EEL     =       -5.1470  HBOND      =        0.0000
 1-4 VDW =       -0.0390  1-4 EEL =      -87.8542  RESTRAINT  =        0.0000


   NSTEP       ENERGY          RMS            GMAX         NAME    NUMBER
   1000      -9.0878E+01     6.4735E-02     1.9636E-01     N          12

 BOND    =        0.3904  ANGLE   =        2.0583  DIHED      =        0.0089
 VDWAALS =       -0.2911  EEL     =       -5.1478  HBOND      =        0.0000
 1-4 VDW =       -0.0390  1-4 EEL =      -87.8577  RESTRAINT  =        0.0000


   NSTEP       ENERGY          RMS            GMAX         NAME    NUMBER
   1050      -9.0885E+01     8.0369E-02     2.4681E-01     Si          8

 BOND    =        0.3877  ANGLE   =        2.0557  DIHED      =        0.0093
 VDWAALS =       -0.3008  EEL     =       -5.1446  HBOND      =        0.0000
 1-4 VDW =       -0.0390  1-4 EEL =      -87.8531  RESTRAINT  =        0.0000


   NSTEP       ENERGY          RMS            GMAX         NAME    NUMBER
   1100      -9.0895E+01     4.5676E-02     1.3375E-01     N          12

 BOND    =        0.3926  ANGLE   =        2.0566  DIHED      =        0.0104
 VDWAALS =       -0.3185  EEL     =       -5.1378  HBOND      =        0.0000
 1-4 VDW =       -0.0390  1-4 EEL =      -87.8590  RESTRAINT  =        0.0000


   NSTEP       ENERGY          RMS            GMAX         NAME    NUMBER
   1150      -9.0910E+01     7.4183E-02     2.7566E-01     Si          8

 BOND    =        0.3911  ANGLE   =        2.0697  DIHED      =        0.0118
 VDWAALS =       -0.3496  EEL     =       -5.1284  HBOND      =        0.0000
 1-4 VDW =       -0.0390  1-4 EEL =      -87.8661  RESTRAINT  =        0.0000


   NSTEP       ENERGY          RMS            GMAX         NAME    NUMBER
   1200      -9.0920E+01     4.5839E-02     9.2476E-02     H2          4

 BOND    =        0.3927  ANGLE   =        2.0718  DIHED      =        0.0138
 VDWAALS =       -0.3605  EEL     =       -5.1265  HBOND      =        0.0000
 1-4 VDW =       -0.0390  1-4 EEL =      -87.8724  RESTRAINT  =        0.0000


   NSTEP       ENERGY          RMS            GMAX         NAME    NUMBER
   1250      -9.0927E+01     4.3293E-02     1.0099E-01     H2         11

 BOND    =        0.3869  ANGLE   =        2.0716  DIHED      =        0.0153
 VDWAALS =       -0.3724  EEL     =       -5.1219  HBOND      =        0.0000
 1-4 VDW =       -0.0390  1-4 EEL =      -87.8676  RESTRAINT  =        0.0000


   NSTEP       ENERGY          RMS            GMAX         NAME    NUMBER
   1300      -9.0936E+01     5.4551E-02     1.4664E-01     Si          1

 BOND    =        0.3851  ANGLE   =        2.0687  DIHED      =        0.0160
 VDWAALS =       -0.3900  EEL     =       -5.1116  HBOND      =        0.0000
 1-4 VDW =       -0.0390  1-4 EEL =      -87.8654  RESTRAINT  =        0.0000


   NSTEP       ENERGY          RMS            GMAX         NAME    NUMBER
   1350      -9.0953E+01     4.0676E-02     1.0227E-01     H4          7

 BOND    =        0.3861  ANGLE   =        2.0737  DIHED      =        0.0190
 VDWAALS =       -0.4015  EEL     =       -5.1189  HBOND      =        0.0000
 1-4 VDW =       -0.0390  1-4 EEL =      -87.8724  RESTRAINT  =        0.0000


   NSTEP       ENERGY          RMS            GMAX         NAME    NUMBER
   1400      -9.0965E+01     8.0426E-02     2.1858E-01     Si          1

 BOND    =        0.3845  ANGLE   =        2.0828  DIHED      =        0.0208
 VDWAALS =       -0.4164  EEL     =       -5.1204  HBOND      =        0.0000
 1-4 VDW =       -0.0390  1-4 EEL =      -87.8777  RESTRAINT  =        0.0000


   NSTEP       ENERGY          RMS            GMAX         NAME    NUMBER
   1450      -9.0973E+01     9.8993E-02     3.2473E-01     Si          1

 BOND    =        0.3844  ANGLE   =        2.0771  DIHED      =        0.0216
 VDWAALS =       -0.4266  EEL     =       -5.1156  HBOND      =        0.0000
 1-4 VDW =       -0.0390  1-4 EEL =      -87.8746  RESTRAINT  =        0.0000


   NSTEP       ENERGY          RMS            GMAX         NAME    NUMBER
   1500      -9.0981E+01     1.9508E-01     6.2610E-01     N          12

 BOND    =        0.3847  ANGLE   =        2.0707  DIHED      =        0.0231
 VDWAALS =       -0.4414  EEL     =       -5.1009  HBOND      =        0.0000
 1-4 VDW =       -0.0391  1-4 EEL =      -87.8777  RESTRAINT  =        0.0000


   NSTEP       ENERGY          RMS            GMAX         NAME    NUMBER
   1550      -9.0989E+01     1.5099E-01     3.8512E-01     H4         14

 BOND    =        0.3862  ANGLE   =        2.1134  DIHED      =        0.0287
 VDWAALS =       -0.4856  EEL     =       -5.0782  HBOND      =        0.0000
 1-4 VDW =       -0.0392  1-4 EEL =      -87.9147  RESTRAINT  =        0.0000


   NSTEP       ENERGY          RMS            GMAX         NAME    NUMBER
   1600      -9.0999E+01     1.4242E-01     3.8035E-01     H3         13

 BOND    =        0.3835  ANGLE   =        2.1101  DIHED      =        0.0283
 VDWAALS =       -0.4968  EEL     =       -5.0767  HBOND      =        0.0000
 1-4 VDW =       -0.0391  1-4 EEL =      -87.9083  RESTRAINT  =        0.0000


   NSTEP       ENERGY          RMS            GMAX         NAME    NUMBER
   1650      -9.1010E+01     9.5195E-02     2.2110E-01     H4         14

 BOND    =        0.3822  ANGLE   =        2.1264  DIHED      =        0.0309
 VDWAALS =       -0.5355  EEL     =       -5.0559  HBOND      =        0.0000
 1-4 VDW =       -0.0392  1-4 EEL =      -87.9192  RESTRAINT  =        0.0000


   NSTEP       ENERGY          RMS            GMAX         NAME    NUMBER
   1700      -9.1032E+01     3.7264E-01     8.4655E-01     H3          6

 BOND    =        0.3791  ANGLE   =        2.1585  DIHED      =        0.0363
 VDWAALS =       -0.5979  EEL     =       -5.0334  HBOND      =        0.0000
 1-4 VDW =       -0.0392  1-4 EEL =      -87.9357  RESTRAINT  =        0.0000


   NSTEP       ENERGY          RMS            GMAX         NAME    NUMBER
   1750      -9.1060E+01     1.6314E-01     4.2608E-01     Si          8

 BOND    =        0.3729  ANGLE   =        2.1591  DIHED      =        0.0365
 VDWAALS =       -0.6363  EEL     =       -5.0176  HBOND      =        0.0000
 1-4 VDW =       -0.0392  1-4 EEL =      -87.9358  RESTRAINT  =        0.0000


   NSTEP       ENERGY          RMS            GMAX         NAME    NUMBER
   1800      -9.1086E+01     2.0577E-01     5.8821E-01     H3          6

 BOND    =        0.3724  ANGLE   =        2.1629  DIHED      =        0.0321
 VDWAALS =       -0.6435  EEL     =       -5.0299  HBOND      =        0.0000
 1-4 VDW =       -0.0392  1-4 EEL =      -87.9404  RESTRAINT  =        0.0000


   NSTEP       ENERGY          RMS            GMAX         NAME    NUMBER
   1850      -9.1110E+01     2.2179E-01     5.4072E-01     Si          1

 BOND    =        0.3673  ANGLE   =        2.1644  DIHED      =        0.0200
 VDWAALS =       -0.6177  EEL     =       -5.0727  HBOND      =        0.0000
 1-4 VDW =       -0.0392  1-4 EEL =      -87.9317  RESTRAINT  =        0.0000


   NSTEP       ENERGY          RMS            GMAX         NAME    NUMBER
   1900      -9.1122E+01     1.6381E-01     4.8292E-01     N          12

 BOND    =        0.3707  ANGLE   =        2.1485  DIHED      =        0.0162
 VDWAALS =       -0.5985  EEL     =       -5.0903  HBOND      =        0.0000
 1-4 VDW =       -0.0392  1-4 EEL =      -87.9296  RESTRAINT  =        0.0000


   NSTEP       ENERGY          RMS            GMAX         NAME    NUMBER
   1950      -9.1127E+01     1.7800E-01     4.9736E-01     N           5

 BOND    =        0.3766  ANGLE   =        2.1484  DIHED      =        0.0137
 VDWAALS =       -0.6216  EEL     =       -5.0714  HBOND      =        0.0000
 1-4 VDW =       -0.0392  1-4 EEL =      -87.9337  RESTRAINT  =        0.0000


   NSTEP       ENERGY          RMS            GMAX         NAME    NUMBER
   2000      -9.1130E+01     7.9931E-02     2.4153E-01     Si          1

 BOND    =        0.3804  ANGLE   =        2.1346  DIHED      =        0.0118
 VDWAALS =       -0.6369  EEL     =       -5.0574  HBOND      =        0.0000
 1-4 VDW =       -0.0392  1-4 EEL =      -87.9233  RESTRAINT  =        0.0000


   NSTEP       ENERGY          RMS            GMAX         NAME    NUMBER
   2050      -9.1131E+01     2.9245E-02     7.1994E-02     Si          1

 BOND    =        0.3819  ANGLE   =        2.1342  DIHED      =        0.0104
 VDWAALS =       -0.6321  EEL     =       -5.0622  HBOND      =        0.0000
 1-4 VDW =       -0.0392  1-4 EEL =      -87.9242  RESTRAINT  =        0.0000


   NSTEP       ENERGY          RMS            GMAX         NAME    NUMBER
   2100      -9.1132E+01     4.5448E-02     1.1082E-01     Si          1

 BOND    =        0.3811  ANGLE   =        2.1303  DIHED      =        0.0097
 VDWAALS =       -0.6378  EEL     =       -5.0571  HBOND      =        0.0000
 1-4 VDW =       -0.0392  1-4 EEL =      -87.9190  RESTRAINT  =        0.0000


   NSTEP       ENERGY          RMS            GMAX         NAME    NUMBER
   2150      -9.1133E+01     2.7420E-02     6.4171E-02     H3         13

 BOND    =        0.3777  ANGLE   =        2.1291  DIHED      =        0.0091
 VDWAALS =       -0.6414  EEL     =       -5.0513  HBOND      =        0.0000
 1-4 VDW =       -0.0391  1-4 EEL =      -87.9165  RESTRAINT  =        0.0000


   NSTEP       ENERGY          RMS            GMAX         NAME    NUMBER
   2200      -9.1133E+01     3.5903E-02     8.5135E-02     Si          8

 BOND    =        0.3816  ANGLE   =        2.1340  DIHED      =        0.0085
 VDWAALS =       -0.6509  EEL     =       -5.0438  HBOND      =        0.0000
 1-4 VDW =       -0.0392  1-4 EEL =      -87.9234  RESTRAINT  =        0.0000


   NSTEP       ENERGY          RMS            GMAX         NAME    NUMBER
   2250      -9.1134E+01     2.0307E-02     5.3758E-02     H4         14

 BOND    =        0.3772  ANGLE   =        2.1293  DIHED      =        0.0077
 VDWAALS =       -0.6596  EEL     =       -5.0337  HBOND      =        0.0000
 1-4 VDW =       -0.0391  1-4 EEL =      -87.9158  RESTRAINT  =        0.0000


   NSTEP       ENERGY          RMS            GMAX         NAME    NUMBER
   2300      -9.1134E+01     2.1382E-02     5.1995E-02     Si          1

 BOND    =        0.3775  ANGLE   =        2.1210  DIHED      =        0.0069
 VDWAALS =       -0.6432  EEL     =       -5.0482  HBOND      =        0.0000
 1-4 VDW =       -0.0391  1-4 EEL =      -87.9093  RESTRAINT  =        0.0000


   NSTEP       ENERGY          RMS            GMAX         NAME    NUMBER
   2350      -9.1135E+01     4.2814E-03     9.5947E-03     H4          7

 BOND    =        0.3792  ANGLE   =        2.1246  DIHED      =        0.0068
 VDWAALS =       -0.6455  EEL     =       -5.0468  HBOND      =        0.0000
 1-4 VDW =       -0.0391  1-4 EEL =      -87.9139  RESTRAINT  =        0.0000


   NSTEP       ENERGY          RMS            GMAX         NAME    NUMBER
   2400      -9.1135E+01     4.5454E-02     1.1365E-01     N           5

 BOND    =        0.3802  ANGLE   =        2.1273  DIHED      =        0.0068
 VDWAALS =       -0.6459  EEL     =       -5.0460  HBOND      =        0.0000
 1-4 VDW =       -0.0392  1-4 EEL =      -87.9181  RESTRAINT  =        0.0000


   NSTEP       ENERGY          RMS            GMAX         NAME    NUMBER
   2450      -9.1135E+01     2.0068E-02     5.6164E-02     H2          4

 BOND    =        0.3792  ANGLE   =        2.1314  DIHED      =        0.0068
 VDWAALS =       -0.6479  EEL     =       -5.0461  HBOND      =        0.0000
 1-4 VDW =       -0.0392  1-4 EEL =      -87.9192  RESTRAINT  =        0.0000


   NSTEP       ENERGY          RMS            GMAX         NAME    NUMBER
   2500      -9.1135E+01     3.2978E-03     7.2558E-03     Si          8

 BOND    =        0.3793  ANGLE   =        2.1256  DIHED      =        0.0069
 VDWAALS =       -0.6503  EEL     =       -5.0426  HBOND      =        0.0000
 1-4 VDW =       -0.0391  1-4 EEL =      -87.9148  RESTRAINT  =        0.0000


   NSTEP       ENERGY          RMS            GMAX         NAME    NUMBER
   2550      -9.1135E+01     4.8858E-03     1.1408E-02     N          12

 BOND    =        0.3797  ANGLE   =        2.1259  DIHED      =        0.0069
 VDWAALS =       -0.6508  EEL     =       -5.0423  HBOND      =        0.0000
 1-4 VDW =       -0.0391  1-4 EEL =      -87.9153  RESTRAINT  =        0.0000


   NSTEP       ENERGY          RMS            GMAX         NAME    NUMBER
   2600      -9.1135E+01     4.9989E-03     1.3513E-02     H1          3

 BOND    =        0.3796  ANGLE   =        2.1262  DIHED      =        0.0069
 VDWAALS =       -0.6517  EEL     =       -5.0414  HBOND      =        0.0000
 1-4 VDW =       -0.0391  1-4 EEL =      -87.9155  RESTRAINT  =        0.0000


   NSTEP       ENERGY          RMS            GMAX         NAME    NUMBER
   2650      -9.1135E+01     6.3455E-03     1.9445E-02     Si          8

 BOND    =        0.3796  ANGLE   =        2.1270  DIHED      =        0.0069
 VDWAALS =       -0.6523  EEL     =       -5.0410  HBOND      =        0.0000
 1-4 VDW =       -0.0391  1-4 EEL =      -87.9160  RESTRAINT  =        0.0000


   NSTEP       ENERGY          RMS            GMAX         NAME    NUMBER
   2700      -9.1135E+01     1.6727E-03     6.1087E-03     H1          3

 BOND    =        0.3796  ANGLE   =        2.1262  DIHED      =        0.0070
 VDWAALS =       -0.6536  EEL     =       -5.0395  HBOND      =        0.0000
 1-4 VDW =       -0.0391  1-4 EEL =      -87.9155  RESTRAINT  =        0.0000


   NSTEP       ENERGY          RMS            GMAX         NAME    NUMBER
   2750      -9.1135E+01     2.0818E-03     4.9644E-03     H1          3

 BOND    =        0.3799  ANGLE   =        2.1265  DIHED      =        0.0070
 VDWAALS =       -0.6543  EEL     =       -5.0389  HBOND      =        0.0000
 1-4 VDW =       -0.0391  1-4 EEL =      -87.9160  RESTRAINT  =        0.0000


   NSTEP       ENERGY          RMS            GMAX         NAME    NUMBER
   2800      -9.1135E+01     6.9914E-03     2.1027E-02     H4         14

 BOND    =        0.3797  ANGLE   =        2.1268  DIHED      =        0.0070
 VDWAALS =       -0.6549  EEL     =       -5.0387  HBOND      =        0.0000
 1-4 VDW =       -0.0391  1-4 EEL =      -87.9160  RESTRAINT  =        0.0000


   NSTEP       ENERGY          RMS            GMAX         NAME    NUMBER
   2850      -9.1135E+01     2.7869E-03     6.3007E-03     H2         11

 BOND    =        0.3798  ANGLE   =        2.1271  DIHED      =        0.0070
 VDWAALS =       -0.6553  EEL     =       -5.0380  HBOND      =        0.0000
 1-4 VDW =       -0.0391  1-4 EEL =      -87.9166  RESTRAINT  =        0.0000


   NSTEP       ENERGY          RMS            GMAX         NAME    NUMBER
   2900      -9.1135E+01     2.8442E-03     7.3791E-03     Si          1

 BOND    =        0.3797  ANGLE   =        2.1270  DIHED      =        0.0071
 VDWAALS =       -0.6556  EEL     =       -5.0378  HBOND      =        0.0000
 1-4 VDW =       -0.0391  1-4 EEL =      -87.9165  RESTRAINT  =        0.0000


   NSTEP       ENERGY          RMS            GMAX         NAME    NUMBER
   2950      -9.1135E+01     6.2569E-03     2.0383E-02     Si          8

 BOND    =        0.3794  ANGLE   =        2.1259  DIHED      =        0.0071
 VDWAALS =       -0.6563  EEL     =       -5.0369  HBOND      =        0.0000
 1-4 VDW =       -0.0391  1-4 EEL =      -87.9152  RESTRAINT  =        0.0000


   NSTEP       ENERGY          RMS            GMAX         NAME    NUMBER
   3000      -9.1135E+01     2.9743E-03     9.2484E-03     N          12

 BOND    =        0.3797  ANGLE   =        2.1263  DIHED      =        0.0071
 VDWAALS =       -0.6571  EEL     =       -5.0362  HBOND      =        0.0000
 1-4 VDW =       -0.0391  1-4 EEL =      -87.9159  RESTRAINT  =        0.0000


   NSTEP       ENERGY          RMS            GMAX         NAME    NUMBER
   3050      -9.1135E+01     1.7346E-03     4.8937E-03     Si          8

 BOND    =        0.3797  ANGLE   =        2.1269  DIHED      =        0.0071
 VDWAALS =       -0.6575  EEL     =       -5.0360  HBOND      =        0.0000
 1-4 VDW =       -0.0391  1-4 EEL =      -87.9162  RESTRAINT  =        0.0000


   NSTEP       ENERGY          RMS            GMAX         NAME    NUMBER
   3100      -9.1135E+01     1.5933E-03     4.4305E-03     Si          8

 BOND    =        0.3797  ANGLE   =        2.1267  DIHED      =        0.0072
 VDWAALS =       -0.6582  EEL     =       -5.0353  HBOND      =        0.0000
 1-4 VDW =       -0.0391  1-4 EEL =      -87.9160  RESTRAINT  =        0.0000


   NSTEP       ENERGY          RMS            GMAX         NAME    NUMBER
   3150      -9.1135E+01     9.0883E-04     2.4802E-03     N          12

 BOND    =        0.3797  ANGLE   =        2.1267  DIHED      =        0.0072
 VDWAALS =       -0.6585  EEL     =       -5.0351  HBOND      =        0.0000
 1-4 VDW =       -0.0391  1-4 EEL =      -87.9161  RESTRAINT  =        0.0000


   NSTEP       ENERGY          RMS            GMAX         NAME    NUMBER
   3200      -9.1135E+01     5.3564E-04     1.3067E-03     H1          3

 BOND    =        0.3797  ANGLE   =        2.1268  DIHED      =        0.0072
 VDWAALS =       -0.6587  EEL     =       -5.0348  HBOND      =        0.0000
 1-4 VDW =       -0.0391  1-4 EEL =      -87.9162  RESTRAINT  =        0.0000


   NSTEP       ENERGY          RMS            GMAX         NAME    NUMBER
   3250      -9.1135E+01     4.0547E-03     1.3817E-02     N          12

 BOND    =        0.3796  ANGLE   =        2.1267  DIHED      =        0.0072
 VDWAALS =       -0.6591  EEL     =       -5.0343  HBOND      =        0.0000
 1-4 VDW =       -0.0391  1-4 EEL =      -87.9161  RESTRAINT  =        0.0000


   NSTEP       ENERGY          RMS            GMAX         NAME    NUMBER
   3300      -9.1135E+01     8.0167E-04     2.5385E-03     Si          1

 BOND    =        0.3797  ANGLE   =        2.1265  DIHED      =        0.0072
 VDWAALS =       -0.6595  EEL     =       -5.0340  HBOND      =        0.0000
 1-4 VDW =       -0.0391  1-4 EEL =      -87.9160  RESTRAINT  =        0.0000


   NSTEP       ENERGY          RMS            GMAX         NAME    NUMBER
   3350      -9.1135E+01     7.6965E-04     2.8815E-03     Si          1

 BOND    =        0.3797  ANGLE   =        2.1266  DIHED      =        0.0072
 VDWAALS =       -0.6597  EEL     =       -5.0339  HBOND      =        0.0000
 1-4 VDW =       -0.0391  1-4 EEL =      -87.9160  RESTRAINT  =        0.0000


   NSTEP       ENERGY          RMS            GMAX         NAME    NUMBER
   3400      -9.1135E+01     4.4856E-04     9.9204E-04     H1          3

 BOND    =        0.3797  ANGLE   =        2.1267  DIHED      =        0.0073
 VDWAALS =       -0.6605  EEL     =       -5.0331  HBOND      =        0.0000
 1-4 VDW =       -0.0391  1-4 EEL =      -87.9161  RESTRAINT  =        0.0000


   NSTEP       ENERGY          RMS            GMAX         NAME    NUMBER
   3450      -9.1135E+01     3.5825E-04     1.2983E-03     H4         14

 BOND    =        0.3797  ANGLE   =        2.1266  DIHED      =        0.0073
 VDWAALS =       -0.6604  EEL     =       -5.0332  HBOND      =        0.0000
 1-4 VDW =       -0.0391  1-4 EEL =      -87.9161  RESTRAINT  =        0.0000


   NSTEP       ENERGY          RMS            GMAX         NAME    NUMBER
   3500      -9.1135E+01     5.5404E-04     1.1548E-03     H1          3

 BOND    =        0.3797  ANGLE   =        2.1265  DIHED      =        0.0073
 VDWAALS =       -0.6605  EEL     =       -5.0331  HBOND      =        0.0000
 1-4 VDW =       -0.0391  1-4 EEL =      -87.9160  RESTRAINT  =        0.0000


   NSTEP       ENERGY          RMS            GMAX         NAME    NUMBER
   3550      -9.1135E+01     1.3858E-03     4.1196E-03     Si          8

 BOND    =        0.3796  ANGLE   =        2.1267  DIHED      =        0.0073
 VDWAALS =       -0.6614  EEL     =       -5.0323  HBOND      =        0.0000
 1-4 VDW =       -0.0391  1-4 EEL =      -87.9161  RESTRAINT  =        0.0000


   NSTEP       ENERGY          RMS            GMAX         NAME    NUMBER
   3600      -9.1135E+01     3.9065E-03     9.6049E-03     Si          8

 BOND    =        0.3795  ANGLE   =        2.1263  DIHED      =        0.0074
 VDWAALS =       -0.6621  EEL     =       -5.0315  HBOND      =        0.0000
 1-4 VDW =       -0.0391  1-4 EEL =      -87.9155  RESTRAINT  =        0.0000


   NSTEP       ENERGY          RMS            GMAX         NAME    NUMBER
   3650      -9.1135E+01     5.4586E-03     1.8513E-02     N           5

 BOND    =        0.3798  ANGLE   =        2.1264  DIHED      =        0.0073
 VDWAALS =       -0.6609  EEL     =       -5.0328  HBOND      =        0.0000
 1-4 VDW =       -0.0391  1-4 EEL =      -87.9158  RESTRAINT  =        0.0000


   NSTEP       ENERGY          RMS            GMAX         NAME    NUMBER
   3700      -9.1135E+01     1.6545E-03     4.7051E-03     N           5

 BOND    =        0.3797  ANGLE   =        2.1266  DIHED      =        0.0073
 VDWAALS =       -0.6609  EEL     =       -5.0327  HBOND      =        0.0000
 1-4 VDW =       -0.0391  1-4 EEL =      -87.9161  RESTRAINT  =        0.0000


   NSTEP       ENERGY          RMS            GMAX         NAME    NUMBER
   3750      -9.1135E+01     4.9440E-04     1.7284E-03     Si          8

 BOND    =        0.3797  ANGLE   =        2.1267  DIHED      =        0.0073
 VDWAALS =       -0.6611  EEL     =       -5.0326  HBOND      =        0.0000
 1-4 VDW =       -0.0391  1-4 EEL =      -87.9161  RESTRAINT  =        0.0000


   NSTEP       ENERGY          RMS            GMAX         NAME    NUMBER
   3800      -9.1135E+01     8.1570E-03     2.6794E-02     Si          8

 BOND    =        0.3796  ANGLE   =        2.1265  DIHED      =        0.0073
 VDWAALS =       -0.6610  EEL     =       -5.0325  HBOND      =        0.0000
 1-4 VDW =       -0.0391  1-4 EEL =      -87.9159  RESTRAINT  =        0.0000


   NSTEP       ENERGY          RMS            GMAX         NAME    NUMBER
   3850      -9.1135E+01     8.5815E-03     2.9858E-02     N          12

 BOND    =        0.3793  ANGLE   =        2.1266  DIHED      =        0.0073
 VDWAALS =       -0.6613  EEL     =       -5.0320  HBOND      =        0.0000
 1-4 VDW =       -0.0391  1-4 EEL =      -87.9160  RESTRAINT  =        0.0000


   NSTEP       ENERGY          RMS            GMAX         NAME    NUMBER
   3900      -9.1135E+01     9.8282E-04     2.7786E-03     Si          1

 BOND    =        0.3797  ANGLE   =        2.1266  DIHED      =        0.0073
 VDWAALS =       -0.6613  EEL     =       -5.0323  HBOND      =        0.0000
 1-4 VDW =       -0.0391  1-4 EEL =      -87.9160  RESTRAINT  =        0.0000


   NSTEP       ENERGY          RMS            GMAX         NAME    NUMBER
   3950      -9.1135E+01     5.4740E-04     1.6155E-03     H4          7

 BOND    =        0.3797  ANGLE   =        2.1266  DIHED      =        0.0073
 VDWAALS =       -0.6613  EEL     =       -5.0323  HBOND      =        0.0000
 1-4 VDW =       -0.0391  1-4 EEL =      -87.9161  RESTRAINT  =        0.0000


   NSTEP       ENERGY          RMS            GMAX         NAME    NUMBER
   4000      -9.1135E+01     9.2911E-04     2.6874E-03     N          12

 BOND    =        0.3798  ANGLE   =        2.1265  DIHED      =        0.0073
 VDWAALS =       -0.6609  EEL     =       -5.0327  HBOND      =        0.0000
 1-4 VDW =       -0.0391  1-4 EEL =      -87.9160  RESTRAINT  =        0.0000


   NSTEP       ENERGY          RMS            GMAX         NAME    NUMBER
   4050      -9.1135E+01     1.6886E-02     5.5862E-02     N          12

 BOND    =        0.3801  ANGLE   =        2.1269  DIHED      =        0.0073
 VDWAALS =       -0.6617  EEL     =       -5.0326  HBOND      =        0.0000
 1-4 VDW =       -0.0391  1-4 EEL =      -87.9161  RESTRAINT  =        0.0000


   NSTEP       ENERGY          RMS            GMAX         NAME    NUMBER
   4100      -9.1135E+01     5.8648E-04     1.4800E-03     H4         14

 BOND    =        0.3797  ANGLE   =        2.1270  DIHED      =        0.0073
 VDWAALS =       -0.6619  EEL     =       -5.0318  HBOND      =        0.0000
 1-4 VDW =       -0.0391  1-4 EEL =      -87.9164  RESTRAINT  =        0.0000


   NSTEP       ENERGY          RMS            GMAX         NAME    NUMBER
   4150      -9.1135E+01     2.2801E-03     6.3942E-03     Si          8

 BOND    =        0.3798  ANGLE   =        2.1276  DIHED      =        0.0074
 VDWAALS =       -0.6629  EEL     =       -5.0309  HBOND      =        0.0000
 1-4 VDW =       -0.0392  1-4 EEL =      -87.9171  RESTRAINT  =        0.0000


   NSTEP       ENERGY          RMS            GMAX         NAME    NUMBER
   4200      -9.1135E+01     1.1339E-03     3.5656E-03     Si          8

 BOND    =        0.3797  ANGLE   =        2.1270  DIHED      =        0.0073
 VDWAALS =       -0.6620  EEL     =       -5.0317  HBOND      =        0.0000
 1-4 VDW =       -0.0391  1-4 EEL =      -87.9164  RESTRAINT  =        0.0000


   NSTEP       ENERGY          RMS            GMAX         NAME    NUMBER
   4250      -9.1135E+01     2.2888E-03     5.9668E-03     N          12

 BOND    =        0.3796  ANGLE   =        2.1274  DIHED      =        0.0074
 VDWAALS =       -0.6626  EEL     =       -5.0311  HBOND      =        0.0000
 1-4 VDW =       -0.0391  1-4 EEL =      -87.9167  RESTRAINT  =        0.0000


   NSTEP       ENERGY          RMS            GMAX         NAME    NUMBER
   4300      -9.1135E+01     1.4434E-03     5.2595E-03     N          12

 BOND    =        0.3797  ANGLE   =        2.1271  DIHED      =        0.0073
 VDWAALS =       -0.6622  EEL     =       -5.0316  HBOND      =        0.0000
 1-4 VDW =       -0.0391  1-4 EEL =      -87.9165  RESTRAINT  =        0.0000


   NSTEP       ENERGY          RMS            GMAX         NAME    NUMBER
   4350      -9.1135E+01     1.6645E-03     4.7412E-03     N          12

 BOND    =        0.3796  ANGLE   =        2.1272  DIHED      =        0.0074
 VDWAALS =       -0.6623  EEL     =       -5.0314  HBOND      =        0.0000
 1-4 VDW =       -0.0391  1-4 EEL =      -87.9165  RESTRAINT  =        0.0000


   NSTEP       ENERGY          RMS            GMAX         NAME    NUMBER
   4400      -9.1135E+01     1.7169E-03     5.5340E-03     N           5

 BOND    =        0.3797  ANGLE   =        2.1270  DIHED      =        0.0073
 VDWAALS =       -0.6620  EEL     =       -5.0315  HBOND      =        0.0000
 1-4 VDW =       -0.0391  1-4 EEL =      -87.9165  RESTRAINT  =        0.0000


   NSTEP       ENERGY          RMS            GMAX         NAME    NUMBER
   4450      -9.1135E+01     4.5747E-04     8.4016E-04     H           2

 BOND    =        0.3797  ANGLE   =        2.1268  DIHED      =        0.0073
 VDWAALS =       -0.6615  EEL     =       -5.0321  HBOND      =        0.0000
 1-4 VDW =       -0.0391  1-4 EEL =      -87.9163  RESTRAINT  =        0.0000


   NSTEP       ENERGY          RMS            GMAX         NAME    NUMBER
   4500      -9.1135E+01     7.3730E-04     1.9828E-03     H3         13

 BOND    =        0.3796  ANGLE   =        2.1268  DIHED      =        0.0073
 VDWAALS =       -0.6617  EEL     =       -5.0319  HBOND      =        0.0000
 1-4 VDW =       -0.0391  1-4 EEL =      -87.9162  RESTRAINT  =        0.0000


   NSTEP       ENERGY          RMS            GMAX         NAME    NUMBER
   4550      -9.1135E+01     1.5583E-03     3.7167E-03     H3          6

 BOND    =        0.3796  ANGLE   =        2.1269  DIHED      =        0.0074
 VDWAALS =       -0.6623  EEL     =       -5.0314  HBOND      =        0.0000
 1-4 VDW =       -0.0391  1-4 EEL =      -87.9163  RESTRAINT  =        0.0000


   NSTEP       ENERGY          RMS            GMAX         NAME    NUMBER
   4600      -9.1135E+01     5.7000E-03     1.3844E-02     N          12

 BOND    =        0.3797  ANGLE   =        2.1267  DIHED      =        0.0073
 VDWAALS =       -0.6613  EEL     =       -5.0326  HBOND      =        0.0000
 1-4 VDW =       -0.0391  1-4 EEL =      -87.9160  RESTRAINT  =        0.0000


   NSTEP       ENERGY          RMS            GMAX         NAME    NUMBER
   4650      -9.1135E+01     2.1535E-03     4.9065E-03     Si          8

 BOND    =        0.3797  ANGLE   =        2.1263  DIHED      =        0.0073
 VDWAALS =       -0.6609  EEL     =       -5.0325  HBOND      =        0.0000
 1-4 VDW =       -0.0391  1-4 EEL =      -87.9159  RESTRAINT  =        0.0000


   NSTEP       ENERGY          RMS            GMAX         NAME    NUMBER
   4700      -9.1135E+01     4.8104E-04     1.0836E-03     H2         11

 BOND    =        0.3797  ANGLE   =        2.1267  DIHED      =        0.0073
 VDWAALS =       -0.6613  EEL     =       -5.0323  HBOND      =        0.0000
 1-4 VDW =       -0.0391  1-4 EEL =      -87.9162  RESTRAINT  =        0.0000


   NSTEP       ENERGY          RMS            GMAX         NAME    NUMBER
   4750      -9.1135E+01     5.1456E-04     1.4249E-03     H4         14

 BOND    =        0.3797  ANGLE   =        2.1268  DIHED      =        0.0073
 VDWAALS =       -0.6617  EEL     =       -5.0320  HBOND      =        0.0000
 1-4 VDW =       -0.0391  1-4 EEL =      -87.9162  RESTRAINT  =        0.0000


   NSTEP       ENERGY          RMS            GMAX         NAME    NUMBER
   4800      -9.1135E+01     4.7897E-04     1.8342E-03     Si          8

 BOND    =        0.3797  ANGLE   =        2.1269  DIHED      =        0.0073
 VDWAALS =       -0.6617  EEL     =       -5.0319  HBOND      =        0.0000
 1-4 VDW =       -0.0391  1-4 EEL =      -87.9163  RESTRAINT  =        0.0000


   NSTEP       ENERGY          RMS            GMAX         NAME    NUMBER
   4850      -9.1135E+01     5.9876E-04     2.0749E-03     H4         14

 BOND    =        0.3797  ANGLE   =        2.1268  DIHED      =        0.0073
 VDWAALS =       -0.6616  EEL     =       -5.0320  HBOND      =        0.0000
 1-4 VDW =       -0.0391  1-4 EEL =      -87.9162  RESTRAINT  =        0.0000


   NSTEP       ENERGY          RMS            GMAX         NAME    NUMBER
   4900      -9.1135E+01     3.9285E-03     9.5390E-03     Si          1

 BOND    =        0.3799  ANGLE   =        2.1269  DIHED      =        0.0074
 VDWAALS =       -0.6628  EEL     =       -5.0309  HBOND      =        0.0000
 1-4 VDW =       -0.0391  1-4 EEL =      -87.9165  RESTRAINT  =        0.0000


   NSTEP       ENERGY          RMS            GMAX         NAME    NUMBER
   4950      -9.1135E+01     9.4744E-04     2.1749E-03     H1         10

 BOND    =        0.3798  ANGLE   =        2.1268  DIHED      =        0.0073
 VDWAALS =       -0.6614  EEL     =       -5.0322  HBOND      =        0.0000
 1-4 VDW =       -0.0391  1-4 EEL =      -87.9163  RESTRAINT  =        0.0000


   NSTEP       ENERGY          RMS            GMAX         NAME    NUMBER
   5000      -9.1135E+01     7.0970E-04     1.6484E-03     H1         10

 BOND    =        0.3797  ANGLE   =        2.1265  DIHED      =        0.0073
 VDWAALS =       -0.6611  EEL     =       -5.0325  HBOND      =        0.0000
 1-4 VDW =       -0.0391  1-4 EEL =      -87.9160  RESTRAINT  =        0.0000


  Maximum number of minimization cycles reached.


                    FINAL RESULTS



   NSTEP       ENERGY          RMS            GMAX         NAME    NUMBER
   5000      -9.1135E+01     7.0970E-04     1.6484E-03     H1         10

 BOND    =        0.3797  ANGLE   =        2.1265  DIHED      =        0.0073
 VDWAALS =       -0.6611  EEL     =       -5.0325  HBOND      =        0.0000
 1-4 VDW =       -0.0391  1-4 EEL =      -87.9160  RESTRAINT  =        0.0000

--------------------------------------------------------------------------------
   5.  TIMINGS
--------------------------------------------------------------------------------

|    Read coords time           0.00 ( 0.32% of Total)
|                Build the list             0.00 ( 5.05% of List )
|                Other                      0.00 (94.95% of List )
|             List time                  0.00 ( 1.85% of Nonbo)
|                   Short_ene time             0.11 (94.58% of Direc)
|                   Other                      0.01 ( 5.42% of Direc)
|                Direct Ewald time          0.11 (83.64% of Ewald)
|                Force Adjust               0.00 ( 2.37% of Ewald)
|                Virial junk                0.00 ( 2.68% of Ewald)
|                Start synchronizatio       0.00 ( 2.07% of Ewald)
|                Other                      0.01 ( 9.24% of Ewald)
|             Ewald time                 0.14 (88.39% of Nonbo)
|             IPS excludes               0.00 ( 1.68% of Nonbo)
|             Other                      0.01 ( 8.08% of Nonbo)
|          Nonbond force              0.15 (79.92% of Force)
|          Bond/Angle/Dihedral        0.02 (11.07% of Force)
|          FRC Collect time           0.00 ( 1.36% of Force)
|          Other                      0.01 ( 7.66% of Force)
|       Force time                 0.19 (100.0% of Runmd)
|    Runmd Time                 0.19 (56.46% of Total)
|    Other                      0.15 (43.22% of Total)
| Total time                 0.34 (100.0% of ALL  )

| Highest rstack allocated:         35
| Highest istack allocated:          7

| Final Performance Info:
| -----------------------------------------------------
| Average timings for all steps:
|     Elapsed(s) =       0.34 Per Step(ms) =     337.69
|         ns/day =       0.26   seconds/ns =  337685.94
| -----------------------------------------------------

|           Job began  at 16:07:43.845  on 04/17/2021
|           Setup done at 16:07:43.851  on 04/17/2021
|           Run   done at 16:07:44.188  on 04/17/2021
|     wallclock() was called  125038 times
