
          -------------------------------------------------------
          Amber 12 SANDER                              2012
          -------------------------------------------------------

| Run on 04/17/2021 at 16:07:45
  [-O]verwriting output

File Assignments:
|  MDIN: mm.in                                                                 
| MDOUT: out/SiH3OH_SiH3OH.con1.out                                            
|INPCRD: ../MM_PES/inpcrd/SiH3OH_SiH3OH.con1.100.inpcrd                        
|  PARM: ../MM_PES/prmtop/SiH3OH_SiH3OH.con1.prmtop                            
|RESTRT: rst/SiH3OH_SiH3OH.con1.rst                                            
|  REFC: refc                                                                  
| MDVEL: mdvel                                                                 
|  MDEN: mden                                                                  
| MDCRD: mdcrd                                                                 
|MDINFO: mdinfo                                                                
|  MTMD: mtmd                                                                  
|INPDIP: inpdip                                                                
|RSTDIP: rstdip                                                                

|INPTRA: inptraj                                                               
|

 Here is the input file:

Minimization                                                                   
&cntrl                                                                         
 imin=1, maxcyc=5000,                                                          
 ntb=0,                                                                        
 ioutfm=0,                                                                     
 cut=99,                                                                       
/                                                                              

--------------------------------------------------------------------------------
   1.  RESOURCE   USE: 
--------------------------------------------------------------------------------

| Flags: MPI                                                                    
|    NONPERIODIC   ntb=0 and igb=0: Setting up nonperiodic simulation
|  *** cutoff > system size, list only builds once
|Largest sphere to fit in unit cell has radius =    31.419
| New format PARM file being parsed.
| Version =    1.000 Date = 04/17/21 Time = 16:02:40
 NATOM  =      12 NTYPES =       4 NBONH =       8 MBONA  =       2
 NTHETH =      14 MTHETA =       0 NPHIH =       6 MPHIA  =       0
 NHPARM =       0 NPARM  =       0 NNB   =      32 NRES   =       2
 NBONA  =       2 NTHETA =       0 NPHIA =       0 NUMBND =       3
 NUMANG =       3 NPTRA  =       1 NATYP =       4 NPHB   =       0
 IFBOX  =       0 NMXRS  =       6 IFCAP =       0 NEXTRA =       0
 NCOPY  =       0


|     Memory Use     Allocated
|     Real                2430
|     Hollerith             40
|     Integer            20677
|     Max Pairs             66
|     nblistReal           144
|     nblist Int        879885
|       Total             3538 kbytes

| Note: 1-4 EEL scale factors are being read from the topology file.

| Note: 1-4 VDW scale factors are being read from the topology file.
| Duplicated    0 dihedrals
| Duplicated    0 dihedrals

--------------------------------------------------------------------------------
   2.  CONTROL  DATA  FOR  THE  RUN
--------------------------------------------------------------------------------

default_name                                                                    

General flags:
     imin    =       1, nmropt  =       0

Nature and format of input:
     ntx     =       1, irest   =       0, ntrx    =       1

Nature and format of output:
     ntxo    =       1, ntpr    =      50, ntrx    =       1, ntwr    =     500
     iwrap   =       0, ntwx    =       0, ntwv    =       0, ntwe    =       0
     ioutfm  =       0, ntwprt  =       0, idecomp =       0, rbornstat=      0

Potential function:
     ntf     =       1, ntb     =       0, igb     =       0, nsnb    =      25
     ipol    =       0, gbsa    =       0, iesp    =       0
     dielc   =   1.00000, cut     =  99.00000, intdiel =   1.00000

Frozen or restrained atoms:
     ibelly  =       0, ntr     =       0

Energy minimization:
     maxcyc  =    5000, ncyc    =      10, ntmin   =       1
     dx0     =   0.01000, drms    =   0.00010

| MPI Timing options:
|      profile_mpi =        0
|  INFO: Old style inpcrd file read


--------------------------------------------------------------------------------
   3.  ATOMIC COORDINATES AND VELOCITIES
--------------------------------------------------------------------------------

default_name                                                                    
 begin time read from input coords =     0.000 ps

 Number of triangulated 3-point waters found:        0
|  Atom division among processors:
|         0      12

     Sum of charges from parm topology file =  -0.00199800
     Forcing neutrality...
|  Running AMBER/MPI version on    1 nodes


--------------------------------------------------------------------------------
   4.  RESULTS
--------------------------------------------------------------------------------

 ---------------------------------------------------

     eedmeth=4: Setting switch to one everywhere

 ---------------------------------------------------
| Local SIZE OF NONBOND LIST =         36
| TOTAL SIZE OF NONBOND LIST =         36


   NSTEP       ENERGY          RMS            GMAX         NAME    NUMBER
      1      -4.4398E+01     4.4687E+00     1.2479E+01     H3          6

 BOND    =        0.3790  ANGLE   =        1.1063  DIHED      =        0.0816
 VDWAALS =       -0.0551  EEL     =       -2.7504  HBOND      =        0.0000
 1-4 VDW =       -0.0050  1-4 EEL =      -43.1546  RESTRAINT  =        0.0000


   NSTEP       ENERGY          RMS            GMAX         NAME    NUMBER
     50      -4.6790E+01     1.6721E-01     3.9802E-01     O          11

 BOND    =        0.0816  ANGLE   =        1.3955  DIHED      =        0.0102
 VDWAALS =       -0.7673  EEL     =       -2.5647  HBOND      =        0.0000
 1-4 VDW =       -0.0067  1-4 EEL =      -44.9386  RESTRAINT  =        0.0000


   NSTEP       ENERGY          RMS            GMAX         NAME    NUMBER
    100      -4.6803E+01     8.2456E-02     2.4778E-01     O           5

 BOND    =        0.0855  ANGLE   =        1.3861  DIHED      =        0.0077
 VDWAALS =       -0.7699  EEL     =       -2.5658  HBOND      =        0.0000
 1-4 VDW =       -0.0067  1-4 EEL =      -44.9402  RESTRAINT  =        0.0000


   NSTEP       ENERGY          RMS            GMAX         NAME    NUMBER
    150      -4.6813E+01     4.5083E-02     9.3267E-02     Si          1

 BOND    =        0.0849  ANGLE   =        1.3710  DIHED      =        0.0070
 VDWAALS =       -0.7744  EEL     =       -2.5640  HBOND      =        0.0000
 1-4 VDW =       -0.0067  1-4 EEL =      -44.9304  RESTRAINT  =        0.0000


   NSTEP       ENERGY          RMS            GMAX         NAME    NUMBER
    200      -4.6825E+01     4.4906E-02     9.4744E-02     H3          6

 BOND    =        0.0859  ANGLE   =        1.3765  DIHED      =        0.0053
 VDWAALS =       -0.7888  EEL     =       -2.5640  HBOND      =        0.0000
 1-4 VDW =       -0.0067  1-4 EEL =      -44.9331  RESTRAINT  =        0.0000


   NSTEP       ENERGY          RMS            GMAX         NAME    NUMBER
    250      -4.6834E+01     4.3863E-02     9.0545E-02     O          11

 BOND    =        0.0838  ANGLE   =        1.3638  DIHED      =        0.0036
 VDWAALS =       -0.8037  EEL     =       -2.5558  HBOND      =        0.0000
 1-4 VDW =       -0.0067  1-4 EEL =      -44.9192  RESTRAINT  =        0.0000


   NSTEP       ENERGY          RMS            GMAX         NAME    NUMBER
    300      -4.6841E+01     2.1437E-02     4.8714E-02     O          11

 BOND    =        0.0837  ANGLE   =        1.3743  DIHED      =        0.0032
 VDWAALS =       -0.8142  EEL     =       -2.5529  HBOND      =        0.0000
 1-4 VDW =       -0.0067  1-4 EEL =      -44.9286  RESTRAINT  =        0.0000


   NSTEP       ENERGY          RMS            GMAX         NAME    NUMBER
    350      -4.6847E+01     3.8384E-02     9.7281E-02     O          11

 BOND    =        0.0844  ANGLE   =        1.3825  DIHED      =        0.0027
 VDWAALS =       -0.8280  EEL     =       -2.5461  HBOND      =        0.0000
 1-4 VDW =       -0.0067  1-4 EEL =      -44.9354  RESTRAINT  =        0.0000


   NSTEP       ENERGY          RMS            GMAX         NAME    NUMBER
    400      -4.6850E+01     1.8669E-02     4.3481E-02     O           5

 BOND    =        0.0845  ANGLE   =        1.3680  DIHED      =        0.0025
 VDWAALS =       -0.8371  EEL     =       -2.5380  HBOND      =        0.0000
 1-4 VDW =       -0.0067  1-4 EEL =      -44.9234  RESTRAINT  =        0.0000


   NSTEP       ENERGY          RMS            GMAX         NAME    NUMBER
    450      -4.6853E+01     1.1514E-02     2.6497E-02     Si          1

 BOND    =        0.0844  ANGLE   =        1.3654  DIHED      =        0.0023
 VDWAALS =       -0.8474  EEL     =       -2.5297  HBOND      =        0.0000
 1-4 VDW =       -0.0067  1-4 EEL =      -44.9208  RESTRAINT  =        0.0000


   NSTEP       ENERGY          RMS            GMAX         NAME    NUMBER
    500      -4.6854E+01     7.5526E-03     2.3817E-02     H3         12

 BOND    =        0.0851  ANGLE   =        1.3656  DIHED      =        0.0022
 VDWAALS =       -0.8584  EEL     =       -2.5202  HBOND      =        0.0000
 1-4 VDW =       -0.0067  1-4 EEL =      -44.9219  RESTRAINT  =        0.0000


   NSTEP       ENERGY          RMS            GMAX         NAME    NUMBER
    550      -4.6855E+01     1.4065E-02     3.6042E-02     Si          7

 BOND    =        0.0848  ANGLE   =        1.3618  DIHED      =        0.0022
 VDWAALS =       -0.8639  EEL     =       -2.5152  HBOND      =        0.0000
 1-4 VDW =       -0.0067  1-4 EEL =      -44.9180  RESTRAINT  =        0.0000


   NSTEP       ENERGY          RMS            GMAX         NAME    NUMBER
    600      -4.6855E+01     7.2131E-03     2.1173E-02     H3         12

 BOND    =        0.0848  ANGLE   =        1.3576  DIHED      =        0.0022
 VDWAALS =       -0.8653  EEL     =       -2.5133  HBOND      =        0.0000
 1-4 VDW =       -0.0067  1-4 EEL =      -44.9144  RESTRAINT  =        0.0000


   NSTEP       ENERGY          RMS            GMAX         NAME    NUMBER
    650      -4.6855E+01     4.4616E-02     1.6877E-01     O          11

 BOND    =        0.0856  ANGLE   =        1.3745  DIHED      =        0.0022
 VDWAALS =       -0.8666  EEL     =       -2.5144  HBOND      =        0.0000
 1-4 VDW =       -0.0067  1-4 EEL =      -44.9300  RESTRAINT  =        0.0000


   NSTEP       ENERGY          RMS            GMAX         NAME    NUMBER
    700      -4.6856E+01     8.2979E-02     2.9186E-01     Si          1

 BOND    =        0.0860  ANGLE   =        1.3548  DIHED      =        0.0029
 VDWAALS =       -0.8667  EEL     =       -2.5123  HBOND      =        0.0000
 1-4 VDW =       -0.0067  1-4 EEL =      -44.9138  RESTRAINT  =        0.0000


   NSTEP       ENERGY          RMS            GMAX         NAME    NUMBER
    750      -4.6856E+01     1.5595E-02     4.0778E-02     O          11

 BOND    =        0.0848  ANGLE   =        1.3602  DIHED      =        0.0030
 VDWAALS =       -0.8696  EEL     =       -2.5118  HBOND      =        0.0000
 1-4 VDW =       -0.0067  1-4 EEL =      -44.9163  RESTRAINT  =        0.0000


   NSTEP       ENERGY          RMS            GMAX         NAME    NUMBER
    800      -4.6856E+01     3.2783E-01     1.3013E+00     O          11

 BOND    =        0.0838  ANGLE   =        1.3427  DIHED      =        0.0036
 VDWAALS =       -0.8722  EEL     =       -2.5103  HBOND      =        0.0000
 1-4 VDW =       -0.0067  1-4 EEL =      -44.8969  RESTRAINT  =        0.0000


   NSTEP       ENERGY          RMS            GMAX         NAME    NUMBER
    850      -4.6858E+01     1.1589E-02     3.1688E-02     H2         10

 BOND    =        0.0847  ANGLE   =        1.3541  DIHED      =        0.0018
 VDWAALS =       -0.8824  EEL     =       -2.4980  HBOND      =        0.0000
 1-4 VDW =       -0.0067  1-4 EEL =      -44.9110  RESTRAINT  =        0.0000


   NSTEP       ENERGY          RMS            GMAX         NAME    NUMBER
    900      -4.6858E+01     6.8793E-03     2.0077E-02     H2         10

 BOND    =        0.0850  ANGLE   =        1.3527  DIHED      =        0.0018
 VDWAALS =       -0.8834  EEL     =       -2.4968  HBOND      =        0.0000
 1-4 VDW =       -0.0067  1-4 EEL =      -44.9102  RESTRAINT  =        0.0000


   NSTEP       ENERGY          RMS            GMAX         NAME    NUMBER
    950      -4.6858E+01     3.8701E-02     1.2205E-01     H3          6

 BOND    =        0.0854  ANGLE   =        1.3410  DIHED      =        0.0019
 VDWAALS =       -0.8845  EEL     =       -2.4953  HBOND      =        0.0000
 1-4 VDW =       -0.0067  1-4 EEL =      -44.8996  RESTRAINT  =        0.0000


   NSTEP       ENERGY          RMS            GMAX         NAME    NUMBER
   1000      -4.6858E+01     5.1628E-03     1.1461E-02     H           8

 BOND    =        0.0853  ANGLE   =        1.3542  DIHED      =        0.0019
 VDWAALS =       -0.8847  EEL     =       -2.4966  HBOND      =        0.0000
 1-4 VDW =       -0.0067  1-4 EEL =      -44.9113  RESTRAINT  =        0.0000


   NSTEP       ENERGY          RMS            GMAX         NAME    NUMBER
   1050      -4.6858E+01     1.0239E-02     2.6510E-02     H3         12

 BOND    =        0.0856  ANGLE   =        1.3540  DIHED      =        0.0021
 VDWAALS =       -0.8836  EEL     =       -2.4973  HBOND      =        0.0000
 1-4 VDW =       -0.0067  1-4 EEL =      -44.9122  RESTRAINT  =        0.0000


   NSTEP       ENERGY          RMS            GMAX         NAME    NUMBER
   1100      -4.6858E+01     6.9498E-03     1.5386E-02     H3          6

 BOND    =        0.0853  ANGLE   =        1.3550  DIHED      =        0.0022
 VDWAALS =       -0.8853  EEL     =       -2.4970  HBOND      =        0.0000
 1-4 VDW =       -0.0067  1-4 EEL =      -44.9117  RESTRAINT  =        0.0000


   NSTEP       ENERGY          RMS            GMAX         NAME    NUMBER
   1150      -4.6858E+01     2.9623E-02     7.8122E-02     Si          1

 BOND    =        0.0856  ANGLE   =        1.3549  DIHED      =        0.0023
 VDWAALS =       -0.8866  EEL     =       -2.4964  HBOND      =        0.0000
 1-4 VDW =       -0.0067  1-4 EEL =      -44.9114  RESTRAINT  =        0.0000


   NSTEP       ENERGY          RMS            GMAX         NAME    NUMBER
   1200      -4.6858E+01     5.5593E-02     1.8993E-01     Si          7

 BOND    =        0.0860  ANGLE   =        1.3552  DIHED      =        0.0016
 VDWAALS =       -0.8897  EEL     =       -2.4920  HBOND      =        0.0000
 1-4 VDW =       -0.0067  1-4 EEL =      -44.9129  RESTRAINT  =        0.0000


   NSTEP       ENERGY          RMS            GMAX         NAME    NUMBER
   1250      -4.6859E+01     1.5922E-02     4.0909E-02     H3          6

 BOND    =        0.0858  ANGLE   =        1.3507  DIHED      =        0.0019
 VDWAALS =       -0.8903  EEL     =       -2.4918  HBOND      =        0.0000
 1-4 VDW =       -0.0067  1-4 EEL =      -44.9082  RESTRAINT  =        0.0000


   NSTEP       ENERGY          RMS            GMAX         NAME    NUMBER
   1300      -4.6859E+01     1.2733E-02     3.1021E-02     O           5

 BOND    =        0.0853  ANGLE   =        1.3528  DIHED      =        0.0018
 VDWAALS =       -0.8910  EEL     =       -2.4908  HBOND      =        0.0000
 1-4 VDW =       -0.0067  1-4 EEL =      -44.9101  RESTRAINT  =        0.0000


   NSTEP       ENERGY          RMS            GMAX         NAME    NUMBER
   1350      -4.6859E+01     6.4225E-03     1.4849E-02     O          11

 BOND    =        0.0855  ANGLE   =        1.3520  DIHED      =        0.0017
 VDWAALS =       -0.8920  EEL     =       -2.4899  HBOND      =        0.0000
 1-4 VDW =       -0.0067  1-4 EEL =      -44.9095  RESTRAINT  =        0.0000


   NSTEP       ENERGY          RMS            GMAX         NAME    NUMBER
   1400      -4.6860E+01     7.7768E-02     2.3790E-01     O          11

 BOND    =        0.0825  ANGLE   =        1.3599  DIHED      =        0.0025
 VDWAALS =       -0.8966  EEL     =       -2.4906  HBOND      =        0.0000
 1-4 VDW =       -0.0067  1-4 EEL =      -44.9107  RESTRAINT  =        0.0000


   NSTEP       ENERGY          RMS            GMAX         NAME    NUMBER
   1450      -4.6860E+01     4.0460E-02     1.2987E-01     H3          6

 BOND    =        0.0848  ANGLE   =        1.3467  DIHED      =        0.0022
 VDWAALS =       -0.9013  EEL     =       -2.4810  HBOND      =        0.0000
 1-4 VDW =       -0.0067  1-4 EEL =      -44.9049  RESTRAINT  =        0.0000


   NSTEP       ENERGY          RMS            GMAX         NAME    NUMBER
   1500      -4.6860E+01     3.7516E-02     1.1407E-01     H3         12

 BOND    =        0.0858  ANGLE   =        1.3509  DIHED      =        0.0022
 VDWAALS =       -0.9029  EEL     =       -2.4820  HBOND      =        0.0000
 1-4 VDW =       -0.0067  1-4 EEL =      -44.9077  RESTRAINT  =        0.0000


   NSTEP       ENERGY          RMS            GMAX         NAME    NUMBER
   1550      -4.6861E+01     1.5791E-02     4.1292E-02     H           2

 BOND    =        0.0854  ANGLE   =        1.3507  DIHED      =        0.0024
 VDWAALS =       -0.9067  EEL     =       -2.4789  HBOND      =        0.0000
 1-4 VDW =       -0.0067  1-4 EEL =      -44.9070  RESTRAINT  =        0.0000


   NSTEP       ENERGY          RMS            GMAX         NAME    NUMBER
   1600      -4.6861E+01     1.9262E-02     5.8560E-02     H3         12

 BOND    =        0.0858  ANGLE   =        1.3483  DIHED      =        0.0019
 VDWAALS =       -0.9083  EEL     =       -2.4763  HBOND      =        0.0000
 1-4 VDW =       -0.0067  1-4 EEL =      -44.9058  RESTRAINT  =        0.0000


   NSTEP       ENERGY          RMS            GMAX         NAME    NUMBER
   1650      -4.6861E+01     1.2033E-02     2.3945E-02     Si          7

 BOND    =        0.0858  ANGLE   =        1.3471  DIHED      =        0.0020
 VDWAALS =       -0.9090  EEL     =       -2.4758  HBOND      =        0.0000
 1-4 VDW =       -0.0067  1-4 EEL =      -44.9046  RESTRAINT  =        0.0000


   NSTEP       ENERGY          RMS            GMAX         NAME    NUMBER
   1700      -4.6861E+01     1.8861E-02     6.2730E-02     O           5

 BOND    =        0.0854  ANGLE   =        1.3476  DIHED      =        0.0014
 VDWAALS =       -0.9125  EEL     =       -2.4713  HBOND      =        0.0000
 1-4 VDW =       -0.0067  1-4 EEL =      -44.9052  RESTRAINT  =        0.0000


   NSTEP       ENERGY          RMS            GMAX         NAME    NUMBER
   1750      -4.6861E+01     9.1899E-03     1.8614E-02     H           2

 BOND    =        0.0857  ANGLE   =        1.3446  DIHED      =        0.0014
 VDWAALS =       -0.9135  EEL     =       -2.4702  HBOND      =        0.0000
 1-4 VDW =       -0.0067  1-4 EEL =      -44.9027  RESTRAINT  =        0.0000


   NSTEP       ENERGY          RMS            GMAX         NAME    NUMBER
   1800      -4.6861E+01     5.8368E-02     1.5766E-01     Si          7

 BOND    =        0.0866  ANGLE   =        1.3440  DIHED      =        0.0013
 VDWAALS =       -0.9151  EEL     =       -2.4678  HBOND      =        0.0000
 1-4 VDW =       -0.0067  1-4 EEL =      -44.9038  RESTRAINT  =        0.0000


   NSTEP       ENERGY          RMS            GMAX         NAME    NUMBER
   1850      -4.6862E+01     4.5310E-02     1.1857E-01     O           5

 BOND    =        0.0845  ANGLE   =        1.3456  DIHED      =        0.0009
 VDWAALS =       -0.9237  EEL     =       -2.4613  HBOND      =        0.0000
 1-4 VDW =       -0.0067  1-4 EEL =      -44.9012  RESTRAINT  =        0.0000


   NSTEP       ENERGY          RMS            GMAX         NAME    NUMBER
   1900      -4.6863E+01     1.0285E-01     2.3995E-01     H3          6

 BOND    =        0.0861  ANGLE   =        1.3470  DIHED      =        0.0018
 VDWAALS =       -0.9236  EEL     =       -2.4641  HBOND      =        0.0000
 1-4 VDW =       -0.0067  1-4 EEL =      -44.9031  RESTRAINT  =        0.0000


   NSTEP       ENERGY          RMS            GMAX         NAME    NUMBER
   1950      -4.6863E+01     5.7088E-02     2.3527E-01     O           5

 BOND    =        0.0853  ANGLE   =        1.3471  DIHED      =        0.0020
 VDWAALS =       -0.9260  EEL     =       -2.4605  HBOND      =        0.0000
 1-4 VDW =       -0.0067  1-4 EEL =      -44.9044  RESTRAINT  =        0.0000


   NSTEP       ENERGY          RMS            GMAX         NAME    NUMBER
   2000      -4.6864E+01     5.6593E-02     1.9262E-01     O          11

 BOND    =        0.0851  ANGLE   =        1.3534  DIHED      =        0.0017
 VDWAALS =       -0.9273  EEL     =       -2.4593  HBOND      =        0.0000
 1-4 VDW =       -0.0067  1-4 EEL =      -44.9104  RESTRAINT  =        0.0000

     ... RESTARTED DUE TO LINMIN FAILURE ...


   NSTEP       ENERGY          RMS            GMAX         NAME    NUMBER
   2050      -4.6864E+01     1.2364E-02     3.0602E-02     H3         12

 BOND    =        0.0857  ANGLE   =        1.3374  DIHED      =        0.0012
 VDWAALS =       -0.9335  EEL     =       -2.4523  HBOND      =        0.0000
 1-4 VDW =       -0.0067  1-4 EEL =      -44.8956  RESTRAINT  =        0.0000


   NSTEP       ENERGY          RMS            GMAX         NAME    NUMBER
   2100      -4.6864E+01     1.8927E-02     5.2323E-02     O          11

 BOND    =        0.0858  ANGLE   =        1.3391  DIHED      =        0.0013
 VDWAALS =       -0.9328  EEL     =       -2.4536  HBOND      =        0.0000
 1-4 VDW =       -0.0067  1-4 EEL =      -44.8970  RESTRAINT  =        0.0000


   NSTEP       ENERGY          RMS            GMAX         NAME    NUMBER
   2150      -4.6864E+01     1.8573E-02     4.2732E-02     H1          9

 BOND    =        0.0854  ANGLE   =        1.3448  DIHED      =        0.0013
 VDWAALS =       -0.9340  EEL     =       -2.4520  HBOND      =        0.0000
 1-4 VDW =       -0.0067  1-4 EEL =      -44.9031  RESTRAINT  =        0.0000


   NSTEP       ENERGY          RMS            GMAX         NAME    NUMBER
   2200      -4.6865E+01     7.4547E-02     1.5370E-01     O          11

 BOND    =        0.0864  ANGLE   =        1.3533  DIHED      =        0.0011
 VDWAALS =       -0.9415  EEL     =       -2.4471  HBOND      =        0.0000
 1-4 VDW =       -0.0067  1-4 EEL =      -44.9105  RESTRAINT  =        0.0000


   NSTEP       ENERGY          RMS            GMAX         NAME    NUMBER
   2250      -4.6866E+01     4.2717E-02     1.4855E-01     Si          1

 BOND    =        0.0876  ANGLE   =        1.3586  DIHED      =        0.0011
 VDWAALS =       -0.9447  EEL     =       -2.4444  HBOND      =        0.0000
 1-4 VDW =       -0.0067  1-4 EEL =      -44.9171  RESTRAINT  =        0.0000


   NSTEP       ENERGY          RMS            GMAX         NAME    NUMBER
   2300      -4.6866E+01     4.7951E-02     1.7589E-01     O           5

 BOND    =        0.0858  ANGLE   =        1.3358  DIHED      =        0.0006
 VDWAALS =       -0.9531  EEL     =       -2.4332  HBOND      =        0.0000
 1-4 VDW =       -0.0067  1-4 EEL =      -44.8955  RESTRAINT  =        0.0000


   NSTEP       ENERGY          RMS            GMAX         NAME    NUMBER
   2350      -4.6867E+01     1.7787E-02     4.2770E-02     O          11

 BOND    =        0.0863  ANGLE   =        1.3371  DIHED      =        0.0008
 VDWAALS =       -0.9541  EEL     =       -2.4341  HBOND      =        0.0000
 1-4 VDW =       -0.0067  1-4 EEL =      -44.8959  RESTRAINT  =        0.0000


   NSTEP       ENERGY          RMS            GMAX         NAME    NUMBER
   2400      -4.6867E+01     1.2713E-02     2.7327E-02     O          11

 BOND    =        0.0858  ANGLE   =        1.3350  DIHED      =        0.0008
 VDWAALS =       -0.9556  EEL     =       -2.4317  HBOND      =        0.0000
 1-4 VDW =       -0.0067  1-4 EEL =      -44.8945  RESTRAINT  =        0.0000


   NSTEP       ENERGY          RMS            GMAX         NAME    NUMBER
   2450      -4.6867E+01     3.5742E-02     1.2975E-01     O           5

 BOND    =        0.0874  ANGLE   =        1.3341  DIHED      =        0.0012
 VDWAALS =       -0.9553  EEL     =       -2.4331  HBOND      =        0.0000
 1-4 VDW =       -0.0067  1-4 EEL =      -44.8949  RESTRAINT  =        0.0000


   NSTEP       ENERGY          RMS            GMAX         NAME    NUMBER
   2500      -4.6867E+01     3.1667E-02     9.1234E-02     O           5

 BOND    =        0.0860  ANGLE   =        1.3316  DIHED      =        0.0010
 VDWAALS =       -0.9573  EEL     =       -2.4303  HBOND      =        0.0000
 1-4 VDW =       -0.0067  1-4 EEL =      -44.8917  RESTRAINT  =        0.0000


   NSTEP       ENERGY          RMS            GMAX         NAME    NUMBER
   2550      -4.6868E+01     1.2162E-02     3.8653E-02     O           5

 BOND    =        0.0863  ANGLE   =        1.3342  DIHED      =        0.0008
 VDWAALS =       -0.9639  EEL     =       -2.4252  HBOND      =        0.0000
 1-4 VDW =       -0.0067  1-4 EEL =      -44.8939  RESTRAINT  =        0.0000


   NSTEP       ENERGY          RMS            GMAX         NAME    NUMBER
   2600      -4.6869E+01     7.3315E-03     2.3111E-02     H3          6

 BOND    =        0.0865  ANGLE   =        1.3343  DIHED      =        0.0007
 VDWAALS =       -0.9687  EEL     =       -2.4214  HBOND      =        0.0000
 1-4 VDW =       -0.0067  1-4 EEL =      -44.8937  RESTRAINT  =        0.0000


   NSTEP       ENERGY          RMS            GMAX         NAME    NUMBER
   2650      -4.6869E+01     1.3097E-02     4.4672E-02     O          11

 BOND    =        0.0869  ANGLE   =        1.3366  DIHED      =        0.0008
 VDWAALS =       -0.9698  EEL     =       -2.4208  HBOND      =        0.0000
 1-4 VDW =       -0.0067  1-4 EEL =      -44.8961  RESTRAINT  =        0.0000


   NSTEP       ENERGY          RMS            GMAX         NAME    NUMBER
   2700      -4.6869E+01     6.2064E-02     2.2939E-01     Si          1

 BOND    =        0.0854  ANGLE   =        1.3399  DIHED      =        0.0007
 VDWAALS =       -0.9751  EEL     =       -2.4167  HBOND      =        0.0000
 1-4 VDW =       -0.0067  1-4 EEL =      -44.8969  RESTRAINT  =        0.0000


   NSTEP       ENERGY          RMS            GMAX         NAME    NUMBER
   2750      -4.6870E+01     2.5329E-02     5.6562E-02     H2         10

 BOND    =        0.0860  ANGLE   =        1.3290  DIHED      =        0.0006
 VDWAALS =       -0.9735  EEL     =       -2.4161  HBOND      =        0.0000
 1-4 VDW =       -0.0067  1-4 EEL =      -44.8891  RESTRAINT  =        0.0000


   NSTEP       ENERGY          RMS            GMAX         NAME    NUMBER
   2800      -4.6870E+01     3.8963E-03     8.4241E-03     Si          1

 BOND    =        0.0864  ANGLE   =        1.3337  DIHED      =        0.0007
 VDWAALS =       -0.9737  EEL     =       -2.4171  HBOND      =        0.0000
 1-4 VDW =       -0.0067  1-4 EEL =      -44.8932  RESTRAINT  =        0.0000


   NSTEP       ENERGY          RMS            GMAX         NAME    NUMBER
   2850      -4.6870E+01     4.3085E-03     1.2335E-02     O          11

 BOND    =        0.0864  ANGLE   =        1.3337  DIHED      =        0.0006
 VDWAALS =       -0.9738  EEL     =       -2.4170  HBOND      =        0.0000
 1-4 VDW =       -0.0067  1-4 EEL =      -44.8931  RESTRAINT  =        0.0000


   NSTEP       ENERGY          RMS            GMAX         NAME    NUMBER
   2900      -4.6870E+01     6.2149E-03     1.5962E-02     H3          6

 BOND    =        0.0864  ANGLE   =        1.3356  DIHED      =        0.0006
 VDWAALS =       -0.9743  EEL     =       -2.4169  HBOND      =        0.0000
 1-4 VDW =       -0.0067  1-4 EEL =      -44.8947  RESTRAINT  =        0.0000


   NSTEP       ENERGY          RMS            GMAX         NAME    NUMBER
   2950      -4.6870E+01     1.1324E-02     3.7327E-02     H3          6

 BOND    =        0.0867  ANGLE   =        1.3341  DIHED      =        0.0006
 VDWAALS =       -0.9742  EEL     =       -2.4167  HBOND      =        0.0000
 1-4 VDW =       -0.0067  1-4 EEL =      -44.8938  RESTRAINT  =        0.0000


   NSTEP       ENERGY          RMS            GMAX         NAME    NUMBER
   3000      -4.6870E+01     2.8757E-03     8.8743E-03     O           5

 BOND    =        0.0864  ANGLE   =        1.3326  DIHED      =        0.0006
 VDWAALS =       -0.9741  EEL     =       -2.4165  HBOND      =        0.0000
 1-4 VDW =       -0.0067  1-4 EEL =      -44.8923  RESTRAINT  =        0.0000


   NSTEP       ENERGY          RMS            GMAX         NAME    NUMBER
   3050      -4.6870E+01     9.9565E-03     2.8051E-02     Si          1

 BOND    =        0.0862  ANGLE   =        1.3325  DIHED      =        0.0006
 VDWAALS =       -0.9752  EEL     =       -2.4156  HBOND      =        0.0000
 1-4 VDW =       -0.0067  1-4 EEL =      -44.8919  RESTRAINT  =        0.0000


   NSTEP       ENERGY          RMS            GMAX         NAME    NUMBER
   3100      -4.6870E+01     2.5744E-03     5.8454E-03     H2         10

 BOND    =        0.0865  ANGLE   =        1.3331  DIHED      =        0.0006
 VDWAALS =       -0.9764  EEL     =       -2.4145  HBOND      =        0.0000
 1-4 VDW =       -0.0067  1-4 EEL =      -44.8928  RESTRAINT  =        0.0000


   NSTEP       ENERGY          RMS            GMAX         NAME    NUMBER
   3150      -4.6870E+01     1.0485E-03     2.5350E-03     H           8

 BOND    =        0.0864  ANGLE   =        1.3325  DIHED      =        0.0006
 VDWAALS =       -0.9764  EEL     =       -2.4145  HBOND      =        0.0000
 1-4 VDW =       -0.0067  1-4 EEL =      -44.8923  RESTRAINT  =        0.0000


   NSTEP       ENERGY          RMS            GMAX         NAME    NUMBER
   3200      -4.6870E+01     1.9879E-03     4.8986E-03     H3          6

 BOND    =        0.0864  ANGLE   =        1.3320  DIHED      =        0.0006
 VDWAALS =       -0.9763  EEL     =       -2.4144  HBOND      =        0.0000
 1-4 VDW =       -0.0067  1-4 EEL =      -44.8920  RESTRAINT  =        0.0000


   NSTEP       ENERGY          RMS            GMAX         NAME    NUMBER
   3250      -4.6870E+01     1.4752E-03     3.0434E-03     O           5

 BOND    =        0.0864  ANGLE   =        1.3318  DIHED      =        0.0006
 VDWAALS =       -0.9765  EEL     =       -2.4143  HBOND      =        0.0000
 1-4 VDW =       -0.0067  1-4 EEL =      -44.8916  RESTRAINT  =        0.0000


   NSTEP       ENERGY          RMS            GMAX         NAME    NUMBER
   3300      -4.6870E+01     8.1652E-04     1.8566E-03     H3          6

 BOND    =        0.0864  ANGLE   =        1.3319  DIHED      =        0.0006
 VDWAALS =       -0.9765  EEL     =       -2.4143  HBOND      =        0.0000
 1-4 VDW =       -0.0067  1-4 EEL =      -44.8917  RESTRAINT  =        0.0000


   NSTEP       ENERGY          RMS            GMAX         NAME    NUMBER
   3350      -4.6870E+01     9.9437E-04     2.5758E-03     Si          7

 BOND    =        0.0864  ANGLE   =        1.3319  DIHED      =        0.0006
 VDWAALS =       -0.9765  EEL     =       -2.4143  HBOND      =        0.0000
 1-4 VDW =       -0.0067  1-4 EEL =      -44.8917  RESTRAINT  =        0.0000


   NSTEP       ENERGY          RMS            GMAX         NAME    NUMBER
   3400      -4.6870E+01     1.3797E-03     4.2260E-03     Si          7

 BOND    =        0.0865  ANGLE   =        1.3321  DIHED      =        0.0006
 VDWAALS =       -0.9766  EEL     =       -2.4143  HBOND      =        0.0000
 1-4 VDW =       -0.0067  1-4 EEL =      -44.8919  RESTRAINT  =        0.0000


   NSTEP       ENERGY          RMS            GMAX         NAME    NUMBER
   3450      -4.6870E+01     6.2046E-04     1.5700E-03     H           2

 BOND    =        0.0864  ANGLE   =        1.3322  DIHED      =        0.0006
 VDWAALS =       -0.9766  EEL     =       -2.4143  HBOND      =        0.0000
 1-4 VDW =       -0.0067  1-4 EEL =      -44.8920  RESTRAINT  =        0.0000


   NSTEP       ENERGY          RMS            GMAX         NAME    NUMBER
   3500      -4.6870E+01     7.1486E-04     1.5421E-03     O          11

 BOND    =        0.0864  ANGLE   =        1.3323  DIHED      =        0.0006
 VDWAALS =       -0.9767  EEL     =       -2.4143  HBOND      =        0.0000
 1-4 VDW =       -0.0067  1-4 EEL =      -44.8920  RESTRAINT  =        0.0000


   NSTEP       ENERGY          RMS            GMAX         NAME    NUMBER
   3550      -4.6870E+01     3.3614E-03     8.1344E-03     Si          1

 BOND    =        0.0864  ANGLE   =        1.3319  DIHED      =        0.0006
 VDWAALS =       -0.9767  EEL     =       -2.4142  HBOND      =        0.0000
 1-4 VDW =       -0.0067  1-4 EEL =      -44.8917  RESTRAINT  =        0.0000


   NSTEP       ENERGY          RMS            GMAX         NAME    NUMBER
   3600      -4.6870E+01     1.5401E-03     4.1975E-03     Si          1

 BOND    =        0.0864  ANGLE   =        1.3320  DIHED      =        0.0006
 VDWAALS =       -0.9767  EEL     =       -2.4142  HBOND      =        0.0000
 1-4 VDW =       -0.0067  1-4 EEL =      -44.8918  RESTRAINT  =        0.0000


   NSTEP       ENERGY          RMS            GMAX         NAME    NUMBER
   3650      -4.6870E+01     2.7940E-03     7.6329E-03     Si          7

 BOND    =        0.0864  ANGLE   =        1.3322  DIHED      =        0.0006
 VDWAALS =       -0.9768  EEL     =       -2.4142  HBOND      =        0.0000
 1-4 VDW =       -0.0067  1-4 EEL =      -44.8920  RESTRAINT  =        0.0000


   NSTEP       ENERGY          RMS            GMAX         NAME    NUMBER
   3700      -4.6870E+01     7.6282E-03     2.2425E-02     O          11

 BOND    =        0.0864  ANGLE   =        1.3315  DIHED      =        0.0006
 VDWAALS =       -0.9767  EEL     =       -2.4140  HBOND      =        0.0000
 1-4 VDW =       -0.0067  1-4 EEL =      -44.8914  RESTRAINT  =        0.0000


   NSTEP       ENERGY          RMS            GMAX         NAME    NUMBER
   3750      -4.6870E+01     5.5626E-03     1.9162E-02     Si          1

 BOND    =        0.0864  ANGLE   =        1.3319  DIHED      =        0.0006
 VDWAALS =       -0.9768  EEL     =       -2.4141  HBOND      =        0.0000
 1-4 VDW =       -0.0067  1-4 EEL =      -44.8917  RESTRAINT  =        0.0000


   NSTEP       ENERGY          RMS            GMAX         NAME    NUMBER
   3800      -4.6870E+01     1.7492E-03     3.6356E-03     H2          4

 BOND    =        0.0864  ANGLE   =        1.3320  DIHED      =        0.0006
 VDWAALS =       -0.9768  EEL     =       -2.4141  HBOND      =        0.0000
 1-4 VDW =       -0.0067  1-4 EEL =      -44.8918  RESTRAINT  =        0.0000


   NSTEP       ENERGY          RMS            GMAX         NAME    NUMBER
   3850      -4.6870E+01     4.1933E-04     1.0211E-03     O          11

 BOND    =        0.0864  ANGLE   =        1.3321  DIHED      =        0.0006
 VDWAALS =       -0.9768  EEL     =       -2.4141  HBOND      =        0.0000
 1-4 VDW =       -0.0067  1-4 EEL =      -44.8918  RESTRAINT  =        0.0000


   NSTEP       ENERGY          RMS            GMAX         NAME    NUMBER
   3900      -4.6870E+01     3.3973E-03     8.3302E-03     H3         12

 BOND    =        0.0863  ANGLE   =        1.3317  DIHED      =        0.0006
 VDWAALS =       -0.9768  EEL     =       -2.4141  HBOND      =        0.0000
 1-4 VDW =       -0.0067  1-4 EEL =      -44.8914  RESTRAINT  =        0.0000


   NSTEP       ENERGY          RMS            GMAX         NAME    NUMBER
   3950      -4.6870E+01     4.4833E-04     1.2862E-03     O          11

 BOND    =        0.0864  ANGLE   =        1.3320  DIHED      =        0.0006
 VDWAALS =       -0.9768  EEL     =       -2.4141  HBOND      =        0.0000
 1-4 VDW =       -0.0067  1-4 EEL =      -44.8918  RESTRAINT  =        0.0000


   NSTEP       ENERGY          RMS            GMAX         NAME    NUMBER
   4000      -4.6870E+01     4.6234E-04     1.2750E-03     H2          4

 BOND    =        0.0864  ANGLE   =        1.3321  DIHED      =        0.0006
 VDWAALS =       -0.9768  EEL     =       -2.4141  HBOND      =        0.0000
 1-4 VDW =       -0.0067  1-4 EEL =      -44.8918  RESTRAINT  =        0.0000


   NSTEP       ENERGY          RMS            GMAX         NAME    NUMBER
   4050      -4.6870E+01     1.5443E-03     4.0899E-03     O          11

 BOND    =        0.0864  ANGLE   =        1.3321  DIHED      =        0.0006
 VDWAALS =       -0.9768  EEL     =       -2.4141  HBOND      =        0.0000
 1-4 VDW =       -0.0067  1-4 EEL =      -44.8919  RESTRAINT  =        0.0000


   NSTEP       ENERGY          RMS            GMAX         NAME    NUMBER
   4100      -4.6870E+01     8.8400E-04     2.3852E-03     H3         12

 BOND    =        0.0864  ANGLE   =        1.3322  DIHED      =        0.0006
 VDWAALS =       -0.9769  EEL     =       -2.4141  HBOND      =        0.0000
 1-4 VDW =       -0.0067  1-4 EEL =      -44.8919  RESTRAINT  =        0.0000


   NSTEP       ENERGY          RMS            GMAX         NAME    NUMBER
   4150      -4.6870E+01     3.0555E-03     1.0533E-02     O           5

 BOND    =        0.0864  ANGLE   =        1.3323  DIHED      =        0.0006
 VDWAALS =       -0.9768  EEL     =       -2.4142  HBOND      =        0.0000
 1-4 VDW =       -0.0067  1-4 EEL =      -44.8921  RESTRAINT  =        0.0000


   NSTEP       ENERGY          RMS            GMAX         NAME    NUMBER
   4200      -4.6870E+01     5.0056E-04     1.5916E-03     H3          6

 BOND    =        0.0864  ANGLE   =        1.3324  DIHED      =        0.0006
 VDWAALS =       -0.9769  EEL     =       -2.4141  HBOND      =        0.0000
 1-4 VDW =       -0.0067  1-4 EEL =      -44.8921  RESTRAINT  =        0.0000


   NSTEP       ENERGY          RMS            GMAX         NAME    NUMBER
   4250      -4.6870E+01     3.5870E-03     9.0166E-03     O           5

 BOND    =        0.0864  ANGLE   =        1.3331  DIHED      =        0.0006
 VDWAALS =       -0.9770  EEL     =       -2.4142  HBOND      =        0.0000
 1-4 VDW =       -0.0067  1-4 EEL =      -44.8926  RESTRAINT  =        0.0000


   NSTEP       ENERGY          RMS            GMAX         NAME    NUMBER
   4300      -4.6870E+01     2.2185E-04     5.3026E-04     H2         10

 BOND    =        0.0864  ANGLE   =        1.3321  DIHED      =        0.0006
 VDWAALS =       -0.9769  EEL     =       -2.4141  HBOND      =        0.0000
 1-4 VDW =       -0.0067  1-4 EEL =      -44.8919  RESTRAINT  =        0.0000


   NSTEP       ENERGY          RMS            GMAX         NAME    NUMBER
   4350      -4.6870E+01     7.0620E-04     1.6129E-03     H1          9

 BOND    =        0.0864  ANGLE   =        1.3321  DIHED      =        0.0006
 VDWAALS =       -0.9770  EEL     =       -2.4139  HBOND      =        0.0000
 1-4 VDW =       -0.0067  1-4 EEL =      -44.8919  RESTRAINT  =        0.0000


   NSTEP       ENERGY          RMS            GMAX         NAME    NUMBER
   4400      -4.6870E+01     3.1328E-03     6.2399E-03     H1          9

 BOND    =        0.0865  ANGLE   =        1.3321  DIHED      =        0.0006
 VDWAALS =       -0.9773  EEL     =       -2.4136  HBOND      =        0.0000
 1-4 VDW =       -0.0067  1-4 EEL =      -44.8920  RESTRAINT  =        0.0000


   NSTEP       ENERGY          RMS            GMAX         NAME    NUMBER
   4450      -4.6870E+01     1.9517E-03     7.4241E-03     Si          7

 BOND    =        0.0865  ANGLE   =        1.3323  DIHED      =        0.0006
 VDWAALS =       -0.9763  EEL     =       -2.4148  HBOND      =        0.0000
 1-4 VDW =       -0.0067  1-4 EEL =      -44.8920  RESTRAINT  =        0.0000


   NSTEP       ENERGY          RMS            GMAX         NAME    NUMBER
   4500      -4.6870E+01     9.7006E-04     1.9154E-03     H           8

 BOND    =        0.0864  ANGLE   =        1.3322  DIHED      =        0.0006
 VDWAALS =       -0.9767  EEL     =       -2.4144  HBOND      =        0.0000
 1-4 VDW =       -0.0067  1-4 EEL =      -44.8918  RESTRAINT  =        0.0000


   NSTEP       ENERGY          RMS            GMAX         NAME    NUMBER
   4550      -4.6870E+01     5.3884E-04     1.1016E-03     H1          9

 BOND    =        0.0864  ANGLE   =        1.3320  DIHED      =        0.0006
 VDWAALS =       -0.9770  EEL     =       -2.4140  HBOND      =        0.0000
 1-4 VDW =       -0.0067  1-4 EEL =      -44.8918  RESTRAINT  =        0.0000


   NSTEP       ENERGY          RMS            GMAX         NAME    NUMBER
   4600      -4.6870E+01     9.4121E-03     2.7715E-02     Si          7

 BOND    =        0.0865  ANGLE   =        1.3323  DIHED      =        0.0006
 VDWAALS =       -0.9772  EEL     =       -2.4139  HBOND      =        0.0000
 1-4 VDW =       -0.0067  1-4 EEL =      -44.8920  RESTRAINT  =        0.0000


   NSTEP       ENERGY          RMS            GMAX         NAME    NUMBER
   4650      -4.6870E+01     6.5865E-04     1.5931E-03     H1          3

 BOND    =        0.0864  ANGLE   =        1.3321  DIHED      =        0.0006
 VDWAALS =       -0.9769  EEL     =       -2.4141  HBOND      =        0.0000
 1-4 VDW =       -0.0067  1-4 EEL =      -44.8919  RESTRAINT  =        0.0000


   NSTEP       ENERGY          RMS            GMAX         NAME    NUMBER
   4700      -4.6870E+01     3.0896E-04     7.5331E-04     H1          9

 BOND    =        0.0864  ANGLE   =        1.3321  DIHED      =        0.0006
 VDWAALS =       -0.9769  EEL     =       -2.4141  HBOND      =        0.0000
 1-4 VDW =       -0.0067  1-4 EEL =      -44.8919  RESTRAINT  =        0.0000


   NSTEP       ENERGY          RMS            GMAX         NAME    NUMBER
   4750      -4.6870E+01     3.2690E-04     6.9514E-04     O           5

 BOND    =        0.0864  ANGLE   =        1.3321  DIHED      =        0.0006
 VDWAALS =       -0.9769  EEL     =       -2.4141  HBOND      =        0.0000
 1-4 VDW =       -0.0067  1-4 EEL =      -44.8919  RESTRAINT  =        0.0000


   NSTEP       ENERGY          RMS            GMAX         NAME    NUMBER
   4800      -4.6870E+01     2.3636E-03     4.8821E-03     O          11

 BOND    =        0.0865  ANGLE   =        1.3323  DIHED      =        0.0006
 VDWAALS =       -0.9770  EEL     =       -2.4141  HBOND      =        0.0000
 1-4 VDW =       -0.0067  1-4 EEL =      -44.8921  RESTRAINT  =        0.0000


   NSTEP       ENERGY          RMS            GMAX         NAME    NUMBER
   4850      -4.6870E+01     1.7799E-03     4.0853E-03     H1          9

 BOND    =        0.0864  ANGLE   =        1.3322  DIHED      =        0.0006
 VDWAALS =       -0.9768  EEL     =       -2.4142  HBOND      =        0.0000
 1-4 VDW =       -0.0067  1-4 EEL =      -44.8919  RESTRAINT  =        0.0000


   NSTEP       ENERGY          RMS            GMAX         NAME    NUMBER
   4900      -4.6870E+01     1.0810E-02     3.9730E-02     Si          1

 BOND    =        0.0860  ANGLE   =        1.3323  DIHED      =        0.0006
 VDWAALS =       -0.9767  EEL     =       -2.4143  HBOND      =        0.0000
 1-4 VDW =       -0.0067  1-4 EEL =      -44.8915  RESTRAINT  =        0.0000


   NSTEP       ENERGY          RMS            GMAX         NAME    NUMBER
   4950      -4.6870E+01     3.2710E-04     8.4685E-04     H1          9

 BOND    =        0.0864  ANGLE   =        1.3321  DIHED      =        0.0006
 VDWAALS =       -0.9770  EEL     =       -2.4140  HBOND      =        0.0000
 1-4 VDW =       -0.0067  1-4 EEL =      -44.8919  RESTRAINT  =        0.0000


   NSTEP       ENERGY          RMS            GMAX         NAME    NUMBER
   5000      -4.6870E+01     3.4420E-03     1.3514E-02     O          11

 BOND    =        0.0864  ANGLE   =        1.3323  DIHED      =        0.0006
 VDWAALS =       -0.9771  EEL     =       -2.4139  HBOND      =        0.0000
 1-4 VDW =       -0.0067  1-4 EEL =      -44.8920  RESTRAINT  =        0.0000


  Maximum number of minimization cycles reached.


                    FINAL RESULTS



   NSTEP       ENERGY          RMS            GMAX         NAME    NUMBER
   5000      -4.6870E+01     3.4420E-03     1.3514E-02     O          11

 BOND    =        0.0864  ANGLE   =        1.3323  DIHED      =        0.0006
 VDWAALS =       -0.9771  EEL     =       -2.4139  HBOND      =        0.0000
 1-4 VDW =       -0.0067  1-4 EEL =      -44.8920  RESTRAINT  =        0.0000

--------------------------------------------------------------------------------
   5.  TIMINGS
--------------------------------------------------------------------------------

|    Read coords time           0.00 ( 0.29% of Total)
|                Build the list             0.00 ( 4.73% of List )
|                Other                      0.00 (95.27% of List )
|             List time                  0.00 ( 1.77% of Nonbo)
|                   Short_ene time             0.13 (94.72% of Direc)
|                   Other                      0.01 ( 5.28% of Direc)
|                Direct Ewald time          0.13 (84.56% of Ewald)
|                Force Adjust               0.00 ( 2.34% of Ewald)
|                Virial junk                0.00 ( 2.51% of Ewald)
|                Start synchronizatio       0.00 ( 2.09% of Ewald)
|                Other                      0.01 ( 8.50% of Ewald)
|             Ewald time                 0.16 (88.44% of Nonbo)
|             IPS excludes               0.00 ( 1.61% of Nonbo)
|             Other                      0.01 ( 8.18% of Nonbo)
|          Nonbond force              0.18 (83.17% of Force)
|          Bond/Angle/Dihedral        0.02 ( 7.63% of Force)
|          FRC Collect time           0.00 ( 1.37% of Force)
|          Other                      0.02 ( 7.83% of Force)
|       Force time                 0.21 (100.0% of Runmd)
|    Runmd Time                 0.21 (58.52% of Total)
|    Other                      0.15 (41.18% of Total)
| Total time                 0.37 (100.0% of ALL  )

| Highest rstack allocated:         30
| Highest istack allocated:          6

| Final Performance Info:
| -----------------------------------------------------
| Average timings for all steps:
|     Elapsed(s) =       0.36 Per Step(ms) =     360.65
|         ns/day =       0.24   seconds/ns =  360647.92
| -----------------------------------------------------

|           Job began  at 16:07:45.047  on 04/17/2021
|           Setup done at 16:07:45.052  on 04/17/2021
|           Run   done at 16:07:45.412  on 04/17/2021
|     wallclock() was called  125038 times
