
          -------------------------------------------------------
          Amber 12 SANDER                              2012
          -------------------------------------------------------

| Run on 04/17/2021 at 16:07:45
  [-O]verwriting output

File Assignments:
|  MDIN: mm.in                                                                 
| MDOUT: out/SiH3OH_SiH3OH.con2.out                                            
|INPCRD: ../MM_PES/inpcrd/SiH3OH_SiH3OH.con2.100.inpcrd                        
|  PARM: ../MM_PES/prmtop/SiH3OH_SiH3OH.con2.prmtop                            
|RESTRT: rst/SiH3OH_SiH3OH.con2.rst                                            
|  REFC: refc                                                                  
| MDVEL: mdvel                                                                 
|  MDEN: mden                                                                  
| MDCRD: mdcrd                                                                 
|MDINFO: mdinfo                                                                
|  MTMD: mtmd                                                                  
|INPDIP: inpdip                                                                
|RSTDIP: rstdip                                                                

|INPTRA: inptraj                                                               
|

 Here is the input file:

Minimization                                                                   
&cntrl                                                                         
 imin=1, maxcyc=5000,                                                          
 ntb=0,                                                                        
 ioutfm=0,                                                                     
 cut=99,                                                                       
/                                                                              

--------------------------------------------------------------------------------
   1.  RESOURCE   USE: 
--------------------------------------------------------------------------------

| Flags: MPI                                                                    
|    NONPERIODIC   ntb=0 and igb=0: Setting up nonperiodic simulation
|  *** cutoff > system size, list only builds once
|Largest sphere to fit in unit cell has radius =    31.215
| New format PARM file being parsed.
| Version =    1.000 Date = 04/17/21 Time = 16:02:40
 NATOM  =      12 NTYPES =       4 NBONH =       8 MBONA  =       2
 NTHETH =      14 MTHETA =       0 NPHIH =       6 MPHIA  =       0
 NHPARM =       0 NPARM  =       0 NNB   =      32 NRES   =       2
 NBONA  =       2 NTHETA =       0 NPHIA =       0 NUMBND =       3
 NUMANG =       3 NPTRA  =       1 NATYP =       4 NPHB   =       0
 IFBOX  =       0 NMXRS  =       6 IFCAP =       0 NEXTRA =       0
 NCOPY  =       0


|     Memory Use     Allocated
|     Real                2430
|     Hollerith             40
|     Integer            20677
|     Max Pairs             66
|     nblistReal           144
|     nblist Int        838047
|       Total             3374 kbytes

| Note: 1-4 EEL scale factors are being read from the topology file.

| Note: 1-4 VDW scale factors are being read from the topology file.
| Duplicated    0 dihedrals
| Duplicated    0 dihedrals

--------------------------------------------------------------------------------
   2.  CONTROL  DATA  FOR  THE  RUN
--------------------------------------------------------------------------------

default_name                                                                    

General flags:
     imin    =       1, nmropt  =       0

Nature and format of input:
     ntx     =       1, irest   =       0, ntrx    =       1

Nature and format of output:
     ntxo    =       1, ntpr    =      50, ntrx    =       1, ntwr    =     500
     iwrap   =       0, ntwx    =       0, ntwv    =       0, ntwe    =       0
     ioutfm  =       0, ntwprt  =       0, idecomp =       0, rbornstat=      0

Potential function:
     ntf     =       1, ntb     =       0, igb     =       0, nsnb    =      25
     ipol    =       0, gbsa    =       0, iesp    =       0
     dielc   =   1.00000, cut     =  99.00000, intdiel =   1.00000

Frozen or restrained atoms:
     ibelly  =       0, ntr     =       0

Energy minimization:
     maxcyc  =    5000, ncyc    =      10, ntmin   =       1
     dx0     =   0.01000, drms    =   0.00010

| MPI Timing options:
|      profile_mpi =        0
|  INFO: Old style inpcrd file read


--------------------------------------------------------------------------------
   3.  ATOMIC COORDINATES AND VELOCITIES
--------------------------------------------------------------------------------

default_name                                                                    
 begin time read from input coords =     0.000 ps

 Number of triangulated 3-point waters found:        0
|  Atom division among processors:
|         0      12

     Sum of charges from parm topology file =  -0.00199800
     Forcing neutrality...
|  Running AMBER/MPI version on    1 nodes


--------------------------------------------------------------------------------
   4.  RESULTS
--------------------------------------------------------------------------------

 ---------------------------------------------------

     eedmeth=4: Setting switch to one everywhere

 ---------------------------------------------------
| Local SIZE OF NONBOND LIST =         36
| TOTAL SIZE OF NONBOND LIST =         36


   NSTEP       ENERGY          RMS            GMAX         NAME    NUMBER
      1      -4.2523E+01     4.2286E+00     1.0820E+01     H3         12

 BOND    =        0.4788  ANGLE   =        0.8494  DIHED      =        0.0022
 VDWAALS =       -0.9518  EEL     =        0.1327  HBOND      =        0.0000
 1-4 VDW =       -0.0049  1-4 EEL =      -43.0293  RESTRAINT  =        0.0000


   NSTEP       ENERGY          RMS            GMAX         NAME    NUMBER
     50      -4.4396E+01     1.0416E-01     2.0877E-01     H           2

 BOND    =        0.1077  ANGLE   =        0.7758  DIHED      =        0.0028
 VDWAALS =       -0.8164  EEL     =        0.0024  HBOND      =        0.0000
 1-4 VDW =       -0.0063  1-4 EEL =      -44.4622  RESTRAINT  =        0.0000


   NSTEP       ENERGY          RMS            GMAX         NAME    NUMBER
    100      -4.4410E+01     1.0934E-01     2.3990E-01     O          11

 BOND    =        0.1102  ANGLE   =        0.8254  DIHED      =        0.0017
 VDWAALS =       -0.8106  EEL     =       -0.0129  HBOND      =        0.0000
 1-4 VDW =       -0.0064  1-4 EEL =      -44.5179  RESTRAINT  =        0.0000


   NSTEP       ENERGY          RMS            GMAX         NAME    NUMBER
    150      -4.4418E+01     5.6690E-02     1.6413E-01     H3         12

 BOND    =        0.1136  ANGLE   =        0.8147  DIHED      =        0.0013
 VDWAALS =       -0.8063  EEL     =       -0.0247  HBOND      =        0.0000
 1-4 VDW =       -0.0063  1-4 EEL =      -44.5103  RESTRAINT  =        0.0000


   NSTEP       ENERGY          RMS            GMAX         NAME    NUMBER
    200      -4.4423E+01     6.0365E-02     1.5913E-01     H3         12

 BOND    =        0.1108  ANGLE   =        0.8135  DIHED      =        0.0012
 VDWAALS =       -0.8045  EEL     =       -0.0308  HBOND      =        0.0000
 1-4 VDW =       -0.0063  1-4 EEL =      -44.5066  RESTRAINT  =        0.0000


   NSTEP       ENERGY          RMS            GMAX         NAME    NUMBER
    250      -4.4427E+01     1.6326E-02     3.6159E-02     H2         10

 BOND    =        0.1102  ANGLE   =        0.8112  DIHED      =        0.0011
 VDWAALS =       -0.8021  EEL     =       -0.0375  HBOND      =        0.0000
 1-4 VDW =       -0.0063  1-4 EEL =      -44.5039  RESTRAINT  =        0.0000


   NSTEP       ENERGY          RMS            GMAX         NAME    NUMBER
    300      -4.4430E+01     4.2722E-02     1.2223E-01     O           5

 BOND    =        0.1111  ANGLE   =        0.8117  DIHED      =        0.0013
 VDWAALS =       -0.7990  EEL     =       -0.0432  HBOND      =        0.0000
 1-4 VDW =       -0.0063  1-4 EEL =      -44.5055  RESTRAINT  =        0.0000


   NSTEP       ENERGY          RMS            GMAX         NAME    NUMBER
    350      -4.4432E+01     2.9402E-02     8.3442E-02     Si          1

 BOND    =        0.1100  ANGLE   =        0.8171  DIHED      =        0.0010
 VDWAALS =       -0.7992  EEL     =       -0.0447  HBOND      =        0.0000
 1-4 VDW =       -0.0063  1-4 EEL =      -44.5103  RESTRAINT  =        0.0000


   NSTEP       ENERGY          RMS            GMAX         NAME    NUMBER
    400      -4.4434E+01     1.7591E-02     4.9130E-02     O           5

 BOND    =        0.1090  ANGLE   =        0.8108  DIHED      =        0.0011
 VDWAALS =       -0.7961  EEL     =       -0.0492  HBOND      =        0.0000
 1-4 VDW =       -0.0063  1-4 EEL =      -44.5028  RESTRAINT  =        0.0000


   NSTEP       ENERGY          RMS            GMAX         NAME    NUMBER
    450      -4.4434E+01     3.7061E-02     1.0493E-01     O          11

 BOND    =        0.1114  ANGLE   =        0.8087  DIHED      =        0.0011
 VDWAALS =       -0.7949  EEL     =       -0.0506  HBOND      =        0.0000
 1-4 VDW =       -0.0063  1-4 EEL =      -44.5031  RESTRAINT  =        0.0000


   NSTEP       ENERGY          RMS            GMAX         NAME    NUMBER
    500      -4.4434E+01     4.0477E-03     1.0192E-02     Si          1

 BOND    =        0.1105  ANGLE   =        0.8141  DIHED      =        0.0012
 VDWAALS =       -0.7945  EEL     =       -0.0510  HBOND      =        0.0000
 1-4 VDW =       -0.0063  1-4 EEL =      -44.5078  RESTRAINT  =        0.0000


   NSTEP       ENERGY          RMS            GMAX         NAME    NUMBER
    550      -4.4434E+01     4.5935E-03     1.4075E-02     H           2

 BOND    =        0.1107  ANGLE   =        0.8141  DIHED      =        0.0012
 VDWAALS =       -0.7944  EEL     =       -0.0510  HBOND      =        0.0000
 1-4 VDW =       -0.0063  1-4 EEL =      -44.5081  RESTRAINT  =        0.0000


   NSTEP       ENERGY          RMS            GMAX         NAME    NUMBER
    600      -4.4434E+01     1.0577E-02     2.5226E-02     Si          7

 BOND    =        0.1100  ANGLE   =        0.8139  DIHED      =        0.0012
 VDWAALS =       -0.7939  EEL     =       -0.0515  HBOND      =        0.0000
 1-4 VDW =       -0.0063  1-4 EEL =      -44.5072  RESTRAINT  =        0.0000


   NSTEP       ENERGY          RMS            GMAX         NAME    NUMBER
    650      -4.4434E+01     3.1014E-03     1.0017E-02     O           5

 BOND    =        0.1103  ANGLE   =        0.8138  DIHED      =        0.0012
 VDWAALS =       -0.7939  EEL     =       -0.0516  HBOND      =        0.0000
 1-4 VDW =       -0.0063  1-4 EEL =      -44.5074  RESTRAINT  =        0.0000


   NSTEP       ENERGY          RMS            GMAX         NAME    NUMBER
    700      -4.4434E+01     6.8185E-03     1.8878E-02     Si          1

 BOND    =        0.1103  ANGLE   =        0.8141  DIHED      =        0.0012
 VDWAALS =       -0.7939  EEL     =       -0.0516  HBOND      =        0.0000
 1-4 VDW =       -0.0063  1-4 EEL =      -44.5077  RESTRAINT  =        0.0000


   NSTEP       ENERGY          RMS            GMAX         NAME    NUMBER
    750      -4.4434E+01     5.0832E-03     1.5274E-02     Si          1

 BOND    =        0.1105  ANGLE   =        0.8138  DIHED      =        0.0012
 VDWAALS =       -0.7940  EEL     =       -0.0516  HBOND      =        0.0000
 1-4 VDW =       -0.0063  1-4 EEL =      -44.5076  RESTRAINT  =        0.0000


   NSTEP       ENERGY          RMS            GMAX         NAME    NUMBER
    800      -4.4434E+01     1.0623E-03     2.6055E-03     O           5

 BOND    =        0.1103  ANGLE   =        0.8138  DIHED      =        0.0012
 VDWAALS =       -0.7941  EEL     =       -0.0515  HBOND      =        0.0000
 1-4 VDW =       -0.0063  1-4 EEL =      -44.5074  RESTRAINT  =        0.0000


   NSTEP       ENERGY          RMS            GMAX         NAME    NUMBER
    850      -4.4434E+01     2.2028E-03     6.4882E-03     H3          6

 BOND    =        0.1104  ANGLE   =        0.8138  DIHED      =        0.0012
 VDWAALS =       -0.7942  EEL     =       -0.0514  HBOND      =        0.0000
 1-4 VDW =       -0.0063  1-4 EEL =      -44.5074  RESTRAINT  =        0.0000


   NSTEP       ENERGY          RMS            GMAX         NAME    NUMBER
    900      -4.4434E+01     4.4497E-03     1.3040E-02     H           2

 BOND    =        0.1108  ANGLE   =        0.8167  DIHED      =        0.0012
 VDWAALS =       -0.7946  EEL     =       -0.0509  HBOND      =        0.0000
 1-4 VDW =       -0.0063  1-4 EEL =      -44.5109  RESTRAINT  =        0.0000


   NSTEP       ENERGY          RMS            GMAX         NAME    NUMBER
    950      -4.4434E+01     1.2031E-02     4.6354E-02     Si          1

 BOND    =        0.1107  ANGLE   =        0.8146  DIHED      =        0.0012
 VDWAALS =       -0.7946  EEL     =       -0.0512  HBOND      =        0.0000
 1-4 VDW =       -0.0063  1-4 EEL =      -44.5085  RESTRAINT  =        0.0000


   NSTEP       ENERGY          RMS            GMAX         NAME    NUMBER
   1000      -4.4434E+01     5.3595E-03     1.8481E-02     Si          7

 BOND    =        0.1102  ANGLE   =        0.8143  DIHED      =        0.0012
 VDWAALS =       -0.7947  EEL     =       -0.0510  HBOND      =        0.0000
 1-4 VDW =       -0.0063  1-4 EEL =      -44.5078  RESTRAINT  =        0.0000


   NSTEP       ENERGY          RMS            GMAX         NAME    NUMBER
   1050      -4.4434E+01     3.5836E-03     8.4772E-03     H2          4

 BOND    =        0.1103  ANGLE   =        0.8156  DIHED      =        0.0012
 VDWAALS =       -0.7951  EEL     =       -0.0506  HBOND      =        0.0000
 1-4 VDW =       -0.0063  1-4 EEL =      -44.5093  RESTRAINT  =        0.0000


   NSTEP       ENERGY          RMS            GMAX         NAME    NUMBER
   1100      -4.4434E+01     2.5680E-03     5.2602E-03     H           2

 BOND    =        0.1105  ANGLE   =        0.8158  DIHED      =        0.0012
 VDWAALS =       -0.7953  EEL     =       -0.0504  HBOND      =        0.0000
 1-4 VDW =       -0.0063  1-4 EEL =      -44.5096  RESTRAINT  =        0.0000


   NSTEP       ENERGY          RMS            GMAX         NAME    NUMBER
   1150      -4.4434E+01     1.5782E-03     3.5289E-03     H           2

 BOND    =        0.1104  ANGLE   =        0.8145  DIHED      =        0.0012
 VDWAALS =       -0.7953  EEL     =       -0.0505  HBOND      =        0.0000
 1-4 VDW =       -0.0063  1-4 EEL =      -44.5082  RESTRAINT  =        0.0000


   NSTEP       ENERGY          RMS            GMAX         NAME    NUMBER
   1200      -4.4434E+01     3.8679E-02     1.0789E-01     H2         10

 BOND    =        0.1083  ANGLE   =        0.8050  DIHED      =        0.0012
 VDWAALS =       -0.7982  EEL     =       -0.0486  HBOND      =        0.0000
 1-4 VDW =       -0.0063  1-4 EEL =      -44.4957  RESTRAINT  =        0.0000


   NSTEP       ENERGY          RMS            GMAX         NAME    NUMBER
   1250      -4.4435E+01     2.8058E-03     6.2455E-03     O          11

 BOND    =        0.1104  ANGLE   =        0.8140  DIHED      =        0.0011
 VDWAALS =       -0.7989  EEL     =       -0.0475  HBOND      =        0.0000
 1-4 VDW =       -0.0063  1-4 EEL =      -44.5075  RESTRAINT  =        0.0000


   NSTEP       ENERGY          RMS            GMAX         NAME    NUMBER
   1300      -4.4435E+01     9.0083E-03     2.6477E-02     Si          1

 BOND    =        0.1110  ANGLE   =        0.8143  DIHED      =        0.0011
 VDWAALS =       -0.7994  EEL     =       -0.0471  HBOND      =        0.0000
 1-4 VDW =       -0.0063  1-4 EEL =      -44.5082  RESTRAINT  =        0.0000


   NSTEP       ENERGY          RMS            GMAX         NAME    NUMBER
   1350      -4.4435E+01     5.3860E-03     1.0778E-02     H1          9

 BOND    =        0.1105  ANGLE   =        0.8144  DIHED      =        0.0011
 VDWAALS =       -0.7995  EEL     =       -0.0469  HBOND      =        0.0000
 1-4 VDW =       -0.0063  1-4 EEL =      -44.5081  RESTRAINT  =        0.0000


   NSTEP       ENERGY          RMS            GMAX         NAME    NUMBER
   1400      -4.4435E+01     2.7534E-03     5.9171E-03     H1          9

 BOND    =        0.1104  ANGLE   =        0.8138  DIHED      =        0.0011
 VDWAALS =       -0.7997  EEL     =       -0.0468  HBOND      =        0.0000
 1-4 VDW =       -0.0063  1-4 EEL =      -44.5073  RESTRAINT  =        0.0000


   NSTEP       ENERGY          RMS            GMAX         NAME    NUMBER
   1450      -4.4435E+01     1.7413E-02     3.7569E-02     O          11

 BOND    =        0.1107  ANGLE   =        0.8193  DIHED      =        0.0011
 VDWAALS =       -0.8008  EEL     =       -0.0457  HBOND      =        0.0000
 1-4 VDW =       -0.0063  1-4 EEL =      -44.5132  RESTRAINT  =        0.0000


   NSTEP       ENERGY          RMS            GMAX         NAME    NUMBER
   1500      -4.4435E+01     6.5672E-02     1.8739E-01     Si          1

 BOND    =        0.1100  ANGLE   =        0.8225  DIHED      =        0.0011
 VDWAALS =       -0.8015  EEL     =       -0.0446  HBOND      =        0.0000
 1-4 VDW =       -0.0063  1-4 EEL =      -44.5161  RESTRAINT  =        0.0000


   NSTEP       ENERGY          RMS            GMAX         NAME    NUMBER
   1550      -4.4435E+01     6.2805E-03     1.7144E-02     O           5

 BOND    =        0.1103  ANGLE   =        0.8125  DIHED      =        0.0011
 VDWAALS =       -0.8020  EEL     =       -0.0450  HBOND      =        0.0000
 1-4 VDW =       -0.0063  1-4 EEL =      -44.5056  RESTRAINT  =        0.0000


   NSTEP       ENERGY          RMS            GMAX         NAME    NUMBER
   1600      -4.4435E+01     8.0011E-03     2.0541E-02     O          11

 BOND    =        0.1105  ANGLE   =        0.8121  DIHED      =        0.0011
 VDWAALS =       -0.8030  EEL     =       -0.0442  HBOND      =        0.0000
 1-4 VDW =       -0.0063  1-4 EEL =      -44.5053  RESTRAINT  =        0.0000


   NSTEP       ENERGY          RMS            GMAX         NAME    NUMBER
   1650      -4.4435E+01     1.6101E-02     4.1927E-02     H3          6

 BOND    =        0.1099  ANGLE   =        0.8106  DIHED      =        0.0011
 VDWAALS =       -0.8041  EEL     =       -0.0434  HBOND      =        0.0000
 1-4 VDW =       -0.0063  1-4 EEL =      -44.5031  RESTRAINT  =        0.0000


   NSTEP       ENERGY          RMS            GMAX         NAME    NUMBER
   1700      -4.4436E+01     1.4718E-01     2.8709E-01     H           2

 BOND    =        0.0977  ANGLE   =        0.7815  DIHED      =        0.0010
 VDWAALS =       -0.8114  EEL     =       -0.0405  HBOND      =        0.0000
 1-4 VDW =       -0.0063  1-4 EEL =      -44.4579  RESTRAINT  =        0.0000


   NSTEP       ENERGY          RMS            GMAX         NAME    NUMBER
   1750      -4.4438E+01     2.3782E-02     5.9565E-02     O           5

 BOND    =        0.1106  ANGLE   =        0.8117  DIHED      =        0.0011
 VDWAALS =       -0.8159  EEL     =       -0.0343  HBOND      =        0.0000
 1-4 VDW =       -0.0063  1-4 EEL =      -44.5045  RESTRAINT  =        0.0000


   NSTEP       ENERGY          RMS            GMAX         NAME    NUMBER
   1800      -4.4438E+01     7.2456E-02     1.7186E-01     O          11

 BOND    =        0.1126  ANGLE   =        0.8138  DIHED      =        0.0010
 VDWAALS =       -0.8214  EEL     =       -0.0305  HBOND      =        0.0000
 1-4 VDW =       -0.0063  1-4 EEL =      -44.5077  RESTRAINT  =        0.0000


   NSTEP       ENERGY          RMS            GMAX         NAME    NUMBER
   1850      -4.4441E+01     1.7103E-01     5.2659E-01     O           5

 BOND    =        0.1022  ANGLE   =        0.8173  DIHED      =        0.0010
 VDWAALS =       -0.8289  EEL     =       -0.0269  HBOND      =        0.0000
 1-4 VDW =       -0.0063  1-4 EEL =      -44.4990  RESTRAINT  =        0.0000


   NSTEP       ENERGY          RMS            GMAX         NAME    NUMBER
   1900      -4.4443E+01     7.0375E-02     1.9740E-01     O           5

 BOND    =        0.1090  ANGLE   =        0.8103  DIHED      =        0.0011
 VDWAALS =       -0.8338  EEL     =       -0.0240  HBOND      =        0.0000
 1-4 VDW =       -0.0063  1-4 EEL =      -44.4995  RESTRAINT  =        0.0000


   NSTEP       ENERGY          RMS            GMAX         NAME    NUMBER
   1950      -4.4445E+01     5.7541E-02     1.6270E-01     O           5

 BOND    =        0.1127  ANGLE   =        0.8069  DIHED      =        0.0015
 VDWAALS =       -0.8403  EEL     =       -0.0191  HBOND      =        0.0000
 1-4 VDW =       -0.0063  1-4 EEL =      -44.5004  RESTRAINT  =        0.0000


   NSTEP       ENERGY          RMS            GMAX         NAME    NUMBER
   2000      -4.4447E+01     2.5577E-02     7.0111E-02     O           5

 BOND    =        0.1108  ANGLE   =        0.8095  DIHED      =        0.0015
 VDWAALS =       -0.8431  EEL     =       -0.0175  HBOND      =        0.0000
 1-4 VDW =       -0.0063  1-4 EEL =      -44.5015  RESTRAINT  =        0.0000


   NSTEP       ENERGY          RMS            GMAX         NAME    NUMBER
   2050      -4.4451E+01     3.7059E-01     8.8094E-01     O          11

 BOND    =        0.0915  ANGLE   =        0.8151  DIHED      =        0.0030
 VDWAALS =       -0.8700  EEL     =       -0.0023  HBOND      =        0.0000
 1-4 VDW =       -0.0063  1-4 EEL =      -44.4821  RESTRAINT  =        0.0000


   NSTEP       ENERGY          RMS            GMAX         NAME    NUMBER
   2100      -4.4464E+01     2.7404E-01     5.8531E-01     O          11

 BOND    =        0.0943  ANGLE   =        0.8108  DIHED      =        0.0031
 VDWAALS =       -0.8843  EEL     =        0.0013  HBOND      =        0.0000
 1-4 VDW =       -0.0063  1-4 EEL =      -44.4828  RESTRAINT  =        0.0000


   NSTEP       ENERGY          RMS            GMAX         NAME    NUMBER
   2150      -4.4472E+01     9.2427E-02     2.1985E-01     Si          7

 BOND    =        0.1072  ANGLE   =        0.8109  DIHED      =        0.0016
 VDWAALS =       -0.8975  EEL     =        0.0103  HBOND      =        0.0000
 1-4 VDW =       -0.0063  1-4 EEL =      -44.4981  RESTRAINT  =        0.0000


   NSTEP       ENERGY          RMS            GMAX         NAME    NUMBER
   2200      -4.4477E+01     8.8988E-02     2.1324E-01     O          11

 BOND    =        0.1140  ANGLE   =        0.8009  DIHED      =        0.0017
 VDWAALS =       -0.9045  EEL     =        0.0109  HBOND      =        0.0000
 1-4 VDW =       -0.0063  1-4 EEL =      -44.4940  RESTRAINT  =        0.0000


   NSTEP       ENERGY          RMS            GMAX         NAME    NUMBER
   2250      -4.4485E+01     2.9158E-01     9.5087E-01     Si          1

 BOND    =        0.1207  ANGLE   =        0.8251  DIHED      =        0.0028
 VDWAALS =       -0.9167  EEL     =        0.0137  HBOND      =        0.0000
 1-4 VDW =       -0.0064  1-4 EEL =      -44.5239  RESTRAINT  =        0.0000


   NSTEP       ENERGY          RMS            GMAX         NAME    NUMBER
   2300      -4.4494E+01     1.1284E-01     2.3980E-01     H2         10

 BOND    =        0.1146  ANGLE   =        0.8509  DIHED      =        0.0013
 VDWAALS =       -0.9282  EEL     =        0.0204  HBOND      =        0.0000
 1-4 VDW =       -0.0064  1-4 EEL =      -44.5466  RESTRAINT  =        0.0000


   NSTEP       ENERGY          RMS            GMAX         NAME    NUMBER
   2350      -4.4502E+01     9.7850E-02     2.4373E-01     O          11

 BOND    =        0.1090  ANGLE   =        0.8035  DIHED      =        0.0017
 VDWAALS =       -0.9312  EEL     =        0.0128  HBOND      =        0.0000
 1-4 VDW =       -0.0063  1-4 EEL =      -44.4913  RESTRAINT  =        0.0000


   NSTEP       ENERGY          RMS            GMAX         NAME    NUMBER
   2400      -4.4511E+01     7.0416E-02     1.9250E-01     Si          7

 BOND    =        0.1115  ANGLE   =        0.8019  DIHED      =        0.0024
 VDWAALS =       -0.9375  EEL     =        0.0106  HBOND      =        0.0000
 1-4 VDW =       -0.0063  1-4 EEL =      -44.4936  RESTRAINT  =        0.0000


   NSTEP       ENERGY          RMS            GMAX         NAME    NUMBER
   2450      -4.4521E+01     1.2601E-01     4.1217E-01     Si          7

 BOND    =        0.1081  ANGLE   =        0.7965  DIHED      =        0.0016
 VDWAALS =       -0.9423  EEL     =        0.0040  HBOND      =        0.0000
 1-4 VDW =       -0.0063  1-4 EEL =      -44.4824  RESTRAINT  =        0.0000


   NSTEP       ENERGY          RMS            GMAX         NAME    NUMBER
   2500      -4.4531E+01     1.3012E-01     2.9204E-01     H3          6

 BOND    =        0.1105  ANGLE   =        0.7935  DIHED      =        0.0017
 VDWAALS =       -0.9455  EEL     =       -0.0032  HBOND      =        0.0000
 1-4 VDW =       -0.0063  1-4 EEL =      -44.4817  RESTRAINT  =        0.0000


   NSTEP       ENERGY          RMS            GMAX         NAME    NUMBER
   2550      -4.4542E+01     1.6730E-01     4.0407E-01     Si          1

 BOND    =        0.1002  ANGLE   =        0.7998  DIHED      =        0.0020
 VDWAALS =       -0.9477  EEL     =       -0.0107  HBOND      =        0.0000
 1-4 VDW =       -0.0063  1-4 EEL =      -44.4790  RESTRAINT  =        0.0000


   NSTEP       ENERGY          RMS            GMAX         NAME    NUMBER
   2600      -4.4554E+01     2.4906E-01     7.8600E-01     O          11

 BOND    =        0.1081  ANGLE   =        0.8223  DIHED      =        0.0028
 VDWAALS =       -0.9502  EEL     =       -0.0203  HBOND      =        0.0000
 1-4 VDW =       -0.0063  1-4 EEL =      -44.5108  RESTRAINT  =        0.0000


   NSTEP       ENERGY          RMS            GMAX         NAME    NUMBER
   2650      -4.4576E+01     1.7468E-01     4.5574E-01     H3          6

 BOND    =        0.1200  ANGLE   =        0.8263  DIHED      =        0.0129
 VDWAALS =       -0.9607  EEL     =       -0.0418  HBOND      =        0.0000
 1-4 VDW =       -0.0064  1-4 EEL =      -44.5264  RESTRAINT  =        0.0000


   NSTEP       ENERGY          RMS            GMAX         NAME    NUMBER
   2700      -4.4598E+01     4.2107E-01     1.0166E+00     O           5

 BOND    =        0.1045  ANGLE   =        0.8275  DIHED      =        0.0051
 VDWAALS =       -0.9625  EEL     =       -0.0624  HBOND      =        0.0000
 1-4 VDW =       -0.0063  1-4 EEL =      -44.5043  RESTRAINT  =        0.0000


   NSTEP       ENERGY          RMS            GMAX         NAME    NUMBER
   2750      -4.4622E+01     1.1084E-01     2.8826E-01     O           5

 BOND    =        0.1071  ANGLE   =        0.8013  DIHED      =        0.0072
 VDWAALS =       -0.9663  EEL     =       -0.0762  HBOND      =        0.0000
 1-4 VDW =       -0.0063  1-4 EEL =      -44.4891  RESTRAINT  =        0.0000


   NSTEP       ENERGY          RMS            GMAX         NAME    NUMBER
   2800      -4.4639E+01     9.6154E-02     3.4353E-01     Si          1

 BOND    =        0.1131  ANGLE   =        0.8020  DIHED      =        0.0074
 VDWAALS =       -0.9707  EEL     =       -0.0867  HBOND      =        0.0000
 1-4 VDW =       -0.0063  1-4 EEL =      -44.4977  RESTRAINT  =        0.0000


   NSTEP       ENERGY          RMS            GMAX         NAME    NUMBER
   2850      -4.4664E+01     1.1360E-01     3.1903E-01     O          11

 BOND    =        0.1095  ANGLE   =        0.8039  DIHED      =        0.0098
 VDWAALS =       -0.9784  EEL     =       -0.1059  HBOND      =        0.0000
 1-4 VDW =       -0.0063  1-4 EEL =      -44.4961  RESTRAINT  =        0.0000


   NSTEP       ENERGY          RMS            GMAX         NAME    NUMBER
   2900      -4.4686E+01     1.1390E-01     2.3306E-01     Si          1

 BOND    =        0.1088  ANGLE   =        0.8079  DIHED      =        0.0120
 VDWAALS =       -0.9873  EEL     =       -0.1222  HBOND      =        0.0000
 1-4 VDW =       -0.0063  1-4 EEL =      -44.4992  RESTRAINT  =        0.0000


   NSTEP       ENERGY          RMS            GMAX         NAME    NUMBER
   2950      -4.4713E+01     4.0421E-01     1.2578E+00     O          11

 BOND    =        0.1223  ANGLE   =        0.8049  DIHED      =        0.0144
 VDWAALS =       -0.9980  EEL     =       -0.1444  HBOND      =        0.0000
 1-4 VDW =       -0.0063  1-4 EEL =      -44.5062  RESTRAINT  =        0.0000


   NSTEP       ENERGY          RMS            GMAX         NAME    NUMBER
   3000      -4.4746E+01     1.0368E-01     2.6597E-01     H3         12

 BOND    =        0.1118  ANGLE   =        0.8104  DIHED      =        0.0160
 VDWAALS =       -1.0116  EEL     =       -0.1609  HBOND      =        0.0000
 1-4 VDW =       -0.0063  1-4 EEL =      -44.5052  RESTRAINT  =        0.0000


   NSTEP       ENERGY          RMS            GMAX         NAME    NUMBER
   3050      -4.4788E+01     1.0167E-01     2.5275E-01     H3          6

 BOND    =        0.1122  ANGLE   =        0.7905  DIHED      =        0.0237
 VDWAALS =       -1.0310  EEL     =       -0.1926  HBOND      =        0.0000
 1-4 VDW =       -0.0063  1-4 EEL =      -44.4845  RESTRAINT  =        0.0000


   NSTEP       ENERGY          RMS            GMAX         NAME    NUMBER
   3100      -4.4837E+01     1.5813E-01     3.9014E-01     O           5

 BOND    =        0.1162  ANGLE   =        0.8465  DIHED      =        0.0295
 VDWAALS =       -1.0560  EEL     =       -0.2210  HBOND      =        0.0000
 1-4 VDW =       -0.0064  1-4 EEL =      -44.5456  RESTRAINT  =        0.0000


   NSTEP       ENERGY          RMS            GMAX         NAME    NUMBER
   3150      -4.4905E+01     1.8200E-01     4.4180E-01     O          11

 BOND    =        0.1133  ANGLE   =        0.8487  DIHED      =        0.0318
 VDWAALS =       -1.0906  EEL     =       -0.2558  HBOND      =        0.0000
 1-4 VDW =       -0.0064  1-4 EEL =      -44.5464  RESTRAINT  =        0.0000


   NSTEP       ENERGY          RMS            GMAX         NAME    NUMBER
   3200      -4.4986E+01     2.3812E-01     5.4910E-01     O           5

 BOND    =        0.1156  ANGLE   =        0.8169  DIHED      =        0.0316
 VDWAALS =       -1.1302  EEL     =       -0.2980  HBOND      =        0.0000
 1-4 VDW =       -0.0064  1-4 EEL =      -44.5155  RESTRAINT  =        0.0000


   NSTEP       ENERGY          RMS            GMAX         NAME    NUMBER
   3250      -4.5078E+01     2.6116E-01     6.3736E-01     H1          9

 BOND    =        0.1222  ANGLE   =        0.8021  DIHED      =        0.0374
 VDWAALS =       -1.1778  EEL     =       -0.3541  HBOND      =        0.0000
 1-4 VDW =       -0.0063  1-4 EEL =      -44.5013  RESTRAINT  =        0.0000


   NSTEP       ENERGY          RMS            GMAX         NAME    NUMBER
   3300      -4.5197E+01     4.0920E-01     8.6331E-01     O           5

 BOND    =        0.1157  ANGLE   =        0.8439  DIHED      =        0.0469
 VDWAALS =       -1.2339  EEL     =       -0.4244  HBOND      =        0.0000
 1-4 VDW =       -0.0064  1-4 EEL =      -44.5385  RESTRAINT  =        0.0000


   NSTEP       ENERGY          RMS            GMAX         NAME    NUMBER
   3350      -4.5317E+01     2.9419E-01     7.9128E-01     O          11

 BOND    =        0.1070  ANGLE   =        0.8285  DIHED      =        0.0511
 VDWAALS =       -1.2839  EEL     =       -0.4997  HBOND      =        0.0000
 1-4 VDW =       -0.0064  1-4 EEL =      -44.5137  RESTRAINT  =        0.0000


   NSTEP       ENERGY          RMS            GMAX         NAME    NUMBER
   3400      -4.5402E+01     2.8986E-01     7.2423E-01     Si          1

 BOND    =        0.1070  ANGLE   =        0.8542  DIHED      =        0.0456
 VDWAALS =       -1.3082  EEL     =       -0.5596  HBOND      =        0.0000
 1-4 VDW =       -0.0064  1-4 EEL =      -44.5350  RESTRAINT  =        0.0000


   NSTEP       ENERGY          RMS            GMAX         NAME    NUMBER
   3450      -4.5465E+01     1.4056E-01     3.1058E-01     O           5

 BOND    =        0.1105  ANGLE   =        0.8767  DIHED      =        0.0427
 VDWAALS =       -1.3172  EEL     =       -0.6095  HBOND      =        0.0000
 1-4 VDW =       -0.0064  1-4 EEL =      -44.5622  RESTRAINT  =        0.0000


   NSTEP       ENERGY          RMS            GMAX         NAME    NUMBER
   3500      -4.5508E+01     1.0206E-01     2.3483E-01     Si          1

 BOND    =        0.1182  ANGLE   =        0.9191  DIHED      =        0.0393
 VDWAALS =       -1.3147  EEL     =       -0.6514  HBOND      =        0.0000
 1-4 VDW =       -0.0065  1-4 EEL =      -44.6120  RESTRAINT  =        0.0000


   NSTEP       ENERGY          RMS            GMAX         NAME    NUMBER
   3550      -4.5537E+01     1.0401E-01     2.5826E-01     H3         12

 BOND    =        0.1201  ANGLE   =        0.9193  DIHED      =        0.0372
 VDWAALS =       -1.3059  EEL     =       -0.6896  HBOND      =        0.0000
 1-4 VDW =       -0.0065  1-4 EEL =      -44.6111  RESTRAINT  =        0.0000


   NSTEP       ENERGY          RMS            GMAX         NAME    NUMBER
   3600      -4.5560E+01     1.0020E-01     2.3346E-01     Si          1

 BOND    =        0.1160  ANGLE   =        0.9074  DIHED      =        0.0323
 VDWAALS =       -1.2915  EEL     =       -0.7219  HBOND      =        0.0000
 1-4 VDW =       -0.0064  1-4 EEL =      -44.5957  RESTRAINT  =        0.0000


   NSTEP       ENERGY          RMS            GMAX         NAME    NUMBER
   3650      -4.5581E+01     8.3985E-02     1.9381E-01     Si          1

 BOND    =        0.1171  ANGLE   =        0.9371  DIHED      =        0.0272
 VDWAALS =       -1.2718  EEL     =       -0.7613  HBOND      =        0.0000
 1-4 VDW =       -0.0065  1-4 EEL =      -44.6230  RESTRAINT  =        0.0000


   NSTEP       ENERGY          RMS            GMAX         NAME    NUMBER
   3700      -4.5603E+01     2.7136E-01     8.9037E-01     O           5

 BOND    =        0.1187  ANGLE   =        0.8997  DIHED      =        0.0318
 VDWAALS =       -1.2586  EEL     =       -0.7965  HBOND      =        0.0000
 1-4 VDW =       -0.0064  1-4 EEL =      -44.5918  RESTRAINT  =        0.0000


   NSTEP       ENERGY          RMS            GMAX         NAME    NUMBER
   3750      -4.5617E+01     4.6170E-02     1.0874E-01     H3         12

 BOND    =        0.1214  ANGLE   =        0.9340  DIHED      =        0.0321
 VDWAALS =       -1.2538  EEL     =       -0.8175  HBOND      =        0.0000
 1-4 VDW =       -0.0065  1-4 EEL =      -44.6263  RESTRAINT  =        0.0000


   NSTEP       ENERGY          RMS            GMAX         NAME    NUMBER
   3800      -4.5641E+01     8.7016E-02     2.2346E-01     H3          6

 BOND    =        0.1200  ANGLE   =        0.9195  DIHED      =        0.0341
 VDWAALS =       -1.2581  EEL     =       -0.8380  HBOND      =        0.0000
 1-4 VDW =       -0.0064  1-4 EEL =      -44.6116  RESTRAINT  =        0.0000


   NSTEP       ENERGY          RMS            GMAX         NAME    NUMBER
   3850      -4.5668E+01     6.4965E-02     1.1847E-01     Si          1

 BOND    =        0.1223  ANGLE   =        0.9172  DIHED      =        0.0389
 VDWAALS =       -1.2790  EEL     =       -0.8527  HBOND      =        0.0000
 1-4 VDW =       -0.0064  1-4 EEL =      -44.6081  RESTRAINT  =        0.0000


   NSTEP       ENERGY          RMS            GMAX         NAME    NUMBER
   3900      -4.5696E+01     1.2924E-01     3.4566E-01     O           5

 BOND    =        0.1184  ANGLE   =        0.9088  DIHED      =        0.0451
 VDWAALS =       -1.3236  EEL     =       -0.8447  HBOND      =        0.0000
 1-4 VDW =       -0.0064  1-4 EEL =      -44.5931  RESTRAINT  =        0.0000


   NSTEP       ENERGY          RMS            GMAX         NAME    NUMBER
   3950      -4.5726E+01     1.9213E-01     7.1533E-01     O           5

 BOND    =        0.1159  ANGLE   =        0.8492  DIHED      =        0.0572
 VDWAALS =       -1.3833  EEL     =       -0.8306  HBOND      =        0.0000
 1-4 VDW =       -0.0064  1-4 EEL =      -44.5277  RESTRAINT  =        0.0000


   NSTEP       ENERGY          RMS            GMAX         NAME    NUMBER
   4000      -4.5749E+01     1.3143E-01     3.4262E-01     Si          1

 BOND    =        0.1292  ANGLE   =        0.8907  DIHED      =        0.0690
 VDWAALS =       -1.4305  EEL     =       -0.8219  HBOND      =        0.0000
 1-4 VDW =       -0.0064  1-4 EEL =      -44.5789  RESTRAINT  =        0.0000


   NSTEP       ENERGY          RMS            GMAX         NAME    NUMBER
   4050      -4.5776E+01     3.8456E-01     1.1687E+00     O           5

 BOND    =        0.0994  ANGLE   =        0.7991  DIHED      =        0.0789
 VDWAALS =       -1.4833  EEL     =       -0.8164  HBOND      =        0.0000
 1-4 VDW =       -0.0063  1-4 EEL =      -44.4473  RESTRAINT  =        0.0000


   NSTEP       ENERGY          RMS            GMAX         NAME    NUMBER
   4100      -4.5808E+01     2.3720E-01     5.1150E-01     Si          7

 BOND    =        0.1081  ANGLE   =        0.8262  DIHED      =        0.0918
 VDWAALS =       -1.5261  EEL     =       -0.8134  HBOND      =        0.0000
 1-4 VDW =       -0.0063  1-4 EEL =      -44.4887  RESTRAINT  =        0.0000


   NSTEP       ENERGY          RMS            GMAX         NAME    NUMBER
   4150      -4.5839E+01     1.8415E-01     5.1535E-01     O          11

 BOND    =        0.1315  ANGLE   =        0.8100  DIHED      =        0.1092
 VDWAALS =       -1.5566  EEL     =       -0.8415  HBOND      =        0.0000
 1-4 VDW =       -0.0063  1-4 EEL =      -44.4850  RESTRAINT  =        0.0000


   NSTEP       ENERGY          RMS            GMAX         NAME    NUMBER
   4200      -4.5870E+01     2.0311E-01     4.6821E-01     O           5

 BOND    =        0.1261  ANGLE   =        0.7958  DIHED      =        0.1157
 VDWAALS =       -1.5707  EEL     =       -0.8719  HBOND      =        0.0000
 1-4 VDW =       -0.0063  1-4 EEL =      -44.4592  RESTRAINT  =        0.0000


   NSTEP       ENERGY          RMS            GMAX         NAME    NUMBER
   4250      -4.5915E+01     1.4265E-01     3.4164E-01     H1          3

 BOND    =        0.1171  ANGLE   =        0.7801  DIHED      =        0.1187
 VDWAALS =       -1.5704  EEL     =       -0.9234  HBOND      =        0.0000
 1-4 VDW =       -0.0063  1-4 EEL =      -44.4310  RESTRAINT  =        0.0000


   NSTEP       ENERGY          RMS            GMAX         NAME    NUMBER
   4300      -4.5957E+01     2.6647E-01     5.7851E-01     H1          3

 BOND    =        0.0969  ANGLE   =        0.7640  DIHED      =        0.1128
 VDWAALS =       -1.5481  EEL     =       -0.9980  HBOND      =        0.0000
 1-4 VDW =       -0.0062  1-4 EEL =      -44.3787  RESTRAINT  =        0.0000


   NSTEP       ENERGY          RMS            GMAX         NAME    NUMBER
   4350      -4.6082E+01     1.3798E-01     3.9378E-01     H3          6

 BOND    =        0.0960  ANGLE   =        0.6889  DIHED      =        0.2105
 VDWAALS =       -1.4151  EEL     =       -1.3504  HBOND      =        0.0000
 1-4 VDW =       -0.0062  1-4 EEL =      -44.3062  RESTRAINT  =        0.0000


   NSTEP       ENERGY          RMS            GMAX         NAME    NUMBER
   4400      -4.6116E+01     9.9147E-02     1.6655E-01     H2         10

 BOND    =        0.0948  ANGLE   =        0.7643  DIHED      =        0.2681
 VDWAALS =       -1.3454  EEL     =       -1.4948  HBOND      =        0.0000
 1-4 VDW =       -0.0063  1-4 EEL =      -44.3965  RESTRAINT  =        0.0000


   NSTEP       ENERGY          RMS            GMAX         NAME    NUMBER
   4450      -4.6133E+01     1.0579E-01     2.0278E-01     Si          7

 BOND    =        0.1047  ANGLE   =        0.7533  DIHED      =        0.3048
 VDWAALS =       -1.2940  EEL     =       -1.5934  HBOND      =        0.0000
 1-4 VDW =       -0.0063  1-4 EEL =      -44.4023  RESTRAINT  =        0.0000


   NSTEP       ENERGY          RMS            GMAX         NAME    NUMBER
   4500      -4.6171E+01     4.4286E-01     1.0442E+00     H           8

 BOND    =        0.1175  ANGLE   =        0.8011  DIHED      =        0.4068
 VDWAALS =       -1.2355  EEL     =       -1.7844  HBOND      =        0.0000
 1-4 VDW =       -0.0064  1-4 EEL =      -44.4701  RESTRAINT  =        0.0000


   NSTEP       ENERGY          RMS            GMAX         NAME    NUMBER
   4550      -4.6617E+01     6.1985E-01     1.5545E+00     O          11

 BOND    =        0.1159  ANGLE   =        1.0487  DIHED      =        0.8538
 VDWAALS =       -1.0040  EEL     =       -2.8430  HBOND      =        0.0000
 1-4 VDW =       -0.0068  1-4 EEL =      -44.7813  RESTRAINT  =        0.0000


   NSTEP       ENERGY          RMS            GMAX         NAME    NUMBER
   4600      -4.7810E+01     1.9774E+00     5.8759E+00     Si          7

 BOND    =        0.1623  ANGLE   =        2.1509  DIHED      =        0.7086
 VDWAALS =       -0.6659  EEL     =       -4.7297  HBOND      =        0.0000
 1-4 VDW =       -0.0074  1-4 EEL =      -45.4287  RESTRAINT  =        0.0000


   NSTEP       ENERGY          RMS            GMAX         NAME    NUMBER
   4650      -4.8987E+01     7.0396E-01     2.1224E+00     O          11

 BOND    =        0.1012  ANGLE   =        1.7897  DIHED      =        0.0605
 VDWAALS =       -0.7029  EEL     =       -4.9545  HBOND      =        0.0000
 1-4 VDW =       -0.0071  1-4 EEL =      -45.2743  RESTRAINT  =        0.0000


   NSTEP       ENERGY          RMS            GMAX         NAME    NUMBER
   4700      -4.9114E+01     3.1975E-01     7.6214E-01     O           5

 BOND    =        0.1198  ANGLE   =        1.7464  DIHED      =        0.0200
 VDWAALS =       -0.7124  EEL     =       -5.0551  HBOND      =        0.0000
 1-4 VDW =       -0.0070  1-4 EEL =      -45.2260  RESTRAINT  =        0.0000


   NSTEP       ENERGY          RMS            GMAX         NAME    NUMBER
   4750      -4.9167E+01     3.3558E-01     1.4051E+00     Si          7

 BOND    =        0.1185  ANGLE   =        1.8109  DIHED      =        0.0148
 VDWAALS =       -0.7203  EEL     =       -5.1065  HBOND      =        0.0000
 1-4 VDW =       -0.0071  1-4 EEL =      -45.2776  RESTRAINT  =        0.0000


   NSTEP       ENERGY          RMS            GMAX         NAME    NUMBER
   4800      -4.9233E+01     1.8137E-01     6.9696E-01     H3         12

 BOND    =        0.1059  ANGLE   =        1.8732  DIHED      =        0.0023
 VDWAALS =       -0.7584  EEL     =       -5.1387  HBOND      =        0.0000
 1-4 VDW =       -0.0071  1-4 EEL =      -45.3097  RESTRAINT  =        0.0000


   NSTEP       ENERGY          RMS            GMAX         NAME    NUMBER
   4850      -4.9276E+01     3.0966E-01     9.0921E-01     Si          7

 BOND    =        0.1068  ANGLE   =        1.8966  DIHED      =        0.0036
 VDWAALS =       -0.7628  EEL     =       -5.1758  HBOND      =        0.0000
 1-4 VDW =       -0.0071  1-4 EEL =      -45.3369  RESTRAINT  =        0.0000


   NSTEP       ENERGY          RMS            GMAX         NAME    NUMBER
   4900      -4.9306E+01     2.4087E-01     6.0473E-01     Si          1

 BOND    =        0.1060  ANGLE   =        1.9268  DIHED      =        0.0029
 VDWAALS =       -0.7751  EEL     =       -5.2054  HBOND      =        0.0000
 1-4 VDW =       -0.0071  1-4 EEL =      -45.3541  RESTRAINT  =        0.0000


   NSTEP       ENERGY          RMS            GMAX         NAME    NUMBER
   4950      -4.9324E+01     2.2216E-01     6.1108E-01     Si          7

 BOND    =        0.1117  ANGLE   =        1.9381  DIHED      =        0.0033
 VDWAALS =       -0.7857  EEL     =       -5.2213  HBOND      =        0.0000
 1-4 VDW =       -0.0072  1-4 EEL =      -45.3632  RESTRAINT  =        0.0000


   NSTEP       ENERGY          RMS            GMAX         NAME    NUMBER
   5000      -4.9338E+01     3.2662E-01     1.2593E+00     O           5

 BOND    =        0.1117  ANGLE   =        1.9540  DIHED      =        0.0019
 VDWAALS =       -0.8040  EEL     =       -5.2225  HBOND      =        0.0000
 1-4 VDW =       -0.0072  1-4 EEL =      -45.3723  RESTRAINT  =        0.0000


  Maximum number of minimization cycles reached.


                    FINAL RESULTS



   NSTEP       ENERGY          RMS            GMAX         NAME    NUMBER
   5000      -4.9338E+01     3.2662E-01     1.2593E+00     O           5

 BOND    =        0.1117  ANGLE   =        1.9540  DIHED      =        0.0019
 VDWAALS =       -0.8040  EEL     =       -5.2225  HBOND      =        0.0000
 1-4 VDW =       -0.0072  1-4 EEL =      -45.3723  RESTRAINT  =        0.0000

--------------------------------------------------------------------------------
   5.  TIMINGS
--------------------------------------------------------------------------------

|    Read coords time           0.00 ( 0.37% of Total)
|                Build the list             0.00 ( 5.23% of List )
|                Other                      0.00 (94.77% of List )
|             List time                  0.00 ( 1.92% of Nonbo)
|                   Short_ene time             0.10 (94.61% of Direc)
|                   Other                      0.01 ( 5.39% of Direc)
|                Direct Ewald time          0.11 (84.06% of Ewald)
|                Force Adjust               0.00 ( 2.44% of Ewald)
|                Virial junk                0.00 ( 2.56% of Ewald)
|                Start synchronizatio       0.00 ( 2.11% of Ewald)
|                Other                      0.01 ( 8.83% of Ewald)
|             Ewald time                 0.13 (88.14% of Nonbo)
|             IPS excludes               0.00 ( 1.68% of Nonbo)
|             Other                      0.01 ( 8.26% of Nonbo)
|          Nonbond force              0.15 (82.62% of Force)
|          Bond/Angle/Dihedral        0.01 ( 7.86% of Force)
|          FRC Collect time           0.00 ( 1.44% of Force)
|          Other                      0.01 ( 8.08% of Force)
|       Force time                 0.18 (100.0% of Runmd)
|    Runmd Time                 0.18 (54.93% of Total)
|    Other                      0.14 (44.70% of Total)
| Total time                 0.32 (100.0% of ALL  )

| Highest rstack allocated:         30
| Highest istack allocated:          6

| Final Performance Info:
| -----------------------------------------------------
| Average timings for all steps:
|     Elapsed(s) =       0.32 Per Step(ms) =     318.95
|         ns/day =       0.27   seconds/ns =  318951.01
| -----------------------------------------------------

|           Job began  at 16:07:45.421  on 04/17/2021
|           Setup done at 16:07:45.427  on 04/17/2021
|           Run   done at 16:07:45.745  on 04/17/2021
|     wallclock() was called  125038 times
