
          -------------------------------------------------------
          Amber 12 SANDER                              2012
          -------------------------------------------------------

| Run on 04/17/2021 at 16:07:45
  [-O]verwriting output

File Assignments:
|  MDIN: mm.in                                                                 
| MDOUT: out/SiH3OH_SiH3OH.con3.out                                            
|INPCRD: ../MM_PES/inpcrd/SiH3OH_SiH3OH.con3.100.inpcrd                        
|  PARM: ../MM_PES/prmtop/SiH3OH_SiH3OH.con3.prmtop                            
|RESTRT: rst/SiH3OH_SiH3OH.con3.rst                                            
|  REFC: refc                                                                  
| MDVEL: mdvel                                                                 
|  MDEN: mden                                                                  
| MDCRD: mdcrd                                                                 
|MDINFO: mdinfo                                                                
|  MTMD: mtmd                                                                  
|INPDIP: inpdip                                                                
|RSTDIP: rstdip                                                                

|INPTRA: inptraj                                                               
|

 Here is the input file:

Minimization                                                                   
&cntrl                                                                         
 imin=1, maxcyc=5000,                                                          
 ntb=0,                                                                        
 ioutfm=0,                                                                     
 cut=99,                                                                       
/                                                                              

--------------------------------------------------------------------------------
   1.  RESOURCE   USE: 
--------------------------------------------------------------------------------

| Flags: MPI                                                                    
|    NONPERIODIC   ntb=0 and igb=0: Setting up nonperiodic simulation
|  *** cutoff > system size, list only builds once
|Largest sphere to fit in unit cell has radius =    31.458
| New format PARM file being parsed.
| Version =    1.000 Date = 04/17/21 Time = 16:02:40
 NATOM  =      12 NTYPES =       4 NBONH =       8 MBONA  =       2
 NTHETH =      14 MTHETA =       0 NPHIH =       6 MPHIA  =       0
 NHPARM =       0 NPARM  =       0 NNB   =      32 NRES   =       2
 NBONA  =       2 NTHETA =       0 NPHIA =       0 NUMBND =       3
 NUMANG =       3 NPTRA  =       1 NATYP =       4 NPHB   =       0
 IFBOX  =       0 NMXRS  =       6 IFCAP =       0 NEXTRA =       0
 NCOPY  =       0


|     Memory Use     Allocated
|     Real                2430
|     Hollerith             40
|     Integer            20677
|     Max Pairs             66
|     nblistReal           144
|     nblist Int        879885
|       Total             3538 kbytes

| Note: 1-4 EEL scale factors are being read from the topology file.

| Note: 1-4 VDW scale factors are being read from the topology file.
| Duplicated    0 dihedrals
| Duplicated    0 dihedrals

--------------------------------------------------------------------------------
   2.  CONTROL  DATA  FOR  THE  RUN
--------------------------------------------------------------------------------

default_name                                                                    

General flags:
     imin    =       1, nmropt  =       0

Nature and format of input:
     ntx     =       1, irest   =       0, ntrx    =       1

Nature and format of output:
     ntxo    =       1, ntpr    =      50, ntrx    =       1, ntwr    =     500
     iwrap   =       0, ntwx    =       0, ntwv    =       0, ntwe    =       0
     ioutfm  =       0, ntwprt  =       0, idecomp =       0, rbornstat=      0

Potential function:
     ntf     =       1, ntb     =       0, igb     =       0, nsnb    =      25
     ipol    =       0, gbsa    =       0, iesp    =       0
     dielc   =   1.00000, cut     =  99.00000, intdiel =   1.00000

Frozen or restrained atoms:
     ibelly  =       0, ntr     =       0

Energy minimization:
     maxcyc  =    5000, ncyc    =      10, ntmin   =       1
     dx0     =   0.01000, drms    =   0.00010

| MPI Timing options:
|      profile_mpi =        0
|  INFO: Old style inpcrd file read


--------------------------------------------------------------------------------
   3.  ATOMIC COORDINATES AND VELOCITIES
--------------------------------------------------------------------------------

default_name                                                                    
 begin time read from input coords =     0.000 ps

 Number of triangulated 3-point waters found:        0
|  Atom division among processors:
|         0      12

     Sum of charges from parm topology file =  -0.00199800
     Forcing neutrality...
|  Running AMBER/MPI version on    1 nodes


--------------------------------------------------------------------------------
   4.  RESULTS
--------------------------------------------------------------------------------

 ---------------------------------------------------

     eedmeth=4: Setting switch to one everywhere

 ---------------------------------------------------
| Local SIZE OF NONBOND LIST =         36
| TOTAL SIZE OF NONBOND LIST =         36


   NSTEP       ENERGY          RMS            GMAX         NAME    NUMBER
      1      -4.3349E+01     8.6971E+00     2.8186E+01     O          11

 BOND    =        0.3970  ANGLE   =        0.8878  DIHED      =        0.0033
 VDWAALS =        5.2420  EEL     =       -6.8365  HBOND      =        0.0000
 1-4 VDW =       -0.0050  1-4 EEL =      -43.0375  RESTRAINT  =        0.0000


   NSTEP       ENERGY          RMS            GMAX         NAME    NUMBER
     50      -4.8883E+01     5.0243E-01     1.3440E+00     O          11

 BOND    =        0.1106  ANGLE   =        1.5941  DIHED      =        0.0011
 VDWAALS =       -0.4989  EEL     =       -4.9623  HBOND      =        0.0000
 1-4 VDW =       -0.0069  1-4 EEL =      -45.1205  RESTRAINT  =        0.0000


   NSTEP       ENERGY          RMS            GMAX         NAME    NUMBER
    100      -4.9009E+01     1.6888E-01     5.2390E-01     O          11

 BOND    =        0.1246  ANGLE   =        1.7447  DIHED      =        0.0013
 VDWAALS =       -0.3963  EEL     =       -5.2227  HBOND      =        0.0000
 1-4 VDW =       -0.0070  1-4 EEL =      -45.2534  RESTRAINT  =        0.0000


   NSTEP       ENERGY          RMS            GMAX         NAME    NUMBER
    150      -4.9075E+01     2.8464E-01     1.0621E+00     H3         12

 BOND    =        0.1157  ANGLE   =        1.8309  DIHED      =        0.0032
 VDWAALS =       -0.4208  EEL     =       -5.2869  HBOND      =        0.0000
 1-4 VDW =       -0.0071  1-4 EEL =      -45.3097  RESTRAINT  =        0.0000


   NSTEP       ENERGY          RMS            GMAX         NAME    NUMBER
    200      -4.9112E+01     3.0100E-01     7.7134E-01     Si          1

 BOND    =        0.1066  ANGLE   =        1.8706  DIHED      =        0.0033
 VDWAALS =       -0.4690  EEL     =       -5.3028  HBOND      =        0.0000
 1-4 VDW =       -0.0071  1-4 EEL =      -45.3138  RESTRAINT  =        0.0000


   NSTEP       ENERGY          RMS            GMAX         NAME    NUMBER
    250      -4.9142E+01     1.0159E-01     2.3961E-01     H1          9

 BOND    =        0.1070  ANGLE   =        1.9563  DIHED      =        0.0041
 VDWAALS =       -0.4763  EEL     =       -5.3538  HBOND      =        0.0000
 1-4 VDW =       -0.0072  1-4 EEL =      -45.3723  RESTRAINT  =        0.0000


   NSTEP       ENERGY          RMS            GMAX         NAME    NUMBER
    300      -4.9169E+01     1.6435E-01     4.2194E-01     Si          1

 BOND    =        0.1019  ANGLE   =        1.9942  DIHED      =        0.0036
 VDWAALS =       -0.5127  EEL     =       -5.3630  HBOND      =        0.0000
 1-4 VDW =       -0.0072  1-4 EEL =      -45.3858  RESTRAINT  =        0.0000


   NSTEP       ENERGY          RMS            GMAX         NAME    NUMBER
    350      -4.9192E+01     1.6104E-01     5.9109E-01     H3          6

 BOND    =        0.1122  ANGLE   =        1.9968  DIHED      =        0.0030
 VDWAALS =       -0.5298  EEL     =       -5.3657  HBOND      =        0.0000
 1-4 VDW =       -0.0072  1-4 EEL =      -45.4016  RESTRAINT  =        0.0000


   NSTEP       ENERGY          RMS            GMAX         NAME    NUMBER
    400      -4.9211E+01     3.0618E-01     7.3597E-01     Si          1

 BOND    =        0.0919  ANGLE   =        2.0408  DIHED      =        0.0025
 VDWAALS =       -0.5512  EEL     =       -5.3802  HBOND      =        0.0000
 1-4 VDW =       -0.0072  1-4 EEL =      -45.4077  RESTRAINT  =        0.0000


   NSTEP       ENERGY          RMS            GMAX         NAME    NUMBER
    450      -4.9229E+01     1.8648E-01     5.3589E-01     O          11

 BOND    =        0.1162  ANGLE   =        2.0064  DIHED      =        0.0018
 VDWAALS =       -0.5688  EEL     =       -5.3675  HBOND      =        0.0000
 1-4 VDW =       -0.0072  1-4 EEL =      -45.4102  RESTRAINT  =        0.0000


   NSTEP       ENERGY          RMS            GMAX         NAME    NUMBER
    500      -4.9247E+01     9.0343E-02     2.8684E-01     Si          7

 BOND    =        0.1079  ANGLE   =        2.0356  DIHED      =        0.0011
 VDWAALS =       -0.6130  EEL     =       -5.3625  HBOND      =        0.0000
 1-4 VDW =       -0.0072  1-4 EEL =      -45.4086  RESTRAINT  =        0.0000


   NSTEP       ENERGY          RMS            GMAX         NAME    NUMBER
    550      -4.9257E+01     1.0274E-01     3.0409E-01     O           5

 BOND    =        0.1026  ANGLE   =        2.0334  DIHED      =        0.0008
 VDWAALS =       -0.6204  EEL     =       -5.3598  HBOND      =        0.0000
 1-4 VDW =       -0.0072  1-4 EEL =      -45.4065  RESTRAINT  =        0.0000


   NSTEP       ENERGY          RMS            GMAX         NAME    NUMBER
    600      -4.9265E+01     6.5412E-02     2.1150E-01     Si          1

 BOND    =        0.1048  ANGLE   =        2.0332  DIHED      =        0.0008
 VDWAALS =       -0.6266  EEL     =       -5.3649  HBOND      =        0.0000
 1-4 VDW =       -0.0072  1-4 EEL =      -45.4052  RESTRAINT  =        0.0000


   NSTEP       ENERGY          RMS            GMAX         NAME    NUMBER
    650      -4.9275E+01     3.6109E-02     8.5474E-02     H2         10

 BOND    =        0.1040  ANGLE   =        2.0196  DIHED      =        0.0007
 VDWAALS =       -0.6339  EEL     =       -5.3632  HBOND      =        0.0000
 1-4 VDW =       -0.0072  1-4 EEL =      -45.3949  RESTRAINT  =        0.0000


   NSTEP       ENERGY          RMS            GMAX         NAME    NUMBER
    700      -4.9284E+01     3.2452E-02     7.8738E-02     H           2

 BOND    =        0.1029  ANGLE   =        2.0134  DIHED      =        0.0007
 VDWAALS =       -0.6500  EEL     =       -5.3525  HBOND      =        0.0000
 1-4 VDW =       -0.0072  1-4 EEL =      -45.3916  RESTRAINT  =        0.0000


   NSTEP       ENERGY          RMS            GMAX         NAME    NUMBER
    750      -4.9294E+01     2.9092E-02     6.9078E-02     H2          4

 BOND    =        0.1060  ANGLE   =        1.9989  DIHED      =        0.0011
 VDWAALS =       -0.6715  EEL     =       -5.3367  HBOND      =        0.0000
 1-4 VDW =       -0.0072  1-4 EEL =      -45.3841  RESTRAINT  =        0.0000


   NSTEP       ENERGY          RMS            GMAX         NAME    NUMBER
    800      -4.9297E+01     1.6300E-02     4.7954E-02     Si          1

 BOND    =        0.1038  ANGLE   =        1.9907  DIHED      =        0.0016
 VDWAALS =       -0.6827  EEL     =       -5.3287  HBOND      =        0.0000
 1-4 VDW =       -0.0072  1-4 EEL =      -45.3746  RESTRAINT  =        0.0000


   NSTEP       ENERGY          RMS            GMAX         NAME    NUMBER
    850      -4.9299E+01     4.8896E-02     1.4900E-01     O           5

 BOND    =        0.1040  ANGLE   =        1.9902  DIHED      =        0.0021
 VDWAALS =       -0.6931  EEL     =       -5.3208  HBOND      =        0.0000
 1-4 VDW =       -0.0072  1-4 EEL =      -45.3742  RESTRAINT  =        0.0000


   NSTEP       ENERGY          RMS            GMAX         NAME    NUMBER
    900      -4.9300E+01     1.2071E-02     3.8568E-02     O          11

 BOND    =        0.1041  ANGLE   =        1.9813  DIHED      =        0.0024
 VDWAALS =       -0.6931  EEL     =       -5.3179  HBOND      =        0.0000
 1-4 VDW =       -0.0072  1-4 EEL =      -45.3692  RESTRAINT  =        0.0000


   NSTEP       ENERGY          RMS            GMAX         NAME    NUMBER
    950      -4.9300E+01     1.7798E-02     4.5284E-02     H2         10

 BOND    =        0.1035  ANGLE   =        1.9866  DIHED      =        0.0031
 VDWAALS =       -0.7065  EEL     =       -5.3057  HBOND      =        0.0000
 1-4 VDW =       -0.0072  1-4 EEL =      -45.3741  RESTRAINT  =        0.0000


   NSTEP       ENERGY          RMS            GMAX         NAME    NUMBER
   1000      -4.9300E+01     9.5779E-02     3.0179E-01     Si          1

 BOND    =        0.1034  ANGLE   =        1.9718  DIHED      =        0.0035
 VDWAALS =       -0.7133  EEL     =       -5.2939  HBOND      =        0.0000
 1-4 VDW =       -0.0072  1-4 EEL =      -45.3648  RESTRAINT  =        0.0000


   NSTEP       ENERGY          RMS            GMAX         NAME    NUMBER
   1050      -4.9301E+01     1.1741E-02     3.5125E-02     H3          6

 BOND    =        0.1031  ANGLE   =        1.9767  DIHED      =        0.0038
 VDWAALS =       -0.7153  EEL     =       -5.2963  HBOND      =        0.0000
 1-4 VDW =       -0.0072  1-4 EEL =      -45.3658  RESTRAINT  =        0.0000


   NSTEP       ENERGY          RMS            GMAX         NAME    NUMBER
   1100      -4.9301E+01     4.6599E-02     1.4563E-01     Si          1

 BOND    =        0.1028  ANGLE   =        1.9699  DIHED      =        0.0032
 VDWAALS =       -0.7009  EEL     =       -5.3089  HBOND      =        0.0000
 1-4 VDW =       -0.0072  1-4 EEL =      -45.3603  RESTRAINT  =        0.0000


   NSTEP       ENERGY          RMS            GMAX         NAME    NUMBER
   1150      -4.9302E+01     1.9819E-02     5.6770E-02     Si          1

 BOND    =        0.1030  ANGLE   =        1.9689  DIHED      =        0.0035
 VDWAALS =       -0.7036  EEL     =       -5.3071  HBOND      =        0.0000
 1-4 VDW =       -0.0071  1-4 EEL =      -45.3590  RESTRAINT  =        0.0000


   NSTEP       ENERGY          RMS            GMAX         NAME    NUMBER
   1200      -4.9302E+01     1.7001E-02     5.8987E-02     H3         12

 BOND    =        0.1032  ANGLE   =        1.9701  DIHED      =        0.0039
 VDWAALS =       -0.7118  EEL     =       -5.2997  HBOND      =        0.0000
 1-4 VDW =       -0.0072  1-4 EEL =      -45.3602  RESTRAINT  =        0.0000


   NSTEP       ENERGY          RMS            GMAX         NAME    NUMBER
   1250      -4.9302E+01     2.9747E-03     7.0841E-03     H           2

 BOND    =        0.1032  ANGLE   =        1.9710  DIHED      =        0.0040
 VDWAALS =       -0.7126  EEL     =       -5.2989  HBOND      =        0.0000
 1-4 VDW =       -0.0072  1-4 EEL =      -45.3612  RESTRAINT  =        0.0000


   NSTEP       ENERGY          RMS            GMAX         NAME    NUMBER
   1300      -4.9302E+01     8.9739E-03     2.4348E-02     H2          4

 BOND    =        0.1029  ANGLE   =        1.9705  DIHED      =        0.0041
 VDWAALS =       -0.7134  EEL     =       -5.2984  HBOND      =        0.0000
 1-4 VDW =       -0.0072  1-4 EEL =      -45.3603  RESTRAINT  =        0.0000


   NSTEP       ENERGY          RMS            GMAX         NAME    NUMBER
   1350      -4.9302E+01     1.8445E-03     4.1594E-03     H1          3

 BOND    =        0.1031  ANGLE   =        1.9702  DIHED      =        0.0041
 VDWAALS =       -0.7141  EEL     =       -5.2972  HBOND      =        0.0000
 1-4 VDW =       -0.0072  1-4 EEL =      -45.3606  RESTRAINT  =        0.0000


   NSTEP       ENERGY          RMS            GMAX         NAME    NUMBER
   1400      -4.9302E+01     6.0579E-02     1.9967E-01     O          11

 BOND    =        0.1027  ANGLE   =        1.9764  DIHED      =        0.0043
 VDWAALS =       -0.7283  EEL     =       -5.2856  HBOND      =        0.0000
 1-4 VDW =       -0.0072  1-4 EEL =      -45.3641  RESTRAINT  =        0.0000


   NSTEP       ENERGY          RMS            GMAX         NAME    NUMBER
   1450      -4.9302E+01     3.6622E-03     1.2102E-02     O           5

 BOND    =        0.1030  ANGLE   =        1.9683  DIHED      =        0.0044
 VDWAALS =       -0.7177  EEL     =       -5.2934  HBOND      =        0.0000
 1-4 VDW =       -0.0071  1-4 EEL =      -45.3593  RESTRAINT  =        0.0000


   NSTEP       ENERGY          RMS            GMAX         NAME    NUMBER
   1500      -4.9302E+01     8.1168E-04     1.8816E-03     Si          7

 BOND    =        0.1030  ANGLE   =        1.9681  DIHED      =        0.0045
 VDWAALS =       -0.7180  EEL     =       -5.2932  HBOND      =        0.0000
 1-4 VDW =       -0.0071  1-4 EEL =      -45.3591  RESTRAINT  =        0.0000


   NSTEP       ENERGY          RMS            GMAX         NAME    NUMBER
   1550      -4.9302E+01     8.6770E-04     1.7120E-03     O           5

 BOND    =        0.1030  ANGLE   =        1.9682  DIHED      =        0.0045
 VDWAALS =       -0.7182  EEL     =       -5.2929  HBOND      =        0.0000
 1-4 VDW =       -0.0071  1-4 EEL =      -45.3592  RESTRAINT  =        0.0000


   NSTEP       ENERGY          RMS            GMAX         NAME    NUMBER
   1600      -4.9302E+01     6.0039E-04     1.4257E-03     H3         12

 BOND    =        0.1030  ANGLE   =        1.9677  DIHED      =        0.0045
 VDWAALS =       -0.7187  EEL     =       -5.2924  HBOND      =        0.0000
 1-4 VDW =       -0.0071  1-4 EEL =      -45.3588  RESTRAINT  =        0.0000


   NSTEP       ENERGY          RMS            GMAX         NAME    NUMBER
   1650      -4.9302E+01     3.8439E-03     1.2325E-02     Si          7

 BOND    =        0.1031  ANGLE   =        1.9676  DIHED      =        0.0046
 VDWAALS =       -0.7193  EEL     =       -5.2919  HBOND      =        0.0000
 1-4 VDW =       -0.0071  1-4 EEL =      -45.3588  RESTRAINT  =        0.0000


   NSTEP       ENERGY          RMS            GMAX         NAME    NUMBER
   1700      -4.9302E+01     8.3189E-04     2.0660E-03     Si          1

 BOND    =        0.1029  ANGLE   =        1.9672  DIHED      =        0.0046
 VDWAALS =       -0.7193  EEL     =       -5.2916  HBOND      =        0.0000
 1-4 VDW =       -0.0071  1-4 EEL =      -45.3585  RESTRAINT  =        0.0000


   NSTEP       ENERGY          RMS            GMAX         NAME    NUMBER
   1750      -4.9302E+01     9.3393E-04     2.5910E-03     O           5

 BOND    =        0.1030  ANGLE   =        1.9670  DIHED      =        0.0046
 VDWAALS =       -0.7199  EEL     =       -5.2909  HBOND      =        0.0000
 1-4 VDW =       -0.0071  1-4 EEL =      -45.3584  RESTRAINT  =        0.0000


   NSTEP       ENERGY          RMS            GMAX         NAME    NUMBER
   1800      -4.9302E+01     3.6914E-03     1.1545E-02     Si          1

 BOND    =        0.1029  ANGLE   =        1.9663  DIHED      =        0.0046
 VDWAALS =       -0.7207  EEL     =       -5.2899  HBOND      =        0.0000
 1-4 VDW =       -0.0071  1-4 EEL =      -45.3579  RESTRAINT  =        0.0000


   NSTEP       ENERGY          RMS            GMAX         NAME    NUMBER
   1850      -4.9302E+01     6.8373E-04     2.1492E-03     H3         12

 BOND    =        0.1030  ANGLE   =        1.9666  DIHED      =        0.0046
 VDWAALS =       -0.7200  EEL     =       -5.2907  HBOND      =        0.0000
 1-4 VDW =       -0.0071  1-4 EEL =      -45.3582  RESTRAINT  =        0.0000


   NSTEP       ENERGY          RMS            GMAX         NAME    NUMBER
   1900      -4.9302E+01     1.4507E-03     4.5126E-03     H3         12

 BOND    =        0.1029  ANGLE   =        1.9664  DIHED      =        0.0046
 VDWAALS =       -0.7205  EEL     =       -5.2901  HBOND      =        0.0000
 1-4 VDW =       -0.0071  1-4 EEL =      -45.3581  RESTRAINT  =        0.0000


   NSTEP       ENERGY          RMS            GMAX         NAME    NUMBER
   1950      -4.9302E+01     6.6491E-03     1.6273E-02     Si          1

 BOND    =        0.1027  ANGLE   =        1.9637  DIHED      =        0.0047
 VDWAALS =       -0.7234  EEL     =       -5.2862  HBOND      =        0.0000
 1-4 VDW =       -0.0071  1-4 EEL =      -45.3562  RESTRAINT  =        0.0000


   NSTEP       ENERGY          RMS            GMAX         NAME    NUMBER
   2000      -4.9302E+01     4.2105E-04     8.7071E-04     H3          6

 BOND    =        0.1030  ANGLE   =        1.9668  DIHED      =        0.0046
 VDWAALS =       -0.7197  EEL     =       -5.2912  HBOND      =        0.0000
 1-4 VDW =       -0.0071  1-4 EEL =      -45.3582  RESTRAINT  =        0.0000


   NSTEP       ENERGY          RMS            GMAX         NAME    NUMBER
   2050      -4.9302E+01     9.5436E-04     3.1767E-03     Si          1

 BOND    =        0.1030  ANGLE   =        1.9668  DIHED      =        0.0046
 VDWAALS =       -0.7198  EEL     =       -5.2911  HBOND      =        0.0000
 1-4 VDW =       -0.0071  1-4 EEL =      -45.3582  RESTRAINT  =        0.0000


   NSTEP       ENERGY          RMS            GMAX         NAME    NUMBER
   2100      -4.9302E+01     5.4318E-04     1.5333E-03     H2          4

 BOND    =        0.1030  ANGLE   =        1.9669  DIHED      =        0.0047
 VDWAALS =       -0.7199  EEL     =       -5.2910  HBOND      =        0.0000
 1-4 VDW =       -0.0071  1-4 EEL =      -45.3584  RESTRAINT  =        0.0000


   NSTEP       ENERGY          RMS            GMAX         NAME    NUMBER
   2150      -4.9302E+01     1.5724E-03     4.1716E-03     H           2

 BOND    =        0.1030  ANGLE   =        1.9667  DIHED      =        0.0046
 VDWAALS =       -0.7193  EEL     =       -5.2916  HBOND      =        0.0000
 1-4 VDW =       -0.0071  1-4 EEL =      -45.3582  RESTRAINT  =        0.0000


   NSTEP       ENERGY          RMS            GMAX         NAME    NUMBER
   2200      -4.9302E+01     4.0803E-04     1.1876E-03     Si          7

 BOND    =        0.1030  ANGLE   =        1.9668  DIHED      =        0.0047
 VDWAALS =       -0.7199  EEL     =       -5.2910  HBOND      =        0.0000
 1-4 VDW =       -0.0071  1-4 EEL =      -45.3583  RESTRAINT  =        0.0000


   NSTEP       ENERGY          RMS            GMAX         NAME    NUMBER
   2250      -4.9302E+01     5.6813E-04     1.6295E-03     H3         12

 BOND    =        0.1030  ANGLE   =        1.9670  DIHED      =        0.0046
 VDWAALS =       -0.7195  EEL     =       -5.2915  HBOND      =        0.0000
 1-4 VDW =       -0.0071  1-4 EEL =      -45.3584  RESTRAINT  =        0.0000


   NSTEP       ENERGY          RMS            GMAX         NAME    NUMBER
   2300      -4.9302E+01     1.6229E-03     3.1765E-03     H2          4

 BOND    =        0.1030  ANGLE   =        1.9671  DIHED      =        0.0046
 VDWAALS =       -0.7186  EEL     =       -5.2925  HBOND      =        0.0000
 1-4 VDW =       -0.0071  1-4 EEL =      -45.3583  RESTRAINT  =        0.0000


   NSTEP       ENERGY          RMS            GMAX         NAME    NUMBER
   2350      -4.9302E+01     1.1113E-02     3.8496E-02     O           5

 BOND    =        0.1030  ANGLE   =        1.9679  DIHED      =        0.0046
 VDWAALS =       -0.7195  EEL     =       -5.2920  HBOND      =        0.0000
 1-4 VDW =       -0.0071  1-4 EEL =      -45.3587  RESTRAINT  =        0.0000


   NSTEP       ENERGY          RMS            GMAX         NAME    NUMBER
   2400      -4.9302E+01     6.9691E-04     1.9108E-03     H3         12

 BOND    =        0.1030  ANGLE   =        1.9663  DIHED      =        0.0047
 VDWAALS =       -0.7206  EEL     =       -5.2901  HBOND      =        0.0000
 1-4 VDW =       -0.0071  1-4 EEL =      -45.3580  RESTRAINT  =        0.0000


   NSTEP       ENERGY          RMS            GMAX         NAME    NUMBER
   2450      -4.9302E+01     2.5099E-03     8.1897E-03     Si          1

 BOND    =        0.1029  ANGLE   =        1.9663  DIHED      =        0.0047
 VDWAALS =       -0.7207  EEL     =       -5.2900  HBOND      =        0.0000
 1-4 VDW =       -0.0071  1-4 EEL =      -45.3579  RESTRAINT  =        0.0000


   NSTEP       ENERGY          RMS            GMAX         NAME    NUMBER
   2500      -4.9302E+01     1.9963E-03     5.3992E-03     H3         12

 BOND    =        0.1029  ANGLE   =        1.9655  DIHED      =        0.0047
 VDWAALS =       -0.7218  EEL     =       -5.2886  HBOND      =        0.0000
 1-4 VDW =       -0.0071  1-4 EEL =      -45.3573  RESTRAINT  =        0.0000


   NSTEP       ENERGY          RMS            GMAX         NAME    NUMBER
   2550      -4.9302E+01     5.6839E-04     1.3805E-03     H3         12

 BOND    =        0.1029  ANGLE   =        1.9664  DIHED      =        0.0047
 VDWAALS =       -0.7206  EEL     =       -5.2901  HBOND      =        0.0000
 1-4 VDW =       -0.0071  1-4 EEL =      -45.3580  RESTRAINT  =        0.0000


   NSTEP       ENERGY          RMS            GMAX         NAME    NUMBER
   2600      -4.9302E+01     7.9387E-04     1.9660E-03     H3         12

 BOND    =        0.1029  ANGLE   =        1.9663  DIHED      =        0.0047
 VDWAALS =       -0.7209  EEL     =       -5.2898  HBOND      =        0.0000
 1-4 VDW =       -0.0071  1-4 EEL =      -45.3579  RESTRAINT  =        0.0000


   NSTEP       ENERGY          RMS            GMAX         NAME    NUMBER
   2650      -4.9302E+01     1.3383E-02     4.3795E-02     H3         12

 BOND    =        0.1031  ANGLE   =        1.9651  DIHED      =        0.0047
 VDWAALS =       -0.7209  EEL     =       -5.2897  HBOND      =        0.0000
 1-4 VDW =       -0.0071  1-4 EEL =      -45.3570  RESTRAINT  =        0.0000


   NSTEP       ENERGY          RMS            GMAX         NAME    NUMBER
   2700      -4.9302E+01     2.8732E-03     9.3777E-03     Si          1

 BOND    =        0.1030  ANGLE   =        1.9665  DIHED      =        0.0047
 VDWAALS =       -0.7202  EEL     =       -5.2906  HBOND      =        0.0000
 1-4 VDW =       -0.0071  1-4 EEL =      -45.3580  RESTRAINT  =        0.0000


   NSTEP       ENERGY          RMS            GMAX         NAME    NUMBER
   2750      -4.9302E+01     2.4605E-03     7.9340E-03     O          11

 BOND    =        0.1030  ANGLE   =        1.9669  DIHED      =        0.0047
 VDWAALS =       -0.7202  EEL     =       -5.2908  HBOND      =        0.0000
 1-4 VDW =       -0.0071  1-4 EEL =      -45.3583  RESTRAINT  =        0.0000


   NSTEP       ENERGY          RMS            GMAX         NAME    NUMBER
   2800      -4.9302E+01     3.9997E-04     8.9760E-04     H3         12

 BOND    =        0.1030  ANGLE   =        1.9665  DIHED      =        0.0047
 VDWAALS =       -0.7205  EEL     =       -5.2902  HBOND      =        0.0000
 1-4 VDW =       -0.0071  1-4 EEL =      -45.3581  RESTRAINT  =        0.0000


   NSTEP       ENERGY          RMS            GMAX         NAME    NUMBER
   2850      -4.9302E+01     4.8639E-04     1.4278E-03     H3          6

 BOND    =        0.1030  ANGLE   =        1.9666  DIHED      =        0.0047
 VDWAALS =       -0.7206  EEL     =       -5.2902  HBOND      =        0.0000
 1-4 VDW =       -0.0071  1-4 EEL =      -45.3582  RESTRAINT  =        0.0000


   NSTEP       ENERGY          RMS            GMAX         NAME    NUMBER
   2900      -4.9302E+01     1.5177E-03     3.5885E-03     Si          7

 BOND    =        0.1029  ANGLE   =        1.9664  DIHED      =        0.0047
 VDWAALS =       -0.7205  EEL     =       -5.2902  HBOND      =        0.0000
 1-4 VDW =       -0.0071  1-4 EEL =      -45.3579  RESTRAINT  =        0.0000


   NSTEP       ENERGY          RMS            GMAX         NAME    NUMBER
   2950      -4.9302E+01     2.7175E-02     6.5391E-02     H3         12

 BOND    =        0.1017  ANGLE   =        1.9474  DIHED      =        0.0052
 VDWAALS =       -0.7303  EEL     =       -5.2748  HBOND      =        0.0000
 1-4 VDW =       -0.0071  1-4 EEL =      -45.3437  RESTRAINT  =        0.0000


   NSTEP       ENERGY          RMS            GMAX         NAME    NUMBER
   3000      -4.9302E+01     2.4339E-03     7.6042E-03     Si          1

 BOND    =        0.1030  ANGLE   =        1.9669  DIHED      =        0.0047
 VDWAALS =       -0.7203  EEL     =       -5.2905  HBOND      =        0.0000
 1-4 VDW =       -0.0071  1-4 EEL =      -45.3583  RESTRAINT  =        0.0000


   NSTEP       ENERGY          RMS            GMAX         NAME    NUMBER
   3050      -4.9302E+01     1.1660E-03     3.1306E-03     Si          1

 BOND    =        0.1030  ANGLE   =        1.9670  DIHED      =        0.0047
 VDWAALS =       -0.7207  EEL     =       -5.2902  HBOND      =        0.0000
 1-4 VDW =       -0.0071  1-4 EEL =      -45.3585  RESTRAINT  =        0.0000


   NSTEP       ENERGY          RMS            GMAX         NAME    NUMBER
   3100      -4.9302E+01     1.0141E-03     2.0950E-03     H           8

 BOND    =        0.1030  ANGLE   =        1.9670  DIHED      =        0.0047
 VDWAALS =       -0.7208  EEL     =       -5.2901  HBOND      =        0.0000
 1-4 VDW =       -0.0071  1-4 EEL =      -45.3584  RESTRAINT  =        0.0000


   NSTEP       ENERGY          RMS            GMAX         NAME    NUMBER
   3150      -4.9302E+01     2.9494E-03     8.5583E-03     O           5

 BOND    =        0.1030  ANGLE   =        1.9674  DIHED      =        0.0047
 VDWAALS =       -0.7207  EEL     =       -5.2904  HBOND      =        0.0000
 1-4 VDW =       -0.0071  1-4 EEL =      -45.3587  RESTRAINT  =        0.0000


   NSTEP       ENERGY          RMS            GMAX         NAME    NUMBER
   3200      -4.9302E+01     7.6187E-04     1.9938E-03     H           2

 BOND    =        0.1030  ANGLE   =        1.9669  DIHED      =        0.0047
 VDWAALS =       -0.7204  EEL     =       -5.2905  HBOND      =        0.0000
 1-4 VDW =       -0.0071  1-4 EEL =      -45.3583  RESTRAINT  =        0.0000


   NSTEP       ENERGY          RMS            GMAX         NAME    NUMBER
   3250      -4.9302E+01     2.5049E-03     8.7103E-03     Si          1

 BOND    =        0.1030  ANGLE   =        1.9672  DIHED      =        0.0047
 VDWAALS =       -0.7208  EEL     =       -5.2902  HBOND      =        0.0000
 1-4 VDW =       -0.0071  1-4 EEL =      -45.3586  RESTRAINT  =        0.0000


   NSTEP       ENERGY          RMS            GMAX         NAME    NUMBER
   3300      -4.9302E+01     8.1943E-04     1.8165E-03     O           5

 BOND    =        0.1030  ANGLE   =        1.9671  DIHED      =        0.0047
 VDWAALS =       -0.7207  EEL     =       -5.2903  HBOND      =        0.0000
 1-4 VDW =       -0.0071  1-4 EEL =      -45.3585  RESTRAINT  =        0.0000


   NSTEP       ENERGY          RMS            GMAX         NAME    NUMBER
   3350      -4.9302E+01     3.9842E-03     1.1252E-02     Si          1

 BOND    =        0.1031  ANGLE   =        1.9675  DIHED      =        0.0047
 VDWAALS =       -0.7220  EEL     =       -5.2890  HBOND      =        0.0000
 1-4 VDW =       -0.0071  1-4 EEL =      -45.3591  RESTRAINT  =        0.0000


   NSTEP       ENERGY          RMS            GMAX         NAME    NUMBER
   3400      -4.9302E+01     1.7928E-03     6.4863E-03     O          11

 BOND    =        0.1030  ANGLE   =        1.9672  DIHED      =        0.0046
 VDWAALS =       -0.7198  EEL     =       -5.2912  HBOND      =        0.0000
 1-4 VDW =       -0.0071  1-4 EEL =      -45.3585  RESTRAINT  =        0.0000


   NSTEP       ENERGY          RMS            GMAX         NAME    NUMBER
   3450      -4.9302E+01     1.2765E-03     4.2580E-03     O          11

 BOND    =        0.1029  ANGLE   =        1.9667  DIHED      =        0.0046
 VDWAALS =       -0.7198  EEL     =       -5.2911  HBOND      =        0.0000
 1-4 VDW =       -0.0071  1-4 EEL =      -45.3582  RESTRAINT  =        0.0000


   NSTEP       ENERGY          RMS            GMAX         NAME    NUMBER
   3500      -4.9302E+01     4.7785E-04     1.0217E-03     H1          3

 BOND    =        0.1030  ANGLE   =        1.9665  DIHED      =        0.0047
 VDWAALS =       -0.7198  EEL     =       -5.2910  HBOND      =        0.0000
 1-4 VDW =       -0.0071  1-4 EEL =      -45.3580  RESTRAINT  =        0.0000


   NSTEP       ENERGY          RMS            GMAX         NAME    NUMBER
   3550      -4.9302E+01     2.9847E-03     1.0999E-02     O          11

 BOND    =        0.1028  ANGLE   =        1.9660  DIHED      =        0.0047
 VDWAALS =       -0.7206  EEL     =       -5.2900  HBOND      =        0.0000
 1-4 VDW =       -0.0071  1-4 EEL =      -45.3577  RESTRAINT  =        0.0000


   NSTEP       ENERGY          RMS            GMAX         NAME    NUMBER
   3600      -4.9302E+01     6.7528E-04     2.4685E-03     Si          7

 BOND    =        0.1029  ANGLE   =        1.9665  DIHED      =        0.0046
 VDWAALS =       -0.7198  EEL     =       -5.2910  HBOND      =        0.0000
 1-4 VDW =       -0.0071  1-4 EEL =      -45.3580  RESTRAINT  =        0.0000


   NSTEP       ENERGY          RMS            GMAX         NAME    NUMBER
   3650      -4.9302E+01     4.3567E-03     1.3849E-02     H3         12

 BOND    =        0.1029  ANGLE   =        1.9639  DIHED      =        0.0046
 VDWAALS =       -0.7168  EEL     =       -5.2931  HBOND      =        0.0000
 1-4 VDW =       -0.0071  1-4 EEL =      -45.3561  RESTRAINT  =        0.0000


   NSTEP       ENERGY          RMS            GMAX         NAME    NUMBER
   3700      -4.9302E+01     1.0864E-03     4.2703E-03     O          11

 BOND    =        0.1030  ANGLE   =        1.9666  DIHED      =        0.0047
 VDWAALS =       -0.7203  EEL     =       -5.2905  HBOND      =        0.0000
 1-4 VDW =       -0.0071  1-4 EEL =      -45.3581  RESTRAINT  =        0.0000


   NSTEP       ENERGY          RMS            GMAX         NAME    NUMBER
   3750      -4.9302E+01     9.9822E-04     2.5329E-03     H3         12

 BOND    =        0.1029  ANGLE   =        1.9663  DIHED      =        0.0047
 VDWAALS =       -0.7212  EEL     =       -5.2895  HBOND      =        0.0000
 1-4 VDW =       -0.0071  1-4 EEL =      -45.3579  RESTRAINT  =        0.0000


   NSTEP       ENERGY          RMS            GMAX         NAME    NUMBER
   3800      -4.9302E+01     1.6631E-03     6.4724E-03     O          11

 BOND    =        0.1030  ANGLE   =        1.9664  DIHED      =        0.0047
 VDWAALS =       -0.7207  EEL     =       -5.2901  HBOND      =        0.0000
 1-4 VDW =       -0.0071  1-4 EEL =      -45.3579  RESTRAINT  =        0.0000


   NSTEP       ENERGY          RMS            GMAX         NAME    NUMBER
   3850      -4.9302E+01     1.0282E-03     2.5188E-03     H2          4

 BOND    =        0.1029  ANGLE   =        1.9664  DIHED      =        0.0047
 VDWAALS =       -0.7208  EEL     =       -5.2899  HBOND      =        0.0000
 1-4 VDW =       -0.0071  1-4 EEL =      -45.3579  RESTRAINT  =        0.0000


   NSTEP       ENERGY          RMS            GMAX         NAME    NUMBER
   3900      -4.9302E+01     6.8888E-04     1.7019E-03     O          11

 BOND    =        0.1029  ANGLE   =        1.9665  DIHED      =        0.0047
 VDWAALS =       -0.7206  EEL     =       -5.2902  HBOND      =        0.0000
 1-4 VDW =       -0.0071  1-4 EEL =      -45.3580  RESTRAINT  =        0.0000


   NSTEP       ENERGY          RMS            GMAX         NAME    NUMBER
   3950      -4.9302E+01     1.2846E-03     4.4567E-03     Si          7

 BOND    =        0.1029  ANGLE   =        1.9665  DIHED      =        0.0047
 VDWAALS =       -0.7207  EEL     =       -5.2901  HBOND      =        0.0000
 1-4 VDW =       -0.0071  1-4 EEL =      -45.3580  RESTRAINT  =        0.0000


   NSTEP       ENERGY          RMS            GMAX         NAME    NUMBER
   4000      -4.9302E+01     2.2287E-03     6.6082E-03     H3         12

 BOND    =        0.1029  ANGLE   =        1.9662  DIHED      =        0.0047
 VDWAALS =       -0.7208  EEL     =       -5.2898  HBOND      =        0.0000
 1-4 VDW =       -0.0071  1-4 EEL =      -45.3579  RESTRAINT  =        0.0000


   NSTEP       ENERGY          RMS            GMAX         NAME    NUMBER
   4050      -4.9302E+01     1.6317E-03     5.5610E-03     H3         12

 BOND    =        0.1030  ANGLE   =        1.9661  DIHED      =        0.0046
 VDWAALS =       -0.7188  EEL     =       -5.2919  HBOND      =        0.0000
 1-4 VDW =       -0.0071  1-4 EEL =      -45.3577  RESTRAINT  =        0.0000


   NSTEP       ENERGY          RMS            GMAX         NAME    NUMBER
   4100      -4.9302E+01     8.4789E-03     2.5475E-02     H3         12

 BOND    =        0.1032  ANGLE   =        1.9654  DIHED      =        0.0046
 VDWAALS =       -0.7190  EEL     =       -5.2916  HBOND      =        0.0000
 1-4 VDW =       -0.0071  1-4 EEL =      -45.3574  RESTRAINT  =        0.0000


   NSTEP       ENERGY          RMS            GMAX         NAME    NUMBER
   4150      -4.9302E+01     1.2997E-04     3.5988E-04     H3         12

 BOND    =        0.1030  ANGLE   =        1.9667  DIHED      =        0.0047
 VDWAALS =       -0.7200  EEL     =       -5.2909  HBOND      =        0.0000
 1-4 VDW =       -0.0071  1-4 EEL =      -45.3582  RESTRAINT  =        0.0000


   NSTEP       ENERGY          RMS            GMAX         NAME    NUMBER
   4200      -4.9302E+01     4.1927E-03     1.2809E-02     H3          6

 BOND    =        0.1030  ANGLE   =        1.9671  DIHED      =        0.0047
 VDWAALS =       -0.7204  EEL     =       -5.2906  HBOND      =        0.0000
 1-4 VDW =       -0.0071  1-4 EEL =      -45.3584  RESTRAINT  =        0.0000


   NSTEP       ENERGY          RMS            GMAX         NAME    NUMBER
   4250      -4.9302E+01     1.4359E-04     3.1755E-04     H3          6

 BOND    =        0.1030  ANGLE   =        1.9666  DIHED      =        0.0047
 VDWAALS =       -0.7202  EEL     =       -5.2906  HBOND      =        0.0000
 1-4 VDW =       -0.0071  1-4 EEL =      -45.3581  RESTRAINT  =        0.0000


   NSTEP       ENERGY          RMS            GMAX         NAME    NUMBER
   4300      -4.9302E+01     5.5971E-03     2.3144E-02     O           5

 BOND    =        0.1029  ANGLE   =        1.9662  DIHED      =        0.0047
 VDWAALS =       -0.7211  EEL     =       -5.2894  HBOND      =        0.0000
 1-4 VDW =       -0.0071  1-4 EEL =      -45.3579  RESTRAINT  =        0.0000


   NSTEP       ENERGY          RMS            GMAX         NAME    NUMBER
   4350      -4.9302E+01     1.6613E-03     4.0666E-03     Si          1

 BOND    =        0.1030  ANGLE   =        1.9674  DIHED      =        0.0046
 VDWAALS =       -0.7191  EEL     =       -5.2920  HBOND      =        0.0000
 1-4 VDW =       -0.0071  1-4 EEL =      -45.3586  RESTRAINT  =        0.0000


   NSTEP       ENERGY          RMS            GMAX         NAME    NUMBER
   4400      -4.9302E+01     2.4805E-03     5.8237E-03     H3         12

 BOND    =        0.1030  ANGLE   =        1.9675  DIHED      =        0.0046
 VDWAALS =       -0.7189  EEL     =       -5.2923  HBOND      =        0.0000
 1-4 VDW =       -0.0071  1-4 EEL =      -45.3587  RESTRAINT  =        0.0000


   NSTEP       ENERGY          RMS            GMAX         NAME    NUMBER
   4450      -4.9302E+01     2.0990E-03     6.8011E-03     O           5

 BOND    =        0.1030  ANGLE   =        1.9672  DIHED      =        0.0046
 VDWAALS =       -0.7196  EEL     =       -5.2913  HBOND      =        0.0000
 1-4 VDW =       -0.0071  1-4 EEL =      -45.3585  RESTRAINT  =        0.0000


   NSTEP       ENERGY          RMS            GMAX         NAME    NUMBER
   4500      -4.9302E+01     2.0913E-03     6.2636E-03     Si          1

 BOND    =        0.1030  ANGLE   =        1.9668  DIHED      =        0.0047
 VDWAALS =       -0.7199  EEL     =       -5.2909  HBOND      =        0.0000
 1-4 VDW =       -0.0071  1-4 EEL =      -45.3583  RESTRAINT  =        0.0000


   NSTEP       ENERGY          RMS            GMAX         NAME    NUMBER
   4550      -4.9302E+01     3.8228E-04     9.5167E-04     H2          4

 BOND    =        0.1030  ANGLE   =        1.9668  DIHED      =        0.0046
 VDWAALS =       -0.7199  EEL     =       -5.2910  HBOND      =        0.0000
 1-4 VDW =       -0.0071  1-4 EEL =      -45.3582  RESTRAINT  =        0.0000


   NSTEP       ENERGY          RMS            GMAX         NAME    NUMBER
   4600      -4.9302E+01     2.2521E-03     7.1766E-03     H3         12

 BOND    =        0.1030  ANGLE   =        1.9671  DIHED      =        0.0046
 VDWAALS =       -0.7194  EEL     =       -5.2917  HBOND      =        0.0000
 1-4 VDW =       -0.0071  1-4 EEL =      -45.3584  RESTRAINT  =        0.0000


   NSTEP       ENERGY          RMS            GMAX         NAME    NUMBER
   4650      -4.9302E+01     1.5500E-04     5.7638E-04     Si          1

 BOND    =        0.1030  ANGLE   =        1.9666  DIHED      =        0.0047
 VDWAALS =       -0.7201  EEL     =       -5.2907  HBOND      =        0.0000
 1-4 VDW =       -0.0071  1-4 EEL =      -45.3581  RESTRAINT  =        0.0000


   NSTEP       ENERGY          RMS            GMAX         NAME    NUMBER
   4700      -4.9302E+01     6.1597E-04     1.3980E-03     H           8

 BOND    =        0.1030  ANGLE   =        1.9668  DIHED      =        0.0047
 VDWAALS =       -0.7200  EEL     =       -5.2909  HBOND      =        0.0000
 1-4 VDW =       -0.0071  1-4 EEL =      -45.3583  RESTRAINT  =        0.0000


   NSTEP       ENERGY          RMS            GMAX         NAME    NUMBER
   4750      -4.9302E+01     1.6634E-03     4.2217E-03     Si          7

 BOND    =        0.1031  ANGLE   =        1.9672  DIHED      =        0.0046
 VDWAALS =       -0.7195  EEL     =       -5.2915  HBOND      =        0.0000
 1-4 VDW =       -0.0071  1-4 EEL =      -45.3586  RESTRAINT  =        0.0000


   NSTEP       ENERGY          RMS            GMAX         NAME    NUMBER
   4800      -4.9302E+01     4.6093E-03     1.7927E-02     O          11

 BOND    =        0.1030  ANGLE   =        1.9669  DIHED      =        0.0047
 VDWAALS =       -0.7201  EEL     =       -5.2909  HBOND      =        0.0000
 1-4 VDW =       -0.0071  1-4 EEL =      -45.3582  RESTRAINT  =        0.0000


   NSTEP       ENERGY          RMS            GMAX         NAME    NUMBER
   4850      -4.9302E+01     4.9542E-04     1.4971E-03     Si          7

 BOND    =        0.1030  ANGLE   =        1.9669  DIHED      =        0.0047
 VDWAALS =       -0.7200  EEL     =       -5.2909  HBOND      =        0.0000
 1-4 VDW =       -0.0071  1-4 EEL =      -45.3583  RESTRAINT  =        0.0000


   NSTEP       ENERGY          RMS            GMAX         NAME    NUMBER
   4900      -4.9302E+01     9.9001E-04     2.2867E-03     Si          7

 BOND    =        0.1030  ANGLE   =        1.9670  DIHED      =        0.0046
 VDWAALS =       -0.7196  EEL     =       -5.2914  HBOND      =        0.0000
 1-4 VDW =       -0.0071  1-4 EEL =      -45.3583  RESTRAINT  =        0.0000


   NSTEP       ENERGY          RMS            GMAX         NAME    NUMBER
   4950      -4.9302E+01     1.2210E-03     3.7991E-03     O           5

 BOND    =        0.1030  ANGLE   =        1.9670  DIHED      =        0.0046
 VDWAALS =       -0.7196  EEL     =       -5.2914  HBOND      =        0.0000
 1-4 VDW =       -0.0071  1-4 EEL =      -45.3583  RESTRAINT  =        0.0000


   NSTEP       ENERGY          RMS            GMAX         NAME    NUMBER
   5000      -4.9302E+01     2.2937E-03     8.0223E-03     Si          7

 BOND    =        0.1030  ANGLE   =        1.9675  DIHED      =        0.0046
 VDWAALS =       -0.7193  EEL     =       -5.2918  HBOND      =        0.0000
 1-4 VDW =       -0.0071  1-4 EEL =      -45.3587  RESTRAINT  =        0.0000


  Maximum number of minimization cycles reached.


                    FINAL RESULTS



   NSTEP       ENERGY          RMS            GMAX         NAME    NUMBER
   5000      -4.9302E+01     2.2937E-03     8.0223E-03     Si          7

 BOND    =        0.1030  ANGLE   =        1.9675  DIHED      =        0.0046
 VDWAALS =       -0.7193  EEL     =       -5.2918  HBOND      =        0.0000
 1-4 VDW =       -0.0071  1-4 EEL =      -45.3587  RESTRAINT  =        0.0000

--------------------------------------------------------------------------------
   5.  TIMINGS
--------------------------------------------------------------------------------

|    Read coords time           0.00 ( 0.35% of Total)
|                Build the list             0.00 ( 5.33% of List )
|                Other                      0.00 (94.67% of List )
|             List time                  0.00 ( 1.83% of Nonbo)
|                   Short_ene time             0.13 (94.77% of Direc)
|                   Other                      0.01 ( 5.23% of Direc)
|                Direct Ewald time          0.13 (84.54% of Ewald)
|                Force Adjust               0.00 ( 2.32% of Ewald)
|                Virial junk                0.00 ( 2.56% of Ewald)
|                Start synchronizatio       0.00 ( 2.09% of Ewald)
|                Other                      0.01 ( 8.49% of Ewald)
|             Ewald time                 0.16 (88.43% of Nonbo)
|             IPS excludes               0.00 ( 1.66% of Nonbo)
|             Other                      0.01 ( 8.08% of Nonbo)
|          Nonbond force              0.18 (83.05% of Force)
|          Bond/Angle/Dihedral        0.02 ( 7.75% of Force)
|          FRC Collect time           0.00 ( 1.37% of Force)
|          Other                      0.02 ( 7.84% of Force)
|       Force time                 0.22 (100.0% of Runmd)
|    Runmd Time                 0.22 (58.29% of Total)
|    Other                      0.15 (41.36% of Total)
| Total time                 0.37 (100.0% of ALL  )

| Highest rstack allocated:         30
| Highest istack allocated:          6

| Final Performance Info:
| -----------------------------------------------------
| Average timings for all steps:
|     Elapsed(s) =       0.37 Per Step(ms) =     365.50
|         ns/day =       0.24   seconds/ns =  365502.95
| -----------------------------------------------------

|           Job began  at 16:07:45.754  on 04/17/2021
|           Setup done at 16:07:45.761  on 04/17/2021
|           Run   done at 16:07:46.126  on 04/17/2021
|     wallclock() was called  125038 times
