
          -------------------------------------------------------
          Amber 12 SANDER                              2012
          -------------------------------------------------------

| Run on 04/17/2021 at 16:07:41
  [-O]verwriting output

File Assignments:
|  MDIN: mm.in                                                                 
| MDOUT: out/SiH4_SiH4.con1.out                                                
|INPCRD: ../MM_PES/inpcrd/SiH4_SiH4.con1.100.inpcrd                            
|  PARM: ../MM_PES/prmtop/SiH4_SiH4.con1.prmtop                                
|RESTRT: rst/SiH4_SiH4.con1.rst                                                
|  REFC: refc                                                                  
| MDVEL: mdvel                                                                 
|  MDEN: mden                                                                  
| MDCRD: mdcrd                                                                 
|MDINFO: mdinfo                                                                
|  MTMD: mtmd                                                                  
|INPDIP: inpdip                                                                
|RSTDIP: rstdip                                                                

|INPTRA: inptraj                                                               
|

 Here is the input file:

Minimization                                                                   
&cntrl                                                                         
 imin=1, maxcyc=5000,                                                          
 ntb=0,                                                                        
 ioutfm=0,                                                                     
 cut=99,                                                                       
/                                                                              

--------------------------------------------------------------------------------
   1.  RESOURCE   USE: 
--------------------------------------------------------------------------------

| Flags: MPI                                                                    
|    NONPERIODIC   ntb=0 and igb=0: Setting up nonperiodic simulation
|  *** cutoff > system size, list only builds once
|Largest sphere to fit in unit cell has radius =    31.168
| New format PARM file being parsed.
| Version =    1.000 Date = 04/17/21 Time = 16:02:40
 NATOM  =      10 NTYPES =       2 NBONH =       8 MBONA  =       0
 NTHETH =      12 MTHETA =       0 NPHIH =       0 MPHIA  =       0
 NHPARM =       0 NPARM  =       0 NNB   =      22 NRES   =       2
 NBONA  =       0 NTHETA =       0 NPHIA =       0 NUMBND =       1
 NUMANG =       1 NPTRA  =       0 NATYP =       2 NPHB   =       0
 IFBOX  =       0 NMXRS  =       5 IFCAP =       0 NEXTRA =       0
 NCOPY  =       0


|     Memory Use     Allocated
|     Real                2286
|     Hollerith             34
|     Integer            20323
|     Max Pairs             45
|     nblistReal           120
|     nblist Int        837969
|       Total             3371 kbytes

| Note: 1-4 EEL scale factors are being read from the topology file.

| Note: 1-4 VDW scale factors are being read from the topology file.
| Duplicated    0 dihedrals
| Duplicated    0 dihedrals

--------------------------------------------------------------------------------
   2.  CONTROL  DATA  FOR  THE  RUN
--------------------------------------------------------------------------------

default_name                                                                    

General flags:
     imin    =       1, nmropt  =       0

Nature and format of input:
     ntx     =       1, irest   =       0, ntrx    =       1

Nature and format of output:
     ntxo    =       1, ntpr    =      50, ntrx    =       1, ntwr    =     500
     iwrap   =       0, ntwx    =       0, ntwv    =       0, ntwe    =       0
     ioutfm  =       0, ntwprt  =       0, idecomp =       0, rbornstat=      0

Potential function:
     ntf     =       1, ntb     =       0, igb     =       0, nsnb    =      25
     ipol    =       0, gbsa    =       0, iesp    =       0
     dielc   =   1.00000, cut     =  99.00000, intdiel =   1.00000

Frozen or restrained atoms:
     ibelly  =       0, ntr     =       0

Energy minimization:
     maxcyc  =    5000, ncyc    =      10, ntmin   =       1
     dx0     =   0.01000, drms    =   0.00010

| MPI Timing options:
|      profile_mpi =        0
|  INFO: Old style inpcrd file read


--------------------------------------------------------------------------------
   3.  ATOMIC COORDINATES AND VELOCITIES
--------------------------------------------------------------------------------

default_name                                                                    
 begin time read from input coords =     0.000 ps

 Number of triangulated 3-point waters found:        0
|  Atom division among processors:
|         0      10

     Sum of charges from parm topology file =  -0.00000000
     Forcing neutrality...
|  Running AMBER/MPI version on    1 nodes


--------------------------------------------------------------------------------
   4.  RESULTS
--------------------------------------------------------------------------------

 ---------------------------------------------------

     eedmeth=4: Setting switch to one everywhere

 ---------------------------------------------------
| Local SIZE OF NONBOND LIST =         25
| TOTAL SIZE OF NONBOND LIST =         25


   NSTEP       ENERGY          RMS            GMAX         NAME    NUMBER
      1      -2.5978E-01     2.0658E+00     4.4318E+00     H2          4

 BOND    =        0.1539  ANGLE   =        0.1124  DIHED      =        0.0000
 VDWAALS =       -0.4237  EEL     =       -0.1025  HBOND      =        0.0000
 1-4 VDW =        0.0000  1-4 EEL =        0.0000  RESTRAINT  =        0.0000


   NSTEP       ENERGY          RMS            GMAX         NAME    NUMBER
     50      -5.1373E-01     5.3117E-03     1.2830E-02     H           7

 BOND    =        0.0001  ANGLE   =        0.1123  DIHED      =        0.0000
 VDWAALS =       -0.4630  EEL     =       -0.1630  HBOND      =        0.0000
 1-4 VDW =        0.0000  1-4 EEL =        0.0000  RESTRAINT  =        0.0000


   NSTEP       ENERGY          RMS            GMAX         NAME    NUMBER
    100      -5.1440E-01     1.1176E-02     2.8219E-02     H2          9

 BOND    =        0.0001  ANGLE   =        0.1122  DIHED      =        0.0000
 VDWAALS =       -0.4646  EEL     =       -0.1621  HBOND      =        0.0000
 1-4 VDW =        0.0000  1-4 EEL =        0.0000  RESTRAINT  =        0.0000


   NSTEP       ENERGY          RMS            GMAX         NAME    NUMBER
    150      -5.1530E-01     1.5763E-02     4.2907E-02     H           7

 BOND    =        0.0000  ANGLE   =        0.1123  DIHED      =        0.0000
 VDWAALS =       -0.4663  EEL     =       -0.1614  HBOND      =        0.0000
 1-4 VDW =        0.0000  1-4 EEL =        0.0000  RESTRAINT  =        0.0000


   NSTEP       ENERGY          RMS            GMAX         NAME    NUMBER
    200      -5.2215E-01     1.2968E-02     3.8330E-02     H           7

 BOND    =        0.0000  ANGLE   =        0.1122  DIHED      =        0.0000
 VDWAALS =       -0.4812  EEL     =       -0.1532  HBOND      =        0.0000
 1-4 VDW =        0.0000  1-4 EEL =        0.0000  RESTRAINT  =        0.0000


   NSTEP       ENERGY          RMS            GMAX         NAME    NUMBER
    250      -5.3912E-01     3.4494E-01     9.8392E-01     H2          4

 BOND    =        0.0036  ANGLE   =        0.1136  DIHED      =        0.0000
 VDWAALS =       -0.5180  EEL     =       -0.1384  HBOND      =        0.0000
 1-4 VDW =        0.0000  1-4 EEL =        0.0000  RESTRAINT  =        0.0000


   NSTEP       ENERGY          RMS            GMAX         NAME    NUMBER
    300      -5.8284E-01     1.2304E-01     3.1445E-01     Si          6

 BOND    =        0.0001  ANGLE   =        0.1127  DIHED      =        0.0000
 VDWAALS =       -0.5870  EEL     =       -0.1087  HBOND      =        0.0000
 1-4 VDW =        0.0000  1-4 EEL =        0.0000  RESTRAINT  =        0.0000


   NSTEP       ENERGY          RMS            GMAX         NAME    NUMBER
    350      -5.9173E-01     1.8116E-01     5.2702E-01     Si          1

 BOND    =        0.0007  ANGLE   =        0.1121  DIHED      =        0.0000
 VDWAALS =       -0.6129  EEL     =       -0.0917  HBOND      =        0.0000
 1-4 VDW =        0.0000  1-4 EEL =        0.0000  RESTRAINT  =        0.0000


   NSTEP       ENERGY          RMS            GMAX         NAME    NUMBER
    400      -5.9282E-01     4.0589E-02     7.4747E-02     Si          1

 BOND    =        0.0001  ANGLE   =        0.1121  DIHED      =        0.0000
 VDWAALS =       -0.6130  EEL     =       -0.0920  HBOND      =        0.0000
 1-4 VDW =        0.0000  1-4 EEL =        0.0000  RESTRAINT  =        0.0000


   NSTEP       ENERGY          RMS            GMAX         NAME    NUMBER
    450      -5.9479E-01     2.5391E-02     7.8393E-02     Si          6

 BOND    =        0.0001  ANGLE   =        0.1120  DIHED      =        0.0000
 VDWAALS =       -0.6179  EEL     =       -0.0890  HBOND      =        0.0000
 1-4 VDW =        0.0000  1-4 EEL =        0.0000  RESTRAINT  =        0.0000


   NSTEP       ENERGY          RMS            GMAX         NAME    NUMBER
    500      -5.9700E-01     4.4508E-02     1.5509E-01     Si          1

 BOND    =        0.0001  ANGLE   =        0.1120  DIHED      =        0.0000
 VDWAALS =       -0.6280  EEL     =       -0.0810  HBOND      =        0.0000
 1-4 VDW =        0.0000  1-4 EEL =        0.0000  RESTRAINT  =        0.0000


   NSTEP       ENERGY          RMS            GMAX         NAME    NUMBER
    550      -5.9915E-01     2.1472E-02     5.6411E-02     H           7

 BOND    =        0.0001  ANGLE   =        0.1120  DIHED      =        0.0000
 VDWAALS =       -0.6320  EEL     =       -0.0792  HBOND      =        0.0000
 1-4 VDW =        0.0000  1-4 EEL =        0.0000  RESTRAINT  =        0.0000


   NSTEP       ENERGY          RMS            GMAX         NAME    NUMBER
    600      -6.0450E-01     2.9200E-01     6.9032E-01     H1          3

 BOND    =        0.0027  ANGLE   =        0.1124  DIHED      =        0.0000
 VDWAALS =       -0.6422  EEL     =       -0.0774  HBOND      =        0.0000
 1-4 VDW =        0.0000  1-4 EEL =        0.0000  RESTRAINT  =        0.0000


   NSTEP       ENERGY          RMS            GMAX         NAME    NUMBER
    650      -6.3760E-01     5.2989E-01     1.9274E+00     Si          1

 BOND    =        0.0030  ANGLE   =        0.1179  DIHED      =        0.0000
 VDWAALS =       -0.7317  EEL     =       -0.0269  HBOND      =        0.0000
 1-4 VDW =        0.0000  1-4 EEL =        0.0000  RESTRAINT  =        0.0000


   NSTEP       ENERGY          RMS            GMAX         NAME    NUMBER
    700      -6.6585E-01     5.0656E-02     1.3654E-01     H           2

 BOND    =        0.0001  ANGLE   =        0.1127  DIHED      =        0.0000
 VDWAALS =       -0.7668  EEL     =       -0.0118  HBOND      =        0.0000
 1-4 VDW =        0.0000  1-4 EEL =        0.0000  RESTRAINT  =        0.0000


   NSTEP       ENERGY          RMS            GMAX         NAME    NUMBER
    750      -6.7091E-01     6.2740E-02     1.8730E-01     Si          1

 BOND    =        0.0002  ANGLE   =        0.1126  DIHED      =        0.0000
 VDWAALS =       -0.7772  EEL     =       -0.0065  HBOND      =        0.0000
 1-4 VDW =        0.0000  1-4 EEL =        0.0000  RESTRAINT  =        0.0000


   NSTEP       ENERGY          RMS            GMAX         NAME    NUMBER
    800      -6.6231E-01     9.1025E-01     2.0286E+00     H           7

 BOND    =        0.0246  ANGLE   =        0.1138  DIHED      =        0.0000
 VDWAALS =       -0.7917  EEL     =       -0.0090  HBOND      =        0.0000
 1-4 VDW =        0.0000  1-4 EEL =        0.0000  RESTRAINT  =        0.0000


   NSTEP       ENERGY          RMS            GMAX         NAME    NUMBER
    850      -7.1341E-01     7.7235E-02     1.6353E-01     Si          6

 BOND    =        0.0002  ANGLE   =        0.1127  DIHED      =        0.0000
 VDWAALS =       -0.7900  EEL     =       -0.0364  HBOND      =        0.0000
 1-4 VDW =        0.0000  1-4 EEL =        0.0000  RESTRAINT  =        0.0000


   NSTEP       ENERGY          RMS            GMAX         NAME    NUMBER
    900      -7.7332E-01     2.1554E-01     7.9960E-01     Si          6

 BOND    =        0.0006  ANGLE   =        0.1124  DIHED      =        0.0000
 VDWAALS =       -0.8282  EEL     =       -0.0582  HBOND      =        0.0000
 1-4 VDW =        0.0000  1-4 EEL =        0.0000  RESTRAINT  =        0.0000


   NSTEP       ENERGY          RMS            GMAX         NAME    NUMBER
    950      -7.8720E-01     7.6344E-02     2.5985E-01     Si          1

 BOND    =        0.0003  ANGLE   =        0.1124  DIHED      =        0.0000
 VDWAALS =       -0.8236  EEL     =       -0.0763  HBOND      =        0.0000
 1-4 VDW =        0.0000  1-4 EEL =        0.0000  RESTRAINT  =        0.0000


   NSTEP       ENERGY          RMS            GMAX         NAME    NUMBER
   1000      -7.8825E-01     3.9964E-03     1.0247E-02     Si          1

 BOND    =        0.0001  ANGLE   =        0.1122  DIHED      =        0.0000
 VDWAALS =       -0.8188  EEL     =       -0.0818  HBOND      =        0.0000
 1-4 VDW =        0.0000  1-4 EEL =        0.0000  RESTRAINT  =        0.0000


   NSTEP       ENERGY          RMS            GMAX         NAME    NUMBER
   1050      -7.8832E-01     9.1941E-03     2.1212E-02     Si          1

 BOND    =        0.0001  ANGLE   =        0.1122  DIHED      =        0.0000
 VDWAALS =       -0.8181  EEL     =       -0.0826  HBOND      =        0.0000
 1-4 VDW =        0.0000  1-4 EEL =        0.0000  RESTRAINT  =        0.0000


   NSTEP       ENERGY          RMS            GMAX         NAME    NUMBER
   1100      -7.8834E-01     1.1434E-03     2.4946E-03     H1          3

 BOND    =        0.0001  ANGLE   =        0.1121  DIHED      =        0.0000
 VDWAALS =       -0.8176  EEL     =       -0.0830  HBOND      =        0.0000
 1-4 VDW =        0.0000  1-4 EEL =        0.0000  RESTRAINT  =        0.0000


   NSTEP       ENERGY          RMS            GMAX         NAME    NUMBER
   1150      -7.8835E-01     1.5496E-04     3.6637E-04     H           2

 BOND    =        0.0001  ANGLE   =        0.1121  DIHED      =        0.0000
 VDWAALS =       -0.8172  EEL     =       -0.0834  HBOND      =        0.0000
 1-4 VDW =        0.0000  1-4 EEL =        0.0000  RESTRAINT  =        0.0000


                    FINAL RESULTS



   NSTEP       ENERGY          RMS            GMAX         NAME    NUMBER
   1172      -7.8835E-01     6.6945E-05     1.3960E-04     H2          9

 BOND    =        0.0001  ANGLE   =        0.1121  DIHED      =        0.0000
 VDWAALS =       -0.8171  EEL     =       -0.0835  HBOND      =        0.0000
 1-4 VDW =        0.0000  1-4 EEL =        0.0000  RESTRAINT  =        0.0000

--------------------------------------------------------------------------------
   5.  TIMINGS
--------------------------------------------------------------------------------

|    Read coords time           0.00 ( 2.00% of Total)
|    Fast Water setup           0.00 ( 0.02% of Total)
|                Build the list             0.00 (36.49% of List )
|                Other                      0.00 (63.51% of List )
|             List time                  0.00 ( 2.90% of Nonbo)
|                   Short_ene time             0.04 (94.56% of Direc)
|                   Other                      0.00 ( 5.44% of Direc)
|                Direct Ewald time          0.04 (84.32% of Ewald)
|                Force Adjust               0.00 ( 2.44% of Ewald)
|                Virial junk                0.00 ( 2.70% of Ewald)
|                Start synchronizatio       0.00 ( 2.23% of Ewald)
|                Other                      0.00 ( 8.31% of Ewald)
|             Ewald time                 0.05 (86.86% of Nonbo)
|             IPS excludes               0.00 ( 1.78% of Nonbo)
|             Other                      0.00 ( 8.46% of Nonbo)
|          Nonbond force              0.06 (85.51% of Force)
|          Bond/Angle/Dihedral        0.00 ( 4.46% of Force)
|          FRC Collect time           0.00 ( 1.55% of Force)
|          Other                      0.01 ( 8.48% of Force)
|       Force time                 0.07 (100.0% of Runmd)
|    Runmd Time                 0.07 (55.12% of Total)
|    Other                      0.05 (42.86% of Total)
| Total time                 0.12 (99.65% of ALL  )

| Highest rstack allocated:         25
| Highest istack allocated:          5

| Final Performance Info:
| -----------------------------------------------------
| Average timings for all steps:
|     Elapsed(s) =       0.11 Per Step(ms) =     106.91
|         ns/day =       0.81   seconds/ns =  106913.09
| -----------------------------------------------------

|           Job began  at 16:07:41.661  on 04/17/2021
|           Setup done at 16:07:41.674  on 04/17/2021
|           Run   done at 16:07:41.781  on 04/17/2021
|     wallclock() was called   29338 times
