
          -------------------------------------------------------
          Amber 12 SANDER                              2012
          -------------------------------------------------------

| Run on 04/17/2021 at 13:52:27
  [-O]verwriting output

File Assignments:
|  MDIN: mm.in                                                                 
| MDOUT: 17.150.out                                                            
|INPCRD: 17.150.inpcrd                                                         
|  PARM: 17.prmtop                                                             
|RESTRT: restrt                                                                
|  REFC: refc                                                                  
| MDVEL: mdvel                                                                 
|  MDEN: mden                                                                  
| MDCRD: mdcrd                                                                 
|MDINFO: mdinfo                                                                
|  MTMD: mtmd                                                                  
|INPDIP: inpdip                                                                
|RSTDIP: rstdip                                                                

|INPTRA: inptraj                                                               
|

 Here is the input file:

Minimization                                                                   
&cntrl                                                                         
 imin=1, maxcyc=1,                                                             
 ntb=0,                                                                        
 ioutfm=0,                                                                     
 cut=99,                                                                       
/                                                                              

--------------------------------------------------------------------------------
   1.  RESOURCE   USE: 
--------------------------------------------------------------------------------

| Flags: MPI                                                                    
|    NONPERIODIC   ntb=0 and igb=0: Setting up nonperiodic simulation
|  *** cutoff > system size, list only builds once
|Largest sphere to fit in unit cell has radius =    32.076
| New format PARM file being parsed.
| Version =    1.000 Date = 04/17/21 Time = 13:52:24
 NATOM  =      22 NTYPES =       7 NBONH =      12 MBONA  =      10
 NTHETH =      23 MTHETA =      14 NPHIH =      42 MPHIA  =      17
 NHPARM =       0 NPARM  =       0 NNB   =     109 NRES   =       1
 NBONA  =      10 NTHETA =      14 NPHIA =      17 NUMBND =       7
 NUMANG =      10 NPTRA  =       7 NATYP =       7 NPHB   =       0
 IFBOX  =       0 NMXRS  =      22 IFCAP =       0 NEXTRA =       0
 NCOPY  =       0


|     Memory Use     Allocated
|     Real                3126
|     Hollerith             69
|     Integer            23585
|     Max Pairs            231
|     nblistReal           264
|     nblist Int        924380
|       Total             3730 kbytes

| Note: 1-4 EEL scale factors are being read from the topology file.

| Note: 1-4 VDW scale factors are being read from the topology file.
| Duplicated    0 dihedrals
| Duplicated    0 dihedrals

--------------------------------------------------------------------------------
   2.  CONTROL  DATA  FOR  THE  RUN
--------------------------------------------------------------------------------

default_name                                                                    

General flags:
     imin    =       1, nmropt  =       0

Nature and format of input:
     ntx     =       1, irest   =       0, ntrx    =       1

Nature and format of output:
     ntxo    =       1, ntpr    =      50, ntrx    =       1, ntwr    =     500
     iwrap   =       0, ntwx    =       0, ntwv    =       0, ntwe    =       0
     ioutfm  =       0, ntwprt  =       0, idecomp =       0, rbornstat=      0

Potential function:
     ntf     =       1, ntb     =       0, igb     =       0, nsnb    =      25
     ipol    =       0, gbsa    =       0, iesp    =       0
     dielc   =   1.00000, cut     =  99.00000, intdiel =   1.00000

Frozen or restrained atoms:
     ibelly  =       0, ntr     =       0

Energy minimization:
     maxcyc  =       1, ncyc    =      10, ntmin   =       1
     dx0     =   0.01000, drms    =   0.00010

| MPI Timing options:
|      profile_mpi =        0
|  INFO: Old style inpcrd file read


--------------------------------------------------------------------------------
   3.  ATOMIC COORDINATES AND VELOCITIES
--------------------------------------------------------------------------------

default_name                                                                    
 begin time read from input coords =     0.000 ps

 Number of triangulated 3-point waters found:        0
|  Atom division among processors:
|         0      22

     Sum of charges from parm topology file =   0.00300200
     Forcing neutrality...
|  Running AMBER/MPI version on    1 nodes


--------------------------------------------------------------------------------
   4.  RESULTS
--------------------------------------------------------------------------------

 ---------------------------------------------------

     eedmeth=4: Setting switch to one everywhere

 ---------------------------------------------------
| Local SIZE OF NONBOND LIST =        124
| TOTAL SIZE OF NONBOND LIST =        124


   NSTEP       ENERGY          RMS            GMAX         NAME    NUMBER
      1      -3.9828E+01     4.5380E+00     1.7028E+01     C           1

 BOND    =        0.1449  ANGLE   =        0.2627  DIHED      =        4.5792
 VDWAALS =       -0.6411  EEL     =        2.8598  HBOND      =        0.0000
 1-4 VDW =        2.2422  1-4 EEL =      -49.2761  RESTRAINT  =        0.0000


  Maximum number of minimization cycles reached.


                    FINAL RESULTS



   NSTEP       ENERGY          RMS            GMAX         NAME    NUMBER
      1      -3.9828E+01     4.5380E+00     1.7028E+01     C           1

 BOND    =        0.1449  ANGLE   =        0.2627  DIHED      =        4.5792
 VDWAALS =       -0.6411  EEL     =        2.8598  HBOND      =        0.0000
 1-4 VDW =        2.2422  1-4 EEL =      -49.2761  RESTRAINT  =        0.0000

--------------------------------------------------------------------------------
   5.  TIMINGS
--------------------------------------------------------------------------------

|    Read coords time           0.00 (11.81% of Total)
|    Fast Water setup           0.00 ( 0.09% of Total)
|                Build the list             0.00 (93.29% of List )
|                Other                      0.00 ( 6.71% of List )
|             List time                  0.00 (67.09% of Nonbo)
|                   Short_ene time             0.00 (93.31% of Direc)
|                   Other                      0.00 ( 6.69% of Direc)
|                Direct Ewald time          0.00 (80.98% of Ewald)
|                Force Adjust               0.00 ( 2.40% of Ewald)
|                Virial junk                0.00 ( 2.73% of Ewald)
|                Start synchronizatio       0.00 ( 1.51% of Ewald)
|                Other                      0.00 (12.38% of Ewald)
|             Ewald time                 0.00 (30.52% of Nonbo)
|             IPS excludes               0.00 ( 0.46% of Nonbo)
|             Other                      0.00 ( 1.93% of Nonbo)
|          Nonbond force              0.00 (79.02% of Force)
|          Bond/Angle/Dihedral        0.00 (15.25% of Force)
|          FRC Collect time           0.00 ( 0.29% of Force)
|          Other                      0.00 ( 5.44% of Force)
|       Force time                 0.00 (100.0% of Runmd)
|    Runmd Time                 0.00 ( 7.52% of Total)
|    Other                      0.01 (80.59% of Total)
| Total time                 0.02 (97.77% of ALL  )

| Highest rstack allocated:         75
| Highest istack allocated:         15

| Final Performance Info:
| -----------------------------------------------------
| Average timings for all steps:
|     Elapsed(s) =       0.01 Per Step(ms) =       7.94
|         ns/day =      10.88   seconds/ns =    7941.01
| -----------------------------------------------------

|           Job began  at 13:52:27.755  on 04/17/2021
|           Setup done at 13:52:27.767  on 04/17/2021
|           Run   done at 13:52:27.774  on 04/17/2021
|     wallclock() was called      63 times
