
          -------------------------------------------------------
          Amber 12 SANDER                              2012
          -------------------------------------------------------

| Run on 04/18/2021 at 15:33:46
  [-O]verwriting output

File Assignments:
|  MDIN: mm.in                                                                 
| MDOUT: output/SiH3OH_SiH3OH.con1.105.out                                     
|INPCRD: inpcrd/SiH3OH_SiH3OH.con1.105.inpcrd                                  
|  PARM: prmtop/SiH3OH_SiH3OH.con1.prmtop                                      
|RESTRT: restrt                                                                
|  REFC: refc                                                                  
| MDVEL: mdvel                                                                 
|  MDEN: mden                                                                  
| MDCRD: mdcrd                                                                 
|MDINFO: mdinfo                                                                
|  MTMD: mtmd                                                                  
|INPDIP: inpdip                                                                
|RSTDIP: rstdip                                                                

|INPTRA: inptraj                                                               
|

 Here is the input file:

SP energy                                                                      
&cntrl                                                                         
 imin=1, maxcyc=1,                                                             
 ntb=0,                                                                        
 ioutfm=0,                                                                     
 cut=99,                                                                       
/                                                                              

--------------------------------------------------------------------------------
   1.  RESOURCE   USE: 
--------------------------------------------------------------------------------

| Flags:                                                                        
|    NONPERIODIC   ntb=0 and igb=0: Setting up nonperiodic simulation
|  *** cutoff > system size, list only builds once
|Largest sphere to fit in unit cell has radius =    31.417
| New format PARM file being parsed.
| Version =    1.000 Date = 04/18/21 Time = 15:33:38
 NATOM  =      12 NTYPES =       4 NBONH =       8 MBONA  =       2
 NTHETH =      14 MTHETA =       0 NPHIH =       6 MPHIA  =       0
 NHPARM =       0 NPARM  =       0 NNB   =      32 NRES   =       2
 NBONA  =       2 NTHETA =       0 NPHIA =       0 NUMBND =       3
 NUMANG =       3 NPTRA  =       1 NATYP =       4 NPHB   =       0
 IFBOX  =       0 NMXRS  =       6 IFCAP =       0 NEXTRA =       0
 NCOPY  =       0


|     Memory Use     Allocated
|     Real                2354
|     Hollerith             40
|     Integer            20677
|     Max Pairs             66
|     nblistReal           144
|     nblist Int        879861
|       Total             3537 kbytes

| Note: 1-4 EEL scale factors are being read from the topology file.

| Note: 1-4 VDW scale factors are being read from the topology file.
| Duplicated    0 dihedrals
| Duplicated    0 dihedrals

--------------------------------------------------------------------------------
   2.  CONTROL  DATA  FOR  THE  RUN
--------------------------------------------------------------------------------

default_name                                                                    

General flags:
     imin    =       1, nmropt  =       0

Nature and format of input:
     ntx     =       1, irest   =       0, ntrx    =       1

Nature and format of output:
     ntxo    =       1, ntpr    =      50, ntrx    =       1, ntwr    =     500
     iwrap   =       0, ntwx    =       0, ntwv    =       0, ntwe    =       0
     ioutfm  =       0, ntwprt  =       0, idecomp =       0, rbornstat=      0

Potential function:
     ntf     =       1, ntb     =       0, igb     =       0, nsnb    =      25
     ipol    =       0, gbsa    =       0, iesp    =       0
     dielc   =   1.00000, cut     =  99.00000, intdiel =   1.00000

Frozen or restrained atoms:
     ibelly  =       0, ntr     =       0

Energy minimization:
     maxcyc  =       1, ncyc    =      10, ntmin   =       1
     dx0     =   0.01000, drms    =   0.00010
|  INFO: Old style inpcrd file read


--------------------------------------------------------------------------------
   3.  ATOMIC COORDINATES AND VELOCITIES
--------------------------------------------------------------------------------

default_name                                                                    
 begin time read from input coords =     0.000 ps

 Number of triangulated 3-point waters found:        0

     Sum of charges from parm topology file =  -0.00100000
     Forcing neutrality...

--------------------------------------------------------------------------------
   4.  RESULTS
--------------------------------------------------------------------------------

 ---------------------------------------------------

     eedmeth=4: Setting switch to one everywhere

 ---------------------------------------------------
| Local SIZE OF NONBOND LIST =         36
| TOTAL SIZE OF NONBOND LIST =         36


   NSTEP       ENERGY          RMS            GMAX         NAME    NUMBER
      1      -4.7224E+01     4.4945E+00     1.2340E+01     H3          6

 BOND    =        0.3790  ANGLE   =        1.1063  DIHED      =        0.0816
 VDWAALS =       -0.7413  EEL     =       -2.5796  HBOND      =        0.0000
 1-4 VDW =       -0.0050  1-4 EEL =      -45.4651  RESTRAINT  =        0.0000


  Maximum number of minimization cycles reached.


                    FINAL RESULTS



   NSTEP       ENERGY          RMS            GMAX         NAME    NUMBER
      1      -4.7224E+01     4.4945E+00     1.2340E+01     H3          6

 BOND    =        0.3790  ANGLE   =        1.1063  DIHED      =        0.0816
 VDWAALS =       -0.7413  EEL     =       -2.5796  HBOND      =        0.0000
 1-4 VDW =       -0.0050  1-4 EEL =      -45.4651  RESTRAINT  =        0.0000

--------------------------------------------------------------------------------
   5.  TIMINGS
--------------------------------------------------------------------------------

|    Read coords time           0.00 (16.29% of Total)
|    Fast Water setup           0.00 ( 0.10% of Total)
|                Build the list             0.00 (93.39% of List )
|                Other                      0.00 ( 6.61% of List )
|             List time                  0.00 (69.77% of Nonbo)
|                   Short_ene time             0.00 (93.20% of Direc)
|                   Other                      0.00 ( 6.80% of Direc)
|                Direct Ewald time          0.00 (82.65% of Ewald)
|                Force Adjust               0.00 ( 1.63% of Ewald)
|                Virial junk                0.00 ( 2.40% of Ewald)
|                Start synchronizatio       0.00 ( 2.02% of Ewald)
|                Other                      0.00 (11.29% of Ewald)
|             Ewald time                 0.00 (27.35% of Nonbo)
|             IPS excludes               0.00 ( 0.54% of Nonbo)
|             Other                      0.00 ( 2.34% of Nonbo)
|          Nonbond force              0.00 (85.66% of Force)
|          Bond/Angle/Dihedral        0.00 (10.21% of Force)
|          Other                      0.00 ( 4.13% of Force)
|       Force time                 0.00 (100.0% of Runmd)
|    Runmd Time                 0.00 ( 6.15% of Total)
|    Other                      0.01 (77.46% of Total)
| Total time                 0.02 (99.51% of ALL  )

| Highest rstack allocated:         30
| Highest istack allocated:          6

| Final Performance Info:
| -----------------------------------------------------
| Average timings for all steps:
|     Elapsed(s) =       0.01 Per Step(ms) =       6.91
|         ns/day =      12.51   seconds/ns =    6906.99
| -----------------------------------------------------

|           Job began  at 15:33:45.999  on 04/18/2021
|           Setup done at 15:33:46.010  on 04/18/2021
|           Run   done at 15:33:46.016  on 04/18/2021
|     wallclock() was called      59 times
