
          -------------------------------------------------------
          Amber 12 SANDER                              2012
          -------------------------------------------------------

| Run on 04/18/2021 at 15:33:47
  [-O]verwriting output

File Assignments:
|  MDIN: mm.in                                                                 
| MDOUT: output/SiH3OH_water.con2.105.out                                      
|INPCRD: inpcrd/SiH3OH_water.con2.105.inpcrd                                   
|  PARM: prmtop/SiH3OH_water.con2.prmtop                                       
|RESTRT: restrt                                                                
|  REFC: refc                                                                  
| MDVEL: mdvel                                                                 
|  MDEN: mden                                                                  
| MDCRD: mdcrd                                                                 
|MDINFO: mdinfo                                                                
|  MTMD: mtmd                                                                  
|INPDIP: inpdip                                                                
|RSTDIP: rstdip                                                                

|INPTRA: inptraj                                                               
|

 Here is the input file:

SP energy                                                                      
&cntrl                                                                         
 imin=1, maxcyc=1,                                                             
 ntb=0,                                                                        
 ioutfm=0,                                                                     
 cut=99,                                                                       
/                                                                              

--------------------------------------------------------------------------------
   1.  RESOURCE   USE: 
--------------------------------------------------------------------------------

| Flags:                                                                        
|    NONPERIODIC   ntb=0 and igb=0: Setting up nonperiodic simulation
|  *** cutoff > system size, list only builds once
|Largest sphere to fit in unit cell has radius =    31.142
| New format PARM file being parsed.
| Version =    1.000 Date = 04/18/21 Time = 15:33:38
 NATOM  =       9 NTYPES =       6 NBONH =       7 MBONA  =       1
 NTHETH =       7 MTHETA =       0 NPHIH =       3 MPHIA  =       0
 NHPARM =       0 NPARM  =       0 NNB   =      20 NRES   =       2
 NBONA  =       1 NTHETA =       0 NPHIA =       0 NUMBND =       5
 NUMANG =       3 NPTRA  =       1 NATYP =       6 NPHB   =       1
 IFBOX  =       0 NMXRS  =       6 IFCAP =       0 NEXTRA =       0
 NCOPY  =       0


|     Memory Use     Allocated
|     Real                2195
|     Hollerith             31
|     Integer            20437
|     Max Pairs             36
|     nblistReal           108
|     nblist Int        799853
|       Total             3222 kbytes

| Note: 1-4 EEL scale factors are being read from the topology file.

| Note: 1-4 VDW scale factors are being read from the topology file.
| Duplicated    0 dihedrals
| Duplicated    0 dihedrals

--------------------------------------------------------------------------------
   2.  CONTROL  DATA  FOR  THE  RUN
--------------------------------------------------------------------------------

default_name                                                                    

General flags:
     imin    =       1, nmropt  =       0

Nature and format of input:
     ntx     =       1, irest   =       0, ntrx    =       1

Nature and format of output:
     ntxo    =       1, ntpr    =      50, ntrx    =       1, ntwr    =     500
     iwrap   =       0, ntwx    =       0, ntwv    =       0, ntwe    =       0
     ioutfm  =       0, ntwprt  =       0, idecomp =       0, rbornstat=      0

Potential function:
     ntf     =       1, ntb     =       0, igb     =       0, nsnb    =      25
     ipol    =       0, gbsa    =       0, iesp    =       0
     dielc   =   1.00000, cut     =  99.00000, intdiel =   1.00000

Frozen or restrained atoms:
     ibelly  =       0, ntr     =       0

Energy minimization:
     maxcyc  =       1, ncyc    =      10, ntmin   =       1
     dx0     =   0.01000, drms    =   0.00010
|  INFO: Old style inpcrd file read


--------------------------------------------------------------------------------
   3.  ATOMIC COORDINATES AND VELOCITIES
--------------------------------------------------------------------------------

default_name                                                                    
 begin time read from input coords =     0.000 ps

 Number of triangulated 3-point waters found:        1

     Sum of charges from parm topology file =  -0.00050000
     Forcing neutrality...

--------------------------------------------------------------------------------
   4.  RESULTS
--------------------------------------------------------------------------------

 ---------------------------------------------------

     eedmeth=4: Setting switch to one everywhere

 ---------------------------------------------------
| Local SIZE OF NONBOND LIST =         18
| TOTAL SIZE OF NONBOND LIST =         18


   NSTEP       ENERGY          RMS            GMAX         NAME    NUMBER
      1      -2.4261E+01     3.9481E+00     1.0387E+01     H3          6

 BOND    =        0.2382  ANGLE   =        0.7765  DIHED      =        0.0010
 VDWAALS =       -0.2984  EEL     =       -2.0956  HBOND      =        0.0000
 1-4 VDW =       -0.0026  1-4 EEL =      -22.8802  RESTRAINT  =        0.0000


  Maximum number of minimization cycles reached.


                    FINAL RESULTS



   NSTEP       ENERGY          RMS            GMAX         NAME    NUMBER
      1      -2.4261E+01     3.9481E+00     1.0387E+01     H3          6

 BOND    =        0.2382  ANGLE   =        0.7765  DIHED      =        0.0010
 VDWAALS =       -0.2984  EEL     =       -2.0956  HBOND      =        0.0000
 1-4 VDW =       -0.0026  1-4 EEL =      -22.8802  RESTRAINT  =        0.0000

--------------------------------------------------------------------------------
   5.  TIMINGS
--------------------------------------------------------------------------------

|    Read coords time           0.00 (14.93% of Total)
|    Fast Water setup           0.00 ( 0.11% of Total)
|                Build the list             0.00 (92.89% of List )
|                Other                      0.00 ( 7.11% of List )
|             List time                  0.00 (68.92% of Nonbo)
|                   Short_ene time             0.00 (92.47% of Direc)
|                   Other                      0.00 ( 7.53% of Direc)
|                Direct Ewald time          0.00 (83.05% of Ewald)
|                Force Adjust               0.00 ( 1.67% of Ewald)
|                Virial junk                0.00 ( 2.46% of Ewald)
|                Start synchronizatio       0.00 ( 2.02% of Ewald)
|                Other                      0.00 (10.79% of Ewald)
|             Ewald time                 0.00 (28.27% of Nonbo)
|             IPS excludes               0.00 ( 0.47% of Nonbo)
|             Other                      0.00 ( 2.34% of Nonbo)
|          Nonbond force              0.00 (86.73% of Force)
|          Bond/Angle/Dihedral        0.00 ( 8.72% of Force)
|          Other                      0.00 ( 4.55% of Force)
|       Force time                 0.00 (100.0% of Runmd)
|    Runmd Time                 0.00 ( 5.78% of Total)
|    Other                      0.01 (79.18% of Total)
| Total time                 0.02 (99.52% of ALL  )

| Highest rstack allocated:         15
| Highest istack allocated:          3

| Final Performance Info:
| -----------------------------------------------------
| Average timings for all steps:
|     Elapsed(s) =       0.01 Per Step(ms) =       7.03
|         ns/day =      12.29   seconds/ns =    7028.94
| -----------------------------------------------------

|           Job began  at 15:33:47.098  on 04/18/2021
|           Setup done at 15:33:47.109  on 04/18/2021
|           Run   done at 15:33:47.116  on 04/18/2021
|     wallclock() was called      59 times
