
          -------------------------------------------------------
          Amber 12 SANDER                              2012
          -------------------------------------------------------

| Run on 04/18/2021 at 15:33:44
  [-O]verwriting output

File Assignments:
|  MDIN: mm.in                                                                 
| MDOUT: output/SiH3CH3_water.con1.105.out                                     
|INPCRD: inpcrd/SiH3CH3_water.con1.105.inpcrd                                  
|  PARM: prmtop/SiH3CH3_water.con1.prmtop                                      
|RESTRT: restrt                                                                
|  REFC: refc                                                                  
| MDVEL: mdvel                                                                 
|  MDEN: mden                                                                  
| MDCRD: mdcrd                                                                 
|MDINFO: mdinfo                                                                
|  MTMD: mtmd                                                                  
|INPDIP: inpdip                                                                
|RSTDIP: rstdip                                                                

|INPTRA: inptraj                                                               
|

 Here is the input file:

SP energy                                                                      
&cntrl                                                                         
 imin=1, maxcyc=1,                                                             
 ntb=0,                                                                        
 ioutfm=0,                                                                     
 cut=99,                                                                       
/                                                                              

--------------------------------------------------------------------------------
   1.  RESOURCE   USE: 
--------------------------------------------------------------------------------

| Flags:                                                                        
|    NONPERIODIC   ntb=0 and igb=0: Setting up nonperiodic simulation
|  *** cutoff > system size, list only builds once
|Largest sphere to fit in unit cell has radius =    31.141
| New format PARM file being parsed.
| Version =    1.000 Date = 04/18/21 Time = 15:33:38
 NATOM  =      11 NTYPES =       6 NBONH =       9 MBONA  =       1
 NTHETH =      12 MTHETA =       0 NPHIH =       9 MPHIA  =       0
 NHPARM =       0 NPARM  =       0 NNB   =      33 NRES   =       2
 NBONA  =       1 NTHETA =       0 NPHIA =       0 NUMBND =       5
 NUMANG =       4 NPTRA  =       1 NATYP =       6 NPHB   =       1
 IFBOX  =       0 NMXRS  =       8 IFCAP =       0 NEXTRA =       0
 NCOPY  =       0


|     Memory Use     Allocated
|     Real                2319
|     Hollerith             37
|     Integer            20809
|     Max Pairs             55
|     nblistReal           132
|     nblist Int        838013
|       Total             3374 kbytes

| Note: 1-4 EEL scale factors are being read from the topology file.

| Note: 1-4 VDW scale factors are being read from the topology file.
| Duplicated    0 dihedrals
| Duplicated    0 dihedrals

--------------------------------------------------------------------------------
   2.  CONTROL  DATA  FOR  THE  RUN
--------------------------------------------------------------------------------

default_name                                                                    

General flags:
     imin    =       1, nmropt  =       0

Nature and format of input:
     ntx     =       1, irest   =       0, ntrx    =       1

Nature and format of output:
     ntxo    =       1, ntpr    =      50, ntrx    =       1, ntwr    =     500
     iwrap   =       0, ntwx    =       0, ntwv    =       0, ntwe    =       0
     ioutfm  =       0, ntwprt  =       0, idecomp =       0, rbornstat=      0

Potential function:
     ntf     =       1, ntb     =       0, igb     =       0, nsnb    =      25
     ipol    =       0, gbsa    =       0, iesp    =       0
     dielc   =   1.00000, cut     =  99.00000, intdiel =   1.00000

Frozen or restrained atoms:
     ibelly  =       0, ntr     =       0

Energy minimization:
     maxcyc  =       1, ncyc    =      10, ntmin   =       1
     dx0     =   0.01000, drms    =   0.00010
|  INFO: Old style inpcrd file read


--------------------------------------------------------------------------------
   3.  ATOMIC COORDINATES AND VELOCITIES
--------------------------------------------------------------------------------

default_name                                                                    
 begin time read from input coords =     0.000 ps

 Number of triangulated 3-point waters found:        1

     Sum of charges from parm topology file =  -0.00150000
     Forcing neutrality...

--------------------------------------------------------------------------------
   4.  RESULTS
--------------------------------------------------------------------------------

 ---------------------------------------------------

     eedmeth=4: Setting switch to one everywhere

 ---------------------------------------------------
| Local SIZE OF NONBOND LIST =         24
| TOTAL SIZE OF NONBOND LIST =         24


   NSTEP       ENERGY          RMS            GMAX         NAME    NUMBER
      1      -6.7591E+00     2.9299E+00     9.6100E+00     C           5

 BOND    =        0.1294  ANGLE   =        0.0671  DIHED      =        0.0000
 VDWAALS =       -0.2957  EEL     =       -0.0953  HBOND      =        0.0000
 1-4 VDW =       -0.1561  1-4 EEL =       -6.4085  RESTRAINT  =        0.0000


  Maximum number of minimization cycles reached.


                    FINAL RESULTS



   NSTEP       ENERGY          RMS            GMAX         NAME    NUMBER
      1      -6.7591E+00     2.9299E+00     9.6100E+00     C           5

 BOND    =        0.1294  ANGLE   =        0.0671  DIHED      =        0.0000
 VDWAALS =       -0.2957  EEL     =       -0.0953  HBOND      =        0.0000
 1-4 VDW =       -0.1561  1-4 EEL =       -6.4085  RESTRAINT  =        0.0000

--------------------------------------------------------------------------------
   5.  TIMINGS
--------------------------------------------------------------------------------

|    Read coords time           0.00 (16.40% of Total)
|    Fast Water setup           0.00 ( 0.12% of Total)
|                Build the list             0.00 (93.24% of List )
|                Other                      0.00 ( 6.76% of List )
|             List time                  0.00 (68.25% of Nonbo)
|                   Short_ene time             0.00 (93.96% of Direc)
|                   Other                      0.00 ( 6.04% of Direc)
|                Direct Ewald time          0.00 (83.36% of Ewald)
|                Force Adjust               0.00 ( 1.57% of Ewald)
|                Virial junk                0.00 ( 1.89% of Ewald)
|                Start synchronizatio       0.00 ( 2.36% of Ewald)
|                Other                      0.00 (10.81% of Ewald)
|             Ewald time                 0.00 (28.95% of Nonbo)
|             IPS excludes               0.00 ( 0.56% of Nonbo)
|             Other                      0.00 ( 2.23% of Nonbo)
|          Nonbond force              0.00 (85.83% of Force)
|          Bond/Angle/Dihedral        0.00 ( 9.83% of Force)
|          Other                      0.00 ( 4.34% of Force)
|       Force time                 0.00 (100.0% of Runmd)
|    Runmd Time                 0.00 ( 6.07% of Total)
|    Other                      0.01 (77.42% of Total)
| Total time                 0.02 (99.51% of ALL  )

| Highest rstack allocated:         15
| Highest istack allocated:          3

| Final Performance Info:
| -----------------------------------------------------
| Average timings for all steps:
|     Elapsed(s) =       0.01 Per Step(ms) =       6.70
|         ns/day =      12.90   seconds/ns =    6697.06
| -----------------------------------------------------

|           Job began  at 15:33:44.139  on 04/18/2021
|           Setup done at 15:33:44.150  on 04/18/2021
|           Run   done at 15:33:44.156  on 04/18/2021
|     wallclock() was called      59 times
