
          -------------------------------------------------------
          Amber 12 SANDER                              2012
          -------------------------------------------------------

| Run on 04/18/2021 at 15:33:47
  [-O]verwriting output

File Assignments:
|  MDIN: mm.in                                                                 
| MDOUT: output/SiH4_SiH4.con2.105.out                                         
|INPCRD: inpcrd/SiH4_SiH4.con2.105.inpcrd                                      
|  PARM: prmtop/SiH4_SiH4.con2.prmtop                                          
|RESTRT: restrt                                                                
|  REFC: refc                                                                  
| MDVEL: mdvel                                                                 
|  MDEN: mden                                                                  
| MDCRD: mdcrd                                                                 
|MDINFO: mdinfo                                                                
|  MTMD: mtmd                                                                  
|INPDIP: inpdip                                                                
|RSTDIP: rstdip                                                                

|INPTRA: inptraj                                                               
|

 Here is the input file:

SP energy                                                                      
&cntrl                                                                         
 imin=1, maxcyc=1,                                                             
 ntb=0,                                                                        
 ioutfm=0,                                                                     
 cut=99,                                                                       
/                                                                              

--------------------------------------------------------------------------------
   1.  RESOURCE   USE: 
--------------------------------------------------------------------------------

| Flags:                                                                        
|    NONPERIODIC   ntb=0 and igb=0: Setting up nonperiodic simulation
|  *** cutoff > system size, list only builds once
|Largest sphere to fit in unit cell has radius =    31.187
| New format PARM file being parsed.
| Version =    1.000 Date = 04/18/21 Time = 15:33:38
 NATOM  =      10 NTYPES =       2 NBONH =       8 MBONA  =       0
 NTHETH =      12 MTHETA =       0 NPHIH =       0 MPHIA  =       0
 NHPARM =       0 NPARM  =       0 NNB   =      22 NRES   =       2
 NBONA  =       0 NTHETA =       0 NPHIA =       0 NUMBND =       1
 NUMANG =       1 NPTRA  =       0 NATYP =       2 NPHB   =       0
 IFBOX  =       0 NMXRS  =       5 IFCAP =       0 NEXTRA =       0
 NCOPY  =       0


|     Memory Use     Allocated
|     Real                2216
|     Hollerith             34
|     Integer            20323
|     Max Pairs             45
|     nblistReal           120
|     nblist Int        837949
|       Total             3371 kbytes

| Note: 1-4 EEL scale factors are being read from the topology file.

| Note: 1-4 VDW scale factors are being read from the topology file.
| Duplicated    0 dihedrals
| Duplicated    0 dihedrals

--------------------------------------------------------------------------------
   2.  CONTROL  DATA  FOR  THE  RUN
--------------------------------------------------------------------------------

default_name                                                                    

General flags:
     imin    =       1, nmropt  =       0

Nature and format of input:
     ntx     =       1, irest   =       0, ntrx    =       1

Nature and format of output:
     ntxo    =       1, ntpr    =      50, ntrx    =       1, ntwr    =     500
     iwrap   =       0, ntwx    =       0, ntwv    =       0, ntwe    =       0
     ioutfm  =       0, ntwprt  =       0, idecomp =       0, rbornstat=      0

Potential function:
     ntf     =       1, ntb     =       0, igb     =       0, nsnb    =      25
     ipol    =       0, gbsa    =       0, iesp    =       0
     dielc   =   1.00000, cut     =  99.00000, intdiel =   1.00000

Frozen or restrained atoms:
     ibelly  =       0, ntr     =       0

Energy minimization:
     maxcyc  =       1, ncyc    =      10, ntmin   =       1
     dx0     =   0.01000, drms    =   0.00010
|  INFO: Old style inpcrd file read


--------------------------------------------------------------------------------
   3.  ATOMIC COORDINATES AND VELOCITIES
--------------------------------------------------------------------------------

default_name                                                                    
 begin time read from input coords =     0.000 ps

 Number of triangulated 3-point waters found:        0

     Sum of charges from parm topology file =  -0.00000000
     Forcing neutrality...

--------------------------------------------------------------------------------
   4.  RESULTS
--------------------------------------------------------------------------------

 ---------------------------------------------------

     eedmeth=4: Setting switch to one everywhere

 ---------------------------------------------------
| Local SIZE OF NONBOND LIST =         25
| TOTAL SIZE OF NONBOND LIST =         25


   NSTEP       ENERGY          RMS            GMAX         NAME    NUMBER
      1      -1.1245E-01     1.9857E+00     3.8258E+00     H2          9

 BOND    =        0.1476  ANGLE   =        0.1130  DIHED      =        0.0000
 VDWAALS =       -0.4084  EEL     =        0.0353  HBOND      =        0.0000
 1-4 VDW =        0.0000  1-4 EEL =        0.0000  RESTRAINT  =        0.0000


  Maximum number of minimization cycles reached.


                    FINAL RESULTS



   NSTEP       ENERGY          RMS            GMAX         NAME    NUMBER
      1      -1.1245E-01     1.9857E+00     3.8258E+00     H2          9

 BOND    =        0.1476  ANGLE   =        0.1130  DIHED      =        0.0000
 VDWAALS =       -0.4084  EEL     =        0.0353  HBOND      =        0.0000
 1-4 VDW =        0.0000  1-4 EEL =        0.0000  RESTRAINT  =        0.0000

--------------------------------------------------------------------------------
   5.  TIMINGS
--------------------------------------------------------------------------------

|    Read coords time           0.00 (14.24% of Total)
|    Fast Water setup           0.00 ( 0.12% of Total)
|                Build the list             0.00 (93.44% of List )
|                Other                      0.00 ( 6.56% of List )
|             List time                  0.00 (68.36% of Nonbo)
|                   Short_ene time             0.00 (92.82% of Direc)
|                   Other                      0.00 ( 7.18% of Direc)
|                Direct Ewald time          0.00 (83.96% of Ewald)
|                Force Adjust               0.00 ( 1.63% of Ewald)
|                Virial junk                0.00 ( 1.53% of Ewald)
|                Start synchronizatio       0.00 ( 2.01% of Ewald)
|                Other                      0.00 (10.87% of Ewald)
|             Ewald time                 0.00 (28.66% of Nonbo)
|             IPS excludes               0.00 ( 0.47% of Nonbo)
|             Other                      0.00 ( 2.51% of Nonbo)
|          Nonbond force              0.00 (90.79% of Force)
|          Bond/Angle/Dihedral        0.00 ( 4.81% of Force)
|          Other                      0.00 ( 4.40% of Force)
|       Force time                 0.00 (100.0% of Runmd)
|    Runmd Time                 0.00 ( 5.97% of Total)
|    Other                      0.01 (79.67% of Total)
| Total time                 0.02 (99.49% of ALL  )

| Highest rstack allocated:         25
| Highest istack allocated:          5

| Final Performance Info:
| -----------------------------------------------------
| Average timings for all steps:
|     Elapsed(s) =       0.01 Per Step(ms) =       6.49
|         ns/day =      13.31   seconds/ns =    6492.97
| -----------------------------------------------------

|           Job began  at 15:33:47.643  on 04/18/2021
|           Setup done at 15:33:47.654  on 04/18/2021
|           Run   done at 15:33:47.659  on 04/18/2021
|     wallclock() was called      59 times
