
.     .       .  .   . .   .   . .    +  .
  .     .  :     .    .. :. .___---------___.
       .  .   .    .  :.:. _".^ .^ ^.  '.. :"-_. .
    .  :       .  .  .:../:            . .^  :.:\.
        .   . :: +. :.:/: .   .    .        . . .:\
 .  :    .     . _ :::/:               .  ^ .  . .:\
  .. . .   . - : :.:./.                        .  .:\
  .      .     . :..|:                    .  .  ^. .:|
    .       . : : ..||        .                . . !:|
  .     . . . ::. ::\(                           . :)/
 .   .     : . : .:.|. ######              .#######::|
  :.. .  :-  : .:  ::|.#######           ..########:|
 .  .  .  ..  .  .. :\ ########          :######## :/
  .        .+ :: : -.:\ ########       . ########.:/
    .  .+   . . . . :.:\. #######       #######..:/
      :: . . . . ::.:..:.\           .   .   ..:/
   .   .   .  .. :  -::::.\.       | |     . .:/
      .  :  .  .  .-:.":.::.\             ..:/ .~~~~~~~~~~~.
 .      -.   . . . .: .:::.:.\.           .:/,: Prepare to  \
.   .   .  :      : ....::_:..:\   ___.  :/ .       be       |
   .   .  .   .:. .. .  .: :.:.:\       :/   \  P A R M E D |
     +   .   .   : . ::. :.:. .:.|\  .:/|      \~~~~~~~~~~~'
     .         +   .  .  ...:: ..|  --.:|
.      . . .   .  .  . ... :..:.."(  ..)"
 .   .       .      :  .   .: ::/  .  .::\

ParmEd: a Parameter file Editor


Loaded Amber topology file TI.21.22.water.prmtop
['parmed.in']
Reading actions from parmed.in

Loading restart file TI.21.22.water.inpcrd
Files are overwritable
Merging molecules [:1] [:2] with sc mask [:1@C16,C17,C18,C19,H5,H6,H7,H8,H9,H10,H11,H12,H13] [:2@Si,C17,C18,C19,H5,H6,H7,H8,H9,H10,H11,H12,H13]
Merging molecules :1 and :2 into the same molecule.
Use softcore mask:
timask1='@10,11,12,13,14,15,16,17,18,19,20,21,22',
timask2='@77,78,79,80,81,82,83,84,85,86,87,88,89',
scmask1='@10,11,12,13,14,15,16,17,18,19,20,21,22',
scmask2='@77,78,79,80,81,82,83,84,85,86,87,88,89',
Outputting Amber topology file re_TI.21.22.water.prmtop and restart re_TI.21.22.water.inpcrd
Done!
