
          -------------------------------------------------------
          Amber 12 SANDER                              2012
          -------------------------------------------------------

| Run on 04/18/2021 at 15:30:15
  [-O]verwriting output

File Assignments:
|  MDIN: mm.in                                                                 
| MDOUT: 4.180.out                                                             
|INPCRD: 4.180.inpcrd                                                          
|  PARM: 4.prmtop                                                              
|RESTRT: restrt                                                                
|  REFC: refc                                                                  
| MDVEL: mdvel                                                                 
|  MDEN: mden                                                                  
| MDCRD: mdcrd                                                                 
|MDINFO: mdinfo                                                                
|  MTMD: mtmd                                                                  
|INPDIP: inpdip                                                                
|RSTDIP: rstdip                                                                

|INPTRA: inptraj                                                               
|

 Here is the input file:

Minimization                                                                   
&cntrl                                                                         
 imin=1, maxcyc=1,                                                             
 ntb=0,                                                                        
 ioutfm=0,                                                                     
 cut=99,                                                                       
/                                                                              

--------------------------------------------------------------------------------
   1.  RESOURCE   USE: 
--------------------------------------------------------------------------------

| Flags: MPI                                                                    
|    NONPERIODIC   ntb=0 and igb=0: Setting up nonperiodic simulation
|  *** cutoff > system size, list only builds once
|Largest sphere to fit in unit cell has radius =    31.098
| New format PARM file being parsed.
| Version =    1.000 Date = 04/18/21 Time = 15:30:15
 NATOM  =       6 NTYPES =       4 NBONH =       4 MBONA  =       1
 NTHETH =       7 MTHETA =       0 NPHIH =       3 MPHIA  =       0
 NHPARM =       0 NPARM  =       0 NNB   =      16 NRES   =       1
 NBONA  =       1 NTHETA =       0 NPHIA =       0 NUMBND =       3
 NUMANG =       3 NPTRA  =       1 NATYP =       4 NPHB   =       0
 IFBOX  =       0 NMXRS  =       6 IFCAP =       0 NEXTRA =       0
 NCOPY  =       0


|     Memory Use     Allocated
|     Real                1941
|     Hollerith             21
|     Integer            20349
|     Max Pairs             15
|     nblistReal            72
|     nblist Int        761723
|       Total             3070 kbytes

| Note: 1-4 EEL scale factors are being read from the topology file.

| Note: 1-4 VDW scale factors are being read from the topology file.
| Duplicated    0 dihedrals
| Duplicated    0 dihedrals

--------------------------------------------------------------------------------
   2.  CONTROL  DATA  FOR  THE  RUN
--------------------------------------------------------------------------------

default_name                                                                    

General flags:
     imin    =       1, nmropt  =       0

Nature and format of input:
     ntx     =       1, irest   =       0, ntrx    =       1

Nature and format of output:
     ntxo    =       1, ntpr    =      50, ntrx    =       1, ntwr    =     500
     iwrap   =       0, ntwx    =       0, ntwv    =       0, ntwe    =       0
     ioutfm  =       0, ntwprt  =       0, idecomp =       0, rbornstat=      0

Potential function:
     ntf     =       1, ntb     =       0, igb     =       0, nsnb    =      25
     ipol    =       0, gbsa    =       0, iesp    =       0
     dielc   =   1.00000, cut     =  99.00000, intdiel =   1.00000

Frozen or restrained atoms:
     ibelly  =       0, ntr     =       0

Energy minimization:
     maxcyc  =       1, ncyc    =      10, ntmin   =       1
     dx0     =   0.01000, drms    =   0.00010

| MPI Timing options:
|      profile_mpi =        0
|  INFO: Old style inpcrd file read


--------------------------------------------------------------------------------
   3.  ATOMIC COORDINATES AND VELOCITIES
--------------------------------------------------------------------------------

default_name                                                                    
 begin time read from input coords =     0.000 ps

 Number of triangulated 3-point waters found:        0
|  Atom division among processors:
|         0       6

     Sum of charges from parm topology file =  -0.00050000
     Forcing neutrality...
|  Running AMBER/MPI version on    1 nodes


--------------------------------------------------------------------------------
   4.  RESULTS
--------------------------------------------------------------------------------

 ---------------------------------------------------

     eedmeth=4: Setting switch to one everywhere

 ---------------------------------------------------
| Local SIZE OF NONBOND LIST =          0
| TOTAL SIZE OF NONBOND LIST =          0


   NSTEP       ENERGY          RMS            GMAX         NAME    NUMBER
      1      -2.1535E+01     2.1102E+00     4.8776E+00     O           5

 BOND    =        0.0261  ANGLE   =        0.0066  DIHED      =        1.0940
 VDWAALS =        0.0000  EEL     =        0.0000  HBOND      =        0.0000
 1-4 VDW =       -0.0027  1-4 EEL =      -22.6588  RESTRAINT  =        0.0000


  Maximum number of minimization cycles reached.


                    FINAL RESULTS



   NSTEP       ENERGY          RMS            GMAX         NAME    NUMBER
      1      -2.1535E+01     2.1102E+00     4.8776E+00     O           5

 BOND    =        0.0261  ANGLE   =        0.0066  DIHED      =        1.0940
 VDWAALS =        0.0000  EEL     =        0.0000  HBOND      =        0.0000
 1-4 VDW =       -0.0027  1-4 EEL =      -22.6588  RESTRAINT  =        0.0000

--------------------------------------------------------------------------------
   5.  TIMINGS
--------------------------------------------------------------------------------

|    Read coords time           0.00 (16.26% of Total)
|    Fast Water setup           0.00 ( 0.12% of Total)
|                Build the list             0.00 (92.87% of List )
|                Other                      0.00 ( 7.13% of List )
|             List time                  0.00 (68.95% of Nonbo)
|                   Short_ene time             0.00 (89.55% of Direc)
|                   Other                      0.00 (10.45% of Direc)
|                Direct Ewald time          0.00 (75.83% of Ewald)
|                Force Adjust               0.00 ( 4.21% of Ewald)
|                Virial junk                0.00 ( 4.60% of Ewald)
|                Start synchronizatio       0.00 ( 2.33% of Ewald)
|                Other                      0.00 (13.03% of Ewald)
|             Ewald time                 0.00 (27.82% of Nonbo)
|             IPS excludes               0.00 ( 0.52% of Nonbo)
|             Other                      0.00 ( 2.70% of Nonbo)
|          Nonbond force              0.00 (83.11% of Force)
|          Bond/Angle/Dihedral        0.00 ( 8.92% of Force)
|          FRC Collect time           0.00 ( 0.54% of Force)
|          Other                      0.00 ( 7.43% of Force)
|       Force time                 0.00 (100.0% of Runmd)
|    Runmd Time                 0.00 ( 5.93% of Total)
|    Other                      0.01 (77.69% of Total)
| Total time                 0.02 (97.22% of ALL  )

| Highest rstack allocated:          0
| Highest istack allocated:          0

| Final Performance Info:
| -----------------------------------------------------
| Average timings for all steps:
|     Elapsed(s) =       0.01 Per Step(ms) =       7.01
|         ns/day =      12.33   seconds/ns =    7007.00
| -----------------------------------------------------

|           Job began  at 15:30:15.605  on 04/18/2021
|           Setup done at 15:30:15.615  on 04/18/2021
|           Run   done at 15:30:15.622  on 04/18/2021
|     wallclock() was called      63 times
