
          -------------------------------------------------------
          Amber 12 SANDER                              2012
          -------------------------------------------------------

| Run on 04/17/2021 at 13:50:25
  [-O]verwriting output

File Assignments:
|  MDIN: mm.in                                                                 
| MDOUT: 11.120.out                                                            
|INPCRD: 11.120.inpcrd                                                         
|  PARM: 11.prmtop                                                             
|RESTRT: restrt                                                                
|  REFC: refc                                                                  
| MDVEL: mdvel                                                                 
|  MDEN: mden                                                                  
| MDCRD: mdcrd                                                                 
|MDINFO: mdinfo                                                                
|  MTMD: mtmd                                                                  
|INPDIP: inpdip                                                                
|RSTDIP: rstdip                                                                

|INPTRA: inptraj                                                               
|

 Here is the input file:

Minimization                                                                   
&cntrl                                                                         
 imin=1, maxcyc=1,                                                             
 ntb=0,                                                                        
 ioutfm=0,                                                                     
 cut=99,                                                                       
/                                                                              

--------------------------------------------------------------------------------
   1.  RESOURCE   USE: 
--------------------------------------------------------------------------------

| Flags: MPI                                                                    
|    NONPERIODIC   ntb=0 and igb=0: Setting up nonperiodic simulation
|  *** cutoff > system size, list only builds once
|Largest sphere to fit in unit cell has radius =    32.108
| New format PARM file being parsed.
| Version =    1.000 Date = 04/17/21 Time = 13:50:14
 NATOM  =      20 NTYPES =       4 NBONH =      14 MBONA  =       5
 NTHETH =      29 MTHETA =       7 NPHIH =      42 MPHIA  =       3
 NHPARM =       0 NPARM  =       0 NNB   =     101 NRES   =       1
 NBONA  =       5 NTHETA =       7 NPHIA =       3 NUMBND =       4
 NUMANG =       7 NPTRA  =       2 NATYP =       4 NPHB   =       0
 IFBOX  =       0 NMXRS  =      20 IFCAP =       0 NEXTRA =       0
 NCOPY  =       0


|     Memory Use     Allocated
|     Real                2955
|     Hollerith             63
|     Integer            22893
|     Max Pairs            190
|     nblistReal           240
|     nblist Int        924309
|       Total             3725 kbytes

| Note: 1-4 EEL scale factors are being read from the topology file.

| Note: 1-4 VDW scale factors are being read from the topology file.
| Duplicated    0 dihedrals
| Duplicated    0 dihedrals

--------------------------------------------------------------------------------
   2.  CONTROL  DATA  FOR  THE  RUN
--------------------------------------------------------------------------------

default_name                                                                    

General flags:
     imin    =       1, nmropt  =       0

Nature and format of input:
     ntx     =       1, irest   =       0, ntrx    =       1

Nature and format of output:
     ntxo    =       1, ntpr    =      50, ntrx    =       1, ntwr    =     500
     iwrap   =       0, ntwx    =       0, ntwv    =       0, ntwe    =       0
     ioutfm  =       0, ntwprt  =       0, idecomp =       0, rbornstat=      0

Potential function:
     ntf     =       1, ntb     =       0, igb     =       0, nsnb    =      25
     ipol    =       0, gbsa    =       0, iesp    =       0
     dielc   =   1.00000, cut     =  99.00000, intdiel =   1.00000

Frozen or restrained atoms:
     ibelly  =       0, ntr     =       0

Energy minimization:
     maxcyc  =       1, ncyc    =      10, ntmin   =       1
     dx0     =   0.01000, drms    =   0.00010

| MPI Timing options:
|      profile_mpi =        0
|  INFO: Old style inpcrd file read


--------------------------------------------------------------------------------
   3.  ATOMIC COORDINATES AND VELOCITIES
--------------------------------------------------------------------------------

default_name                                                                    
 begin time read from input coords =     0.000 ps

 Number of triangulated 3-point waters found:        0
|  Atom division among processors:
|         0      20

     Sum of charges from parm topology file =  -0.00100000
     Forcing neutrality...
|  Running AMBER/MPI version on    1 nodes


--------------------------------------------------------------------------------
   4.  RESULTS
--------------------------------------------------------------------------------

 ---------------------------------------------------

     eedmeth=4: Setting switch to one everywhere

 ---------------------------------------------------
| Local SIZE OF NONBOND LIST =         90
| TOTAL SIZE OF NONBOND LIST =         90


   NSTEP       ENERGY          RMS            GMAX         NAME    NUMBER
      1      -2.3893E+01     2.4562E+00     1.1972E+01     C3         14

 BOND    =        0.0717  ANGLE   =        0.3297  DIHED      =        0.0166
 VDWAALS =       -0.8709  EEL     =        2.8380  HBOND      =        0.0000
 1-4 VDW =       -0.7247  1-4 EEL =      -25.5533  RESTRAINT  =        0.0000


  Maximum number of minimization cycles reached.


                    FINAL RESULTS



   NSTEP       ENERGY          RMS            GMAX         NAME    NUMBER
      1      -2.3893E+01     2.4562E+00     1.1972E+01     C3         14

 BOND    =        0.0717  ANGLE   =        0.3297  DIHED      =        0.0166
 VDWAALS =       -0.8709  EEL     =        2.8380  HBOND      =        0.0000
 1-4 VDW =       -0.7247  1-4 EEL =      -25.5533  RESTRAINT  =        0.0000

--------------------------------------------------------------------------------
   5.  TIMINGS
--------------------------------------------------------------------------------

|    Read coords time           0.00 (14.64% of Total)
|    Fast Water setup           0.00 ( 0.10% of Total)
|                Build the list             0.00 (94.11% of List )
|                Other                      0.00 ( 5.89% of List )
|             List time                  0.00 (68.55% of Nonbo)
|                   Short_ene time             0.00 (92.73% of Direc)
|                   Other                      0.00 ( 7.27% of Direc)
|                Direct Ewald time          0.00 (79.84% of Ewald)
|                Force Adjust               0.00 ( 2.90% of Ewald)
|                Virial junk                0.00 ( 2.59% of Ewald)
|                Start synchronizatio       0.00 ( 1.63% of Ewald)
|                Other                      0.00 (13.04% of Ewald)
|             Ewald time                 0.00 (28.93% of Nonbo)
|             IPS excludes               0.00 ( 0.48% of Nonbo)
|             Other                      0.00 ( 2.04% of Nonbo)
|          Nonbond force              0.00 (81.22% of Force)
|          Bond/Angle/Dihedral        0.00 (13.04% of Force)
|          FRC Collect time           0.00 ( 0.30% of Force)
|          Other                      0.00 ( 5.44% of Force)
|       Force time                 0.00 (100.0% of Runmd)
|    Runmd Time                 0.00 ( 7.08% of Total)
|    Other                      0.01 (78.18% of Total)
| Total time                 0.02 (97.77% of ALL  )

| Highest rstack allocated:         55
| Highest istack allocated:         11

| Final Performance Info:
| -----------------------------------------------------
| Average timings for all steps:
|     Elapsed(s) =       0.01 Per Step(ms) =       7.83
|         ns/day =      11.03   seconds/ns =    7834.08
| -----------------------------------------------------

|           Job began  at 13:50:25.862  on 04/17/2021
|           Setup done at 13:50:25.874  on 04/17/2021
|           Run   done at 13:50:25.881  on 04/17/2021
|     wallclock() was called      63 times
