
          -------------------------------------------------------
          Amber 12 SANDER                              2012
          -------------------------------------------------------

| Run on 04/22/2021 at 14:13:17
  [-O]verwriting output

File Assignments:
|  MDIN: mm.in                                                                 
| MDOUT: 19.000.out                                                            
|INPCRD: 19.000.inpcrd                                                         
|  PARM: 19.prmtop                                                             
|RESTRT: restrt                                                                
|  REFC: refc                                                                  
| MDVEL: mdvel                                                                 
|  MDEN: mden                                                                  
| MDCRD: mdcrd                                                                 
|MDINFO: mdinfo                                                                
|  MTMD: mtmd                                                                  
|INPDIP: inpdip                                                                
|RSTDIP: rstdip                                                                

|INPTRA: inptraj                                                               
|

 Here is the input file:

Minimization                                                                   
&cntrl                                                                         
 imin=1, maxcyc=1,                                                             
 ntb=0,                                                                        
 ioutfm=0,                                                                     
 cut=99,                                                                       
/                                                                              

--------------------------------------------------------------------------------
   1.  RESOURCE   USE: 
--------------------------------------------------------------------------------

| Flags: MPI                                                                    
|    NONPERIODIC   ntb=0 and igb=0: Setting up nonperiodic simulation
|  *** cutoff > system size, list only builds once
|Largest sphere to fit in unit cell has radius =    32.178
| New format PARM file being parsed.
| Version =    1.000 Date = 04/22/21 Time = 14:13:13
 NATOM  =      21 NTYPES =       9 NBONH =      12 MBONA  =       9
 NTHETH =      24 MTHETA =      13 NPHIH =      37 MPHIA  =      16
 NHPARM =       0 NPARM  =       0 NNB   =     103 NRES   =       1
 NBONA  =       9 NTHETA =      13 NPHIA =      16 NUMBND =      11
 NUMANG =      17 NPTRA  =       8 NATYP =      10 NPHB   =       0
 IFBOX  =       0 NMXRS  =      21 IFCAP =       0 NEXTRA =       0
 NCOPY  =       0


|     Memory Use     Allocated
|     Real                3095
|     Hollerith             66
|     Integer            23321
|     Max Pairs            210
|     nblistReal           252
|     nblist Int        924340
|       Total             3729 kbytes

| Note: 1-4 EEL scale factors are being read from the topology file.

| Note: 1-4 VDW scale factors are being read from the topology file.
| Duplicated    0 dihedrals
| Duplicated    0 dihedrals

--------------------------------------------------------------------------------
   2.  CONTROL  DATA  FOR  THE  RUN
--------------------------------------------------------------------------------

default_name                                                                    

General flags:
     imin    =       1, nmropt  =       0

Nature and format of input:
     ntx     =       1, irest   =       0, ntrx    =       1

Nature and format of output:
     ntxo    =       1, ntpr    =      50, ntrx    =       1, ntwr    =     500
     iwrap   =       0, ntwx    =       0, ntwv    =       0, ntwe    =       0
     ioutfm  =       0, ntwprt  =       0, idecomp =       0, rbornstat=      0

Potential function:
     ntf     =       1, ntb     =       0, igb     =       0, nsnb    =      25
     ipol    =       0, gbsa    =       0, iesp    =       0
     dielc   =   1.00000, cut     =  99.00000, intdiel =   1.00000

Frozen or restrained atoms:
     ibelly  =       0, ntr     =       0

Energy minimization:
     maxcyc  =       1, ncyc    =      10, ntmin   =       1
     dx0     =   0.01000, drms    =   0.00010

| MPI Timing options:
|      profile_mpi =        0
|  INFO: Old style inpcrd file read


--------------------------------------------------------------------------------
   3.  ATOMIC COORDINATES AND VELOCITIES
--------------------------------------------------------------------------------

default_name                                                                    
 begin time read from input coords =     0.000 ps

 Number of triangulated 3-point waters found:        0
|  Atom division among processors:
|         0      21

     Sum of charges from parm topology file =   0.00100300
     Forcing neutrality...
|  Running AMBER/MPI version on    1 nodes


--------------------------------------------------------------------------------
   4.  RESULTS
--------------------------------------------------------------------------------

 ---------------------------------------------------

     eedmeth=4: Setting switch to one everywhere

 ---------------------------------------------------
| Local SIZE OF NONBOND LIST =        108
| TOTAL SIZE OF NONBOND LIST =        108


   NSTEP       ENERGY          RMS            GMAX         NAME    NUMBER
      1       7.0938E+00     9.4543E+00     3.1452E+01     N1         15

 BOND    =        1.2147  ANGLE   =        3.0590  DIHED      =        0.0098
 VDWAALS =       -1.1666  EEL     =       -1.7378  HBOND      =        0.0000
 1-4 VDW =       -0.8458  1-4 EEL =        6.5606  RESTRAINT  =        0.0000


  Maximum number of minimization cycles reached.


                    FINAL RESULTS



   NSTEP       ENERGY          RMS            GMAX         NAME    NUMBER
      1       7.0938E+00     9.4543E+00     3.1452E+01     N1         15

 BOND    =        1.2147  ANGLE   =        3.0590  DIHED      =        0.0098
 VDWAALS =       -1.1666  EEL     =       -1.7378  HBOND      =        0.0000
 1-4 VDW =       -0.8458  1-4 EEL =        6.5606  RESTRAINT  =        0.0000

--------------------------------------------------------------------------------
   5.  TIMINGS
--------------------------------------------------------------------------------

|    Read coords time           0.00 (11.52% of Total)
|    Fast Water setup           0.00 ( 0.05% of Total)
|                Build the list             0.00 (91.57% of List )
|                Other                      0.00 ( 8.43% of List )
|             List time                  0.00 (68.91% of Nonbo)
|             Ewald time                 0.00 (29.45% of Nonbo)
|             IPS excludes               0.00 ( 0.65% of Nonbo)
|             Other                      0.00 ( 0.99% of Nonbo)
|          Nonbond force              0.00 (79.60% of Force)
|          Bond/Angle/Dihedral        0.00 (14.29% of Force)
|          FRC Collect time           0.00 ( 0.52% of Force)
|          Other                      0.00 ( 5.59% of Force)
|       Force time                 0.00 (100.0% of Runmd)
|    Runmd Time                 0.00 ( 3.96% of Total)
|    Other                      0.01 (84.47% of Total)
| Total time                 0.01 (99.71% of ALL  )

| Highest rstack allocated:         65
| Highest istack allocated:         13

| Final Performance Info:
| -----------------------------------------------------
| Average timings for all steps:
|     Elapsed(s) =       0.01 Per Step(ms) =       5.10
|         ns/day =      16.95   seconds/ns =    5097.99
| -----------------------------------------------------

|           Job began  at 14:13:17.956  on 04/22/2021
|           Setup done at 14:13:17.961  on 04/22/2021
|           Run   done at 14:13:17.966  on 04/22/2021
|     wallclock() was called      63 times
