
          -------------------------------------------------------
          Amber 12 SANDER                              2012
          -------------------------------------------------------

| Run on 04/17/2021 at 13:51:02
  [-O]verwriting output

File Assignments:
|  MDIN: mm.in                                                                 
| MDOUT: 13.000.out                                                            
|INPCRD: 13.000.inpcrd                                                         
|  PARM: 13.prmtop                                                             
|RESTRT: restrt                                                                
|  REFC: refc                                                                  
| MDVEL: mdvel                                                                 
|  MDEN: mden                                                                  
| MDCRD: mdcrd                                                                 
|MDINFO: mdinfo                                                                
|  MTMD: mtmd                                                                  
|INPDIP: inpdip                                                                
|RSTDIP: rstdip                                                                

|INPTRA: inptraj                                                               
|

 Here is the input file:

Minimization                                                                   
&cntrl                                                                         
 imin=1, maxcyc=1,                                                             
 ntb=0,                                                                        
 ioutfm=0,                                                                     
 cut=99,                                                                       
/                                                                              

--------------------------------------------------------------------------------
   1.  RESOURCE   USE: 
--------------------------------------------------------------------------------

| Flags: MPI                                                                    
|    NONPERIODIC   ntb=0 and igb=0: Setting up nonperiodic simulation
|  *** cutoff > system size, list only builds once
|Largest sphere to fit in unit cell has radius =    31.787
| New format PARM file being parsed.
| Version =    1.000 Date = 04/13/21 Time = 18:36:30
 NATOM  =      18 NTYPES =       6 NBONH =      12 MBONA  =       5
 NTHETH =      24 MTHETA =       7 NPHIH =      37 MPHIA  =       3
 NHPARM =       0 NPARM  =       0 NNB   =      88 NRES   =       1
 NBONA  =       5 NTHETA =       7 NPHIA =       3 NUMBND =       5
 NUMANG =       8 NPTRA  =       4 NATYP =       6 NPHB   =       0
 IFBOX  =       0 NMXRS  =      18 IFCAP =       0 NEXTRA =       0
 NCOPY  =       0


|     Memory Use     Allocated
|     Real                2847
|     Hollerith             57
|     Integer            22582
|     Max Pairs            153
|     nblistReal           216
|     nblist Int        882214
|       Total             3559 kbytes

| Note: 1-4 EEL scale factors are being read from the topology file.

| Note: 1-4 VDW scale factors are being read from the topology file.
| Duplicated    0 dihedrals
| Duplicated    0 dihedrals

--------------------------------------------------------------------------------
   2.  CONTROL  DATA  FOR  THE  RUN
--------------------------------------------------------------------------------

default_name                                                                    

General flags:
     imin    =       1, nmropt  =       0

Nature and format of input:
     ntx     =       1, irest   =       0, ntrx    =       1

Nature and format of output:
     ntxo    =       1, ntpr    =      50, ntrx    =       1, ntwr    =     500
     iwrap   =       0, ntwx    =       0, ntwv    =       0, ntwe    =       0
     ioutfm  =       0, ntwprt  =       0, idecomp =       0, rbornstat=      0

Potential function:
     ntf     =       1, ntb     =       0, igb     =       0, nsnb    =      25
     ipol    =       0, gbsa    =       0, iesp    =       0
     dielc   =   1.00000, cut     =  99.00000, intdiel =   1.00000

Frozen or restrained atoms:
     ibelly  =       0, ntr     =       0

Energy minimization:
     maxcyc  =       1, ncyc    =      10, ntmin   =       1
     dx0     =   0.01000, drms    =   0.00010

| MPI Timing options:
|      profile_mpi =        0
|  INFO: Old style inpcrd file read


--------------------------------------------------------------------------------
   3.  ATOMIC COORDINATES AND VELOCITIES
--------------------------------------------------------------------------------

default_name                                                                    
 begin time read from input coords =     0.000 ps

 Number of triangulated 3-point waters found:        0
|  Atom division among processors:
|         0      18

     Sum of charges from parm topology file =   0.00199800
     Forcing neutrality...
|  Running AMBER/MPI version on    1 nodes


--------------------------------------------------------------------------------
   4.  RESULTS
--------------------------------------------------------------------------------

 ---------------------------------------------------

     eedmeth=4: Setting switch to one everywhere

 ---------------------------------------------------
| Local SIZE OF NONBOND LIST =         66
| TOTAL SIZE OF NONBOND LIST =         66


   NSTEP       ENERGY          RMS            GMAX         NAME    NUMBER
      1       7.3431E+00     2.3606E+00     8.2601E+00     Si          5

 BOND    =        0.2254  ANGLE   =        0.1935  DIHED      =        0.7217
 VDWAALS =       -0.5021  EEL     =      -29.0656  HBOND      =        0.0000
 1-4 VDW =       -0.5974  1-4 EEL =       36.3676  RESTRAINT  =        0.0000


  Maximum number of minimization cycles reached.


                    FINAL RESULTS



   NSTEP       ENERGY          RMS            GMAX         NAME    NUMBER
      1       7.3431E+00     2.3606E+00     8.2601E+00     Si          5

 BOND    =        0.2254  ANGLE   =        0.1935  DIHED      =        0.7217
 VDWAALS =       -0.5021  EEL     =      -29.0656  HBOND      =        0.0000
 1-4 VDW =       -0.5974  1-4 EEL =       36.3676  RESTRAINT  =        0.0000

--------------------------------------------------------------------------------
   5.  TIMINGS
--------------------------------------------------------------------------------

|    Read coords time           0.00 ( 3.62% of Total)
|    Fast Water setup           0.00 ( 0.01% of Total)
|                Build the list             0.00 (92.83% of List )
|                Other                      0.00 ( 7.17% of List )
|             List time                  0.00 (69.10% of Nonbo)
|             Ewald time                 0.00 (28.79% of Nonbo)
|             IPS excludes               0.00 ( 0.44% of Nonbo)
|             Other                      0.00 ( 1.67% of Nonbo)
|          Nonbond force              0.00 (79.43% of Force)
|          Bond/Angle/Dihedral        0.00 (14.06% of Force)
|          FRC Collect time           0.00 ( 0.31% of Force)
|          Other                      0.00 ( 6.19% of Force)
|       Force time                 0.00 (100.0% of Runmd)
|    Runmd Time                 0.00 ( 0.89% of Total)
|    Other                      0.03 (95.48% of Total)
| Total time                 0.03 (99.07% of ALL  )

| Highest rstack allocated:         50
| Highest istack allocated:         10

| Final Performance Info:
| -----------------------------------------------------
| Average timings for all steps:
|     Elapsed(s) =       0.03 Per Step(ms) =      28.76
|         ns/day =       3.00   seconds/ns =   28761.03
| -----------------------------------------------------

|           Job began  at 13:51:02.650  on 04/17/2021
|           Setup done at 13:51:02.656  on 04/17/2021
|           Run   done at 13:51:02.684  on 04/17/2021
|     wallclock() was called      63 times
