
       _________________________________________
   .'`                                           `'.
   |   _________________________________________   |
   | '\.---------------------------------------./' |
   | ||                                         || |
   | || PPPPPPP                                 || |
   | || P       P                               || |
   | || PPPPPPP                                 || |
   | || P                                       || |
   | || P   aaa  rrrrr.    m   m   eee  ddd     || |
   | || P  a   a r    r  m   m   m e    d   d   || |
   | || P  aaaaa r-rr.   m   m   m eee  d    d  || |
   | || P  a   a r    r  m   m   m e    d   d   || |
   | || P  a   a r     r m   m   m eee  ddd     || |
   | ||                                         || |
   | '/\_______________________________________/\' |
   '  `-----------------------------------------'  '
    \                                     .-.     /
     '.__~~~ ____()__()_()()() __________((_))__.'
    _________________';========;'__________________
   /  _/__/_//_//   _/_/    /_//_//   __/__/_//    \
  /_/__/_/_/   __/ _/.-'''''-.   /_//       _/ _//_/\
 / _.-..-..-.     .'           `.     .-..-..-./_//_||
/ /_| || || |-. .'               `. .-| || || | /_/ //
----\ '  '   ' /                   \ `   '  ' /----((
 ~~~~\      / /                     \ \      /~~~~~ ))
      `'--'`-:                       :-`'--'`   __,</
         \   |                       |   /   .'`  `\)
          `'-:                       :-'`   | `-../|
             '                       '      \`-'`|/
              \                     /mx      `'-'
               '.                 .'
                 '.             .'
                   `'-..___..-'`

ParmEd: a Parameter file Editor


Loaded Amber topology file TI.26.27.prmtop
['parmed.in']
Reading actions from parmed.in

Loading restart file TI.26.27.inpcrd
Files are overwritable
Merging molecules [:553] [:554] with sc mask [:553@C19,H16,H17,Si,C20,H18,H19,H20,C21,H21,H22,H23,C22,H24,H25,H26] [:554@C19,H16,H17,C30,C31,Si,C32,H32,H33,H34,C33,H35,H36,H37,C34,H38,H39,H40,H30,H31,H48,H49,]
Merging molecules :553 and :554 into the same molecule.
Use softcore mask:
timask1='@8898,8899,8900,8901,8902,8903,8904,8905,8906,8907,8908,8909,8910,8911,8912,8913',
timask2='@8923,8924,8925,8926,8927,8928,8929,8930,8931,8932,8933,8934,8935,8936,8937,8938,8939,8940,8941,8942,8943,8944',
scmask1='@8898,8899,8900,8901,8902,8903,8904,8905,8906,8907,8908,8909,8910,8911,8912,8913',
scmask2='@8923,8924,8925,8926,8927,8928,8929,8930,8931,8932,8933,8934,8935,8936,8937,8938,8939,8940,8941,8942,8943,8944',
Outputting Amber topology file re_TI.26.27.prmtop and restart re_TI.26.27.inpcrd
Done!
