
          -------------------------------------------------------
          Amber 12 SANDER                              2012
          -------------------------------------------------------

| Run on 04/17/2021 at 13:47:14
  [-O]verwriting output

File Assignments:
|  MDIN: mm.in                                                                 
| MDOUT: 7.180.out                                                             
|INPCRD: 7.180.inpcrd                                                          
|  PARM: 7.prmtop                                                              
|RESTRT: restrt                                                                
|  REFC: refc                                                                  
| MDVEL: mdvel                                                                 
|  MDEN: mden                                                                  
| MDCRD: mdcrd                                                                 
|MDINFO: mdinfo                                                                
|  MTMD: mtmd                                                                  
|INPDIP: inpdip                                                                
|RSTDIP: rstdip                                                                

|INPTRA: inptraj                                                               
|

 Here is the input file:

Minimization                                                                   
&cntrl                                                                         
 imin=1, maxcyc=1,                                                             
 ntb=0,                                                                        
 ioutfm=0,                                                                     
 cut=99,                                                                       
/                                                                              

--------------------------------------------------------------------------------
   1.  RESOURCE   USE: 
--------------------------------------------------------------------------------

| Flags: MPI                                                                    
|    NONPERIODIC   ntb=0 and igb=0: Setting up nonperiodic simulation
|  *** cutoff > system size, list only builds once
|Largest sphere to fit in unit cell has radius =    32.165
| New format PARM file being parsed.
| Version =    1.000 Date = 04/17/21 Time = 13:47:06
 NATOM  =      17 NTYPES =       3 NBONH =      12 MBONA  =       4
 NTHETH =      24 MTHETA =       6 NPHIH =      36 MPHIA  =       0
 NHPARM =       0 NPARM  =       0 NNB   =      83 NRES   =       1
 NBONA  =       4 NTHETA =       6 NPHIA =       0 NUMBND =       2
 NUMANG =       3 NPTRA  =       1 NATYP =       3 NPHB   =       0
 IFBOX  =       0 NMXRS  =      17 IFCAP =       0 NEXTRA =       0
 NCOPY  =       0


|     Memory Use     Allocated
|     Real                2648
|     Hollerith             54
|     Integer            22343
|     Max Pairs            136
|     nblistReal           204
|     nblist Int        882173
|       Total             3556 kbytes

| Note: 1-4 EEL scale factors are being read from the topology file.

| Note: 1-4 VDW scale factors are being read from the topology file.
| Duplicated    0 dihedrals
| Duplicated    0 dihedrals

--------------------------------------------------------------------------------
   2.  CONTROL  DATA  FOR  THE  RUN
--------------------------------------------------------------------------------

default_name                                                                    

General flags:
     imin    =       1, nmropt  =       0

Nature and format of input:
     ntx     =       1, irest   =       0, ntrx    =       1

Nature and format of output:
     ntxo    =       1, ntpr    =      50, ntrx    =       1, ntwr    =     500
     iwrap   =       0, ntwx    =       0, ntwv    =       0, ntwe    =       0
     ioutfm  =       0, ntwprt  =       0, idecomp =       0, rbornstat=      0

Potential function:
     ntf     =       1, ntb     =       0, igb     =       0, nsnb    =      25
     ipol    =       0, gbsa    =       0, iesp    =       0
     dielc   =   1.00000, cut     =  99.00000, intdiel =   1.00000

Frozen or restrained atoms:
     ibelly  =       0, ntr     =       0

Energy minimization:
     maxcyc  =       1, ncyc    =      10, ntmin   =       1
     dx0     =   0.01000, drms    =   0.00010

| MPI Timing options:
|      profile_mpi =        0
|  INFO: Old style inpcrd file read


--------------------------------------------------------------------------------
   3.  ATOMIC COORDINATES AND VELOCITIES
--------------------------------------------------------------------------------

default_name                                                                    
 begin time read from input coords =     0.000 ps

 Number of triangulated 3-point waters found:        0
|  Atom division among processors:
|         0      17

     Sum of charges from parm topology file =  -0.00200000
     Forcing neutrality...
|  Running AMBER/MPI version on    1 nodes


--------------------------------------------------------------------------------
   4.  RESULTS
--------------------------------------------------------------------------------

 ---------------------------------------------------

     eedmeth=4: Setting switch to one everywhere

 ---------------------------------------------------
| Local SIZE OF NONBOND LIST =         54
| TOTAL SIZE OF NONBOND LIST =         54


   NSTEP       ENERGY          RMS            GMAX         NAME    NUMBER
      1      -2.8717E+01     1.6738E+00     4.6105E+00     C3         10

 BOND    =        0.0420  ANGLE   =        0.0094  DIHED      =        1.4100
 VDWAALS =       -0.4408  EEL     =       10.1593  HBOND      =        0.0000
 1-4 VDW =       -0.5955  1-4 EEL =      -39.3016  RESTRAINT  =        0.0000


  Maximum number of minimization cycles reached.


                    FINAL RESULTS



   NSTEP       ENERGY          RMS            GMAX         NAME    NUMBER
      1      -2.8717E+01     1.6738E+00     4.6105E+00     C3         10

 BOND    =        0.0420  ANGLE   =        0.0094  DIHED      =        1.4100
 VDWAALS =       -0.4408  EEL     =       10.1593  HBOND      =        0.0000
 1-4 VDW =       -0.5955  1-4 EEL =      -39.3016  RESTRAINT  =        0.0000

--------------------------------------------------------------------------------
   5.  TIMINGS
--------------------------------------------------------------------------------

|    Read coords time           0.00 (13.26% of Total)
|    Fast Water setup           0.00 ( 0.10% of Total)
|                Build the list             0.00 (94.10% of List )
|                Other                      0.00 ( 5.90% of List )
|             List time                  0.00 (68.54% of Nonbo)
|                   Short_ene time             0.00 (91.23% of Direc)
|                   Other                      0.00 ( 8.77% of Direc)
|                Direct Ewald time          0.00 (79.33% of Ewald)
|                Force Adjust               0.00 ( 3.17% of Ewald)
|                Virial junk                0.00 ( 3.17% of Ewald)
|                Start synchronizatio       0.00 ( 2.08% of Ewald)
|                Other                      0.00 (12.25% of Ewald)
|             Ewald time                 0.00 (28.88% of Nonbo)
|             IPS excludes               0.00 ( 0.52% of Nonbo)
|             Other                      0.00 ( 2.07% of Nonbo)
|          Nonbond force              0.00 (81.21% of Force)
|          Bond/Angle/Dihedral        0.00 (12.54% of Force)
|          FRC Collect time           0.00 ( 0.32% of Force)
|          Other                      0.00 ( 5.93% of Force)
|       Force time                 0.00 (100.0% of Runmd)
|    Runmd Time                 0.00 ( 6.92% of Total)
|    Other                      0.01 (79.72% of Total)
| Total time                 0.02 (97.75% of ALL  )

| Highest rstack allocated:         45
| Highest istack allocated:          9

| Final Performance Info:
| -----------------------------------------------------
| Average timings for all steps:
|     Elapsed(s) =       0.01 Per Step(ms) =       7.47
|         ns/day =      11.56   seconds/ns =    7472.99
| -----------------------------------------------------

|           Job began  at 13:47:14.265  on 04/17/2021
|           Setup done at 13:47:14.277  on 04/17/2021
|           Run   done at 13:47:14.283  on 04/17/2021
|     wallclock() was called      63 times
