
          -------------------------------------------------------
          Amber 12 SANDER                              2012
          -------------------------------------------------------

| Run on 04/17/2021 at 13:47:46
  [-O]verwriting output

File Assignments:
|  MDIN: mm.in                                                                 
| MDOUT: 8.000.out                                                             
|INPCRD: 8.000.inpcrd                                                          
|  PARM: 8.prmtop                                                              
|RESTRT: restrt                                                                
|  REFC: refc                                                                  
| MDVEL: mdvel                                                                 
|  MDEN: mden                                                                  
| MDCRD: mdcrd                                                                 
|MDINFO: mdinfo                                                                
|  MTMD: mtmd                                                                  
|INPDIP: inpdip                                                                
|RSTDIP: rstdip                                                                

|INPTRA: inptraj                                                               
|

 Here is the input file:

Minimization                                                                   
&cntrl                                                                         
 imin=1, maxcyc=1,                                                             
 ntb=0,                                                                        
 ioutfm=0,                                                                     
 cut=99,                                                                       
/                                                                              

--------------------------------------------------------------------------------
   1.  RESOURCE   USE: 
--------------------------------------------------------------------------------

| Flags: MPI                                                                    
|    NONPERIODIC   ntb=0 and igb=0: Setting up nonperiodic simulation
|  *** cutoff > system size, list only builds once
|Largest sphere to fit in unit cell has radius =    31.196
| New format PARM file being parsed.
| Version =    1.000 Date = 04/17/21 Time = 13:47:39
 NATOM  =      10 NTYPES =       6 NBONH =       7 MBONA  =       2
 NTHETH =      14 MTHETA =       1 NPHIH =      15 MPHIA  =       0
 NHPARM =       0 NPARM  =       0 NNB   =      40 NRES   =       1
 NBONA  =       2 NTHETA =       1 NPHIA =       0 NUMBND =       5
 NUMANG =       8 NPTRA  =       2 NATYP =       6 NPHB   =       0
 IFBOX  =       0 NMXRS  =      10 IFCAP =       0 NEXTRA =       0
 NCOPY  =       0


|     Memory Use     Allocated
|     Real                2223
|     Hollerith             33
|     Integer            21093
|     Max Pairs             45
|     nblistReal           120
|     nblist Int        799969
|       Total             3225 kbytes

| Note: 1-4 EEL scale factors are being read from the topology file.

| Note: 1-4 VDW scale factors are being read from the topology file.
| Duplicated    0 dihedrals
| Duplicated    0 dihedrals

--------------------------------------------------------------------------------
   2.  CONTROL  DATA  FOR  THE  RUN
--------------------------------------------------------------------------------

default_name                                                                    

General flags:
     imin    =       1, nmropt  =       0

Nature and format of input:
     ntx     =       1, irest   =       0, ntrx    =       1

Nature and format of output:
     ntxo    =       1, ntpr    =      50, ntrx    =       1, ntwr    =     500
     iwrap   =       0, ntwx    =       0, ntwv    =       0, ntwe    =       0
     ioutfm  =       0, ntwprt  =       0, idecomp =       0, rbornstat=      0

Potential function:
     ntf     =       1, ntb     =       0, igb     =       0, nsnb    =      25
     ipol    =       0, gbsa    =       0, iesp    =       0
     dielc   =   1.00000, cut     =  99.00000, intdiel =   1.00000

Frozen or restrained atoms:
     ibelly  =       0, ntr     =       0

Energy minimization:
     maxcyc  =       1, ncyc    =      10, ntmin   =       1
     dx0     =   0.01000, drms    =   0.00010

| MPI Timing options:
|      profile_mpi =        0
|  INFO: Old style inpcrd file read


--------------------------------------------------------------------------------
   3.  ATOMIC COORDINATES AND VELOCITIES
--------------------------------------------------------------------------------

default_name                                                                    
 begin time read from input coords =     0.000 ps

 Number of triangulated 3-point waters found:        0
|  Atom division among processors:
|         0      10

     Sum of charges from parm topology file =  -0.00100000
     Forcing neutrality...
|  Running AMBER/MPI version on    1 nodes


--------------------------------------------------------------------------------
   4.  RESULTS
--------------------------------------------------------------------------------

 ---------------------------------------------------

     eedmeth=4: Setting switch to one everywhere

 ---------------------------------------------------
| Local SIZE OF NONBOND LIST =          6
| TOTAL SIZE OF NONBOND LIST =          6


   NSTEP       ENERGY          RMS            GMAX         NAME    NUMBER
      1      -5.6919E+01     4.4425E+00     1.7054E+01     N           8

 BOND    =        0.0743  ANGLE   =        0.7221  DIHED      =        0.1266
 VDWAALS =       -0.0053  EEL     =        9.5341  HBOND      =        0.0000
 1-4 VDW =       -0.2504  1-4 EEL =      -67.1209  RESTRAINT  =        0.0000


  Maximum number of minimization cycles reached.


                    FINAL RESULTS



   NSTEP       ENERGY          RMS            GMAX         NAME    NUMBER
      1      -5.6919E+01     4.4425E+00     1.7054E+01     N           8

 BOND    =        0.0743  ANGLE   =        0.7221  DIHED      =        0.1266
 VDWAALS =       -0.0053  EEL     =        9.5341  HBOND      =        0.0000
 1-4 VDW =       -0.2504  1-4 EEL =      -67.1209  RESTRAINT  =        0.0000

--------------------------------------------------------------------------------
   5.  TIMINGS
--------------------------------------------------------------------------------

|    Read coords time           0.00 ( 5.63% of Total)
|    Fast Water setup           0.00 ( 0.04% of Total)
|                Build the list             0.00 (92.84% of List )
|                Other                      0.00 ( 7.16% of List )
|             List time                  0.00 (69.32% of Nonbo)
|                   Short_ene time             0.00 (90.92% of Direc)
|                   Other                      0.00 ( 9.08% of Direc)
|                Direct Ewald time          0.00 (78.15% of Ewald)
|                Force Adjust               0.00 ( 3.55% of Ewald)
|                Virial junk                0.00 ( 3.60% of Ewald)
|                Start synchronizatio       0.00 ( 1.56% of Ewald)
|                Other                      0.00 (13.15% of Ewald)
|             Ewald time                 0.00 (27.82% of Nonbo)
|             IPS excludes               0.00 ( 0.45% of Nonbo)
|             Other                      0.00 ( 2.42% of Nonbo)
|          Nonbond force              0.00 (82.22% of Force)
|          Bond/Angle/Dihedral        0.00 (10.61% of Force)
|          FRC Collect time           0.00 ( 0.45% of Force)
|          Other                      0.00 ( 6.72% of Force)
|       Force time                 0.00 (100.0% of Runmd)
|    Runmd Time                 0.00 ( 1.95% of Total)
|    Other                      0.05 (92.39% of Total)
| Total time                 0.06 (99.29% of ALL  )

| Highest rstack allocated:         15
| Highest istack allocated:          3

| Final Performance Info:
| -----------------------------------------------------
| Average timings for all steps:
|     Elapsed(s) =       0.04 Per Step(ms) =      43.94
|         ns/day =       1.97   seconds/ns =   43936.97
| -----------------------------------------------------

|           Job began  at 13:47:46.140  on 04/17/2021
|           Setup done at 13:47:46.154  on 04/17/2021
|           Run   done at 13:47:46.197  on 04/17/2021
|     wallclock() was called      63 times
