

          *******************************************************
          Initiate the NMODE module of AMBER 8  
          *******************************************************


  get vibrational modes                                                           
       ntrun    maxcyc    ibelly       drms
          1       100         0  0.10E-08
       rcut      scnb      scee      dielc   idiel
     99.00000   2.00000   2.00000   1.00000     0
      nsave   dfpred    bdwnhl     smx       emx      alpha       ndiag 
         20   0.01000   0.10000   0.08000   0.30000   0.80000        10
 ipol =  0
 i3bod =  0
 idecomp =  0
 nvect =   10
     Binary format used for input coords.
| New format PARM file being parsed.
| Version =    1.000 Date = 04/13/21 Time = 18:36:59

    PARM file has the title:
     default_name                                                                    

Total memory required :         5966 real words

Total memory required :         5117 integer words

Total memory required :           63 4-character words

Maximum nonbond pairs         170

     Duplicated    0 dihedrals

     Duplicated    0 dihedrals

 Getting coordinates from file with title:
     default_name                                                                    

    Number of non-bonded pairs =         78
    Number of H-bonded pairs   =          0


 *****************        *****************        *****************       
   step =          0
     F =   0.279608E+00    GRDMAX = 0.248356E-09    GNORM = 0.674720E-10
       E-NONB              E-ELE               E-HBOND             E-BOND
    -0.59341E+00        -0.13302E+02         0.00000E+00         0.15928E-01
       E-ANGLE             E-DIHED             E-NB14              E-EEL14
     0.60698E-01         0.14353E+01        -0.65782E+00         0.13321E+02
       E-POL               E-3BOD 
     0.00000E+00         0.00000E+00
| lwork =      513; best value would be    1482.
| Time for diagonalization:       0.00

                    *******************
                    - Thermochemistry -
                    *******************



 temperature   298.150 kelvin
 pressure      1.00000 atm
 molecular mass (principal isotopes)   103.24400 amu

 principal moments of inertia (nuclei only) in amu-A**2:
            164.85      268.72      269.10

 rotational symmetry number  1.

 Warning-- assumption of classical behavior for rotation
           may cause significant error


 rotational temperatures (kelvin)      0.14713     0.09027     0.09014

 zero point vibrational energy     438052.3 (joules/mol) 
                                  104.62850 (kcal/mol)
                                  0.1668420 (hartree/particle)

 Warning--  13 vibrations have low frequencies and may represent hindered 
         internal rotations.  The contributions printed below assume that these 
         really are vibrations.


           freq.         E                  Cv                 S
          cm**-1      kcal/mol        cal/mol-kelvin    cal/mol-kelvin
--------------------------------------------------------------------------------
 Total                  111.243             36.614             97.072
 translational            0.888              2.979             39.786
 rotational               0.888              2.979             27.768
 vibrational            109.467             30.657             29.518
     1    -0.000
     2    -0.000
     3     0.000
     4     0.000
     5     0.000
     6     0.000
     7    69.310          0.598              1.967              4.169
     8   143.858          0.616              1.908              2.749
     9   159.399          0.621              1.891              2.554
    10   161.740          0.622              1.888              2.526
    11   165.248          0.623              1.884              2.486
    12   187.079          0.632              1.856              2.254
    13   196.032          0.636              1.844              2.167
    14   206.219          0.640              1.830              2.074
    15   209.740          0.642              1.824              2.043
    16   260.984          0.668              1.743              1.653
    17   280.735          0.680              1.708              1.527
    18   561.753          0.917              1.112              0.519
    19   576.099          0.932              1.081              0.492
    20   709.390          1.082              0.810              0.294
    21   746.229          1.127              0.742              0.255
    22   747.793          1.128              0.739              0.254
    23   835.729          1.238              0.592              0.180
    24   851.904          1.258              0.568              0.168
    25   854.730          1.262              0.563              0.167
    26   855.835          1.263              0.562              0.166
    27   887.745          1.305              0.516              0.146
    28   889.082          1.306              0.514              0.145
    29   898.483          1.318              0.501              0.140
    30  1001.619          1.455              0.374              0.093
    31  1081.199          1.563              0.296              0.067
    32  1218.495          1.752              0.192              0.038
    33  1247.487          1.792              0.175              0.034
    34  1409.302          2.019              0.102              0.017
    35  1413.238          2.025              0.101              0.017
    36  1414.038          2.026              0.100              0.017
    37  1439.625          2.062              0.092              0.015
    38  1440.019          2.063              0.092              0.015
    39  1440.320          2.063              0.092              0.015
    40  1440.653          2.064              0.092              0.015
    41  1441.366          2.065              0.091              0.015
    42  1441.983          2.065              0.091              0.015
    43  1532.377          2.193              0.067              0.010
    44  1585.066          2.268              0.055              0.008
    45  3019.057          4.316              0.000              0.000
    46  3019.102          4.316              0.000              0.000
    47  3019.130          4.316              0.000              0.000
    48  3056.389          4.370              0.000              0.000
    49  3128.054          4.472              0.000              0.000
    50  3128.225          4.472              0.000              0.000
    51  3128.429          4.473              0.000              0.000
    52  3128.807          4.473              0.000              0.000
    53  3128.929          4.473              0.000              0.000
    54  3128.990          4.473              0.000              0.000
    55  3129.964          4.475              0.000              0.000
    56  3550.349          5.076              0.000              0.000
    57  3616.904          5.171              0.000              0.000


|     cpu time =                 0.00 seconds
