

          *******************************************************
          Initiate the NMODE module of AMBER 8  
          *******************************************************


  get vibrational modes                                                           
       ntrun    maxcyc    ibelly       drms
          1       100         0  0.10E-08
       rcut      scnb      scee      dielc   idiel
     99.00000   2.00000   2.00000   1.00000     0
      nsave   dfpred    bdwnhl     smx       emx      alpha       ndiag 
         20   0.01000   0.10000   0.08000   0.30000   0.80000        10
 ipol =  0
 i3bod =  0
 idecomp =  0
 nvect =   10
     Binary format used for input coords.
| New format PARM file being parsed.
| Version =    1.000 Date = 04/13/21 Time = 18:36:30

    PARM file has the title:
     default_name                                                                    

Total memory required :         5413 real words

Total memory required :         5053 integer words

Total memory required :           60 4-character words

Maximum nonbond pairs         152

     Duplicated    0 dihedrals

     Duplicated    0 dihedrals

 Getting coordinates from file with title:
     default_name                                                                    

    Number of non-bonded pairs =         66
    Number of H-bonded pairs   =          0
 DIHEDRAL ANGLE ERROR:     19    12    39    48    51


 *****************        *****************        *****************       
   step =          0
     F =  -0.185876E+01    GRDMAX = 0.426669E-09    GNORM = 0.102973E-09
       E-NONB              E-ELE               E-HBOND             E-BOND
    -0.54708E+00        -0.72632E+01         0.00000E+00         0.87341E-02
       E-ANGLE             E-DIHED             E-NB14              E-EEL14
     0.41527E-01         0.27831E+00        -0.63746E+00         0.62604E+01
       E-POL               E-3BOD 
     0.00000E+00         0.00000E+00
| lwork =      486; best value would be    1404.
| Time for diagonalization:       0.00

                    *******************
                    - Thermochemistry -
                    *******************



 temperature   298.150 kelvin
 pressure      1.00000 atm
 molecular mass (principal isotopes)   104.22600 amu

 principal moments of inertia (nuclei only) in amu-A**2:
            164.24      265.72      266.25

 rotational symmetry number  1.

 Warning-- assumption of classical behavior for rotation
           may cause significant error


 rotational temperatures (kelvin)      0.14769     0.09128     0.09110

 zero point vibrational energy     402817.7 (joules/mol) 
                                   96.21273 (kcal/mol)
                                  0.1534221 (hartree/particle)

 Warning--  13 vibrations have low frequencies and may represent hindered 
         internal rotations.  The contributions printed below assume that these 
         really are vibrations.


           freq.         E                  Cv                 S
          cm**-1      kcal/mol        cal/mol-kelvin    cal/mol-kelvin
--------------------------------------------------------------------------------
 Total                  102.808             36.111             96.951
 translational            0.888              2.979             39.814
 rotational               0.888              2.979             27.742
 vibrational            101.031             30.154             29.394
     1    -0.000
     2     0.000
     3     0.000
     4     0.000
     5     0.000
     6     0.000
     7    74.520          0.598              1.965              4.026
     8   153.611          0.619              1.897              2.624
     9   159.521          0.621              1.891              2.552
    10   162.666          0.622              1.887              2.515
    11   163.246          0.622              1.886              2.509
    12   178.773          0.628              1.867              2.338
    13   197.714          0.636              1.842              2.151
    14   201.546          0.638              1.836              2.116
    15   210.417          0.642              1.823              2.037
    16   217.695          0.646              1.813              1.976
    17   324.153          0.708              1.626              1.287
    18   502.181          0.857              1.244              0.651
    19   586.184          0.943              1.060              0.473
    20   719.102          1.094              0.792              0.283
    21   746.489          1.127              0.741              0.255
    22   750.736          1.132              0.734              0.251
    23   851.618          1.258              0.568              0.169
    24   854.772          1.262              0.563              0.167
    25   856.108          1.264              0.561              0.166
    26   884.677          1.301              0.520              0.148
    27   887.979          1.305              0.515              0.146
    28   895.403          1.314              0.505              0.142
    29   899.631          1.320              0.499              0.139
    30  1157.787          1.668              0.233              0.049
    31  1207.385          1.736              0.199              0.040
    32  1256.285          1.804              0.170              0.033
    33  1409.158          2.019              0.102              0.017
    34  1413.113          2.025              0.101              0.017
    35  1413.491          2.025              0.101              0.017
    36  1439.716          2.062              0.092              0.015
    37  1440.175          2.063              0.092              0.015
    38  1440.498          2.063              0.092              0.015
    39  1440.894          2.064              0.092              0.015
    40  1441.200          2.064              0.091              0.015
    41  1441.763          2.065              0.091              0.015
    42  1556.490          2.228              0.061              0.009
    43  3019.042          4.316              0.000              0.000
    44  3019.051          4.316              0.000              0.000
    45  3019.131          4.316              0.000              0.000
    46  3056.528          4.370              0.000              0.000
    47  3128.043          4.472              0.000              0.000
    48  3128.384          4.473              0.000              0.000
    49  3128.423          4.473              0.000              0.000
    50  3128.906          4.473              0.000              0.000
    51  3128.920          4.473              0.000              0.000
    52  3128.972          4.473              0.000              0.000
    53  3130.301          4.475              0.000              0.000
    54  3745.278          5.354              0.000              0.000


|     cpu time =                 0.00 seconds
