

          *******************************************************
          Initiate the NMODE module of AMBER 8  
          *******************************************************


  get vibrational modes                                                           
       ntrun    maxcyc    ibelly       drms
          1       100         0  0.10E-08
       rcut      scnb      scee      dielc   idiel
     99.00000   2.00000   2.00000   1.00000     0
      nsave   dfpred    bdwnhl     smx       emx      alpha       ndiag 
         20   0.01000   0.10000   0.08000   0.30000   0.80000        10
 ipol =  0
 i3bod =  0
 idecomp =  0
 nvect =   10
     Binary format used for input coords.
| New format PARM file being parsed.
| Version =    1.000 Date = 04/13/21 Time = 18:36:11

    PARM file has the title:
     default_name                                                                    

Total memory required :        11334 real words

Total memory required :         5780 integer words

Total memory required :           87 4-character words

Maximum nonbond pairs         350

     Duplicated    0 dihedrals

     Duplicated    0 dihedrals

 Getting coordinates from file with title:
     default_name                                                                    

    Number of non-bonded pairs =        213
    Number of H-bonded pairs   =          0


 *****************        *****************        *****************       
   step =          0
     F =  -0.222266E+01    GRDMAX = 0.220907E-08    GNORM = 0.674456E-09
       E-NONB              E-ELE               E-HBOND             E-BOND
    -0.21758E+01         0.63252E+01         0.00000E+00         0.14552E+00
       E-ANGLE             E-DIHED             E-NB14              E-EEL14
     0.14995E+00         0.77573E-02         0.22947E+01        -0.89700E+01
       E-POL               E-3BOD 
     0.00000E+00         0.00000E+00
| lwork =      729; best value would be    2106.
| Time for diagonalization:       0.00

                    *******************
                    - Thermochemistry -
                    *******************



 temperature   298.150 kelvin
 pressure      1.00000 atm
 molecular mass (principal isotopes)   164.31800 amu

 principal moments of inertia (nuclei only) in amu-A**2:
            268.04      926.19     1001.19

 rotational symmetry number  1.

 Warning-- assumption of classical behavior for rotation
           may cause significant error


 rotational temperatures (kelvin)      0.09049     0.02619     0.02423

 zero point vibrational energy     615226.1 (joules/mol) 
                                  146.94634 (kcal/mol)
                                  0.2343227 (hartree/particle)

 Warning--  17 vibrations have low frequencies and may represent hindered 
         internal rotations.  The contributions printed below assume that these 
         really are vibrations.


           freq.         E                  Cv                 S
          cm**-1      kcal/mol        cal/mol-kelvin    cal/mol-kelvin
--------------------------------------------------------------------------------
 Total                  155.265             49.096            114.044
 translational            0.888              2.979             41.171
 rotational               0.888              2.979             30.784
 vibrational            153.488             43.139             42.090
     1    -0.000
     2    -0.000
     3    -0.000
     4     0.000
     5     0.000
     6     0.000
     7    26.991          0.593              1.983              6.034
     8    63.467          0.597              1.970              4.342
     9    80.028          0.599              1.961              3.886
    10   160.455          0.621              1.889              2.541
    11   162.881          0.622              1.887              2.513
    12   168.488          0.624              1.880              2.449
    13   171.705          0.626              1.876              2.414
    14   187.840          0.632              1.855              2.246
    15   198.714          0.637              1.840              2.142
    16   209.667          0.642              1.825              2.044
    17   209.949          0.642              1.824              2.041
    18   273.392          0.676              1.721              1.572
    19   394.829          0.761              1.480              0.980
    20   412.212          0.776              1.442              0.917
    21   456.071          0.814              1.346              0.776
    22   547.314          0.902              1.144              0.549
    23   598.354          0.956              1.034              0.451
    24   627.809          0.989              0.972              0.403
    25   670.427          1.037              0.885              0.342
    26   723.636          1.099              0.783              0.279
    27   727.548          1.104              0.776              0.274
    28   748.479          1.129              0.738              0.253
    29   759.023          1.142              0.719              0.243
    30   784.360          1.173              0.675              0.220
    31   795.947          1.188              0.656              0.210
    32   852.624          1.259              0.567              0.168
    33   855.358          1.263              0.563              0.166
    34   856.985          1.265              0.560              0.165
    35   889.668          1.307              0.513              0.145
    36   891.710          1.310              0.510              0.144
    37   895.947          1.315              0.504              0.141
    38   900.074          1.321              0.499              0.139
    39   906.951          1.330              0.489              0.135
    40   984.662          1.432              0.393              0.099
    41  1022.491          1.483              0.352              0.085
    42  1026.867          1.489              0.348              0.084
    43  1124.465          1.622              0.259              0.056
    44  1135.205          1.637              0.250              0.054
    45  1143.386          1.648              0.244              0.052
    46  1170.136          1.685              0.224              0.047
    47  1233.714          1.773              0.183              0.036
    48  1242.476          1.785              0.178              0.035
    49  1363.343          1.955              0.119              0.021
    50  1410.675          2.021              0.102              0.017
    51  1414.679          2.027              0.100              0.017
    52  1414.788          2.027              0.100              0.017
    53  1439.667          2.062              0.092              0.015
    54  1439.908          2.063              0.092              0.015
    55  1440.371          2.063              0.092              0.015
    56  1440.800          2.064              0.092              0.015
    57  1442.758          2.067              0.091              0.015
    58  1443.333          2.067              0.091              0.015
    59  1452.503          2.080              0.088              0.014
    60  1490.194          2.134              0.077              0.012
    61  1595.445          2.283              0.053              0.008
    62  1656.574          2.370              0.043              0.006
    63  1671.669          2.391              0.040              0.006
    64  1704.368          2.438              0.036              0.005
    65  1749.627          2.502              0.030              0.004
    66  3019.172          4.316              0.000              0.000
    67  3019.173          4.316              0.000              0.000
    68  3019.208          4.316              0.000              0.000
    69  3061.196          4.376              0.000              0.000
    70  3126.379          4.470              0.000              0.000
    71  3128.059          4.472              0.000              0.000
    72  3128.322          4.472              0.000              0.000
    73  3128.436          4.473              0.000              0.000
    74  3128.799          4.473              0.000              0.000
    75  3128.902          4.473              0.000              0.000
    76  3128.951          4.473              0.000              0.000
    77  3179.378          4.545              0.000              0.000
    78  3180.146          4.547              0.000              0.000
    79  3181.479          4.548              0.000              0.000
    80  3181.658          4.549              0.000              0.000
    81  3181.922          4.549              0.000              0.000


|     cpu time =                 0.00 seconds
