

          *******************************************************
          Initiate the NMODE module of AMBER 8  
          *******************************************************


  get vibrational modes                                                           
       ntrun    maxcyc    ibelly       drms
          1       100         0  0.10E-08
       rcut      scnb      scee      dielc   idiel
     99.00000   2.00000   2.00000   1.00000     0
      nsave   dfpred    bdwnhl     smx       emx      alpha       ndiag 
         20   0.01000   0.10000   0.08000   0.30000   0.80000        10
 ipol =  0
 i3bod =  0
 idecomp =  0
 nvect =   10
     Binary format used for input coords.
| New format PARM file being parsed.
| Version =    1.000 Date = 04/13/21 Time = 18:35:57

    PARM file has the title:
     default_name                                                                    

Total memory required :         9107 real words

Total memory required :         5548 integer words

Total memory required :           78 4-character words

Maximum nonbond pairs         275

     Duplicated    0 dihedrals

     Duplicated    0 dihedrals

 Getting coordinates from file with title:
     default_name                                                                    

    Number of non-bonded pairs =        156
    Number of H-bonded pairs   =          0


 *****************        *****************        *****************       
   step =          0
     F =  -0.167563E+01    GRDMAX = 0.301769E-08    GNORM = 0.858197E-09
       E-NONB              E-ELE               E-HBOND             E-BOND
    -0.13198E+01        -0.10901E+01         0.00000E+00         0.12032E+00
       E-ANGLE             E-DIHED             E-NB14              E-EEL14
     0.89093E-01         0.47872E-02         0.18723E+01        -0.13522E+01
       E-POL               E-3BOD 
     0.00000E+00         0.00000E+00
| lwork =      648; best value would be    1872.
| Time for diagonalization:       0.00

                    *******************
                    - Thermochemistry -
                    *******************



 temperature   298.150 kelvin
 pressure      1.00000 atm
 molecular mass (principal isotopes)   150.29200 amu

 principal moments of inertia (nuclei only) in amu-A**2:
            249.83      702.54      791.67

 rotational symmetry number  1.

 Warning-- assumption of classical behavior for rotation
           may cause significant error


 rotational temperatures (kelvin)      0.09709     0.03453     0.03064

 zero point vibrational energy     535801.4 (joules/mol) 
                                  127.97580 (kcal/mol)
                                  0.2040720 (hartree/particle)

 Warning--  15 vibrations have low frequencies and may represent hindered 
         internal rotations.  The contributions printed below assume that these 
         really are vibrations.


           freq.         E                  Cv                 S
          cm**-1      kcal/mol        cal/mol-kelvin    cal/mol-kelvin
--------------------------------------------------------------------------------
 Total                  135.970             45.247            112.073
 translational            0.888              2.979             40.905
 rotational               0.888              2.979             30.206
 vibrational            134.193             39.290             40.962
     1    -0.000
     2    -0.000
     3    -0.000
     4     0.000
     5     0.000
     6     0.000
     7    22.189          0.593              1.984              6.422
     8    75.451          0.599              1.964              4.002
     9   101.776          0.604              1.946              3.416
    10   137.389          0.614              1.915              2.837
    11   143.730          0.616              1.908              2.750
    12   158.322          0.621              1.892              2.567
    13   160.337          0.621              1.890              2.543
    14   175.713          0.627              1.871              2.371
    15   187.293          0.632              1.856              2.252
    16   209.518          0.642              1.825              2.045
    17   215.232          0.644              1.816              1.996
    18   242.701          0.658              1.773              1.781
    19   410.582          0.774              1.446              0.923
    20   457.191          0.815              1.343              0.773
    21   624.903          0.985              0.978              0.408
    22   630.103          0.991              0.967              0.400
    23   641.298          1.004              0.944              0.383
    24   668.151          1.034              0.890              0.345
    25   741.228          1.121              0.751              0.260
    26   741.824          1.121              0.750              0.259
    27   766.694          1.152              0.706              0.235
    28   851.355          1.258              0.568              0.169
    29   853.779          1.261              0.565              0.167
    30   855.565          1.263              0.562              0.166
    31   866.007          1.276              0.547              0.159
    32   882.433          1.298              0.523              0.149
    33   885.539          1.302              0.519              0.147
    34   887.464          1.304              0.516              0.146
    35   894.544          1.313              0.506              0.142
    36   964.820          1.406              0.416              0.107
    37   994.291          1.445              0.382              0.095
    38  1012.512          1.469              0.363              0.089
    39  1019.630          1.479              0.355              0.086
    40  1124.103          1.621              0.259              0.056
    41  1170.186          1.685              0.224              0.047
    42  1201.753          1.728              0.203              0.041
    43  1235.432          1.775              0.182              0.036
    44  1361.967          1.953              0.120              0.021
    45  1409.984          2.020              0.102              0.017
    46  1414.225          2.026              0.100              0.017
    47  1414.614          2.027              0.100              0.017
    48  1439.450          2.062              0.092              0.015
    49  1440.046          2.063              0.092              0.015
    50  1440.231          2.063              0.092              0.015
    51  1440.870          2.064              0.092              0.015
    52  1441.790          2.065              0.091              0.015
    53  1441.854          2.065              0.091              0.015
    54  1589.906          2.275              0.054              0.008
    55  1647.496          2.357              0.044              0.006
    56  1666.042          2.383              0.041              0.006
    57  1700.934          2.433              0.036              0.005
    58  1722.840          2.464              0.034              0.005
    59  3019.049          4.316              0.000              0.000
    60  3019.193          4.316              0.000              0.000
    61  3019.201          4.316              0.000              0.000
    62  3128.010          4.472              0.000              0.000
    63  3128.115          4.472              0.000              0.000
    64  3128.192          4.472              0.000              0.000
    65  3128.597          4.473              0.000              0.000
    66  3128.846          4.473              0.000              0.000
    67  3128.862          4.473              0.000              0.000
    68  3179.042          4.545              0.000              0.000
    69  3180.058          4.546              0.000              0.000
    70  3181.113          4.548              0.000              0.000
    71  3181.525          4.548              0.000              0.000
    72  3181.818          4.549              0.000              0.000


|     cpu time =                 0.00 seconds
