

          *******************************************************
          Initiate the NMODE module of AMBER 8  
          *******************************************************


  get vibrational modes                                                           
       ntrun    maxcyc    ibelly       drms
          4     10000         0  0.10E-08
       rcut      scnb      scee      dielc   idiel
     99.00000   2.00000   2.00000   1.00000     0
      nsave   dfpred    bdwnhl     smx       emx      alpha       ndiag 
         20   0.01000   0.10000   0.08000   0.30000   0.80000        10
 ipol =  0
 i3bod =  0
 idecomp =  0
 nvect =   10
     Binary format used for output coords.
| New format PARM file being parsed.
| Version =    1.000 Date = 04/13/21 Time = 18:35:18

    PARM file has the title:
     default_name                                                                    

Total memory required :         5870 real words

Total memory required :         5430 integer words

Total memory required :           72 4-character words

Maximum nonbond pairs         230

     Duplicated    0 dihedrals

     Duplicated    0 dihedrals

 Getting coordinates from file with title:
     default_name                                                                    

    Number of non-bonded pairs =        124
    Number of H-bonded pairs   =          0


 *****************        *****************        *****************       
   step =          0
     F =  -0.204795E+01    GRDMAX = 0.120208E+02    GNORM = 0.371936E+01
       E-NONB              E-ELE               E-HBOND             E-BOND
     0.86443E-01        -0.18701E+01         0.00000E+00         0.14135E+00
       E-ANGLE             E-DIHED             E-NB14              E-EEL14
     0.26153E+00         0.40148E+01         0.23972E+01        -0.70792E+01
       E-POL               E-3BOD 
     0.00000E+00         0.00000E+00
     Coordinate origin is now the molecular center of mass
          b1 =   -0.40051 b2 =   0.21981 tlamba =   -0.50051
          rms of step length = 0.0263033977
          ene @step k-1 =       -2.047951  ene @k =       -3.045647


 *****************        *****************        *****************       
   step =          1
     F =  -0.304565E+01    GRDMAX = 0.400429E+01    GNORM = 0.602988E+00
       E-NONB              E-ELE               E-HBOND             E-BOND
    -0.60190E+00        -0.13702E+01         0.00000E+00         0.14164E+00
       E-ANGLE             E-DIHED             E-NB14              E-EEL14
     0.14229E+00         0.40099E+01         0.20270E+01        -0.73943E+01
       E-POL               E-3BOD 
     0.00000E+00         0.00000E+00
          b1 =   -0.18599 b2 =   0.23229 tlamba =   -0.28599
          rms of step length = 0.0104045872
          ene @step k-1 =       -3.045647  ene @k =       -3.122060


 *****************        *****************        *****************       
   step =          2
     F =  -0.312206E+01    GRDMAX = 0.398753E+00    GNORM = 0.651976E-01
       E-NONB              E-ELE               E-HBOND             E-BOND
    -0.79799E+00        -0.11589E+01         0.00000E+00         0.15193E+00
       E-ANGLE             E-DIHED             E-NB14              E-EEL14
     0.20893E+00         0.40119E+01         0.19633E+01        -0.75012E+01
       E-POL               E-3BOD 
     0.00000E+00         0.00000E+00
          b1 =   -0.15573 b2 =   0.21363 tlamba =   -0.25573
          rms of step length = 0.0025524791
          ene @step k-1 =       -3.122060  ene @k =       -3.124963


 *****************        *****************        *****************       
   step =          3
     F =  -0.312496E+01    GRDMAX = 0.368706E-01    GNORM = 0.646877E-02
       E-NONB              E-ELE               E-HBOND             E-BOND
    -0.83304E+00        -0.11136E+01         0.00000E+00         0.15336E+00
       E-ANGLE             E-DIHED             E-NB14              E-EEL14
     0.22870E+00         0.40126E+01         0.19524E+01        -0.75253E+01
       E-POL               E-3BOD 
     0.00000E+00         0.00000E+00
          b1 =   -0.15086 b2 =   0.21074 tlamba =   -0.25086
          rms of step length = 0.0003405667
          ene @step k-1 =       -3.124963  ene @k =       -3.125003


 *****************        *****************        *****************       
   step =          4
     F =  -0.312500E+01    GRDMAX = 0.242540E-02    GNORM = 0.582110E-03
       E-NONB              E-ELE               E-HBOND             E-BOND
    -0.83686E+00        -0.11087E+01         0.00000E+00         0.15348E+00
       E-ANGLE             E-DIHED             E-NB14              E-EEL14
     0.23111E+00         0.40126E+01         0.19512E+01        -0.75278E+01
       E-POL               E-3BOD 
     0.00000E+00         0.00000E+00
          b1 =   -0.15019 b2 =   0.21053 tlamba =   -0.25019
          rms of step length = 0.0000410844
          ene @step k-1 =       -3.125003  ene @k =       -3.125004


 *****************        *****************        *****************       
   step =          5
     F =  -0.312500E+01    GRDMAX = 0.217091E-03    GNORM = 0.616916E-04
       E-NONB              E-ELE               E-HBOND             E-BOND
    -0.83725E+00        -0.11083E+01         0.00000E+00         0.15347E+00
       E-ANGLE             E-DIHED             E-NB14              E-EEL14
     0.23137E+00         0.40126E+01         0.19510E+01        -0.75280E+01
       E-POL               E-3BOD 
     0.00000E+00         0.00000E+00
          b1 =   -0.15010 b2 =   0.21053 tlamba =   -0.25010
          rms of step length = 0.0000058351
          ene @step k-1 =       -3.125004  ene @k =       -3.125004


 *****************        *****************        *****************       
   step =          6
     F =  -0.312500E+01    GRDMAX = 0.258046E-04    GNORM = 0.790829E-05
       E-NONB              E-ELE               E-HBOND             E-BOND
    -0.83729E+00        -0.11082E+01         0.00000E+00         0.15347E+00
       E-ANGLE             E-DIHED             E-NB14              E-EEL14
     0.23139E+00         0.40126E+01         0.19510E+01        -0.75280E+01
       E-POL               E-3BOD 
     0.00000E+00         0.00000E+00
          b1 =   -0.15009 b2 =   0.21052 tlamba =   -0.25009
          rms of step length = 0.0000012712
          ene @step k-1 =       -3.125004  ene @k =       -3.125004


 *****************        *****************        *****************       
   step =          7
     F =  -0.312500E+01    GRDMAX = 0.542659E-05    GNORM = 0.176078E-05
       E-NONB              E-ELE               E-HBOND             E-BOND
    -0.83730E+00        -0.11082E+01         0.00000E+00         0.15347E+00
       E-ANGLE             E-DIHED             E-NB14              E-EEL14
     0.23139E+00         0.40126E+01         0.19510E+01        -0.75280E+01
       E-POL               E-3BOD 
     0.00000E+00         0.00000E+00
          b1 =   -0.15008 b2 =   0.21052 tlamba =   -0.25008
          rms of step length = 0.0000003811
          ene @step k-1 =       -3.125004  ene @k =       -3.125004


 *****************        *****************        *****************       
   step =          8
     F =  -0.312500E+01    GRDMAX = 0.189238E-05    GNORM = 0.557224E-06
       E-NONB              E-ELE               E-HBOND             E-BOND
    -0.83730E+00        -0.11082E+01         0.00000E+00         0.15347E+00
       E-ANGLE             E-DIHED             E-NB14              E-EEL14
     0.23139E+00         0.40126E+01         0.19510E+01        -0.75280E+01
       E-POL               E-3BOD 
     0.00000E+00         0.00000E+00
          b1 =   -0.15008 b2 =   0.21052 tlamba =   -0.25008
          rms of step length = 0.0000001653
          ene @step k-1 =       -3.125004  ene @k =       -3.125004


 *****************        *****************        *****************       
   step =          9
     F =  -0.312500E+01    GRDMAX = 0.100305E-05    GNORM = 0.268353E-06
       E-NONB              E-ELE               E-HBOND             E-BOND
    -0.83730E+00        -0.11082E+01         0.00000E+00         0.15347E+00
       E-ANGLE             E-DIHED             E-NB14              E-EEL14
     0.23139E+00         0.40126E+01         0.19510E+01        -0.75280E+01
       E-POL               E-3BOD 
     0.00000E+00         0.00000E+00
          b1 =   -0.15008 b2 =   0.21052 tlamba =   -0.25008
          rms of step length = 0.0000002823
          ene @step k-1 =       -3.125004  ene @k =       -3.125004


 *****************        *****************        *****************       
   step =         10
     F =  -0.312500E+01    GRDMAX = 0.250846E-05    GNORM = 0.498795E-06
       E-NONB              E-ELE               E-HBOND             E-BOND
    -0.83730E+00        -0.11082E+01         0.00000E+00         0.15347E+00
       E-ANGLE             E-DIHED             E-NB14              E-EEL14
     0.23139E+00         0.40126E+01         0.19510E+01        -0.75280E+01
       E-POL               E-3BOD 
     0.00000E+00         0.00000E+00
          b1 =   -0.15008 b2 =   0.21052 tlamba =   -0.25008
          rms of step length = 0.0000006991
          ene @step k-1 =       -3.125004  ene @k =       -3.125004


 *****************        *****************        *****************       
   step =         11
     F =  -0.312500E+01    GRDMAX = 0.627324E-05    GNORM = 0.123866E-05
       E-NONB              E-ELE               E-HBOND             E-BOND
    -0.83730E+00        -0.11082E+01         0.00000E+00         0.15347E+00
       E-ANGLE             E-DIHED             E-NB14              E-EEL14
     0.23139E+00         0.40126E+01         0.19510E+01        -0.75280E+01
       E-POL               E-3BOD 
     0.00000E+00         0.00000E+00
          b1 =   -0.15008 b2 =   0.21052 tlamba =   -0.25008
          rms of step length = 0.0000017481
          ene @step k-1 =       -3.125004  ene @k =       -3.125004


 *****************        *****************        *****************       
   step =         12
     F =  -0.312500E+01    GRDMAX = 0.156883E-04    GNORM = 0.309731E-05
       E-NONB              E-ELE               E-HBOND             E-BOND
    -0.83730E+00        -0.11082E+01         0.00000E+00         0.15347E+00
       E-ANGLE             E-DIHED             E-NB14              E-EEL14
     0.23139E+00         0.40126E+01         0.19510E+01        -0.75280E+01
       E-POL               E-3BOD 
     0.00000E+00         0.00000E+00
          b1 =   -0.15008 b2 =   0.21052 tlamba =   -0.25008
          rms of step length = 0.0000043716
          ene @step k-1 =       -3.125004  ene @k =       -3.125004


 *****************        *****************        *****************       
   step =         13
     F =  -0.312500E+01    GRDMAX = 0.392339E-04    GNORM = 0.774585E-05
       E-NONB              E-ELE               E-HBOND             E-BOND
    -0.83730E+00        -0.11082E+01         0.00000E+00         0.15347E+00
       E-ANGLE             E-DIHED             E-NB14              E-EEL14
     0.23139E+00         0.40126E+01         0.19510E+01        -0.75280E+01
       E-POL               E-3BOD 
     0.00000E+00         0.00000E+00
          b1 =   -0.15008 b2 =   0.21052 tlamba =   -0.25008
          rms of step length = 0.0000109326
          ene @step k-1 =       -3.125004  ene @k =       -3.125004


 *****************        *****************        *****************       
   step =         14
     F =  -0.312500E+01    GRDMAX = 0.981174E-04    GNORM = 0.193711E-04
       E-NONB              E-ELE               E-HBOND             E-BOND
    -0.83730E+00        -0.11082E+01         0.00000E+00         0.15347E+00
       E-ANGLE             E-DIHED             E-NB14              E-EEL14
     0.23139E+00         0.40126E+01         0.19510E+01        -0.75280E+01
       E-POL               E-3BOD 
     0.00000E+00         0.00000E+00
          b1 =   -0.15008 b2 =   0.21052 tlamba =   -0.25008
          rms of step length = 0.0000273407
          ene @step k-1 =       -3.125004  ene @k =       -3.125004


 *****************        *****************        *****************       
   step =         15
     F =  -0.312500E+01    GRDMAX = 0.245375E-03    GNORM = 0.484444E-04
       E-NONB              E-ELE               E-HBOND             E-BOND
    -0.83730E+00        -0.11082E+01         0.00000E+00         0.15347E+00
       E-ANGLE             E-DIHED             E-NB14              E-EEL14
     0.23139E+00         0.40126E+01         0.19510E+01        -0.75280E+01
       E-POL               E-3BOD 
     0.00000E+00         0.00000E+00
          b1 =   -0.15008 b2 =   0.21052 tlamba =   -0.25008
          rms of step length = 0.0000683744
          ene @step k-1 =       -3.125004  ene @k =       -3.125004


 *****************        *****************        *****************       
   step =         16
     F =  -0.312500E+01    GRDMAX = 0.613640E-03    GNORM = 0.121159E-03
       E-NONB              E-ELE               E-HBOND             E-BOND
    -0.83730E+00        -0.11082E+01         0.00000E+00         0.15347E+00
       E-ANGLE             E-DIHED             E-NB14              E-EEL14
     0.23139E+00         0.40126E+01         0.19510E+01        -0.75280E+01
       E-POL               E-3BOD 
     0.00000E+00         0.00000E+00
          b1 =   -0.15008 b2 =   0.21052 tlamba =   -0.25008
          rms of step length = 0.0001709928
          ene @step k-1 =       -3.125004  ene @k =       -3.125005


 *****************        *****************        *****************       
   step =         17
     F =  -0.312501E+01    GRDMAX = 0.153459E-02    GNORM = 0.303123E-03
       E-NONB              E-ELE               E-HBOND             E-BOND
    -0.83730E+00        -0.11082E+01         0.00000E+00         0.15347E+00
       E-ANGLE             E-DIHED             E-NB14              E-EEL14
     0.23139E+00         0.40126E+01         0.19510E+01        -0.75280E+01
       E-POL               E-3BOD 
     0.00000E+00         0.00000E+00
          b1 =   -0.15008 b2 =   0.21053 tlamba =   -0.25008
          rms of step length = 0.0004276222
          ene @step k-1 =       -3.125005  ene @k =       -3.125015


 *****************        *****************        *****************       
   step =         18
     F =  -0.312501E+01    GRDMAX = 0.383737E-02    GNORM = 0.759998E-03
       E-NONB              E-ELE               E-HBOND             E-BOND
    -0.83730E+00        -0.11082E+01         0.00000E+00         0.15347E+00
       E-ANGLE             E-DIHED             E-NB14              E-EEL14
     0.23140E+00         0.40126E+01         0.19510E+01        -0.75280E+01
       E-POL               E-3BOD 
     0.00000E+00         0.00000E+00
          b1 =   -0.15005 b2 =   0.21053 tlamba =   -0.25005
          rms of step length = 0.0010693788
          ene @step k-1 =       -3.125015  ene @k =       -3.125071


 *****************        *****************        *****************       
   step =         19
     F =  -0.312507E+01    GRDMAX = 0.959068E-02    GNORM = 0.193066E-02
       E-NONB              E-ELE               E-HBOND             E-BOND
    -0.83731E+00        -0.11082E+01         0.00000E+00         0.15349E+00
       E-ANGLE             E-DIHED             E-NB14              E-EEL14
     0.23141E+00         0.40126E+01         0.19510E+01        -0.75280E+01
       E-POL               E-3BOD 
     0.00000E+00         0.00000E+00
          b1 =   -0.14990 b2 =   0.21059 tlamba =   -0.24990
          rms of step length = 0.0026738278
          ene @step k-1 =       -3.125071  ene @k =       -3.125425


 *****************        *****************        *****************       
   step =         20
     F =  -0.312542E+01    GRDMAX = 0.238921E-01    GNORM = 0.527322E-02
       E-NONB              E-ELE               E-HBOND             E-BOND
    -0.83739E+00        -0.11080E+01         0.00000E+00         0.15357E+00
       E-ANGLE             E-DIHED             E-NB14              E-EEL14
     0.23149E+00         0.40121E+01         0.19509E+01        -0.75281E+01
       E-POL               E-3BOD 
     0.00000E+00         0.00000E+00
 in savec point =   3
          b1 =   -0.14895 b2 =   0.21093 tlamba =   -0.24895
          rms of step length = 0.0066788330
          ene @step k-1 =       -3.125425  ene @k =       -3.127614


 *****************        *****************        *****************       
   step =         21
     F =  -0.312761E+01    GRDMAX = 0.597796E-01    GNORM = 0.186593E-01
       E-NONB              E-ELE               E-HBOND             E-BOND
    -0.83790E+00        -0.11070E+01         0.00000E+00         0.15409E+00
       E-ANGLE             E-DIHED             E-NB14              E-EEL14
     0.23200E+00         0.40093E+01         0.19505E+01        -0.75286E+01
       E-POL               E-3BOD 
     0.00000E+00         0.00000E+00
          b1 =   -0.14303 b2 =   0.21309 tlamba =   -0.24303
          rms of step length = 0.0165787642
          ene @step k-1 =       -3.127614  ene @k =       -3.140469


 *****************        *****************        *****************       
   step =         22
     F =  -0.314047E+01    GRDMAX = 0.361550E+00    GNORM = 0.928760E-01
       E-NONB              E-ELE               E-HBOND             E-BOND
    -0.84094E+00        -0.11006E+01         0.00000E+00         0.15758E+00
       E-ANGLE             E-DIHED             E-NB14              E-EEL14
     0.23506E+00         0.39923E+01         0.19480E+01        -0.75318E+01
       E-POL               E-3BOD 
     0.00000E+00         0.00000E+00
          b1 =   -0.10783 b2 =   0.22679 tlamba =   -0.20783
          rms of step length = 0.0395845247
          ene @step k-1 =       -3.140469  ene @k =       -3.194739


 *****************        *****************        *****************       
   step =         23
     F =  -0.319474E+01    GRDMAX = 0.182355E+01    GNORM = 0.479891E+00
       E-NONB              E-ELE               E-HBOND             E-BOND
    -0.85619E+00        -0.10654E+01         0.00000E+00         0.18518E+00
       E-ANGLE             E-DIHED             E-NB14              E-EEL14
     0.25018E+00         0.39079E+01         0.19335E+01        -0.75499E+01
       E-POL               E-3BOD 
     0.00000E+00         0.00000E+00
          b1 =    0.04975 b2 =   0.31870 tlamba =   -0.05025
          rms of step length = 0.0744057395
          ene @step k-1 =       -3.194739  ene @k =       -3.243046


 *****************        *****************        *****************       
   step =         24
     F =  -0.324305E+01    GRDMAX = 0.354649E+01    GNORM = 0.122417E+01
       E-NONB              E-ELE               E-HBOND             E-BOND
    -0.87557E+00        -0.96183E+00         0.00000E+00         0.31804E+00
       E-ANGLE             E-DIHED             E-NB14              E-EEL14
     0.25583E+00         0.37548E+01         0.18807E+01        -0.76150E+01
       E-POL               E-3BOD 
     0.00000E+00         0.00000E+00
          b1 =    0.27131 b2 =   0.45035 tlamba =    0.00000
          rms of step length = 0.0229785884
          ene @step k-1 =       -3.243046  ene @k =       -3.358259


 *****************        *****************        *****************       
   step =         25
     F =  -0.335826E+01    GRDMAX = 0.262918E+00    GNORM = 0.913104E-01
       E-NONB              E-ELE               E-HBOND             E-BOND
    -0.84276E+00        -0.96959E+00         0.00000E+00         0.15849E+00
       E-ANGLE             E-DIHED             E-NB14              E-EEL14
     0.21947E+00         0.37470E+01         0.19799E+01        -0.76508E+01
       E-POL               E-3BOD 
     0.00000E+00         0.00000E+00
          b1 =    0.07839 b2 =   0.39487 tlamba =   -0.02161
          rms of step length = 0.0457514705
          ene @step k-1 =       -3.358259  ene @k =       -3.380882


 *****************        *****************        *****************       
   step =         26
     F =  -0.338088E+01    GRDMAX = 0.972275E+00    GNORM = 0.393464E+00
       E-NONB              E-ELE               E-HBOND             E-BOND
    -0.84284E+00        -0.92785E+00         0.00000E+00         0.19023E+00
       E-ANGLE             E-DIHED             E-NB14              E-EEL14
     0.19829E+00         0.37288E+01         0.19508E+01        -0.76783E+01
       E-POL               E-3BOD 
     0.00000E+00         0.00000E+00
          b1 =    0.14726 b2 =   0.42572 tlamba =    0.00000
          rms of step length = 0.0117827425
          ene @step k-1 =       -3.380882  ene @k =       -3.394145


 *****************        *****************        *****************       
   step =         27
     F =  -0.339415E+01    GRDMAX = 0.593288E-01    GNORM = 0.244837E-01
       E-NONB              E-ELE               E-HBOND             E-BOND
    -0.83735E+00        -0.92825E+00         0.00000E+00         0.15527E+00
       E-ANGLE             E-DIHED             E-NB14              E-EEL14
     0.19343E+00         0.37298E+01         0.19813E+01        -0.76883E+01
       E-POL               E-3BOD 
     0.00000E+00         0.00000E+00
          b1 =    0.07104 b2 =   0.38748 tlamba =   -0.02896
          rms of step length = 0.0094042955
          ene @step k-1 =       -3.394145  ene @k =       -3.395466


 *****************        *****************        *****************       
   step =         28
     F =  -0.339547E+01    GRDMAX = 0.380237E-01    GNORM = 0.163919E-01
       E-NONB              E-ELE               E-HBOND             E-BOND
    -0.83785E+00        -0.92190E+00         0.00000E+00         0.15484E+00
       E-ANGLE             E-DIHED             E-NB14              E-EEL14
     0.19144E+00         0.37310E+01         0.19816E+01        -0.76946E+01
       E-POL               E-3BOD 
     0.00000E+00         0.00000E+00
          b1 =    0.07012 b2 =   0.38658 tlamba =   -0.02988
          rms of step length = 0.0031556970
          ene @step k-1 =       -3.395466  ene @k =       -3.395628


 *****************        *****************        *****************       
   step =         29
     F =  -0.339563E+01    GRDMAX = 0.421563E-02    GNORM = 0.185399E-02
       E-NONB              E-ELE               E-HBOND             E-BOND
    -0.83790E+00        -0.92015E+00         0.00000E+00         0.15385E+00
       E-ANGLE             E-DIHED             E-NB14              E-EEL14
     0.19090E+00         0.37317E+01         0.19827E+01        -0.76967E+01
       E-POL               E-3BOD 
     0.00000E+00         0.00000E+00
          b1 =    0.06727 b2 =   0.38506 tlamba =   -0.03273
          rms of step length = 0.0010475213
          ene @step k-1 =       -3.395628  ene @k =       -3.395644


 *****************        *****************        *****************       
   step =         30
     F =  -0.339564E+01    GRDMAX = 0.671816E-03    GNORM = 0.271107E-03
       E-NONB              E-ELE               E-HBOND             E-BOND
    -0.83794E+00        -0.91952E+00         0.00000E+00         0.15374E+00
       E-ANGLE             E-DIHED             E-NB14              E-EEL14
     0.19074E+00         0.37319E+01         0.19828E+01        -0.76974E+01
       E-POL               E-3BOD 
     0.00000E+00         0.00000E+00
          b1 =    0.06700 b2 =   0.38492 tlamba =   -0.03300
          rms of step length = 0.0003462976
          ene @step k-1 =       -3.395644  ene @k =       -3.395646


 *****************        *****************        *****************       
   step =         31
     F =  -0.339565E+01    GRDMAX = 0.235192E-03    GNORM = 0.674582E-04
       E-NONB              E-ELE               E-HBOND             E-BOND
    -0.83796E+00        -0.91930E+00         0.00000E+00         0.15373E+00
       E-ANGLE             E-DIHED             E-NB14              E-EEL14
     0.19069E+00         0.37320E+01         0.19829E+01        -0.76976E+01
       E-POL               E-3BOD 
     0.00000E+00         0.00000E+00
          b1 =    0.06699 b2 =   0.38492 tlamba =   -0.03301
          rms of step length = 0.0001143727
          ene @step k-1 =       -3.395646  ene @k =       -3.395646


 *****************        *****************        *****************       
   step =         32
     F =  -0.339565E+01    GRDMAX = 0.789958E-04    GNORM = 0.214931E-04
       E-NONB              E-ELE               E-HBOND             E-BOND
    -0.83797E+00        -0.91923E+00         0.00000E+00         0.15373E+00
       E-ANGLE             E-DIHED             E-NB14              E-EEL14
     0.19068E+00         0.37320E+01         0.19829E+01        -0.76977E+01
       E-POL               E-3BOD 
     0.00000E+00         0.00000E+00
          b1 =    0.06699 b2 =   0.38492 tlamba =   -0.03301
          rms of step length = 0.0000377594
          ene @step k-1 =       -3.395646  ene @k =       -3.395646


 *****************        *****************        *****************       
   step =         33
     F =  -0.339565E+01    GRDMAX = 0.262213E-04    GNORM = 0.708431E-05
       E-NONB              E-ELE               E-HBOND             E-BOND
    -0.83797E+00        -0.91920E+00         0.00000E+00         0.15373E+00
       E-ANGLE             E-DIHED             E-NB14              E-EEL14
     0.19067E+00         0.37320E+01         0.19829E+01        -0.76977E+01
       E-POL               E-3BOD 
     0.00000E+00         0.00000E+00
          b1 =    0.06699 b2 =   0.38492 tlamba =   -0.03301
          rms of step length = 0.0000124643
          ene @step k-1 =       -3.395646  ene @k =       -3.395646


 *****************        *****************        *****************       
   step =         34
     F =  -0.339565E+01    GRDMAX = 0.867097E-05    GNORM = 0.233999E-05
       E-NONB              E-ELE               E-HBOND             E-BOND
    -0.83797E+00        -0.91919E+00         0.00000E+00         0.15373E+00
       E-ANGLE             E-DIHED             E-NB14              E-EEL14
     0.19067E+00         0.37320E+01         0.19829E+01        -0.76977E+01
       E-POL               E-3BOD 
     0.00000E+00         0.00000E+00
          b1 =    0.06699 b2 =   0.38492 tlamba =   -0.03301
          rms of step length = 0.0000041142
          ene @step k-1 =       -3.395646  ene @k =       -3.395646


 *****************        *****************        *****************       
   step =         35
     F =  -0.339565E+01    GRDMAX = 0.286381E-05    GNORM = 0.772649E-06
       E-NONB              E-ELE               E-HBOND             E-BOND
    -0.83797E+00        -0.91919E+00         0.00000E+00         0.15373E+00
       E-ANGLE             E-DIHED             E-NB14              E-EEL14
     0.19067E+00         0.37320E+01         0.19829E+01        -0.76977E+01
       E-POL               E-3BOD 
     0.00000E+00         0.00000E+00
          b1 =    0.06699 b2 =   0.38492 tlamba =   -0.03301
          rms of step length = 0.0000013580
          ene @step k-1 =       -3.395646  ene @k =       -3.395646


 *****************        *****************        *****************       
   step =         36
     F =  -0.339565E+01    GRDMAX = 0.945461E-06    GNORM = 0.255065E-06
       E-NONB              E-ELE               E-HBOND             E-BOND
    -0.83797E+00        -0.91919E+00         0.00000E+00         0.15373E+00
       E-ANGLE             E-DIHED             E-NB14              E-EEL14
     0.19067E+00         0.37320E+01         0.19829E+01        -0.76977E+01
       E-POL               E-3BOD 
     0.00000E+00         0.00000E+00
          b1 =    0.06699 b2 =   0.38492 tlamba =   -0.03301
          rms of step length = 0.0000004482
          ene @step k-1 =       -3.395646  ene @k =       -3.395646


 *****************        *****************        *****************       
   step =         37
     F =  -0.339565E+01    GRDMAX = 0.312093E-06    GNORM = 0.841943E-07
       E-NONB              E-ELE               E-HBOND             E-BOND
    -0.83797E+00        -0.91919E+00         0.00000E+00         0.15373E+00
       E-ANGLE             E-DIHED             E-NB14              E-EEL14
     0.19067E+00         0.37320E+01         0.19829E+01        -0.76977E+01
       E-POL               E-3BOD 
     0.00000E+00         0.00000E+00
          b1 =    0.06699 b2 =   0.38492 tlamba =   -0.03301
          rms of step length = 0.0000001480
          ene @step k-1 =       -3.395646  ene @k =       -3.395646


 *****************        *****************        *****************       
   step =         38
     F =  -0.339565E+01    GRDMAX = 0.103016E-06    GNORM = 0.277908E-07
       E-NONB              E-ELE               E-HBOND             E-BOND
    -0.83797E+00        -0.91919E+00         0.00000E+00         0.15373E+00
       E-ANGLE             E-DIHED             E-NB14              E-EEL14
     0.19067E+00         0.37320E+01         0.19829E+01        -0.76977E+01
       E-POL               E-3BOD 
     0.00000E+00         0.00000E+00
          b1 =    0.06699 b2 =   0.38492 tlamba =   -0.03301
          rms of step length = 0.0000000488
          ene @step k-1 =       -3.395646  ene @k =       -3.395646


 *****************        *****************        *****************       
   step =         39
     F =  -0.339565E+01    GRDMAX = 0.340032E-07    GNORM = 0.917306E-08
       E-NONB              E-ELE               E-HBOND             E-BOND
    -0.83797E+00        -0.91919E+00         0.00000E+00         0.15373E+00
       E-ANGLE             E-DIHED             E-NB14              E-EEL14
     0.19067E+00         0.37320E+01         0.19829E+01        -0.76977E+01
       E-POL               E-3BOD 
     0.00000E+00         0.00000E+00
          b1 =    0.06699 b2 =   0.38492 tlamba =   -0.03301
          rms of step length = 0.0000000161
          ene @step k-1 =       -3.395646  ene @k =       -3.395646


 *****************        *****************        *****************       
   step =         40
     F =  -0.339565E+01    GRDMAX = 0.112235E-07    GNORM = 0.302781E-08
       E-NONB              E-ELE               E-HBOND             E-BOND
    -0.83797E+00        -0.91919E+00         0.00000E+00         0.15373E+00
       E-ANGLE             E-DIHED             E-NB14              E-EEL14
     0.19067E+00         0.37320E+01         0.19829E+01        -0.76977E+01
       E-POL               E-3BOD 
     0.00000E+00         0.00000E+00
 in savec point =   3
          b1 =    0.06699 b2 =   0.38492 tlamba =   -0.03301
          rms of step length = 0.0000000053
          ene @step k-1 =       -3.395646  ene @k =       -3.395646


 *****************        *****************        *****************       
   step =         41
     F =  -0.339565E+01    GRDMAX = 0.370468E-08    GNORM = 0.999396E-09
       E-NONB              E-ELE               E-HBOND             E-BOND
    -0.83797E+00        -0.91919E+00         0.00000E+00         0.15373E+00
       E-ANGLE             E-DIHED             E-NB14              E-EEL14
     0.19067E+00         0.37320E+01         0.19829E+01        -0.76977E+01
       E-POL               E-3BOD 
     0.00000E+00         0.00000E+00
 in savec point =   2


                              F i n a l   R e s u l t s :




 *****************        *****************        *****************       
   step =          0
     F =  -0.339565E+01    GRDMAX = 0.370468E-08    GNORM = 0.999396E-09
       E-NONB              E-ELE               E-HBOND             E-BOND
    -0.83797E+00        -0.91919E+00         0.00000E+00         0.15373E+00
       E-ANGLE             E-DIHED             E-NB14              E-EEL14
     0.19067E+00         0.37320E+01         0.19829E+01        -0.76977E+01
       E-POL               E-3BOD 
     0.00000E+00         0.00000E+00


|     cpu time =                 0.06 seconds
