

          *******************************************************
          Initiate the NMODE module of AMBER 8  
          *******************************************************


  get vibrational modes                                                           
       ntrun    maxcyc    ibelly       drms
          4     10000         0  0.10E-08
       rcut      scnb      scee      dielc   idiel
     99.00000   2.00000   2.00000   1.00000     0
      nsave   dfpred    bdwnhl     smx       emx      alpha       ndiag 
         20   0.01000   0.10000   0.08000   0.30000   0.80000        10
 ipol =  0
 i3bod =  0
 idecomp =  0
 nvect =   10
     Binary format used for output coords.
| New format PARM file being parsed.
| Version =    1.000 Date = 04/13/21 Time = 18:35:04

    PARM file has the title:
     default_name                                                                    

Total memory required :         6344 real words

Total memory required :         5481 integer words

Total memory required :           75 4-character words

Maximum nonbond pairs         252

     Duplicated    0 dihedrals

     Duplicated    0 dihedrals

 Getting coordinates from file with title:
     default_name                                                                    

    Number of non-bonded pairs =        140
    Number of H-bonded pairs   =          0


 *****************        *****************        *****************       
   step =          0
     F =  -0.299446E+00    GRDMAX = 0.122373E+02    GNORM = 0.406590E+01
       E-NONB              E-ELE               E-HBOND             E-BOND
    -0.12026E+01        -0.11011E+02         0.00000E+00         0.30924E+00
       E-ANGLE             E-DIHED             E-NB14              E-EEL14
     0.40531E+00         0.22312E-01         0.29275E+01         0.82496E+01
       E-POL               E-3BOD 
     0.00000E+00         0.00000E+00
     Coordinate origin is now the molecular center of mass
          b1 =   -0.04554 b2 =   0.37098 tlamba =   -0.14554
          rms of step length = 0.0516470117
          ene @step k-1 =       -0.299446  ene @k =       -0.351774


 *****************        *****************        *****************       
   step =          1
     F =  -0.351774E+00    GRDMAX = 0.100872E+02    GNORM = 0.304352E+01
       E-NONB              E-ELE               E-HBOND             E-BOND
    -0.12205E+01        -0.10726E+02         0.00000E+00         0.51626E+00
       E-ANGLE             E-DIHED             E-NB14              E-EEL14
     0.25899E+00         0.60117E-01         0.27382E+01         0.80213E+01
       E-POL               E-3BOD 
     0.00000E+00         0.00000E+00
          b1 =    0.16256 b2 =   0.67967 tlamba =    0.00000
          rms of step length = 0.0074976487
          ene @step k-1 =       -0.351774  ene @k =       -0.720410


 *****************        *****************        *****************       
   step =          2
     F =  -0.720410E+00    GRDMAX = 0.227176E+00    GNORM = 0.724457E-01
       E-NONB              E-ELE               E-HBOND             E-BOND
    -0.12237E+01        -0.10721E+02         0.00000E+00         0.20309E+00
       E-ANGLE             E-DIHED             E-NB14              E-EEL14
     0.24518E+00         0.38372E-01         0.27340E+01         0.80040E+01
       E-POL               E-3BOD 
     0.00000E+00         0.00000E+00
          b1 =    0.09865 b2 =   0.47136 tlamba =   -0.00135
          rms of step length = 0.0240789936
          ene @step k-1 =       -0.720410  ene @k =       -0.745083


 *****************        *****************        *****************       
   step =          3
     F =  -0.745083E+00    GRDMAX = 0.255089E+01    GNORM = 0.740681E+00
       E-NONB              E-ELE               E-HBOND             E-BOND
    -0.12287E+01        -0.10754E+02         0.00000E+00         0.21805E+00
       E-ANGLE             E-DIHED             E-NB14              E-EEL14
     0.25493E+00         0.17170E-02         0.27339E+01         0.80291E+01
       E-POL               E-3BOD 
     0.00000E+00         0.00000E+00
          b1 =    0.11875 b2 =   0.54225 tlamba =    0.00000
          rms of step length = 0.0011449414
          ene @step k-1 =       -0.745083  ene @k =       -0.765500


 *****************        *****************        *****************       
   step =          4
     F =  -0.765500E+00    GRDMAX = 0.505797E-02    GNORM = 0.155329E-02
       E-NONB              E-ELE               E-HBOND             E-BOND
    -0.12293E+01        -0.10754E+02         0.00000E+00         0.20179E+00
       E-ANGLE             E-DIHED             E-NB14              E-EEL14
     0.25260E+00         0.17249E-02         0.27340E+01         0.80279E+01
       E-POL               E-3BOD 
     0.00000E+00         0.00000E+00
          b1 =    0.10035 b2 =   0.47764 tlamba =    0.00000
          rms of step length = 0.0006209351
          ene @step k-1 =       -0.765500  ene @k =       -0.765527


 *****************        *****************        *****************       
   step =          5
     F =  -0.765527E+00    GRDMAX = 0.167365E-02    GNORM = 0.493798E-03
       E-NONB              E-ELE               E-HBOND             E-BOND
    -0.12293E+01        -0.10755E+02         0.00000E+00         0.20176E+00
       E-ANGLE             E-DIHED             E-NB14              E-EEL14
     0.25278E+00         0.17889E-02         0.27340E+01         0.80284E+01
       E-POL               E-3BOD 
     0.00000E+00         0.00000E+00
          b1 =    0.10043 b2 =   0.47793 tlamba =    0.00000
          rms of step length = 0.0000008582
          ene @step k-1 =       -0.765527  ene @k =       -0.765527


 *****************        *****************        *****************       
   step =          6
     F =  -0.765527E+00    GRDMAX = 0.344771E-08    GNORM = 0.963111E-09
       E-NONB              E-ELE               E-HBOND             E-BOND
    -0.12293E+01        -0.10755E+02         0.00000E+00         0.20176E+00
       E-ANGLE             E-DIHED             E-NB14              E-EEL14
     0.25278E+00         0.17890E-02         0.27340E+01         0.80284E+01
       E-POL               E-3BOD 
     0.00000E+00         0.00000E+00
 in savec point =   2


                              F i n a l   R e s u l t s :




 *****************        *****************        *****************       
   step =          0
     F =  -0.765527E+00    GRDMAX = 0.344771E-08    GNORM = 0.963111E-09
       E-NONB              E-ELE               E-HBOND             E-BOND
    -0.12293E+01        -0.10755E+02         0.00000E+00         0.20176E+00
       E-ANGLE             E-DIHED             E-NB14              E-EEL14
     0.25278E+00         0.17890E-02         0.27340E+01         0.80284E+01
       E-POL               E-3BOD 
     0.00000E+00         0.00000E+00


|     cpu time =                 0.01 seconds
