

          *******************************************************
          Initiate the NMODE module of AMBER 8  
          *******************************************************


  get vibrational modes                                                           
       ntrun    maxcyc    ibelly       drms
          1       100         0  0.10E-08
       rcut      scnb      scee      dielc   idiel
     99.00000   2.00000   2.00000   1.00000     0
      nsave   dfpred    bdwnhl     smx       emx      alpha       ndiag 
         20   0.01000   0.10000   0.08000   0.30000   0.80000        10
 ipol =  0
 i3bod =  0
 idecomp =  0
 nvect =   10
     Binary format used for input coords.
| New format PARM file being parsed.
| Version =    1.000 Date = 04/13/21 Time = 18:39:49

    PARM file has the title:
     default_name                                                                    

Total memory required :         1331 real words

Total memory required :         4343 integer words

Total memory required :           30 4-character words

Maximum nonbond pairs          27

     Duplicated    0 dihedrals

     Duplicated    0 dihedrals

 Getting coordinates from file with title:
     default_name                                                                    

    Number of non-bonded pairs =          0
    Number of H-bonded pairs   =          0


 *****************        *****************        *****************       
   step =          0
     F =  -0.133319E+01    GRDMAX = 0.127158E-10    GNORM = 0.307466E-11
       E-NONB              E-ELE               E-HBOND             E-BOND
     0.00000E+00         0.00000E+00         0.00000E+00         0.84984E-03
       E-ANGLE             E-DIHED             E-NB14              E-EEL14
     0.66002E-02         0.00000E+00        -0.15382E+00        -0.11868E+01
       E-POL               E-3BOD 
     0.00000E+00         0.00000E+00
| lwork =      216; best value would be     624.
| Time for diagonalization:       0.00

                    *******************
                    - Thermochemistry -
                    *******************



 temperature   298.150 kelvin
 pressure      1.00000 atm
 molecular mass (principal isotopes)    46.14800 amu

 principal moments of inertia (nuclei only) in amu-A**2:
              9.06       46.62       46.62

 rotational symmetry number  1.

 rotational temperatures (kelvin)      2.67596     0.52027     0.52027

 zero point vibrational energy     159774.4 (joules/mol) 
                                   38.16200 (kcal/mol)
                                  0.0608536 (hartree/particle)

 Warning--   3 vibrations have low frequencies and may represent hindered 
         internal rotations.  The contributions printed below assume that these 
         really are vibrations.


           freq.         E                  Cv                 S
          cm**-1      kcal/mol        cal/mol-kelvin    cal/mol-kelvin
--------------------------------------------------------------------------------
 Total                   40.827             13.821             63.361
 translational            0.888              2.979             37.388
 rotational               0.888              2.979             21.408
 vibrational             39.051              7.863              4.565
     1    -0.000
     2    -0.000
     3     0.000
     4     0.000
     5     0.000
     6     0.000
     7   190.734          0.633              1.851              2.218
     8   498.138          0.853              1.252              0.661
     9   498.138          0.853              1.252              0.661
    10   681.779          1.050              0.863              0.328
    11   860.268          1.269              0.555              0.163
    12   860.268          1.269              0.555              0.163
    13   870.780          1.283              0.540              0.156
    14  1028.996          1.492              0.346              0.083
    15  1028.996          1.492              0.346              0.083
    16  1409.422          2.019              0.102              0.017
    17  1439.813          2.062              0.092              0.015
    18  1439.813          2.062              0.092              0.015
    19  2178.600          3.115              0.006              0.001
    20  2215.787          3.168              0.005              0.001
    21  2215.787          3.168              0.005              0.001
    22  3018.897          4.316              0.000              0.000
    23  3128.430          4.473              0.000              0.000
    24  3128.430          4.473              0.000              0.000


|     cpu time =                 0.00 seconds
