

          *******************************************************
          Initiate the NMODE module of AMBER 8  
          *******************************************************


  get vibrational modes                                                           
       ntrun    maxcyc    ibelly       drms
          1       100         0  0.10E-08
       rcut      scnb      scee      dielc   idiel
     99.00000   2.00000   2.00000   1.00000     0
      nsave   dfpred    bdwnhl     smx       emx      alpha       ndiag 
         20   0.01000   0.10000   0.08000   0.30000   0.80000        10
 ipol =  0
 i3bod =  0
 idecomp =  0
 nvect =   10
     Binary format used for input coords.
| New format PARM file being parsed.
| Version =    1.000 Date = 04/13/21 Time = 18:33:57

    PARM file has the title:
     default_name                                                                    

Total memory required :         9239 real words

Total memory required :         5577 integer words

Total memory required :           78 4-character words

Maximum nonbond pairs         275

     Duplicated    0 dihedrals

     Duplicated    0 dihedrals

 Getting coordinates from file with title:
     default_name                                                                    

    Number of non-bonded pairs =        159
    Number of H-bonded pairs   =          0
 DIHEDRAL ANGLE ERROR:      5    12    18    24    33


 *****************        *****************        *****************       
   step =          0
     F =  -0.100761E+02    GRDMAX = 0.281672E-08    GNORM = 0.743903E-09
       E-NONB              E-ELE               E-HBOND             E-BOND
    -0.15242E+01        -0.15355E+02         0.00000E+00         0.34412E-01
       E-ANGLE             E-DIHED             E-NB14              E-EEL14
     0.47093E+00         0.29336E+01         0.22256E+00         0.31418E+01
       E-POL               E-3BOD 
     0.00000E+00         0.00000E+00
| lwork =      648; best value would be    1872.
| Time for diagonalization:       0.00

                    *******************
                    - Thermochemistry -
                    *******************



 temperature   298.150 kelvin
 pressure      1.00000 atm
 molecular mass (principal isotopes)   145.28000 amu

 principal moments of inertia (nuclei only) in amu-A**2:
            222.87      668.73      701.07

 rotational symmetry number  1.

 Warning-- assumption of classical behavior for rotation
           may cause significant error


 rotational temperatures (kelvin)      0.10883     0.03627     0.03460

 zero point vibrational energy     537912.3 (joules/mol) 
                                  128.47999 (kcal/mol)
                                  0.2048760 (hartree/particle)

 Warning--  19 vibrations have low frequencies and may represent hindered 
         internal rotations.  The contributions printed below assume that these 
         really are vibrations.


           freq.         E                  Cv                 S
          cm**-1      kcal/mol        cal/mol-kelvin    cal/mol-kelvin
--------------------------------------------------------------------------------
 Total                  137.020             47.697            115.623
 translational            0.888              2.979             40.804
 rotational               0.888              2.979             29.923
 vibrational            135.243             41.739             44.896
     1    -0.000
     2    -0.000
     3     0.000
     4     0.000
     5     0.000
     6     0.001
     7    20.316          0.593              1.984              6.597
     8    66.529          0.597              1.969              4.249
     9    85.974          0.601              1.958              3.746
    10    99.976          0.604              1.948              3.451
    11   157.897          0.621              1.892              2.572
    12   160.534          0.621              1.889              2.540
    13   167.280          0.624              1.881              2.463
    14   174.547          0.627              1.872              2.383
    15   184.690          0.631              1.859              2.278
    16   205.826          0.640              1.830              2.078
    17   207.955          0.641              1.827              2.059
    18   213.035          0.643              1.820              2.015
    19   275.836          0.677              1.717              1.557
    20   328.700          0.711              1.617              1.264
    21   459.782          0.817              1.338              0.765
    22   513.343          0.868              1.219              0.624
    23   580.087          0.937              1.073              0.484
    24   595.180          0.953              1.040              0.457
    25   601.007          0.959              1.028              0.447
    26   679.943          1.048              0.867              0.330
    27   720.843          1.096              0.788              0.282
    28   745.217          1.125              0.744              0.256
    29   748.535          1.129              0.738              0.253
    30   806.878          1.201              0.638              0.201
    31   851.845          1.258              0.568              0.168
    32   855.121          1.263              0.563              0.166
    33   857.843          1.266              0.559              0.165
    34   886.899          1.303              0.517              0.147
    35   889.262          1.307              0.514              0.145
    36   898.713          1.319              0.501              0.140
    37   907.834          1.331              0.488              0.135
    38  1004.580          1.459              0.371              0.091
    39  1033.049          1.497              0.341              0.082
    40  1193.684          1.717              0.208              0.042
    41  1244.530          1.788              0.177              0.034
    42  1290.299          1.852              0.152              0.028
    43  1410.396          2.021              0.102              0.017
    44  1414.156          2.026              0.100              0.017
    45  1414.866          2.027              0.100              0.017
    46  1439.446          2.062              0.092              0.015
    47  1439.933          2.063              0.092              0.015
    48  1440.347          2.063              0.092              0.015
    49  1440.701          2.064              0.092              0.015
    50  1441.482          2.065              0.091              0.015
    51  1446.154          2.071              0.090              0.015
    52  1455.790          2.085              0.087              0.014
    53  1457.557          2.087              0.086              0.014
    54  1485.180          2.127              0.079              0.012
    55  1535.637          2.198              0.066              0.010
    56  1666.458          2.384              0.041              0.006
    57  1724.963          2.467              0.033              0.004
    58  3015.310          4.311              0.000              0.000
    59  3019.131          4.316              0.000              0.000
    60  3019.175          4.316              0.000              0.000
    61  3019.420          4.317              0.000              0.000
    62  3056.267          4.369              0.000              0.000
    63  3128.066          4.472              0.000              0.000
    64  3128.300          4.472              0.000              0.000
    65  3128.440          4.473              0.000              0.000
    66  3128.858          4.473              0.000              0.000
    67  3128.944          4.473              0.000              0.000
    68  3129.061          4.473              0.000              0.000
    69  3130.991          4.476              0.000              0.000
    70  3132.299          4.478              0.000              0.000
    71  3135.225          4.482              0.000              0.000
    72  3641.451          5.206              0.000              0.000


|     cpu time =                 0.00 seconds
