

          *******************************************************
          Initiate the NMODE module of AMBER 8  
          *******************************************************


  get vibrational modes                                                           
       ntrun    maxcyc    ibelly       drms
          1       100         0  0.10E-08
       rcut      scnb      scee      dielc   idiel
     99.00000   2.00000   2.00000   1.00000     0
      nsave   dfpred    bdwnhl     smx       emx      alpha       ndiag 
         20   0.01000   0.10000   0.08000   0.30000   0.80000        10
 ipol =  0
 i3bod =  0
 idecomp =  0
 nvect =   10
     Binary format used for input coords.
| New format PARM file being parsed.
| Version =    1.000 Date = 04/13/21 Time = 18:38:59

    PARM file has the title:
     default_name                                                                    

Total memory required :         4816 real words

Total memory required :         4948 integer words

Total memory required :           57 4-character words

Maximum nonbond pairs         135

     Duplicated    0 dihedrals

     Duplicated    0 dihedrals

 Getting coordinates from file with title:
     default_name                                                                    

    Number of non-bonded pairs =         54
    Number of H-bonded pairs   =          0


 *****************        *****************        *****************       
   step =          0
     F =  -0.523236E+01    GRDMAX = 0.888969E-12    GNORM = 0.341963E-12
       E-NONB              E-ELE               E-HBOND             E-BOND
    -0.44585E+00         0.26788E+01         0.00000E+00         0.33950E-02
       E-ANGLE             E-DIHED             E-NB14              E-EEL14
     0.88973E-02         0.59674E-15        -0.69507E+00        -0.67825E+01
       E-POL               E-3BOD 
     0.00000E+00         0.00000E+00
| lwork =      459; best value would be    1326.
| Time for diagonalization:       0.00

                    *******************
                    - Thermochemistry -
                    *******************



 temperature   298.150 kelvin
 pressure      1.00000 atm
 molecular mass (principal isotopes)    88.22600 amu

 principal moments of inertia (nuclei only) in amu-A**2:
            163.76      163.76      163.76

 rotational symmetry number  1.

 Warning-- assumption of classical behavior for rotation
           may cause significant error


 rotational temperatures (kelvin)      0.14812     0.14812     0.14812

 zero point vibrational energy     393404.5 (joules/mol) 
                                   93.96439 (kcal/mol)
                                  0.1498369 (hartree/particle)

 Warning--  10 vibrations have low frequencies and may represent hindered 
         internal rotations.  The contributions printed below assume that these 
         really are vibrations.


           freq.         E                  Cv                 S
          cm**-1      kcal/mol        cal/mol-kelvin    cal/mol-kelvin
--------------------------------------------------------------------------------
 Total                   99.672             31.453             89.292
 translational            0.888              2.979             39.318
 rotational               0.888              2.979             26.776
 vibrational             97.896             25.496             23.197
     1    -0.000
     2    -0.000
     3    -0.000
     4    -0.000
     5     0.000
     6     0.000
     7   157.764          0.620              1.893              2.573
     8   161.619          0.622              1.888              2.528
     9   161.619          0.622              1.888              2.528
    10   161.619          0.622              1.888              2.528
    11   195.665          0.636              1.844              2.171
    12   195.665          0.636              1.844              2.171
    13   215.478          0.645              1.816              1.994
    14   215.478          0.645              1.816              1.994
    15   215.478          0.645              1.816              1.994
    16   581.298          0.938              1.070              0.482
    17   734.902          1.113              0.762              0.267
    18   734.902          1.113              0.762              0.267
    19   734.902          1.113              0.762              0.267
    20   852.338          1.259              0.567              0.168
    21   852.338          1.259              0.567              0.168
    22   852.338          1.259              0.567              0.168
    23   856.658          1.264              0.561              0.165
    24   856.658          1.264              0.561              0.165
    25   903.313          1.325              0.494              0.137
    26   903.313          1.325              0.494              0.137
    27   903.313          1.325              0.494              0.137
    28  1408.721          2.018              0.102              0.017
    29  1414.536          2.027              0.100              0.017
    30  1414.536          2.027              0.100              0.017
    31  1414.536          2.027              0.100              0.017
    32  1439.413          2.062              0.092              0.015
    33  1439.413          2.062              0.092              0.015
    34  1439.413          2.062              0.092              0.015
    35  1440.083          2.063              0.092              0.015
    36  1440.083          2.063              0.092              0.015
    37  1440.835          2.064              0.092              0.015
    38  1440.835          2.064              0.092              0.015
    39  1440.835          2.064              0.092              0.015
    40  3019.200          4.316              0.000              0.000
    41  3019.227          4.316              0.000              0.000
    42  3019.227          4.316              0.000              0.000
    43  3019.227          4.316              0.000              0.000
    44  3128.017          4.472              0.000              0.000
    45  3128.017          4.472              0.000              0.000
    46  3128.017          4.472              0.000              0.000
    47  3128.771          4.473              0.000              0.000
    48  3128.771          4.473              0.000              0.000
    49  3128.771          4.473              0.000              0.000
    50  3128.947          4.473              0.000              0.000
    51  3128.947          4.473              0.000              0.000


|     cpu time =                 0.00 seconds
