
          -------------------------------------------------------
          Amber 12 SANDER                              2012
          -------------------------------------------------------

| Run on 04/17/2021 at 13:52:47
  [-O]verwriting output

File Assignments:
|  MDIN: mm.in                                                                 
| MDOUT: 18.060.out                                                            
|INPCRD: 18.060.inpcrd                                                         
|  PARM: 18.prmtop                                                             
|RESTRT: restrt                                                                
|  REFC: refc                                                                  
| MDVEL: mdvel                                                                 
|  MDEN: mden                                                                  
| MDCRD: mdcrd                                                                 
|MDINFO: mdinfo                                                                
|  MTMD: mtmd                                                                  
|INPDIP: inpdip                                                                
|RSTDIP: rstdip                                                                

|INPTRA: inptraj                                                               
|

 Here is the input file:

Minimization                                                                   
&cntrl                                                                         
 imin=1, maxcyc=1,                                                             
 ntb=0,                                                                        
 ioutfm=0,                                                                     
 cut=99,                                                                       
/                                                                              

--------------------------------------------------------------------------------
   1.  RESOURCE   USE: 
--------------------------------------------------------------------------------

| Flags: MPI                                                                    
|    NONPERIODIC   ntb=0 and igb=0: Setting up nonperiodic simulation
|  *** cutoff > system size, list only builds once
|Largest sphere to fit in unit cell has radius =    32.229
| New format PARM file being parsed.
| Version =    1.000 Date = 04/17/21 Time = 13:52:45
 NATOM  =      23 NTYPES =       7 NBONH =      13 MBONA  =      10
 NTHETH =      26 MTHETA =      14 NPHIH =      42 MPHIA  =      17
 NHPARM =       0 NPARM  =       0 NNB   =     114 NRES   =       1
 NBONA  =      10 NTHETA =      14 NPHIA =      17 NUMBND =       7
 NUMANG =      12 NPTRA  =       6 NATYP =       7 NPHB   =       0
 IFBOX  =       0 NMXRS  =      23 IFCAP =       0 NEXTRA =       0
 NCOPY  =       0


|     Memory Use     Allocated
|     Real                3191
|     Hollerith             72
|     Integer            23641
|     Max Pairs            253
|     nblistReal           276
|     nblist Int        924418
|       Total             3731 kbytes

| Note: 1-4 EEL scale factors are being read from the topology file.

| Note: 1-4 VDW scale factors are being read from the topology file.
| Duplicated    0 dihedrals
| Duplicated    0 dihedrals

--------------------------------------------------------------------------------
   2.  CONTROL  DATA  FOR  THE  RUN
--------------------------------------------------------------------------------

default_name                                                                    

General flags:
     imin    =       1, nmropt  =       0

Nature and format of input:
     ntx     =       1, irest   =       0, ntrx    =       1

Nature and format of output:
     ntxo    =       1, ntpr    =      50, ntrx    =       1, ntwr    =     500
     iwrap   =       0, ntwx    =       0, ntwv    =       0, ntwe    =       0
     ioutfm  =       0, ntwprt  =       0, idecomp =       0, rbornstat=      0

Potential function:
     ntf     =       1, ntb     =       0, igb     =       0, nsnb    =      25
     ipol    =       0, gbsa    =       0, iesp    =       0
     dielc   =   1.00000, cut     =  99.00000, intdiel =   1.00000

Frozen or restrained atoms:
     ibelly  =       0, ntr     =       0

Energy minimization:
     maxcyc  =       1, ncyc    =      10, ntmin   =       1
     dx0     =   0.01000, drms    =   0.00010

| MPI Timing options:
|      profile_mpi =        0
|  INFO: Old style inpcrd file read


--------------------------------------------------------------------------------
   3.  ATOMIC COORDINATES AND VELOCITIES
--------------------------------------------------------------------------------

default_name                                                                    
 begin time read from input coords =     0.000 ps

 Number of triangulated 3-point waters found:        0
|  Atom division among processors:
|         0      23

     Sum of charges from parm topology file =   0.00200000
     Forcing neutrality...
|  Running AMBER/MPI version on    1 nodes


--------------------------------------------------------------------------------
   4.  RESULTS
--------------------------------------------------------------------------------

 ---------------------------------------------------

     eedmeth=4: Setting switch to one everywhere

 ---------------------------------------------------
| Local SIZE OF NONBOND LIST =        140
| TOTAL SIZE OF NONBOND LIST =        140


   NSTEP       ENERGY          RMS            GMAX         NAME    NUMBER
      1       1.1582E+01     3.8847E+00     1.3852E+01     C5         16

 BOND    =        0.3198  ANGLE   =        0.3514  DIHED      =        1.2022
 VDWAALS =       -1.3700  EEL     =      -42.3188  HBOND      =        0.0000
 1-4 VDW =        3.0760  1-4 EEL =       50.3210  RESTRAINT  =        0.0000


  Maximum number of minimization cycles reached.


                    FINAL RESULTS



   NSTEP       ENERGY          RMS            GMAX         NAME    NUMBER
      1       1.1582E+01     3.8847E+00     1.3852E+01     C5         16

 BOND    =        0.3198  ANGLE   =        0.3514  DIHED      =        1.2022
 VDWAALS =       -1.3700  EEL     =      -42.3188  HBOND      =        0.0000
 1-4 VDW =        3.0760  1-4 EEL =       50.3210  RESTRAINT  =        0.0000

--------------------------------------------------------------------------------
   5.  TIMINGS
--------------------------------------------------------------------------------

|    Read coords time           0.00 (13.12% of Total)
|    Fast Water setup           0.00 ( 0.07% of Total)
|                Build the list             0.00 (94.17% of List )
|                Other                      0.00 ( 5.83% of List )
|             List time                  0.00 (69.01% of Nonbo)
|                   Short_ene time             0.00 (91.08% of Direc)
|                   Other                      0.00 ( 8.92% of Direc)
|                Direct Ewald time          0.00 (80.47% of Ewald)
|                Force Adjust               0.00 ( 2.85% of Ewald)
|                Virial junk                0.00 ( 2.25% of Ewald)
|                Start synchronizatio       0.00 ( 1.47% of Ewald)
|                Other                      0.00 (12.96% of Ewald)
|             Ewald time                 0.00 (28.92% of Nonbo)
|             IPS excludes               0.00 ( 0.20% of Nonbo)
|             Other                      0.00 ( 1.87% of Nonbo)
|          Nonbond force              0.00 (79.37% of Force)
|          Bond/Angle/Dihedral        0.00 (14.98% of Force)
|          FRC Collect time           0.00 ( 0.32% of Force)
|          Other                      0.00 ( 5.34% of Force)
|       Force time                 0.00 (100.0% of Runmd)
|    Runmd Time                 0.00 ( 5.33% of Total)
|    Other                      0.01 (81.48% of Total)
| Total time                 0.01 (98.24% of ALL  )

| Highest rstack allocated:         75
| Highest istack allocated:         15

| Final Performance Info:
| -----------------------------------------------------
| Average timings for all steps:
|     Elapsed(s) =       0.01 Per Step(ms) =       5.48
|         ns/day =      15.77   seconds/ns =    5480.05
| -----------------------------------------------------

|           Job began  at 13:52:47.715  on 04/17/2021
|           Setup done at 13:52:47.722  on 04/17/2021
|           Run   done at 13:52:47.727  on 04/17/2021
|     wallclock() was called      63 times
