
          -------------------------------------------------------
          Amber 12 SANDER                              2012
          -------------------------------------------------------

| Run on 04/17/2021 at 13:48:35
  [-O]verwriting output

File Assignments:
|  MDIN: mm.in                                                                 
| MDOUT: 10.150.out                                                            
|INPCRD: 10.150.inpcrd                                                         
|  PARM: 10.prmtop                                                             
|RESTRT: restrt                                                                
|  REFC: refc                                                                  
| MDVEL: mdvel                                                                 
|  MDEN: mden                                                                  
| MDCRD: mdcrd                                                                 
|MDINFO: mdinfo                                                                
|  MTMD: mtmd                                                                  
|INPDIP: inpdip                                                                
|RSTDIP: rstdip                                                                

|INPTRA: inptraj                                                               
|

 Here is the input file:

Minimization                                                                   
&cntrl                                                                         
 imin=1, maxcyc=1,                                                             
 ntb=0,                                                                        
 ioutfm=0,                                                                     
 cut=99,                                                                       
/                                                                              

--------------------------------------------------------------------------------
   1.  RESOURCE   USE: 
--------------------------------------------------------------------------------

| Flags: MPI                                                                    
|    NONPERIODIC   ntb=0 and igb=0: Setting up nonperiodic simulation
|  *** cutoff > system size, list only builds once
|Largest sphere to fit in unit cell has radius =    31.166
| New format PARM file being parsed.
| Version =    1.000 Date = 04/13/21 Time = 18:37:26
 NATOM  =       8 NTYPES =       2 NBONH =       6 MBONA  =       1
 NTHETH =      12 MTHETA =       0 NPHIH =       9 MPHIA  =       0
 NHPARM =       0 NPARM  =       0 NNB   =      29 NRES   =       1
 NBONA  =       1 NTHETA =       0 NPHIA =       0 NUMBND =       2
 NUMANG =       2 NPTRA  =       1 NATYP =       2 NPHB   =       0
 IFBOX  =       0 NMXRS  =       8 IFCAP =       0 NEXTRA =       0
 NCOPY  =       0


|     Memory Use     Allocated
|     Real                2057
|     Hollerith             27
|     Integer            20709
|     Max Pairs             28
|     nblistReal            96
|     nblist Int        799885
|       Total             3222 kbytes

| Note: 1-4 EEL scale factors are being read from the topology file.

| Note: 1-4 VDW scale factors are being read from the topology file.
| Duplicated    0 dihedrals
| Duplicated    0 dihedrals

--------------------------------------------------------------------------------
   2.  CONTROL  DATA  FOR  THE  RUN
--------------------------------------------------------------------------------

default_name                                                                    

General flags:
     imin    =       1, nmropt  =       0

Nature and format of input:
     ntx     =       1, irest   =       0, ntrx    =       1

Nature and format of output:
     ntxo    =       1, ntpr    =      50, ntrx    =       1, ntwr    =     500
     iwrap   =       0, ntwx    =       0, ntwv    =       0, ntwe    =       0
     ioutfm  =       0, ntwprt  =       0, idecomp =       0, rbornstat=      0

Potential function:
     ntf     =       1, ntb     =       0, igb     =       0, nsnb    =      25
     ipol    =       0, gbsa    =       0, iesp    =       0
     dielc   =   1.00000, cut     =  99.00000, intdiel =   1.00000

Frozen or restrained atoms:
     ibelly  =       0, ntr     =       0

Energy minimization:
     maxcyc  =       1, ncyc    =      10, ntmin   =       1
     dx0     =   0.01000, drms    =   0.00010

| MPI Timing options:
|      profile_mpi =        0
|  INFO: Old style inpcrd file read


--------------------------------------------------------------------------------
   3.  ATOMIC COORDINATES AND VELOCITIES
--------------------------------------------------------------------------------

default_name                                                                    
 begin time read from input coords =     0.000 ps

 Number of triangulated 3-point waters found:        0
|  Atom division among processors:
|         0       8

     Sum of charges from parm topology file =  -0.00200000
     Forcing neutrality...
|  Running AMBER/MPI version on    1 nodes


--------------------------------------------------------------------------------
   4.  RESULTS
--------------------------------------------------------------------------------

 ---------------------------------------------------

     eedmeth=4: Setting switch to one everywhere

 ---------------------------------------------------
| Local SIZE OF NONBOND LIST =          0
| TOTAL SIZE OF NONBOND LIST =          0


   NSTEP       ENERGY          RMS            GMAX         NAME    NUMBER
      1       5.7609E+00     2.7199E-01     4.3854E-01     H3          2

 BOND    =        0.0000  ANGLE   =        0.0001  DIHED      =        0.5790
 VDWAALS =        0.0000  EEL     =        0.0000  HBOND      =        0.0000
 1-4 VDW =       -0.1543  1-4 EEL =        5.3360  RESTRAINT  =        0.0000


  Maximum number of minimization cycles reached.


                    FINAL RESULTS



   NSTEP       ENERGY          RMS            GMAX         NAME    NUMBER
      1       5.7609E+00     2.7199E-01     4.3854E-01     H3          2

 BOND    =        0.0000  ANGLE   =        0.0001  DIHED      =        0.5790
 VDWAALS =        0.0000  EEL     =        0.0000  HBOND      =        0.0000
 1-4 VDW =       -0.1543  1-4 EEL =        5.3360  RESTRAINT  =        0.0000

--------------------------------------------------------------------------------
   5.  TIMINGS
--------------------------------------------------------------------------------

|    Read coords time           0.00 (15.27% of Total)
|    Fast Water setup           0.00 ( 0.11% of Total)
|                Build the list             0.00 (93.49% of List )
|                Other                      0.00 ( 6.51% of List )
|             List time                  0.00 (71.02% of Nonbo)
|                   Short_ene time             0.00 (89.60% of Direc)
|                   Other                      0.00 (10.40% of Direc)
|                Direct Ewald time          0.00 (75.58% of Ewald)
|                Force Adjust               0.00 ( 4.01% of Ewald)
|                Virial junk                0.00 ( 3.59% of Ewald)
|                Start synchronizatio       0.00 ( 2.22% of Ewald)
|                Other                      0.00 (14.61% of Ewald)
|             Ewald time                 0.00 (26.19% of Nonbo)
|             IPS excludes               0.00 ( 0.47% of Nonbo)
|             Other                      0.00 ( 2.32% of Nonbo)
|          Nonbond force              0.00 (82.91% of Force)
|          Bond/Angle/Dihedral        0.00 ( 9.70% of Force)
|          FRC Collect time           0.00 ( 0.38% of Force)
|          Other                      0.00 ( 7.01% of Force)
|       Force time                 0.00 (100.0% of Runmd)
|    Runmd Time                 0.00 ( 6.11% of Total)
|    Other                      0.01 (78.51% of Total)
| Total time                 0.02 (97.67% of ALL  )

| Highest rstack allocated:          0
| Highest istack allocated:          0

| Final Performance Info:
| -----------------------------------------------------
| Average timings for all steps:
|     Elapsed(s) =       0.01 Per Step(ms) =       7.22
|         ns/day =      11.96   seconds/ns =    7222.89
| -----------------------------------------------------

|           Job began  at 13:48:35.443  on 04/17/2021
|           Setup done at 13:48:35.454  on 04/17/2021
|           Run   done at 13:48:35.460  on 04/17/2021
|     wallclock() was called      63 times
