
          -------------------------------------------------------
          Amber 12 SANDER                              2012
          -------------------------------------------------------

| Run on 04/17/2021 at 13:51:31
  [-O]verwriting output

File Assignments:
|  MDIN: mm.in                                                                 
| MDOUT: 14.090.out                                                            
|INPCRD: 14.090.inpcrd                                                         
|  PARM: 14.prmtop                                                             
|RESTRT: restrt                                                                
|  REFC: refc                                                                  
| MDVEL: mdvel                                                                 
|  MDEN: mden                                                                  
| MDCRD: mdcrd                                                                 
|MDINFO: mdinfo                                                                
|  MTMD: mtmd                                                                  
|INPDIP: inpdip                                                                
|RSTDIP: rstdip                                                                

|INPTRA: inptraj                                                               
|

 Here is the input file:

Minimization                                                                   
&cntrl                                                                         
 imin=1, maxcyc=1,                                                             
 ntb=0,                                                                        
 ioutfm=0,                                                                     
 cut=99,                                                                       
/                                                                              

--------------------------------------------------------------------------------
   1.  RESOURCE   USE: 
--------------------------------------------------------------------------------

| Flags: MPI                                                                    
|    NONPERIODIC   ntb=0 and igb=0: Setting up nonperiodic simulation
|  *** cutoff > system size, list only builds once
|Largest sphere to fit in unit cell has radius =    32.257
| New format PARM file being parsed.
| Version =    1.000 Date = 04/17/21 Time = 13:51:28
 NATOM  =      27 NTYPES =       5 NBONH =      16 MBONA  =      11
 NTHETH =      33 MTHETA =      15 NPHIH =      58 MPHIA  =      13
 NHPARM =       0 NPARM  =       0 NNB   =     139 NRES   =       1
 NBONA  =      11 NTHETA =      15 NPHIA =      13 NUMBND =       5
 NUMANG =       8 NPTRA  =       5 NATYP =       5 NPHB   =       0
 IFBOX  =       0 NMXRS  =      27 IFCAP =       0 NEXTRA =       0
 NCOPY  =       0


|     Memory Use     Allocated
|     Real                3425
|     Hollerith             84
|     Integer            24347
|     Max Pairs            351
|     nblistReal           324
|     nblist Int        966540
|       Total             3901 kbytes

| Note: 1-4 EEL scale factors are being read from the topology file.

| Note: 1-4 VDW scale factors are being read from the topology file.
| Duplicated    0 dihedrals
| Duplicated    0 dihedrals

--------------------------------------------------------------------------------
   2.  CONTROL  DATA  FOR  THE  RUN
--------------------------------------------------------------------------------

default_name                                                                    

General flags:
     imin    =       1, nmropt  =       0

Nature and format of input:
     ntx     =       1, irest   =       0, ntrx    =       1

Nature and format of output:
     ntxo    =       1, ntpr    =      50, ntrx    =       1, ntwr    =     500
     iwrap   =       0, ntwx    =       0, ntwv    =       0, ntwe    =       0
     ioutfm  =       0, ntwprt  =       0, idecomp =       0, rbornstat=      0

Potential function:
     ntf     =       1, ntb     =       0, igb     =       0, nsnb    =      25
     ipol    =       0, gbsa    =       0, iesp    =       0
     dielc   =   1.00000, cut     =  99.00000, intdiel =   1.00000

Frozen or restrained atoms:
     ibelly  =       0, ntr     =       0

Energy minimization:
     maxcyc  =       1, ncyc    =      10, ntmin   =       1
     dx0     =   0.01000, drms    =   0.00010

| MPI Timing options:
|      profile_mpi =        0
|  INFO: Old style inpcrd file read


--------------------------------------------------------------------------------
   3.  ATOMIC COORDINATES AND VELOCITIES
--------------------------------------------------------------------------------

default_name                                                                    
 begin time read from input coords =     0.000 ps

 Number of triangulated 3-point waters found:        0
|  Atom division among processors:
|         0      27

     Sum of charges from parm topology file =  -0.00099900
     Forcing neutrality...
|  Running AMBER/MPI version on    1 nodes


--------------------------------------------------------------------------------
   4.  RESULTS
--------------------------------------------------------------------------------

 ---------------------------------------------------

     eedmeth=4: Setting switch to one everywhere

 ---------------------------------------------------
| Local SIZE OF NONBOND LIST =        213
| TOTAL SIZE OF NONBOND LIST =        213


   NSTEP       ENERGY          RMS            GMAX         NAME    NUMBER
      1      -2.4101E+01     4.2718E+00     1.8014E+01     C3         14

 BOND    =        0.1616  ANGLE   =        2.8780  DIHED      =        1.6354
 VDWAALS =       -1.3941  EEL     =       23.4816  HBOND      =        0.0000
 1-4 VDW =        2.4412  1-4 EEL =      -53.3051  RESTRAINT  =        0.0000


  Maximum number of minimization cycles reached.


                    FINAL RESULTS



   NSTEP       ENERGY          RMS            GMAX         NAME    NUMBER
      1      -2.4101E+01     4.2718E+00     1.8014E+01     C3         14

 BOND    =        0.1616  ANGLE   =        2.8780  DIHED      =        1.6354
 VDWAALS =       -1.3941  EEL     =       23.4816  HBOND      =        0.0000
 1-4 VDW =        2.4412  1-4 EEL =      -53.3051  RESTRAINT  =        0.0000

--------------------------------------------------------------------------------
   5.  TIMINGS
--------------------------------------------------------------------------------

|    Read coords time           0.00 (13.38% of Total)
|    Fast Water setup           0.00 ( 0.08% of Total)
|                Build the list             0.00 (94.34% of List )
|                Other                      0.00 ( 5.66% of List )
|             List time                  0.00 (59.94% of Nonbo)
|                   Short_ene time             0.00 (95.20% of Direc)
|                   Other                      0.00 ( 4.80% of Direc)
|                Direct Ewald time          0.00 (87.22% of Ewald)
|                Force Adjust               0.00 ( 1.86% of Ewald)
|                Virial junk                0.00 ( 1.86% of Ewald)
|                Start synchronizatio       0.00 ( 0.91% of Ewald)
|                Other                      0.00 ( 8.15% of Ewald)
|             Ewald time                 0.00 (38.36% of Nonbo)
|             IPS excludes               0.00 ( 0.27% of Nonbo)
|             Other                      0.00 ( 1.44% of Nonbo)
|          Nonbond force              0.00 (82.01% of Force)
|          Bond/Angle/Dihedral        0.00 (13.46% of Force)
|          FRC Collect time           0.00 ( 0.30% of Force)
|          Other                      0.00 ( 4.23% of Force)
|       Force time                 0.00 (100.0% of Runmd)
|    Runmd Time                 0.00 ( 7.94% of Total)
|    Other                      0.01 (78.60% of Total)
| Total time                 0.02 (97.92% of ALL  )

| Highest rstack allocated:         95
| Highest istack allocated:         19

| Final Performance Info:
| -----------------------------------------------------
| Average timings for all steps:
|     Elapsed(s) =       0.01 Per Step(ms) =       7.84
|         ns/day =      11.02   seconds/ns =    7840.99
| -----------------------------------------------------

|           Job began  at 13:51:31.031  on 04/17/2021
|           Setup done at 13:51:31.042  on 04/17/2021
|           Run   done at 13:51:31.049  on 04/17/2021
|     wallclock() was called      63 times
