
          -------------------------------------------------------
          Amber 12 SANDER                              2012
          -------------------------------------------------------

| Run on 04/17/2021 at 13:53:28
  [-O]verwriting output

File Assignments:
|  MDIN: mm.in                                                                 
| MDOUT: 20.000.out                                                            
|INPCRD: 20.000.inpcrd                                                         
|  PARM: 20.prmtop                                                             
|RESTRT: restrt                                                                
|  REFC: refc                                                                  
| MDVEL: mdvel                                                                 
|  MDEN: mden                                                                  
| MDCRD: mdcrd                                                                 
|MDINFO: mdinfo                                                                
|  MTMD: mtmd                                                                  
|INPDIP: inpdip                                                                
|RSTDIP: rstdip                                                                

|INPTRA: inptraj                                                               
|

 Here is the input file:

Minimization                                                                   
&cntrl                                                                         
 imin=1, maxcyc=1,                                                             
 ntb=0,                                                                        
 ioutfm=0,                                                                     
 cut=99,                                                                       
/                                                                              

--------------------------------------------------------------------------------
   1.  RESOURCE   USE: 
--------------------------------------------------------------------------------

| Flags: MPI                                                                    
|    NONPERIODIC   ntb=0 and igb=0: Setting up nonperiodic simulation
|  *** cutoff > system size, list only builds once
|Largest sphere to fit in unit cell has radius =    32.128
| New format PARM file being parsed.
| Version =    1.000 Date = 04/17/21 Time = 13:10:20
 NATOM  =      24 NTYPES =       9 NBONH =      15 MBONA  =       8
 NTHETH =      31 MTHETA =      11 NPHIH =      53 MPHIA  =       8
 NHPARM =       0 NPARM  =       0 NNB   =     118 NRES   =       1
 NBONA  =       8 NTHETA =      11 NPHIA =       8 NUMBND =       9
 NUMANG =      15 NPTRA  =      11 NATYP =       9 NPHB   =       0
 IFBOX  =       0 NMXRS  =      24 IFCAP =       0 NEXTRA =       0
 NCOPY  =       0


|     Memory Use     Allocated
|     Real                3285
|     Hollerith             75
|     Integer            23796
|     Max Pairs            276
|     nblistReal           288
|     nblist Int        924454
|       Total             3733 kbytes

| Note: 1-4 EEL scale factors are being read from the topology file.

| Note: 1-4 VDW scale factors are being read from the topology file.
| Duplicated    0 dihedrals
| Duplicated    0 dihedrals

--------------------------------------------------------------------------------
   2.  CONTROL  DATA  FOR  THE  RUN
--------------------------------------------------------------------------------

default_name                                                                    

General flags:
     imin    =       1, nmropt  =       0

Nature and format of input:
     ntx     =       1, irest   =       0, ntrx    =       1

Nature and format of output:
     ntxo    =       1, ntpr    =      50, ntrx    =       1, ntwr    =     500
     iwrap   =       0, ntwx    =       0, ntwv    =       0, ntwe    =       0
     ioutfm  =       0, ntwprt  =       0, idecomp =       0, rbornstat=      0

Potential function:
     ntf     =       1, ntb     =       0, igb     =       0, nsnb    =      25
     ipol    =       0, gbsa    =       0, iesp    =       0
     dielc   =   1.00000, cut     =  99.00000, intdiel =   1.00000

Frozen or restrained atoms:
     ibelly  =       0, ntr     =       0

Energy minimization:
     maxcyc  =       1, ncyc    =      10, ntmin   =       1
     dx0     =   0.01000, drms    =   0.00010

| MPI Timing options:
|      profile_mpi =        0
|  INFO: Old style inpcrd file read


--------------------------------------------------------------------------------
   3.  ATOMIC COORDINATES AND VELOCITIES
--------------------------------------------------------------------------------

default_name                                                                    
 begin time read from input coords =     0.000 ps

 Number of triangulated 3-point waters found:        0
|  Atom division among processors:
|         0      24

     Sum of charges from parm topology file =   0.00000200
     Forcing neutrality...
|  Running AMBER/MPI version on    1 nodes


--------------------------------------------------------------------------------
   4.  RESULTS
--------------------------------------------------------------------------------

 ---------------------------------------------------

     eedmeth=4: Setting switch to one everywhere

 ---------------------------------------------------
| Local SIZE OF NONBOND LIST =        159
| TOTAL SIZE OF NONBOND LIST =        159


   NSTEP       ENERGY          RMS            GMAX         NAME    NUMBER
      1      -2.9418E+01     5.6778E+00     2.9463E+01     C1          5

 BOND    =        0.4669  ANGLE   =        0.7315  DIHED      =        3.5166
 VDWAALS =       -1.1088  EEL     =      -59.7889  HBOND      =        0.0000
 1-4 VDW =        0.8044  1-4 EEL =       25.9609  RESTRAINT  =        0.0000


  Maximum number of minimization cycles reached.


                    FINAL RESULTS



   NSTEP       ENERGY          RMS            GMAX         NAME    NUMBER
      1      -2.9418E+01     5.6778E+00     2.9463E+01     C1          5

 BOND    =        0.4669  ANGLE   =        0.7315  DIHED      =        3.5166
 VDWAALS =       -1.1088  EEL     =      -59.7889  HBOND      =        0.0000
 1-4 VDW =        0.8044  1-4 EEL =       25.9609  RESTRAINT  =        0.0000

--------------------------------------------------------------------------------
   5.  TIMINGS
--------------------------------------------------------------------------------

|    Read coords time           0.00 (12.47% of Total)
|    Fast Water setup           0.00 ( 0.09% of Total)
|                Build the list             0.00 (93.25% of List )
|                Other                      0.00 ( 6.75% of List )
|             List time                  0.00 (65.47% of Nonbo)
|                   Short_ene time             0.00 (87.78% of Direc)
|                   Other                      0.00 (12.22% of Direc)
|                Direct Ewald time          0.00 (78.07% of Ewald)
|                Force Adjust               0.00 ( 2.24% of Ewald)
|                Virial junk                0.00 ( 2.51% of Ewald)
|                Start synchronizatio       0.00 ( 1.41% of Ewald)
|                Other                      0.00 (15.77% of Ewald)
|             Ewald time                 0.00 (32.11% of Nonbo)
|             IPS excludes               0.00 ( 0.37% of Nonbo)
|             Other                      0.00 ( 2.05% of Nonbo)
|          Nonbond force              0.00 (79.21% of Force)
|          Bond/Angle/Dihedral        0.00 (15.35% of Force)
|          FRC Collect time           0.00 ( 0.29% of Force)
|          Other                      0.00 ( 5.15% of Force)
|       Force time                 0.00 (100.0% of Runmd)
|    Runmd Time                 0.00 ( 6.83% of Total)
|    Other                      0.02 (80.61% of Total)
| Total time                 0.02 (98.04% of ALL  )

| Highest rstack allocated:         80
| Highest istack allocated:         16

| Final Performance Info:
| -----------------------------------------------------
| Average timings for all steps:
|     Elapsed(s) =       0.01 Per Step(ms) =       8.49
|         ns/day =      10.17   seconds/ns =    8491.99
| -----------------------------------------------------

|           Job began  at 13:53:28.366  on 04/17/2021
|           Setup done at 13:53:28.379  on 04/17/2021
|           Run   done at 13:53:28.387  on 04/17/2021
|     wallclock() was called      63 times
