
          -------------------------------------------------------
          Amber 12 SANDER                              2012
          -------------------------------------------------------

| Run on 04/17/2021 at 13:48:04
  [-O]verwriting output

File Assignments:
|  MDIN: mm.in                                                                 
| MDOUT: 9.030.out                                                             
|INPCRD: 9.030.inpcrd                                                          
|  PARM: 9.prmtop                                                              
|RESTRT: restrt                                                                
|  REFC: refc                                                                  
| MDVEL: mdvel                                                                 
|  MDEN: mden                                                                  
| MDCRD: mdcrd                                                                 
|MDINFO: mdinfo                                                                
|  MTMD: mtmd                                                                  
|INPDIP: inpdip                                                                
|RSTDIP: rstdip                                                                

|INPTRA: inptraj                                                               
|

 Here is the input file:

Minimization                                                                   
&cntrl                                                                         
 imin=1, maxcyc=1,                                                             
 ntb=0,                                                                        
 ioutfm=0,                                                                     
 cut=99,                                                                       
/                                                                              

--------------------------------------------------------------------------------
   1.  RESOURCE   USE: 
--------------------------------------------------------------------------------

| Flags: MPI                                                                    
|    NONPERIODIC   ntb=0 and igb=0: Setting up nonperiodic simulation
|  *** cutoff > system size, list only builds once
|Largest sphere to fit in unit cell has radius =    31.188
| New format PARM file being parsed.
| Version =    1.000 Date = 04/13/21 Time = 18:37:41
 NATOM  =       9 NTYPES =       6 NBONH =       6 MBONA  =       2
 NTHETH =      12 MTHETA =       1 NPHIH =      12 MPHIA  =       0
 NHPARM =       0 NPARM  =       0 NNB   =      34 NRES   =       1
 NBONA  =       2 NTHETA =       1 NPHIA =       0 NUMBND =       5
 NUMANG =       7 NPTRA  =       2 NATYP =       6 NPHB   =       0
 IFBOX  =       0 NMXRS  =       9 IFCAP =       0 NEXTRA =       0
 NCOPY  =       0


|     Memory Use     Allocated
|     Real                2158
|     Hollerith             30
|     Integer            20912
|     Max Pairs             36
|     nblistReal           108
|     nblist Int        799927
|       Total             3224 kbytes

| Note: 1-4 EEL scale factors are being read from the topology file.

| Note: 1-4 VDW scale factors are being read from the topology file.
| Duplicated    0 dihedrals
| Duplicated    0 dihedrals

--------------------------------------------------------------------------------
   2.  CONTROL  DATA  FOR  THE  RUN
--------------------------------------------------------------------------------

default_name                                                                    

General flags:
     imin    =       1, nmropt  =       0

Nature and format of input:
     ntx     =       1, irest   =       0, ntrx    =       1

Nature and format of output:
     ntxo    =       1, ntpr    =      50, ntrx    =       1, ntwr    =     500
     iwrap   =       0, ntwx    =       0, ntwv    =       0, ntwe    =       0
     ioutfm  =       0, ntwprt  =       0, idecomp =       0, rbornstat=      0

Potential function:
     ntf     =       1, ntb     =       0, igb     =       0, nsnb    =      25
     ipol    =       0, gbsa    =       0, iesp    =       0
     dielc   =   1.00000, cut     =  99.00000, intdiel =   1.00000

Frozen or restrained atoms:
     ibelly  =       0, ntr     =       0

Energy minimization:
     maxcyc  =       1, ncyc    =      10, ntmin   =       1
     dx0     =   0.01000, drms    =   0.00010

| MPI Timing options:
|      profile_mpi =        0
|  INFO: Old style inpcrd file read


--------------------------------------------------------------------------------
   3.  ATOMIC COORDINATES AND VELOCITIES
--------------------------------------------------------------------------------

default_name                                                                    
 begin time read from input coords =     0.000 ps

 Number of triangulated 3-point waters found:        0
|  Atom division among processors:
|         0       9

     Sum of charges from parm topology file =  -0.00099900
     Forcing neutrality...
|  Running AMBER/MPI version on    1 nodes


--------------------------------------------------------------------------------
   4.  RESULTS
--------------------------------------------------------------------------------

 ---------------------------------------------------

     eedmeth=4: Setting switch to one everywhere

 ---------------------------------------------------
| Local SIZE OF NONBOND LIST =          3
| TOTAL SIZE OF NONBOND LIST =          3


   NSTEP       ENERGY          RMS            GMAX         NAME    NUMBER
      1      -4.0232E+01     3.3630E+00     7.7906E+00     O           8

 BOND    =        0.0807  ANGLE   =        0.1202  DIHED      =        0.6605
 VDWAALS =       -0.0004  EEL     =        6.0203  HBOND      =        0.0000
 1-4 VDW =       -0.1487  1-4 EEL =      -46.9646  RESTRAINT  =        0.0000


  Maximum number of minimization cycles reached.


                    FINAL RESULTS



   NSTEP       ENERGY          RMS            GMAX         NAME    NUMBER
      1      -4.0232E+01     3.3630E+00     7.7906E+00     O           8

 BOND    =        0.0807  ANGLE   =        0.1202  DIHED      =        0.6605
 VDWAALS =       -0.0004  EEL     =        6.0203  HBOND      =        0.0000
 1-4 VDW =       -0.1487  1-4 EEL =      -46.9646  RESTRAINT  =        0.0000

--------------------------------------------------------------------------------
   5.  TIMINGS
--------------------------------------------------------------------------------

|    Read coords time           0.00 (14.24% of Total)
|    Fast Water setup           0.00 ( 0.11% of Total)
|                Build the list             0.00 (93.00% of List )
|                Other                      0.00 ( 7.00% of List )
|             List time                  0.00 (67.45% of Nonbo)
|                   Short_ene time             0.00 (90.87% of Direc)
|                   Other                      0.00 ( 9.13% of Direc)
|                Direct Ewald time          0.00 (78.19% of Ewald)
|                Force Adjust               0.00 ( 3.55% of Ewald)
|                Virial junk                0.00 ( 3.22% of Ewald)
|                Start synchronizatio       0.00 ( 2.37% of Ewald)
|                Other                      0.00 (12.68% of Ewald)
|             Ewald time                 0.00 (29.72% of Nonbo)
|             IPS excludes               0.00 ( 0.46% of Nonbo)
|             Other                      0.00 ( 2.36% of Nonbo)
|          Nonbond force              0.00 (80.37% of Force)
|          Bond/Angle/Dihedral        0.00 (10.23% of Force)
|          FRC Collect time           0.00 ( 0.56% of Force)
|          Other                      0.00 ( 8.84% of Force)
|       Force time                 0.00 (100.0% of Runmd)
|    Runmd Time                 0.00 ( 5.92% of Total)
|    Other                      0.01 (79.74% of Total)
| Total time                 0.02 (97.70% of ALL  )

| Highest rstack allocated:         10
| Highest istack allocated:          2

| Final Performance Info:
| -----------------------------------------------------
| Average timings for all steps:
|     Elapsed(s) =       0.01 Per Step(ms) =       7.58
|         ns/day =      11.41   seconds/ns =    7575.04
| -----------------------------------------------------

|           Job began  at 13:48:04.633  on 04/17/2021
|           Setup done at 13:48:04.644  on 04/17/2021
|           Run   done at 13:48:04.651  on 04/17/2021
|     wallclock() was called      63 times
